✅ 資料來源：2324.TW（243 筆，近 1y）

=== 2324 GBM 幾何布朗運動機率預測 ===
現價            ：32.3 元
趨勢漂移率 μ      ：-6.9% (年化，正值代表長期看漲)
年化波動率 σ      ：34.1%（以 GARCH(1,1) 動態 估計）
⚠️ 警告：過去 1y μ ≤ 0，該標的目前不具備長期向上趨勢特徵，可能不適合 GBM 模型。

【未來 20 交易日】
  🎯 20日後期望價：32.2 元
  [向上突破機率]
    漲至   35.6 元： 23.3%  ████
    漲至   37.4 元：  8.8%  █
  [向下跌破機率]
    跌至   29.4 元： 29.6%  █████
    跌至   28.0 元： 12.3%  ██

【未來 60 交易日】
  🎯 60日後期望價：31.8 元
  [向上突破機率]
    漲至   38.2 元： 23.0%  ████
    漲至   41.5 元：  8.8%  █
  [向下跌破機率]
    跌至   27.4 元： 34.5%  ██████
    跌至   25.2 元： 15.2%  ███

💡 GBM 特性提醒：機率不對稱，只要 μ > 0，長期向下突破機率會因為趨勢帶動而顯著低於向上突破。
