============================================================ 
執行時間: 2026-03-31 
============================================================ 
[1/3] 執行持倉健診... 
[history] 已更新 2026-03-31：股票市值 2,488,706（現金 304,959 元）
報告已產生：S:\股票筆記\持倉健診_2026-03-31.md
# 📊 持倉健診報告 (2026-03-31)

## ⚠️ 需要注意的標的
| 代碼 | 名稱 | 現價 | 20MA | 損益% | 殖利率 | 狀態 |
|------|------|------|------|-------|--------|------|
| `0050` | 元大台灣50 | 72.35 | 75.66 | +17.9% | 1.68% | ⚠️ 跌破月線 |
| `0056` | 元大高股息 | 37.13 | 38.38 | +2.5% | 9.06% | ⚠️ 跌破月線 |
| `00878` | 國泰永續高股息 | 21.81 | 22.29 | +4.4% | 7.09% | ⚠️ 跌破月線 |
| `00919` | 群益台灣精選高息 | 22.02 | 23.10 | -9.2% | 10.19% | ⚠️ 跌破月線 |
| `00929` | 復華台灣科技優息 | 18.61 | 19.41 | -3.3% | 4.07% | ⚠️ 跌破月線 |
| `00940` | 元大台灣價值高息 | 9.39 | 9.64 | -5.1% | 4.50% | ⚠️ 跌破月線 |
| `00946` | 群益科技高息成長 | 9.92 | 10.04 | +0.7% | 4.76% | ⚠️ 跌破月線 |
| `009816` | 凱基台灣TOP50 | 10.22 | 10.68 | -1.6% | N/A | ⚠️ 跌破月線 |
| `1215` | 卜蜂 | 135.00 | 150.68 | +33.5% | 5.00% | ⚠️ 跌破月線 |
| `1503` | 士電 (Shihlin Electric) | 178.50 | 199.68 | -40.3% | 2.44% | ⚠️ 跌破月線 / 觸及-10%停損 (-40.3%) |
| `2002` | 中鋼 (China Steel) | 18.90 | 19.28 | -27.7% | 1.72% | ⚠️ 跌破月線 / 觸及-10%停損 (-27.7%) |
| `2317` | 鴻海 (Hon Hai / Foxconn) | 187.50 | 207.55 | -8.6% | 2.99% | ⚠️ 跌破月線 |
| `2330` | 台積電 (TSMC) | 1760.00 | 1849.00 | +39.5% | 1.35% | ⚠️ 跌破月線 |
| `2357` | 華碩 | 549.00 | 561.90 | -3.9% | 6.05% | ⚠️ 跌破月線 |
| `2376` | 技嘉 | 222.50 | 231.53 | -33.0% | 4.39% | ⚠️ 跌破月線 / 觸及-10%停損 (-33.0%) |
| `2382` | 廣達 (Quanta Computer) | 278.50 | 285.68 | -1.4% | 4.63% | ⚠️ 跌破月線 |
| `2454` | 聯發科 (MediaTek) | 1490.00 | 1674.50 | -10.6% | 3.54% | ⚠️ 跌破月線 / 觸及-10%停損 (-10.6%) |
| `2493` | 揚博 | 105.50 | 107.44 | +27.4% | 3.69% | ⚠️ 跌破月線 |
| `2546` | 根基 | 79.00 | 83.60 | -1.2% | 3.97% | ⚠️ 跌破月線 |
| `2886` | 兆豐金 | 38.45 | 38.98 | +2.2% | 4.14% | ⚠️ 跌破月線 |
| `3231` | 緯創 | 122.50 | 129.07 | +6.6% | 3.03% | ⚠️ 跌破月線 |
| `5483` | 中美晶 | 107.50 | 114.50 | -34.7% | 3.14% | ⚠️ 跌破月線 / 觸及-10%停損 (-34.7%) |
| `6115` | 鎰勝 | 46.75 | 46.77 | -1.2% | 6.82% | ⚠️ 跌破月線 |
| `6239` | 力成 | 187.00 | 204.65 | +15.5% | 3.57% | ⚠️ 跌破月線 |
| `6488` | 環球晶 (GlobalWafers) | 420.50 | 449.32 | -27.8% | 1.76% | ⚠️ 跌破月線 / 觸及-10%停損 (-27.8%) |
| `8069` | 元太 (E Ink Holdings) | 136.50 | 150.65 | -21.9% | 3.55% | ⚠️ 跌破月線 / 觸及-10%停損 (-21.9%) |

## ✅ 正常持倉
| 代碼 | 名稱 | 現價 | 20MA | 損益% | 殖利率 | 狀態 |
|------|------|------|------|-------|--------|------|
| `1210` | 大成 | 54.30 | 52.97 | -0.1% | 5.19% | ✅ 正常 |
| `2379` | 瑞昱 (Realtek) | 478.00 | 475.57 | +0.4% | 5.23% | ✅ 正常 |
| `3455` | 由田 (Utechzone) | 123.50 | 123.33 | -3.3% | 5.45% | ✅ 正常 |

## 💼 資金桶檢查 (依 capital/capital_config.md)
| 桶別 | 市值 | 佔比 | 目標 | 狀態 |
|------|------|------|------|------|
| Core（底倉水庫）| 1,706,553 | 68.6% | 50% | 📌 📌 偏高，長線防禦性強 |
| Tactical（戰術水管）| 782,152 | 31.4% | 30% | ✅ |
| Cash（銀彈消防栓）| （請手動填入）| — | 20% | — |
| **已投資合計** | **2,488,706** | 100% | | |

 
[2/3] 記錄淨值快照... 
解析 29 個持股檔案...

[2026-03-31] 結算完成（29/29 檔）
  總市值：   2,488,706 元
  總成本：   2,572,581 元
  總損益：     -83,875 元  (-3.26%)

  今日已有記錄（2026-03-31），不重複寫入。

日期                      總市值         損益      損益%
--------------------------------------------------
2026-03-18        2,919,948                  
2026-03-19        2,878,256                  
2026-03-23        2,792,587                  
2026-03-24        2,872,879                  
2026-03-25        2,888,341                  
2026-03-26        2,882,996                  
2026-03-27        2,879,851                  
2026-03-30        2,834,322                  
2026-03-31        2,793,664                  
2026-03-31        2,488,706    -83,875   -3.26% ← 今日

  vs 上次：-304,959 元  (-10.92%)
 
[3/4] 執行 Watchlist 掃描... 
== Watchlist 掃描 2026-03-31 ==

[2301] 2301_光寶科 候補追蹤
  無法取得市場資料，跳過。

[2303] 2303_聯電 候補追蹤
  無法取得市場資料，跳過。

[2324] 2324_仁寶 候補追蹤
  無法取得市場資料，跳過。

[2337] 2337_旺宏 候補追蹤
  無法取得市場資料，跳過。

[2338] 2338_光罩 交易紀錄
  無法取得市場資料，跳過。

[2412] 2412_中華電 候補追蹤
  無法取得市場資料，跳過。

[2449] 2449_京元電 候補追蹤
  無法取得市場資料，跳過。

[2454] 2454_聯發科 候補追蹤
  無法取得市場資料，跳過。

[2891] 2891_中信金 候補追蹤
  無法取得市場資料，跳過。

[3037] 3037_欣興 候補追蹤
  無法取得市場資料，跳過。

[3045] 3045_台灣大 候補追蹤
  無法取得市場資料，跳過。

[3081] 3081_聯亞 交易紀錄
  無法取得市場資料，跳過。

[3481] 3481_群創 交易紀錄
  無法取得市場資料，跳過。

[3711] 3711_日月光投控 候補追蹤
  無法取得市場資料，跳過。

[4991] 4991_環宇-KY 交易紀錄
  無法取得市場資料，跳過。

[6223] 6223_旺矽 交易紀錄
  無法取得市場資料，跳過。

[8046] 8046_南電 候補追蹤
  無法取得市場資料，跳過。

==================================================
本次掃描無量化觸發訊號，候補股持續觀察中。

注意：法人調升評等、外資加碼、供需報告等質化條件仍需人工確認。
 
[4/4] Wave Score 掃描（成長趨勢股）... 

============================================================
  Wave Score 掃描  [2026-03-31]  共 13 檔成長趨勢股
============================================================

  [1215 卜蜂]  Wave -3 (from -1)  部分減持

  [1503 士電]  Wave +2  輕倉加碼/觀察

  [2317 鴻海]  Wave +2  輕倉加碼/觀察

  [2330 台積電]  Wave +5  強力加碼

  [2382 廣達]  Wave +0  持有不動

  [2454 聯發科]  Wave -3  部分減持

  [2546 根基]  Wave -4 (from +2)  強力減持

  [3231 緯創]  Wave +1 (from -1)  輕倉加碼/觀察

  [3455 由田]  Wave +0 (from +1)  持有不動

  [5483 中美晶]  Wave +2 (from -2)  輕倉加碼/觀察

  [6115 鎰勝]  Wave -1  持有不動

  [6239 力成]  Wave +2 (from +1)  輕倉加碼/觀察

  [6488 環球晶]  Wave +0  持有不動

  💾 Wave Score 已快取至 S:\股票筆記\journals\logs\2026-03-31_wave_scores.json

============================================================
  🔴 需即時處理：
    🔴 波段破壞  1215 卜蜂  現價 135.0  |  現價 135.0 低於歷史暫停線
    🔴 月線深度失守  1215 卜蜂  現價 135.0  |  135.0 < MA20 150.7(-10.4%) Wave -3
    🔴 波段破壞  2454 聯發科  現價 1490.0  |  現價 1490.0 低於歷史暫停線
    🔴 月線深度失守  2454 聯發科  現價 1490.0  |  1490.0 < MA20 1674.5(-11.0%) Wave -3
    🔴 波段破壞  2546 根基  現價 79.0  |  現價 79.0 低於歷史暫停線
    🔴 月線深度失守  2546 根基  現價 79.0  |  79.0 < MA20 83.6(-5.5%) Wave -4
    🔴 減持訊號  3455 由田  現價 123.5  |  進入賣出區(+2.8%) 且 Wave +0，動能背離
    🔴 減持訊號  6115 鎰勝  現價 46.8  |  進入賣出區(+0.5%) 且 Wave -1，動能背離
  🟢 加碼機會：
    🟢 買回區  1503 士電  現價 178.5  |  進入回測買點 184.5～190.4
    🟢 買回區  2317 鴻海  現價 187.5  |  進入回測買點 193.2～197.3
    🟢 強力加碼  2330 台積電  現價 1760.0  |  Wave +5
    🟢 買回區  2330 台積電  現價 1760.0  |  進入回測買點 1773.5～1790.8
    🟢 輕倉加碼  3231 緯創  現價 122.5  |  Wave +1（上次 -1）
    🟢 買回區  3231 緯創  現價 122.5  |  進入回測買點 120.6～122.9
    🟢 解凍  5483 中美晶  現價 107.5  |  Wave -2 → +2，加碼條件成立
    🟢 買回區  5483 中美晶  現價 107.5  |  進入回測買點 104.6～109.6
    🟢 買回區  6239 力成  現價 187.0  |  進入回測買點 189.1～194.4
  🟡 觀察：
    🟡 跌破月線  2382 廣達  現價 278.5  |  278.5 < MA20 285.7(-2.5%)
    🟡 接近賣出區  2382 廣達  現價 278.5  |  距賣出下緣 282.4 僅 1.4%
    🟡 跌破月線  6488 環球晶  現價 420.5  |  420.5 < MA20 449.3(-6.4%)

  ✅ 戰術指南.md Wave Score 區塊已更新

 
完成。 
