============================================================ 
執行時間: 2026-03-26 
============================================================ 
[1/3] 執行持倉健診... 
[history] 已更新 2026-03-26：股票市值 2,588,454（現金 294,543 元）
報告已產生：S:\股票筆記\持倉健診_2026-03-26.md
# 📊 持倉健診報告 (2026-03-26)

## ⚠️ 需要注意的標的
| 代碼 | 名稱 | 現價 | 20MA | 損益% | 殖利率 | 狀態 |
|------|------|------|------|-------|--------|------|
| `0050` | 元大台灣50 | 75.80 | 76.61 | +23.5% | 1.68% | ⚠️ 跌破月線 |
| `0056` | 元大高股息 | 38.56 | 38.67 | +6.5% | 9.06% | ⚠️ 跌破月線 |
| `00878` | 國泰永續高股息 | 22.44 | 22.48 | +7.4% | 7.09% | ⚠️ 跌破月線 |
| `00919` | 群益台灣精選高息 | 22.63 | 23.42 | -6.8% | 10.19% | ⚠️ 跌破月線 |
| `00929` | 復華台灣科技優息 | 19.44 | 19.52 | +1.0% | 4.07% | ⚠️ 跌破月線 |
| `00940` | 元大台灣價值高息 | 9.66 | 9.70 | -2.3% | 4.50% | ⚠️ 跌破月線 |
| `009816` | 凱基台灣TOP50 | 10.74 | 10.80 | +3.4% | N/A | ⚠️ 跌破月線 |
| `1215` | 卜蜂 | 144.00 | 153.00 | +42.4% | 4.79% | ⚠️ 跌破月線 |
| `1503` | 士電 (Shihlin Electric) | 193.50 | 205.90 | -35.3% | 2.28% | ⚠️ 跌破月線 / 觸及-10%停損 (-35.3%) |
| `2002` | 中鋼 (China Steel) | 19.75 | 19.45 | -24.5% | 1.71% | ⚠️ 觸及-10%停損 (-24.5%) |
| `2006` | 東和鋼鐵 (Tung Ho Steel) | 71.80 | 76.91 | +1.7% | 5.95% | ⚠️ 跌破月線 |
| `2317` | 鴻海 (Hon Hai / Foxconn) | 200.50 | 214.05 | -2.2% | 2.90% | ⚠️ 跌破月線 |
| `2330` | 台積電 (TSMC) | 1840.00 | 1876.25 | +45.8% | 1.30% | ⚠️ 跌破月線 |
| `2376` | 技嘉 | 233.50 | 232.50 | -29.7% | 4.27% | ⚠️ 觸及-10%停損 (-29.7%) |
| `2382` | 廣達 (Quanta Computer) | 287.00 | 287.60 | +1.6% | 4.56% | ⚠️ 跌破月線 |
| `2454` | 聯發科 (MediaTek) | 1590.00 | 1728.25 | -7.0% | 3.30% | ⚠️ 跌破月線 |
| `2493` | 揚博 | 107.00 | 108.34 | +29.2% | 3.65% | ⚠️ 跌破月線 |
| `2546` | 根基 | 83.50 | 84.78 | +4.5% | 3.83% | ⚠️ 跌破月線 |
| `2886` | 兆豐金 | 39.10 | 39.23 | +4.0% | 4.09% | ⚠️ 跌破月線 |
| `3231` | 緯創 | 127.00 | 130.45 | +10.5% | 2.97% | ⚠️ 跌破月線 |
| `5483` | 中美晶 | 118.50 | 115.22 | -28.0% | 2.97% | ⚠️ 觸及-10%停損 (-28.0%) |
| `6239` | 力成 | 198.50 | 212.85 | +22.6% | 3.44% | ⚠️ 跌破月線 |
| `6488` | 環球晶 (GlobalWafers) | 454.50 | 450.50 | -22.0% | 1.71% | ⚠️ 觸及-10%停損 (-22.0%) |
| `8069` | 元太 (E Ink Holdings) | 144.00 | 156.57 | -17.7% | 3.39% | ⚠️ 跌破月線 / 觸及-10%停損 (-17.7%) |

## ✅ 正常持倉
| 代碼 | 名稱 | 現價 | 20MA | 損益% | 殖利率 | 狀態 |
|------|------|------|------|-------|--------|------|
| `00946` | 群益科技高息成長 | 10.22 | 10.06 | +3.8% | 4.76% | ✅ 正常 |
| `1210` | 大成 | 54.00 | 52.49 | -0.7% | 5.26% | ✅ 正常 |
| `2357` | 華碩 | 574.00 | 556.65 | +0.5% | 6.02% | ✅ 正常 |
| `2379` | 瑞昱 (Realtek) | 489.00 | 473.65 | +5.7% | 5.21% | ✅ 正常 |
| `3455` | 由田 (Utechzone) | 128.00 | 121.67 | +0.3% | 5.41% | ✅ 正常 |
| `6115` | 鎰勝 | 47.10 | 46.92 | -0.5% | 6.82% | ✅ 正常 |

## 💼 資金桶檢查 (依 capital/capital_config.md)
| 桶別 | 市值 | 佔比 | 目標 | 狀態 |
|------|------|------|------|------|
| Core（底倉水庫）| 1,764,804 | 68.2% | 50% | 📌 📌 偏高，長線防禦性強 |
| Tactical（戰術水管）| 823,650 | 31.8% | 30% | ✅ |
| Cash（銀彈消防栓）| （請手動填入）| — | 20% | — |
| **已投資合計** | **2,588,454** | 100% | | |

 
[2/3] 記錄淨值快照... 
解析 30 個持股檔案...

[2026-03-26] 結算完成（30/30 檔）
  總市值：   2,588,454 元
  總成本：   2,578,562 元
  總損益：      +9,892 元  (+0.38%)

  今日已有記錄（2026-03-26），不重複寫入。

日期                      總市值         損益      損益%
--------------------------------------------------
2026-03-13        2,864,845                  
2026-03-16        2,926,815                  
2026-03-17        2,905,485                  
2026-03-18        2,919,948                  
2026-03-19        2,878,256                  
2026-03-23        2,792,587                  
2026-03-24        2,872,879                  
2026-03-25        2,888,341                  
2026-03-26        2,882,996                  
2026-03-26        2,588,454     +9,892   +0.38% ← 今日

  vs 上次：-294,543 元  (-10.22%)
 
[3/4] 執行 Watchlist 掃描... 
== Watchlist 掃描 2026-03-26 ==

[2301] 2301_光寶科 候補追蹤
  無法取得市場資料，跳過。

[2303] 2303_聯電 候補追蹤
  無法取得市場資料，跳過。

[2324] 2324_仁寶 候補追蹤
  無法取得市場資料，跳過。

[2337] 2337_旺宏 候補追蹤
  無法取得市場資料，跳過。

[2338] 2338_光罩 交易紀錄
  無法取得市場資料，跳過。

[2412] 2412_中華電 候補追蹤
  無法取得市場資料，跳過。

[2449] 2449_京元電 候補追蹤
  無法取得市場資料，跳過。

[2454] 2454_聯發科 候補追蹤
  無法取得市場資料，跳過。

[2891] 2891_中信金 候補追蹤
  無法取得市場資料，跳過。

[3037] 3037_欣興 候補追蹤
  無法取得市場資料，跳過。

[3045] 3045_台灣大 候補追蹤
  無法取得市場資料，跳過。

[3081] 3081_聯亞 交易紀錄
  無法取得市場資料，跳過。

[3481] 3481_群創 交易紀錄
  無法取得市場資料，跳過。

[3711] 3711_日月光投控 候補追蹤
  無法取得市場資料，跳過。

[4991] 4991_環宇-KY 交易紀錄
  無法取得市場資料，跳過。

[6223] 6223_旺矽 交易紀錄
  無法取得市場資料，跳過。

[8046] 8046_南電 候補追蹤
  無法取得市場資料，跳過。

==================================================
本次掃描無量化觸發訊號，候補股持續觀察中。

注意：法人調升評等、外資加碼、供需報告等質化條件仍需人工確認。
 
[4/4] Wave Score 掃描（成長趨勢股）... 

============================================================
  Wave Score 掃描  [2026-03-26]  共 13 檔成長趨勢股
============================================================

  [1215 卜蜂]  Wave +5  強力加碼

  [1503 士電]  Wave +1 (from +4)  輕倉加碼/觀察

  [2317 鴻海]  Wave +3 (from +4)  加碼

  [2330 台積電]  Wave +3 (from +4)  加碼

  [2382 廣達]  Wave +0 (from -1)  持有不動

  [2454 聯發科]  Wave +3 (from +1)  加碼

  [2546 根基]  Wave +0 (from +1)  持有不動

  [3231 緯創]  Wave -2 (from -1)  部分減持

  [3455 由田]  Wave +1 (from +2)  輕倉加碼/觀察

  [5483 中美晶]  Wave +1  輕倉加碼/觀察

  [6115 鎰勝]  Wave +0 (from -1)  持有不動

  [6239 力成]  Wave +2 (from +3)  輕倉加碼/觀察

  [6488 環球晶]  Wave +0 (from -1)  持有不動

  💾 Wave Score 已快取至 S:\股票筆記\journals\logs\2026-03-26_wave_scores.json

============================================================
  🔴 需即時處理：
    🔴 減持訊號  2382 廣達  現價 287.0  |  進入賣出區(+1.1%) 且 Wave +0，動能背離
    🔴 減持訊號  6115 鎰勝  現價 47.1  |  進入賣出區(+1.0%) 且 Wave +0，動能背離
    🔴 減持訊號  6488 環球晶  現價 454.5  |  進入賣出區(+3.9%) 且 Wave +0，動能背離
  🟢 加碼機會：
    🟢 強力加碼  1215 卜蜂  現價 144.0  |  Wave +5
    🟢 買回區  1215 卜蜂  現價 144.0  |  進入回測買點 146.7～148.8
    🟢 買回區  1503 士電  現價 193.5  |  進入回測買點 190.3～196.4
    🟢 強力加碼  2317 鴻海  現價 200.5  |  Wave +3
    🟢 買回區  2317 鴻海  現價 200.5  |  進入回測買點 199.2～203.5
    🟢 強力加碼  2330 台積電  現價 1840.0  |  Wave +3
    🟢 強力加碼  2454 聯發科  現價 1590.0  |  Wave +3
    🟢 買回區  2454 聯發科  現價 1590.0  |  進入回測買點 1595.3～1640.0
    🟢 買回區  6239 力成  現價 198.5  |  進入回測買點 196.7～202.2
  🟡 觀察：
    🟡 跌破月線  2546 根基  現價 83.5  |  83.5 < MA20 84.8(-1.5%)
    🟡 接近賣出區  2546 根基  現價 83.5  |  距賣出下緣 84.1 僅 0.7%
    🟡 跌破月線  3231 緯創  現價 127.0  |  127.0 < MA20 130.4(-2.6%)
    🟡 賣出區（趨勢延伸）  3455 由田  現價 128.0  |  超賣出下緣 +8.4%，Wave +1 仍強，等爆量收黑訊號
    🟡 賣出區（趨勢延伸）  5483 中美晶  現價 118.5  |  超賣出下緣 +6.1%，Wave +1 仍強，等爆量收黑訊號

  ✅ 戰術指南.md Wave Score 區塊已更新

 
完成。 
