============================================================ 
執行時間: 2026-03-18 
============================================================ 
[1/3] 執行持倉健診... 
[history] 已更新 2026-03-18：股票市值 2,641,945（現金 294,543 元）
報告已產生：S:\股票筆記\持倉健診_2026-03-18.md
# 📊 持倉健診報告 (2026-03-18)

## ⚠️ 需要注意的標的
| 代碼 | 名稱 | 現價 | 20MA | 損益% | 殖利率 | 狀態 |
|------|------|------|------|-------|--------|------|
| `00919` | 群益台灣精選高息 | 23.36 | 23.78 | -8.2% | 10.19% | ⚠️ 跌破月線 |
| `1215` | 卜蜂 | 152.00 | 153.78 | +50.3% | 4.61% | ⚠️ 跌破月線 |
| `1503` | 士電 (Shihlin Electric) | 208.50 | 211.93 | -30.3% | 2.20% | ⚠️ 跌破月線 / 觸及-10%停損 (-30.3%) |
| `2002` | 中鋼 (China Steel) | 19.30 | 19.88 | -26.2% | 1.71% | ⚠️ 跌破月線 / 觸及-10%停損 (-26.2%) |
| `2317` | 鴻海 (Hon Hai / Foxconn) | 210.00 | 222.75 | +0.9% | 2.74% | ⚠️ 跌破月線 |
| `2376` | 技嘉 | 249.50 | 229.45 | -24.9% | 4.03% | ⚠️ 觸及-10%停損 (-24.9%) |
| `2454` | 聯發科 (MediaTek) | 1730.00 | 1787.50 | -2.3% | 3.09% | ⚠️ 跌破月線 |
| `2546` | 根基 | 83.80 | 85.64 | +4.8% | 3.83% | ⚠️ 跌破月線 |
| `2886` | 兆豐金 | 39.30 | 39.67 | +4.5% | 4.07% | ⚠️ 跌破月線 |
| `3231` | 緯創 | 130.50 | 131.62 | +13.6% | 2.84% | ⚠️ 跌破月線 |
| `5483` | 中美晶 | 129.00 | 114.45 | -21.6% | 2.98% | ⚠️ 觸及-10%停損 (-21.6%) |
| `6115` | 鎰勝 | 46.95 | 47.12 | -0.8% | 6.84% | ⚠️ 跌破月線 |
| `6239` | 力成 | 211.00 | 227.72 | +35.1% | 3.46% | ⚠️ 跌破月線 |
| `6488` | 環球晶 (GlobalWafers) | 481.00 | 451.45 | -20.3% | 1.71% | ⚠️ 觸及-10%停損 (-20.3%) |
| `8069` | 元太 (E Ink Holdings) | 148.50 | 168.88 | -15.1% | 3.33% | ⚠️ 跌破月線 / 觸及-10%停損 (-15.1%) |

## ✅ 正常持倉
| 代碼 | 名稱 | 現價 | 20MA | 損益% | 殖利率 | 狀態 |
|------|------|------|------|-------|--------|------|
| `0050` | 元大台灣50 | 77.80 | 77.21 | +26.8% | 1.68% | ✅ 正常 |
| `0056` | 元大高股息 | 39.42 | 38.83 | +8.8% | 9.06% | ✅ 正常 |
| `00878` | 國泰永續高股息 | 22.85 | 22.84 | +9.4% | 7.09% | ✅ 正常 |
| `00921` | 兆豐龍頭等權重 | 19.17 | 18.89 | +7.8% | 3.00% | ✅ 正常 |
| `00929` | 復華台灣科技優息 | 20.15 | 19.51 | +4.7% | 4.07% | ✅ 正常 |
| `00940` | 元大台灣價值高息 | 9.89 | 9.73 | +0.0% | 4.50% | ✅ 正常 |
| `00946` | 群益科技高息成長 | 10.33 | 10.07 | +4.9% | 4.76% | ✅ 正常 |
| `009816` | 凱基台灣TOP50 | 11.01 | 10.87 | +6.0% | N/A | ✅ 正常 |
| `1210` | 大成 | 53.50 | 51.71 | -1.6% | 5.27% | ✅ 正常 |
| `2330` | 台積電 (TSMC) | 1905.00 | 1901.00 | +58.5% | 1.28% | ✅ 正常 |
| `2357` | 華碩 | 594.00 | 540.35 | +4.0% | 5.73% | ✅ 正常 |
| `2379` | 瑞昱 (Realtek) | 482.00 | 471.98 | +4.2% | 5.31% | ✅ 正常 |
| `2382` | 廣達 (Quanta Computer) | 293.00 | 288.43 | +3.8% | 4.50% | ✅ 正常 |
| `2493` | 揚博 | 116.50 | 107.87 | +40.7% | 3.60% | ✅ 正常 |
| `3455` | 由田 (Utechzone) | 128.00 | 116.90 | +0.3% | 5.56% | ✅ 正常 |

## 💼 資金桶檢查 (依 capital/capital_config.md)
| 桶別 | 市值 | 佔比 | 目標 | 狀態 |
|------|------|------|------|------|
| Core（底倉水庫）| 1,842,985 | 69.8% | 50% | 📌 📌 偏高，長線防禦性強 |
| Tactical（戰術水管）| 798,960 | 30.2% | 30% | ✅ |
| Cash（銀彈消防栓）| （請手動填入）| — | 20% | — |
| **已投資合計** | **2,641,945** | 100% | | |

 
[2/3] 記錄淨值快照... 
解析 30 個持股檔案...
  警告：跳過 30 檔（共 30 檔）：0050_元大台灣50.md (無法取得現價), 0056_元大高股息.md (無法取得現價), 00878_國泰永續高股息.md (無法取得現價), 00919_群益台灣精選高息.md (無法取得現價), 00921_兆豐龍頭等權重.md (無法取得現價), 00929_復華台灣科技優息.md (無法取得現價), 00940_元大台灣價值高息.md (無法取得現價), 00946_群益科技高息成長.md (無法取得現價), 009816_凱基台灣TOP50.md (無法取得現價), 1210_大成.md (無法取得現價), 1215_卜蜂.md (無法取得現價), 1503_士電.md (無法取得現價), 2002_中鋼.md (無法取得現價), 2317_鴻海.md (無法取得現價), 2330_台積電.md (無法取得現價), 2357_華碩.md (無法取得現價), 2376_技嘉.md (無法取得現價), 2379_瑞昱.md (無法取得現價), 2382_廣達.md (無法取得現價), 2454_聯發科.md (無法取得現價), 2493_揚博.md (無法取得現價), 2546_根基.md (無法取得現價), 2886_兆豐金.md (無法取得現價), 3231_緯創.md (無法取得現價), 3455_由田.md (無法取得現價), 5483_中美晶.md (無法取得現價), 6115_鎰勝.md (無法取得現價), 6239_力成.md (無法取得現價), 6488_環球晶.md (無法取得現價), 8069_元太.md (無法取得現價)
無法取得任何持股資料，中止。
 
[3/4] 執行 Watchlist 掃描... 
== Watchlist 掃描 2026-03-18 ==

[2006] 2006_東和鋼鐵 交易紀錄
  無法取得市場資料，跳過。

[2301] 2301_光寶科 候補追蹤
  無法取得市場資料，跳過。

[2303] 2303_聯電 候補追蹤
  無法取得市場資料，跳過。

[2324] 2324_仁寶 候補追蹤
  無法取得市場資料，跳過。

[2338] 2338_光罩 交易紀錄
  無法取得市場資料，跳過。

[2454] 2454_聯發科 候補追蹤
  無法取得市場資料，跳過。

[2891] 2891_中信金 候補追蹤
  無法取得市場資料，跳過。

[3037] 3037_欣興 候補追蹤
  無法取得市場資料，跳過。

[3081] 3081_聯亞 交易紀錄
  無法取得市場資料，跳過。

[3481] 3481_群創 交易紀錄
  無法取得市場資料，跳過。

[4991] 4991_環宇-KY 交易紀錄
  無法取得市場資料，跳過。

[6223] 6223_旺矽 交易紀錄
  無法取得市場資料，跳過。

[8046] 8046_南電 候補追蹤
  無法取得市場資料，跳過。

==================================================
本次掃描無量化觸發訊號，候補股持續觀察中。

注意：法人調升評等、外資加碼、供需報告等質化條件仍需人工確認。
 
[4/4] Wave Score 掃描（成長趨勢股）... 

============================================================
  Wave Score 掃描  [2026-03-18]  共 13 檔成長趨勢股
============================================================

  [1215 卜蜂]  Wave +0  持有不動

  [1503 士電]  Wave +0 (from +2)  持有不動

  [2317 鴻海]  Wave +1  輕倉加碼/觀察

  [2330 台積電]  Wave +2 (from -1)  輕倉加碼/觀察

  [2382 廣達]  Wave +1 (from +0)  輕倉加碼/觀察

  [2454 聯發科]  Wave +0 (from +2)  持有不動

  [2546 根基]  Wave +1  輕倉加碼/觀察

  [3231 緯創]  Wave -2  部分減持

  [3455 由田]  Wave +2 (from +1)  輕倉加碼/觀察

  [5483 中美晶]  Wave +1  輕倉加碼/觀察

  [6115 鎰勝]  Wave +0  持有不動

  [6239 力成]  Wave +5 (from -4)  強力加碼

  [6488 環球晶]  Wave +0  持有不動

============================================================
  🔴 需即時處理：
    🔴 減持訊號  1215 卜蜂  現價 152.0  |  進入賣出區(+0.3%) 且 Wave +0，動能背離
    🔴 減持訊號  1503 士電  現價 208.5  |  進入賣出區(+1.1%) 且 Wave +0，動能背離
    🔴 減持訊號  3231 緯創  現價 130.5  |  進入賣出區(+1.1%) 且 Wave -2，動能背離
    🔴 減持訊號  6115 鎰勝  現價 47.0  |  進入賣出區(+0.3%) 且 Wave +0，動能背離
    🔴 減持訊號  6488 環球晶  現價 481.0  |  進入賣出區(+9.9%) 且 Wave +0，動能背離
  🟢 加碼機會：
    🟢 買回區  2317 鴻海  現價 210.0  |  進入回測買點 207.7～211.9
    🟢 輕倉加碼  2330 台積電  現價 1905.0  |  Wave +2（上次 -1）
    🟢 輕倉加碼  2382 廣達  現價 293.0  |  Wave +1（上次 +0）
    🟢 解凍  6239 力成  現價 211.0  |  Wave -4 → +5，加碼條件成立
    🟢 買回區  6239 力成  現價 211.0  |  進入回測買點 211.1～216.3
  🟡 觀察：
    🟡 跌破月線  2454 聯發科  現價 1730.0  |  1730.0 < MA20 1787.5(-3.2%)
    🟡 接近賣出區  2454 聯發科  現價 1730.0  |  距賣出下緣 1750.4 僅 1.2%
    🟡 跌破月線  2546 根基  現價 83.8  |  83.8 < MA20 85.6(-2.1%)
    🟡 接近賣出區  2546 根基  現價 83.8  |  距賣出下緣 84.7 僅 1.1%
    🟡 賣出區（趨勢延伸）  3455 由田  現價 128.0  |  超賣出下緣 +13.0%，Wave +2 仍強，等爆量收黑訊號
    🟡 賣出區（趨勢延伸）  5483 中美晶  現價 129.0  |  超賣出下緣 +16.0%，Wave +1 仍強，等爆量收黑訊號

  ✅ 戰術指南.md Wave Score 區塊已更新

 
完成。 
