============================================================ 
執行時間: 2026-03-25 
============================================================ 
[1/3] 執行持倉健診... 
[history] 已更新 2026-03-25：股票市值 2,593,798（現金 294,543 元）
報告已產生：S:\股票筆記\持倉健診_2026-03-25.md
# 📊 持倉健診報告 (2026-03-25)

## ⚠️ 需要注意的標的
| 代碼 | 名稱 | 現價 | 20MA | 損益% | 殖利率 | 狀態 |
|------|------|------|------|-------|--------|------|
| `0050` | 元大台灣50 | 76.20 | 76.88 | +24.2% | 1.68% | ⚠️ 跌破月線 |
| `0056` | 元大高股息 | 38.58 | 38.75 | +6.5% | 9.06% | ⚠️ 跌破月線 |
| `00878` | 國泰永續高股息 | 22.44 | 22.56 | +7.4% | 7.09% | ⚠️ 跌破月線 |
| `00919` | 群益台灣精選高息 | 22.85 | 23.50 | -5.9% | 10.19% | ⚠️ 跌破月線 |
| `009816` | 凱基台灣TOP50 | 10.78 | 10.84 | +3.8% | N/A | ⚠️ 跌破月線 |
| `1215` | 卜蜂 | 146.00 | 153.35 | +44.4% | 4.76% | ⚠️ 跌破月線 |
| `1503` | 士電 (Shihlin Electric) | 197.50 | 207.60 | -33.9% | 2.35% | ⚠️ 跌破月線 / 觸及-10%停損 (-33.9%) |
| `2002` | 中鋼 (China Steel) | 19.30 | 19.52 | -26.2% | 1.72% | ⚠️ 跌破月線 / 觸及-10%停損 (-26.2%) |
| `2006` | 東和鋼鐵 (Tung Ho Steel) | 72.30 | 76.99 | +2.4% | 5.91% | ⚠️ 跌破月線 |
| `2317` | 鴻海 (Hon Hai / Foxconn) | 200.00 | 216.35 | -2.5% | 2.97% | ⚠️ 跌破月線 |
| `2330` | 台積電 (TSMC) | 1845.00 | 1885.00 | +46.2% | 1.33% | ⚠️ 跌破月線 |
| `2376` | 技嘉 | 234.00 | 232.57 | -29.5% | 4.26% | ⚠️ 觸及-10%停損 (-29.5%) |
| `2382` | 廣達 (Quanta Computer) | 285.00 | 288.12 | +0.9% | 4.62% | ⚠️ 跌破月線 |
| `2454` | 聯發科 (MediaTek) | 1620.00 | 1742.25 | -5.3% | 3.30% | ⚠️ 跌破月線 |
| `2546` | 根基 | 83.60 | 84.96 | +4.6% | 3.86% | ⚠️ 跌破月線 |
| `2886` | 兆豐金 | 39.15 | 39.30 | +4.1% | 4.12% | ⚠️ 跌破月線 |
| `3231` | 緯創 | 128.00 | 131.00 | +11.4% | 2.95% | ⚠️ 跌破月線 |
| `5483` | 中美晶 | 118.00 | 115.17 | -28.3% | 3.04% | ⚠️ 觸及-10%停損 (-28.3%) |
| `6115` | 鎰勝 | 46.95 | 46.97 | -0.8% | 6.82% | ⚠️ 跌破月線 |
| `6239` | 力成 | 203.50 | 215.82 | +25.7% | 3.65% | ⚠️ 跌破月線 |
| `6488` | 環球晶 (GlobalWafers) | 450.00 | 450.40 | -22.7% | 1.78% | ⚠️ 跌破月線 / 觸及-10%停損 (-22.7%) |
| `8069` | 元太 (E Ink Holdings) | 147.00 | 158.88 | -15.9% | 3.51% | ⚠️ 跌破月線 / 觸及-10%停損 (-15.9%) |

## ✅ 正常持倉
| 代碼 | 名稱 | 現價 | 20MA | 損益% | 殖利率 | 狀態 |
|------|------|------|------|-------|--------|------|
| `00929` | 復華台灣科技優息 | 19.63 | 19.55 | +2.0% | 4.07% | ✅ 正常 |
| `00940` | 元大台灣價值高息 | 9.71 | 9.71 | -1.8% | 4.50% | ✅ 正常 |
| `00946` | 群益科技高息成長 | 10.20 | 10.06 | +3.6% | 4.76% | ✅ 正常 |
| `1210` | 大成 | 53.80 | 52.34 | -1.0% | 5.25% | ✅ 正常 |
| `2357` | 華碩 | 565.00 | 554.20 | -1.1% | 6.02% | ✅ 正常 |
| `2379` | 瑞昱 (Realtek) | 489.00 | 472.93 | +5.7% | 5.31% | ✅ 正常 |
| `2493` | 揚博 | 109.50 | 108.89 | +32.2% | 3.79% | ✅ 正常 |
| `3455` | 由田 (Utechzone) | 129.50 | 121.03 | +1.4% | 5.71% | ✅ 正常 |

## 💼 資金桶檢查 (依 capital/capital_config.md)
| 桶別 | 市值 | 佔比 | 目標 | 狀態 |
|------|------|------|------|------|
| Core（底倉水庫）| 1,775,075 | 68.4% | 50% | 📌 📌 偏高，長線防禦性強 |
| Tactical（戰術水管）| 818,723 | 31.6% | 30% | ✅ |
| Cash（銀彈消防栓）| （請手動填入）| — | 20% | — |
| **已投資合計** | **2,593,798** | 100% | | |

 
[2/3] 記錄淨值快照... 
解析 30 個持股檔案...

[2026-03-25] 結算完成（30/30 檔）
  總市值：   2,593,798 元
  總成本：   2,578,562 元
  總損益：     +15,236 元  (+0.59%)

  今日已有記錄（2026-03-25），不重複寫入。

日期                      總市值         損益      損益%
--------------------------------------------------
2026-03-12        2,919,294                  
2026-03-13        2,864,845                  
2026-03-16        2,926,815                  
2026-03-17        2,905,485                  
2026-03-18        2,919,948                  
2026-03-19        2,878,256                  
2026-03-23        2,792,587                  
2026-03-24        2,872,879                  
2026-03-25        2,888,341                  
2026-03-25        2,593,798    +15,236   +0.59% ← 今日

  vs 上次：-294,543 元  (-10.20%)
 
[3/4] 執行 Watchlist 掃描... 
== Watchlist 掃描 2026-03-25 ==

[2301] 2301_光寶科 候補追蹤
  無法取得市場資料，跳過。

[2303] 2303_聯電 候補追蹤
  無法取得市場資料，跳過。

[2324] 2324_仁寶 候補追蹤
  無法取得市場資料，跳過。

[2337] 2337_旺宏 候補追蹤
  無法取得市場資料，跳過。

[2338] 2338_光罩 交易紀錄
  無法取得市場資料，跳過。

[2412] 2412_中華電 候補追蹤
  無法取得市場資料，跳過。

[2449] 2449_京元電 候補追蹤
  無法取得市場資料，跳過。

[2454] 2454_聯發科 候補追蹤
  無法取得市場資料，跳過。

[2891] 2891_中信金 候補追蹤
  無法取得市場資料，跳過。

[3037] 3037_欣興 候補追蹤
  無法取得市場資料，跳過。

[3045] 3045_台灣大 候補追蹤
  無法取得市場資料，跳過。

[3081] 3081_聯亞 交易紀錄
  無法取得市場資料，跳過。

[3481] 3481_群創 交易紀錄
  無法取得市場資料，跳過。

[3711] 3711_日月光投控 候補追蹤
  無法取得市場資料，跳過。

[4991] 4991_環宇-KY 交易紀錄
  無法取得市場資料，跳過。

[6223] 6223_旺矽 交易紀錄
  無法取得市場資料，跳過。

[8046] 8046_南電 候補追蹤
  無法取得市場資料，跳過。

==================================================
本次掃描無量化觸發訊號，候補股持續觀察中。

注意：法人調升評等、外資加碼、供需報告等質化條件仍需人工確認。
 
[4/4] Wave Score 掃描（成長趨勢股）... 

============================================================
  Wave Score 掃描  [2026-03-25]  共 13 檔成長趨勢股
============================================================

  [1215 卜蜂]  Wave +5 (from +3)  強力加碼

  [1503 士電]  Wave +4  加碼

  [2317 鴻海]  Wave +4 (from +3)  加碼

  [2330 台積電]  Wave +4 (from +5)  加碼

  [2382 廣達]  Wave -1 (from +1)  持有不動

  [2454 聯發科]  Wave +1 (from +2)  輕倉加碼/觀察

  [2546 根基]  Wave +1 (from +2)  輕倉加碼/觀察

  [3231 緯創]  Wave -1 (from -2)  持有不動

  [3455 由田]  Wave +2 (from +1)  輕倉加碼/觀察

  [5483 中美晶]  Wave +1 (from +0)  輕倉加碼/觀察

  [6115 鎰勝]  Wave -1 (from +1)  持有不動

  [6239 力成]  Wave +3 (from -3)  加碼

  [6488 環球晶]  Wave -1 (from +1)  持有不動

  💾 Wave Score 已快取至 S:\股票筆記\journals\logs\2026-03-25_wave_scores.json

============================================================
  🔴 需即時處理：
    🔴 減持訊號  2382 廣達  現價 285.0  |  進入賣出區(+0.2%) 且 Wave -1，動能背離
    🔴 減持訊號  6115 鎰勝  現價 47.0  |  進入賣出區(+0.6%) 且 Wave -1，動能背離
    🔴 減持訊號  6488 環球晶  現價 450.0  |  進入賣出區(+2.8%) 且 Wave -1，動能背離
  🟢 加碼機會：
    🟢 強力加碼  1215 卜蜂  現價 146.0  |  Wave +5
    🟢 買回區  1215 卜蜂  現價 146.0  |  進入回測買點 146.9～149.1
    🟢 強力加碼  1503 士電  現價 197.5  |  Wave +4
    🟢 買回區  1503 士電  現價 197.5  |  進入回測買點 191.9～198.0
    🟢 強力加碼  2317 鴻海  現價 200.0  |  Wave +4
    🟢 買回區  2317 鴻海  現價 200.0  |  進入回測買點 201.4～205.6
    🟢 強力加碼  2330 台積電  現價 1845.0  |  Wave +4
    🟢 買回區  2454 聯發科  現價 1620.0  |  進入回測買點 1612.1～1653.3
    🟢 解凍  3231 緯創  現價 128.0  |  Wave -2 → -1，加碼條件成立
    🟢 輕倉加碼  5483 中美晶  現價 118.0  |  Wave +1（上次 +0）
    🟢 解凍  6239 力成  現價 203.5  |  Wave -3 → +3，加碼條件成立
    🟢 買回區  6239 力成  現價 203.5  |  進入回測買點 199.4～205.0
  🟡 觀察：
    🟡 跌破月線  2546 根基  現價 83.6  |  83.6 < MA20 85.0(-1.6%)
    🟡 接近賣出區  2546 根基  現價 83.6  |  距賣出下緣 84.2 僅 0.7%
    🟡 賣出區（趨勢延伸）  3455 由田  現價 129.5  |  超賣出下緣 +10.2%，Wave +2 仍強，等爆量收黑訊號

  ✅ 戰術指南.md Wave Score 區塊已更新

 
完成。 
