============================================================ 
執行時間: 2026-03-27 
============================================================ 
[1/3] 執行持倉健診... 
[history] 已更新 2026-03-27：股票市值 2,574,892（現金 294,543 元）
報告已產生：S:\股票筆記\持倉健診_2026-03-27.md
# 📊 持倉健診報告 (2026-03-27)

## ⚠️ 需要注意的標的
| 代碼 | 名稱 | 現價 | 20MA | 損益% | 殖利率 | 狀態 |
|------|------|------|------|-------|--------|------|
| `0050` | 元大台灣50 | 75.00 | 76.30 | +22.2% | 1.68% | ⚠️ 跌破月線 |
| `0056` | 元大高股息 | 38.43 | 38.58 | +6.1% | 9.06% | ⚠️ 跌破月線 |
| `00878` | 國泰永續高股息 | 22.39 | 22.41 | +7.2% | 7.09% | ⚠️ 跌破月線 |
| `00919` | 群益台灣精選高息 | 22.52 | 23.32 | -7.1% | 10.19% | ⚠️ 跌破月線 |
| `00929` | 復華台灣科技優息 | 19.42 | 19.48 | +0.9% | 4.07% | ⚠️ 跌破月線 |
| `00940` | 元大台灣價值高息 | 9.67 | 9.68 | -2.2% | 4.50% | ⚠️ 跌破月線 |
| `009816` | 凱基台灣TOP50 | 10.67 | 10.76 | +2.7% | N/A | ⚠️ 跌破月線 |
| `1215` | 卜蜂 | 142.50 | 152.50 | +40.9% | 4.86% | ⚠️ 跌破月線 |
| `1503` | 士電 (Shihlin Electric) | 189.00 | 203.55 | -36.8% | 2.33% | ⚠️ 跌破月線 / 觸及-10%停損 (-36.8%) |
| `2002` | 中鋼 (China Steel) | 19.60 | 19.39 | -25.0% | 1.67% | ⚠️ 觸及-10%停損 (-25.0%) |
| `2006` | 東和鋼鐵 (Tung Ho Steel) | 70.50 | 76.76 | -0.1% | 5.99% | ⚠️ 跌破月線 |
| `2317` | 鴻海 (Hon Hai / Foxconn) | 199.50 | 211.88 | -2.7% | 2.89% | ⚠️ 跌破月線 |
| `2330` | 台積電 (TSMC) | 1820.00 | 1867.50 | +44.2% | 1.30% | ⚠️ 跌破月線 |
| `2376` | 技嘉 | 235.00 | 232.28 | -29.2% | 4.28% | ⚠️ 觸及-10%停損 (-29.2%) |
| `2454` | 聯發科 (MediaTek) | 1585.00 | 1710.25 | -4.9% | 3.36% | ⚠️ 跌破月線 |
| `2546` | 根基 | 82.60 | 84.53 | +3.3% | 3.83% | ⚠️ 跌破月線 |
| `2886` | 兆豐金 | 39.10 | 39.15 | +4.0% | 4.09% | ⚠️ 跌破月線 |
| `3231` | 緯創 | 127.00 | 130.00 | +10.5% | 2.99% | ⚠️ 跌破月線 |
| `5483` | 中美晶 | 114.50 | 115.05 | -30.4% | 2.95% | ⚠️ 跌破月線 / 觸及-10%停損 (-30.4%) |
| `6239` | 力成 | 195.00 | 209.70 | +20.4% | 3.53% | ⚠️ 跌破月線 |
| `6488` | 環球晶 (GlobalWafers) | 447.50 | 450.12 | -23.2% | 1.69% | ⚠️ 跌破月線 / 觸及-10%停損 (-23.2%) |
| `8069` | 元太 (E Ink Holdings) | 146.00 | 154.53 | -16.5% | 3.47% | ⚠️ 跌破月線 / 觸及-10%停損 (-16.5%) |

## ✅ 正常持倉
| 代碼 | 名稱 | 現價 | 20MA | 損益% | 殖利率 | 狀態 |
|------|------|------|------|-------|--------|------|
| `00946` | 群益科技高息成長 | 10.28 | 10.05 | +4.4% | 4.76% | ✅ 正常 |
| `1210` | 大成 | 54.30 | 52.66 | -0.1% | 5.24% | ✅ 正常 |
| `2357` | 華碩 | 577.00 | 558.90 | +1.0% | 5.92% | ✅ 正常 |
| `2379` | 瑞昱 (Realtek) | 494.50 | 474.30 | +3.9% | 5.21% | ✅ 正常 |
| `2382` | 廣達 (Quanta Computer) | 289.00 | 287.48 | +2.3% | 4.53% | ✅ 正常 |
| `2493` | 揚博 | 113.50 | 107.79 | +37.1% | 3.74% | ✅ 正常 |
| `3455` | 由田 (Utechzone) | 130.50 | 122.28 | +2.2% | 5.47% | ✅ 正常 |
| `6115` | 鎰勝 | 47.05 | 46.87 | -0.6% | 6.79% | ✅ 正常 |

## 💼 資金桶檢查 (依 capital/capital_config.md)
| 桶別 | 市值 | 佔比 | 目標 | 狀態 |
|------|------|------|------|------|
| Core（底倉水庫）| 1,765,107 | 68.6% | 50% | 📌 📌 偏高，長線防禦性強 |
| Tactical（戰術水管）| 809,786 | 31.4% | 30% | ✅ |
| Cash（銀彈消防栓）| （請手動填入）| — | 20% | — |
| **已投資合計** | **2,574,892** | 100% | | |

 
[2/3] 記錄淨值快照... 
解析 30 個持股檔案...

[2026-03-27] 結算完成（30/30 檔）
  總市值：   2,574,892 元
  總成本：   2,563,343 元
  總損益：     +11,549 元  (+0.45%)

  今日已有記錄（2026-03-27），不重複寫入。

日期                      總市值         損益      損益%
--------------------------------------------------
2026-03-16        2,926,815                  
2026-03-17        2,905,485                  
2026-03-18        2,919,948                  
2026-03-19        2,878,256                  
2026-03-23        2,792,587                  
2026-03-24        2,872,879                  
2026-03-25        2,888,341                  
2026-03-26        2,882,996                  
2026-03-27        2,869,435                  
2026-03-27        2,574,892    +11,549   +0.45% ← 今日

  vs 上次：-294,543 元  (-10.26%)
 
[3/4] 執行 Watchlist 掃描... 
== Watchlist 掃描 2026-03-27 ==

[2301] 2301_光寶科 候補追蹤
  無法取得市場資料，跳過。

[2303] 2303_聯電 候補追蹤
  無法取得市場資料，跳過。

[2324] 2324_仁寶 候補追蹤
  無法取得市場資料，跳過。

[2337] 2337_旺宏 候補追蹤
  無法取得市場資料，跳過。

[2338] 2338_光罩 交易紀錄
  無法取得市場資料，跳過。

[2412] 2412_中華電 候補追蹤
  無法取得市場資料，跳過。

[2449] 2449_京元電 候補追蹤
  無法取得市場資料，跳過。

[2454] 2454_聯發科 候補追蹤
  無法取得市場資料，跳過。

[2891] 2891_中信金 候補追蹤
  無法取得市場資料，跳過。

[3037] 3037_欣興 候補追蹤
  無法取得市場資料，跳過。

[3045] 3045_台灣大 候補追蹤
  無法取得市場資料，跳過。

[3081] 3081_聯亞 交易紀錄
  無法取得市場資料，跳過。

[3481] 3481_群創 交易紀錄
  無法取得市場資料，跳過。

[3711] 3711_日月光投控 候補追蹤
  無法取得市場資料，跳過。

[4991] 4991_環宇-KY 交易紀錄
  無法取得市場資料，跳過。

[6223] 6223_旺矽 交易紀錄
  無法取得市場資料，跳過。

[8046] 8046_南電 候補追蹤
  無法取得市場資料，跳過。

==================================================
本次掃描無量化觸發訊號，候補股持續觀察中。

注意：法人調升評等、外資加碼、供需報告等質化條件仍需人工確認。
 
[4/4] Wave Score 掃描（成長趨勢股）... 

============================================================
  Wave Score 掃描  [2026-03-27]  共 13 檔成長趨勢股
============================================================

  [1215 卜蜂]  Wave -3 (from +5)  部分減持

  [1503 士電]  Wave +2 (from +1)  輕倉加碼/觀察

  [2317 鴻海]  Wave +1 (from +3)  輕倉加碼/觀察

  [2330 台積電]  Wave +2 (from +3)  輕倉加碼/觀察

  [2382 廣達]  Wave +0  持有不動

  [2454 聯發科]  Wave +2 (from +3)  輕倉加碼/觀察

  [2546 根基]  Wave +1 (from +0)  輕倉加碼/觀察

  [3231 緯創]  Wave -2  部分減持

  [3455 由田]  Wave +1  輕倉加碼/觀察

  [5483 中美晶]  Wave -2 (from +1)  部分減持

  [6115 鎰勝]  Wave +0  持有不動

  [6239 力成]  Wave +1 (from +2)  輕倉加碼/觀察

  [6488 環球晶]  Wave -1 (from +0)  持有不動

  💾 Wave Score 已快取至 S:\股票筆記\journals\logs\2026-03-27_wave_scores.json

============================================================
  🔴 需即時處理：
    🔴 波段破壞  1215 卜蜂  現價 142.5  |  現價 142.5 低於歷史暫停線
    🔴 月線深度失守  1215 卜蜂  現價 142.5  |  142.5 < MA20 152.5(-6.6%) Wave -3
    🔴 減持訊號  2382 廣達  現價 289.0  |  進入賣出區(+1.7%) 且 Wave +0，動能背離
    🔴 減持訊號  5483 中美晶  現價 114.5  |  進入賣出區(+2.5%) 且 Wave -2，動能背離
    🔴 減持訊號  6115 鎰勝  現價 47.0  |  進入賣出區(+1.0%) 且 Wave +0，動能背離
    🔴 減持訊號  6488 環球晶  現價 447.5  |  進入賣出區(+2.1%) 且 Wave -1，動能背離
  🟢 加碼機會：
    🟢 買回區  1503 士電  現價 189.0  |  進入回測買點 188.1～194.1
    🟢 買回區  2317 鴻海  現價 199.5  |  進入回測買點 197.2～201.4
    🟢 買回區  2454 聯發科  現價 1585.0  |  進入回測買點 1578.7～1623.0
    🟢 輕倉加碼  2546 根基  現價 82.6  |  Wave +1（上次 +0）
    🟢 買回區  2546 根基  現價 82.6  |  進入回測買點 81.7～82.7
    🟢 買回區  6239 力成  現價 195.0  |  進入回測買點 193.7～199.2
  🟡 觀察：
    🟡 跌破月線  2330 台積電  現價 1820.0  |  1820.0 < MA20 1864.1(-2.4%)
    🟡 接近賣出區  2330 台積電  現價 1820.0  |  距賣出下緣 1838.6 僅 1.0%
    🟡 跌破月線  3231 緯創  現價 127.0  |  127.0 < MA20 130.0(-2.3%)
    🟡 賣出區（趨勢延伸）  3455 由田  現價 130.5  |  超賣出下緣 +9.8%，Wave +1 仍強，等爆量收黑訊號

  ✅ 戰術指南.md Wave Score 區塊已更新

 
完成。 
