============================================================ 
執行時間: 2026-03-30 
============================================================ 
[1/3] 執行持倉健診... 
[history] 已更新 2026-03-30：股票市值 2,529,363（現金 304,959 元）
報告已產生：S:\股票筆記\持倉健診_2026-03-30.md
# 📊 持倉健診報告 (2026-03-30)

## ⚠️ 需要注意的標的
| 代碼 | 名稱 | 現價 | 20MA | 損益% | 殖利率 | 狀態 |
|------|------|------|------|-------|--------|------|
| `0050` | 元大台灣50 | 73.90 | 75.98 | +20.4% | 1.68% | ⚠️ 跌破月線 |
| `0056` | 元大高股息 | 37.85 | 38.48 | +4.5% | 9.06% | ⚠️ 跌破月線 |
| `00878` | 國泰永續高股息 | 22.11 | 22.35 | +5.8% | 7.09% | ⚠️ 跌破月線 |
| `00919` | 群益台灣精選高息 | 22.30 | 23.21 | -8.0% | 10.19% | ⚠️ 跌破月線 |
| `00929` | 復華台灣科技優息 | 19.07 | 19.44 | -0.9% | 4.07% | ⚠️ 跌破月線 |
| `00940` | 元大台灣價值高息 | 9.53 | 9.66 | -3.6% | 4.50% | ⚠️ 跌破月線 |
| `009816` | 凱基台灣TOP50 | 10.46 | 10.72 | +0.7% | N/A | ⚠️ 跌破月線 |
| `1215` | 卜蜂 | 140.00 | 151.72 | +38.5% | 4.91% | ⚠️ 跌破月線 |
| `1503` | 士電 (Shihlin Electric) | 184.50 | 201.47 | -38.3% | 2.38% | ⚠️ 跌破月線 / 觸及-10%停損 (-38.3%) |
| `2002` | 中鋼 (China Steel) | 19.15 | 19.34 | -26.8% | 1.68% | ⚠️ 跌破月線 / 觸及-10%停損 (-26.8%) |
| `2317` | 鴻海 (Hon Hai / Foxconn) | 194.00 | 209.62 | -5.4% | 2.91% | ⚠️ 跌破月線 |
| `2330` | 台積電 (TSMC) | 1780.00 | 1857.75 | +41.1% | 1.32% | ⚠️ 跌破月線 |
| `2376` | 技嘉 | 228.00 | 231.85 | -31.3% | 4.26% | ⚠️ 跌破月線 / 觸及-10%停損 (-31.3%) |
| `2382` | 廣達 (Quanta Computer) | 281.00 | 286.48 | -0.5% | 4.50% | ⚠️ 跌破月線 |
| `2454` | 聯發科 (MediaTek) | 1510.00 | 1690.75 | -9.4% | 3.38% | ⚠️ 跌破月線 |
| `2546` | 根基 | 80.60 | 84.06 | +0.8% | 3.87% | ⚠️ 跌破月線 |
| `2886` | 兆豐金 | 38.65 | 39.08 | +2.8% | 4.09% | ⚠️ 跌破月線 |
| `3231` | 緯創 | 125.50 | 129.53 | +9.2% | 2.99% | ⚠️ 跌破月線 |
| `5483` | 中美晶 | 111.50 | 114.83 | -32.2% | 3.06% | ⚠️ 跌破月線 / 觸及-10%停損 (-32.2%) |
| `6239` | 力成 | 196.00 | 206.85 | +21.0% | 3.59% | ⚠️ 跌破月線 |
| `6488` | 環球晶 (GlobalWafers) | 437.00 | 449.98 | -25.0% | 1.72% | ⚠️ 跌破月線 / 觸及-10%停損 (-25.0%) |
| `8069` | 元太 (E Ink Holdings) | 140.50 | 152.35 | -19.7% | 3.42% | ⚠️ 跌破月線 / 觸及-10%停損 (-19.7%) |

## ✅ 正常持倉
| 代碼 | 名稱 | 現價 | 20MA | 損益% | 殖利率 | 狀態 |
|------|------|------|------|-------|--------|------|
| `00946` | 群益科技高息成長 | 10.10 | 10.04 | +2.5% | 4.76% | ✅ 正常 |
| `1210` | 大成 | 54.50 | 52.81 | +0.3% | 5.21% | ✅ 正常 |
| `2357` | 華碩 | 562.00 | 560.50 | -1.6% | 5.89% | ✅ 正常 |
| `2379` | 瑞昱 (Realtek) | 488.00 | 474.82 | +2.5% | 5.16% | ✅ 正常 |
| `2493` | 揚博 | 108.50 | 107.54 | +31.0% | 3.52% | ✅ 正常 |
| `3455` | 由田 (Utechzone) | 128.50 | 122.85 | +0.6% | 5.36% | ✅ 正常 |
| `6115` | 鎰勝 | 46.95 | 46.81 | -0.8% | 6.80% | ✅ 正常 |

## 💼 資金桶檢查 (依 capital/capital_config.md)
| 桶別 | 市值 | 佔比 | 目標 | 狀態 |
|------|------|------|------|------|
| Core（底倉水庫）| 1,740,557 | 68.8% | 50% | 📌 📌 偏高，長線防禦性強 |
| Tactical（戰術水管）| 788,806 | 31.2% | 30% | ✅ |
| Cash（銀彈消防栓）| （請手動填入）| — | 20% | — |
| **已投資合計** | **2,529,363** | 100% | | |

 
[2/3] 記錄淨值快照... 
解析 29 個持股檔案...

[2026-03-30] 結算完成（29/29 檔）
  總市值：   2,529,363 元
  總成本：   2,559,813 元
  總損益：     -30,450 元  (-1.19%)

  今日已有記錄（2026-03-30），不重複寫入。

日期                      總市值         損益      損益%
--------------------------------------------------
2026-03-17        2,905,485                  
2026-03-18        2,919,948                  
2026-03-19        2,878,256                  
2026-03-23        2,792,587                  
2026-03-24        2,872,879                  
2026-03-25        2,888,341                  
2026-03-26        2,882,996                  
2026-03-27        2,879,851                  
2026-03-30        2,834,322                  
2026-03-30        2,529,363    -30,450   -1.19% ← 今日

  vs 上次：-304,959 元  (-10.76%)
 
[3/4] 執行 Watchlist 掃描... 
== Watchlist 掃描 2026-03-30 ==

[2301] 2301_光寶科 候補追蹤
  無法取得市場資料，跳過。

[2303] 2303_聯電 候補追蹤
  無法取得市場資料，跳過。

[2324] 2324_仁寶 候補追蹤
  無法取得市場資料，跳過。

[2337] 2337_旺宏 候補追蹤
  無法取得市場資料，跳過。

[2338] 2338_光罩 交易紀錄
  無法取得市場資料，跳過。

[2412] 2412_中華電 候補追蹤
  無法取得市場資料，跳過。

[2449] 2449_京元電 候補追蹤
  無法取得市場資料，跳過。

[2454] 2454_聯發科 候補追蹤
  無法取得市場資料，跳過。

[2891] 2891_中信金 候補追蹤
  無法取得市場資料，跳過。

[3037] 3037_欣興 候補追蹤
  無法取得市場資料，跳過。

[3045] 3045_台灣大 候補追蹤
  無法取得市場資料，跳過。

[3081] 3081_聯亞 交易紀錄
  無法取得市場資料，跳過。

[3481] 3481_群創 交易紀錄
  無法取得市場資料，跳過。

[3711] 3711_日月光投控 候補追蹤
  無法取得市場資料，跳過。

[4991] 4991_環宇-KY 交易紀錄
  無法取得市場資料，跳過。

[6223] 6223_旺矽 交易紀錄
  無法取得市場資料，跳過。

[8046] 8046_南電 候補追蹤
  無法取得市場資料，跳過。

==================================================
本次掃描無量化觸發訊號，候補股持續觀察中。

注意：法人調升評等、外資加碼、供需報告等質化條件仍需人工確認。
 
[4/4] Wave Score 掃描（成長趨勢股）... 

============================================================
  Wave Score 掃描  [2026-03-30]  共 13 檔成長趨勢股
============================================================

  [1215 卜蜂]  Wave -1 (from -3)  持有不動

  [1503 士電]  Wave +2  輕倉加碼/觀察

  [2317 鴻海]  Wave +2 (from +1)  輕倉加碼/觀察

  [2330 台積電]  Wave +5 (from +2)  強力加碼

  [2382 廣達]  Wave +0  持有不動

  [2454 聯發科]  Wave -3 (from +2)  部分減持

  [2546 根基]  Wave +2 (from +1)  輕倉加碼/觀察

  [3231 緯創]  Wave -1 (from -2)  持有不動

  [3455 由田]  Wave +1  輕倉加碼/觀察

  [5483 中美晶]  Wave -2  部分減持

  [6115 鎰勝]  Wave -1 (from +0)  持有不動

  [6239 力成]  Wave +1  輕倉加碼/觀察

  [6488 環球晶]  Wave +0 (from -1)  持有不動

  💾 Wave Score 已快取至 S:\股票筆記\journals\logs\2026-03-30_wave_scores.json

============================================================
  🔴 需即時處理：
    🔴 波段破壞  1215 卜蜂  現價 140.0  |  現價 140.0 低於歷史暫停線
    🔴 波段破壞  2454 聯發科  現價 1510.0  |  現價 1510.0 低於歷史暫停線
    🔴 月線深度失守  2454 聯發科  現價 1510.0  |  1510.0 < MA20 1690.8(-10.7%) Wave -3
    🔴 減持訊號  5483 中美晶  現價 111.5  |  進入賣出區(+0.0%) 且 Wave -2，動能背離
    🔴 減持訊號  6115 鎰勝  現價 47.0  |  進入賣出區(+0.9%) 且 Wave -1，動能背離
  🟢 加碼機會：
    🟢 買回區  1503 士電  現價 184.5  |  進入回測買點 186.2～192.2
    🟢 買回區  2317 鴻海  現價 194.0  |  進入回測買點 195.1～199.2
    🟢 強力加碼  2330 台積電  現價 1780.0  |  Wave +5
    🟢 買回區  2330 台積電  現價 1780.0  |  進入回測買點 1781.6～1799.0
    🟢 買回區  2546 根基  現價 80.6  |  進入回測買點 80.9～81.9
    🟢 解凍  3231 緯創  現價 125.5  |  Wave -2 → -1，加碼條件成立
    🟢 買回區  6239 力成  現價 196.0  |  進入回測買點 191.1～196.5
  🟡 觀察：
    🟡 跌破月線  2382 廣達  現價 281.0  |  281.0 < MA20 286.5(-1.9%)
    🟡 接近賣出區  2382 廣達  現價 281.0  |  距賣出下緣 283.2 僅 0.8%
    🟡 賣出區（趨勢延伸）  3455 由田  現價 128.5  |  超賣出下緣 +7.5%，Wave +1 仍強，等爆量收黑訊號
    🟡 跌破月線  6488 環球晶  現價 437.0  |  437.0 < MA20 450.0(-2.9%)
    🟡 接近賣出區  6488 環球晶  現價 437.0  |  距賣出下緣 438.1 僅 0.3%

  ✅ 戰術指南.md Wave Score 區塊已更新

 
完成。 
