============================================================ 
執行時間: 2026-03-24 
============================================================ 
[1/3] 執行持倉健診... 
[history] 已更新 2026-03-24：股票市值 2,578,337（現金 294,543 元）
報告已產生：S:\股票筆記\持倉健診_2026-03-24.md
# 📊 持倉健診報告 (2026-03-24)

## ⚠️ 需要注意的標的
| 代碼 | 名稱 | 現價 | 20MA | 損益% | 殖利率 | 狀態 |
|------|------|------|------|-------|--------|------|
| `0050` | 元大台灣50 | 74.40 | 77.04 | +21.3% | 1.68% | ⚠️ 跌破月線 |
| `0056` | 元大高股息 | 38.04 | 38.81 | +5.0% | 9.06% | ⚠️ 跌破月線 |
| `00878` | 國泰永續高股息 | 22.08 | 22.63 | +5.7% | 7.09% | ⚠️ 跌破月線 |
| `00919` | 群益台灣精選高息 | 22.41 | 23.57 | -7.7% | 10.19% | ⚠️ 跌破月線 |
| `00921` | 兆豐龍頭等權重 | 18.28 | 18.91 | +2.8% | 3.00% | ⚠️ 跌破月線 |
| `00929` | 復華台灣科技優息 | 19.18 | 19.56 | -0.3% | 4.07% | ⚠️ 跌破月線 |
| `00940` | 元大台灣價值高息 | 9.56 | 9.72 | -3.3% | 4.50% | ⚠️ 跌破月線 |
| `00946` | 群益科技高息成長 | 9.96 | 10.07 | +1.1% | 4.76% | ⚠️ 跌破月線 |
| `009816` | 凱基台灣TOP50 | 10.48 | 10.86 | +0.9% | N/A | ⚠️ 跌破月線 |
| `1215` | 卜蜂 | 147.00 | 153.57 | +45.4% | 4.75% | ⚠️ 跌破月線 |
| `1503` | 士電 (Shihlin Electric) | 191.50 | 208.93 | -36.0% | 2.36% | ⚠️ 跌破月線 / 觸及-10%停損 (-36.0%) |
| `2002` | 中鋼 (China Steel) | 19.20 | 19.59 | -26.6% | 1.73% | ⚠️ 跌破月線 / 觸及-10%停損 (-26.6%) |
| `2006` | 東和鋼鐵 (Tung Ho Steel) | 72.70 | 77.00 | +3.0% | 6.04% | ⚠️ 跌破月線 |
| `2317` | 鴻海 (Hon Hai / Foxconn) | 195.00 | 217.95 | -6.1% | 2.96% | ⚠️ 跌破月線 |
| `2330` | 台積電 (TSMC) | 1810.00 | 1891.00 | +50.6% | 1.33% | ⚠️ 跌破月線 |
| `2376` | 技嘉 | 235.00 | 232.28 | -29.2% | 4.30% | ⚠️ 觸及-10%停損 (-29.2%) |
| `2382` | 廣達 (Quanta Computer) | 281.50 | 288.07 | -0.3% | 4.64% | ⚠️ 跌破月線 |
| `2454` | 聯發科 (MediaTek) | 1620.00 | 1752.50 | -5.3% | 3.29% | ⚠️ 跌破月線 |
| `2493` | 揚博 | 105.50 | 108.79 | +27.4% | 3.65% | ⚠️ 跌破月線 |
| `2546` | 根基 | 82.80 | 85.13 | +3.6% | 3.87% | ⚠️ 跌破月線 |
| `2886` | 兆豐金 | 38.85 | 39.38 | +3.3% | 4.17% | ⚠️ 跌破月線 |
| `3231` | 緯創 | 129.00 | 131.15 | +12.3% | 3.03% | ⚠️ 跌破月線 |
| `5483` | 中美晶 | 115.00 | 115.12 | -30.1% | 3.00% | ⚠️ 跌破月線 / 觸及-10%停損 (-30.1%) |
| `6115` | 鎰勝 | 46.90 | 47.03 | -0.9% | 6.87% | ⚠️ 跌破月線 |
| `6239` | 力成 | 192.00 | 218.53 | +19.7% | 3.65% | ⚠️ 跌破月線 |
| `6488` | 環球晶 (GlobalWafers) | 431.50 | 450.15 | -25.9% | 1.74% | ⚠️ 跌破月線 / 觸及-10%停損 (-25.9%) |
| `8069` | 元太 (E Ink Holdings) | 142.00 | 160.80 | -18.8% | 3.48% | ⚠️ 跌破月線 / 觸及-10%停損 (-18.8%) |

## ✅ 正常持倉
| 代碼 | 名稱 | 現價 | 20MA | 損益% | 殖利率 | 狀態 |
|------|------|------|------|-------|--------|------|
| `1210` | 大成 | 53.90 | 52.22 | -0.8% | 5.24% | ✅ 正常 |
| `2357` | 華碩 | 565.00 | 551.70 | -1.1% | 6.04% | ✅ 正常 |
| `2379` | 瑞昱 (Realtek) | 480.50 | 472.23 | +3.9% | 5.43% | ✅ 正常 |
| `3455` | 由田 (Utechzone) | 122.50 | 120.22 | -4.1% | 5.60% | ✅ 正常 |

## 💼 資金桶檢查 (依 capital/capital_config.md)
| 桶別 | 市值 | 佔比 | 目標 | 狀態 |
|------|------|------|------|------|
| Core（底倉水庫）| 1,797,791 | 69.7% | 50% | 📌 📌 偏高，長線防禦性強 |
| Tactical（戰術水管）| 780,546 | 30.3% | 30% | ✅ |
| Cash（銀彈消防栓）| （請手動填入）| — | 20% | — |
| **已投資合計** | **2,578,337** | 100% | | |

 
[2/3] 記錄淨值快照... 
解析 31 個持股檔案...

[2026-03-24] 結算完成（31/31 檔）
  總市值：   2,578,337 元
  總成本：   2,608,135 元
  總損益：     -29,798 元  (-1.14%)

  今日已有記錄（2026-03-24），不重複寫入。

日期                      總市值         損益      損益%
--------------------------------------------------
2026-03-11        2,975,438                  
2026-03-12        2,919,294                  
2026-03-13        2,864,845                  
2026-03-16        2,926,815                  
2026-03-17        2,905,485                  
2026-03-18        2,919,948                  
2026-03-19        2,878,256                  
2026-03-23        2,792,587                  
2026-03-24        2,872,879                  
2026-03-24        2,578,337    -29,798   -1.14% ← 今日

  vs 上次：-294,543 元  (-10.25%)
 
[3/4] 執行 Watchlist 掃描... 
== Watchlist 掃描 2026-03-24 ==

[2301] 2301_光寶科 候補追蹤
  無法取得市場資料，跳過。

[2303] 2303_聯電 候補追蹤
  無法取得市場資料，跳過。

[2324] 2324_仁寶 候補追蹤
  無法取得市場資料，跳過。

[2337] 2337_旺宏 候補追蹤
  無法取得市場資料，跳過。

[2338] 2338_光罩 交易紀錄
  無法取得市場資料，跳過。

[2412] 2412_中華電 候補追蹤
  無法取得市場資料，跳過。

[2449] 2449_京元電 候補追蹤
  無法取得市場資料，跳過。

[2454] 2454_聯發科 候補追蹤
  無法取得市場資料，跳過。

[2891] 2891_中信金 候補追蹤
  無法取得市場資料，跳過。

[3037] 3037_欣興 候補追蹤
  無法取得市場資料，跳過。

[3045] 3045_台灣大 候補追蹤
  無法取得市場資料，跳過。

[3081] 3081_聯亞 交易紀錄
  無法取得市場資料，跳過。

[3481] 3481_群創 交易紀錄
  無法取得市場資料，跳過。

[3711] 3711_日月光投控 候補追蹤
  無法取得市場資料，跳過。

[4991] 4991_環宇-KY 交易紀錄
  無法取得市場資料，跳過。

[6223] 6223_旺矽 交易紀錄
  無法取得市場資料，跳過。

[8046] 8046_南電 候補追蹤
  無法取得市場資料，跳過。

==================================================
本次掃描無量化觸發訊號，候補股持續觀察中。

注意：法人調升評等、外資加碼、供需報告等質化條件仍需人工確認。
 
[4/4] Wave Score 掃描（成長趨勢股）... 

============================================================
  Wave Score 掃描  [2026-03-24]  共 13 檔成長趨勢股
============================================================
  📦 載入快取 S:\股票筆記\journals\logs\2026-03-24_wave_scores.json（跳過 yfinance 抓取）

  [1215 卜蜂]  (快取)  Wave +3  加碼

  [1503 士電]  (快取)  Wave +4  加碼

  [2317 鴻海]  (快取)  Wave +3  加碼

  [2330 台積電]  (快取)  Wave +5  強力加碼

  [2382 廣達]  (快取)  Wave +1  輕倉加碼/觀察

  [2454 聯發科]  (快取)  Wave +2  輕倉加碼/觀察

  [2546 根基]  (快取)  Wave +2  輕倉加碼/觀察

  [3231 緯創]  (快取)  Wave -2  部分減持

  [3455 由田]  (快取)  Wave +1  輕倉加碼/觀察

  [5483 中美晶]  (快取)  Wave +0  持有不動

  [6115 鎰勝]  (快取)  Wave +1  輕倉加碼/觀察

  [6239 力成]  (快取)  Wave -3  部分減持

  [6488 環球晶]  (快取)  Wave +1  輕倉加碼/觀察

============================================================
  🔴 需即時處理：
    🔴 減持訊號  3231 緯創  現價 130.0  |  進入賣出區(+1.0%) 且 Wave -2，動能背離
    🔴 減持訊號  5483 中美晶  現價 116.5  |  進入賣出區(+4.3%) 且 Wave +0，動能背離
    🔴 波段破壞  6239 力成  現價 192.5  |  現價 192.5 低於歷史暫停線
    🔴 月線深度失守  6239 力成  現價 192.5  |  192.5 < MA20 218.6(-11.9%) Wave -3
  🟢 加碼機會：
    🟢 強力加碼  1215 卜蜂  現價 147.0  |  Wave +3
    🟢 買回區  1215 卜蜂  現價 147.0  |  進入回測買點 147.1～149.3
    🟢 強力加碼  1503 士電  現價 192.0  |  Wave +4
    🟢 買回區  1503 士電  現價 192.0  |  進入回測買點 193.1～199.3
    🟢 強力加碼  2317 鴻海  現價 196.5  |  Wave +3
    🟢 買回區  2317 鴻海  現價 196.5  |  進入回測買點 202.1～207.1
    🟢 強力加碼  2330 台積電  現價 1825.0  |  Wave +5
    🟢 買回區  2330 台積電  現價 1825.0  |  進入回測買點 1815.4～1831.0
    🟢 買回區  2454 聯發科  現價 1625.0  |  進入回測買點 1619.4～1663.7
    🟢 買回區  2546 根基  現價 82.8  |  進入回測買點 82.2～83.1
  🟡 觀察：
    🟡 跌破月線  2382 廣達  現價 284.0  |  284.0 < MA20 288.2(-1.5%)
    🟡 接近賣出區  2382 廣達  現價 284.0  |  距賣出下緣 284.4 僅 0.1%
    🟡 賣出區（趨勢延伸）  3455 由田  現價 127.0  |  超賣出下緣 +8.6%，Wave +1 仍強，等爆量收黑訊號
    🟡 跌破月線  6115 鎰勝  現價 46.7  |  46.7 < MA20 47.0(-0.8%)
    🟡 接近賣出區  6115 鎰勝  現價 46.7  |  距賣出下緣 46.7 僅 0.1%
    🟡 跌破月線  6488 環球晶  現價 435.5  |  435.5 < MA20 450.4(-3.3%)
    🟡 接近賣出區  6488 環球晶  現價 435.5  |  距賣出下緣 436.9 僅 0.3%

Traceback (most recent call last):
  File "S:\股票筆記\scripts\wave_score_scan.py", line 637, in <module>
    main()
    ~~~~^^
  File "S:\股票筆記\scripts\wave_score_scan.py", line 629, in main
    update_tactical_md(today_str, results, action_items, dry_run=args.dry_run)
    ~~~~~~~~~~~~~~~~~~^^^^^^^^^^^^^^^^^^^^^^^^^^^^^^^^^^^^^^^^^^^^^^^^^^^^^^^^
  File "S:\股票筆記\scripts\wave_score_scan.py", line 510, in update_tactical_md
    new_section = build_wave_section(today_str, results, action_items)
  File "S:\股票筆記\scripts\wave_score_scan.py", line 492, in build_wave_section
    f'| {r["code"]} | {r["name"]} | {r["current"]:.1f} | {r["ma20"]:.1f} | '
         ~^^^^^^^^
KeyError: 'code'
 
完成。 
