✅ 資料來源：2324.TW（116 筆）

=== 2324 OU 均值回歸機率預測 ===
現價            ：32.3 元
均衡價 θ         ：31.5 元（長期均值，OU 吸引點）
回歸速度 κ（年化）：34.41
半衰期           ：5 交易日
年化波動率 σ      ：0.3 元（以 GARCH(1,1) 動態 估計）
偏離均衡          ：+2.7% ─ 偏貴

【未來 20 交易日】
  [上漲機率]
    漲至     34 元：  0.0%  
    漲至     35 元：  0.0%  
    漲至     36 元：  0.0%  
    漲至     37 元：  0.0%  
  [下跌機率]
    跌至     31 元：  0.0%  
    跌至     30 元：  0.0%  
    跌至     29 元：  0.0%  
    跌至     28 元：  0.0%  

【未來 60 交易日】
  [上漲機率]
    漲至     34 元：  0.0%  
    漲至     35 元：  0.0%  
    漲至     36 元：  0.0%  
    漲至     37 元：  0.0%  
  [下跌機率]
    跌至     31 元：  0.0%  
    跌至     30 元：  0.0%  
    跌至     29 元：  0.0%  
    跌至     28 元：  0.0%  

⚡ 快速回歸（5 日），買回後持有時間不需太長
