============================================================ 
執行時間: 2026-04-22 
============================================================ 
[1/3] 執行持倉健診... 
[history] 已更新 2026-04-22：股票市值 2,543,483（現金 534,213 元）
報告已產生：S:\股票筆記\持倉健診_2026-04-22.md
# 📊 持倉健診報告 (2026-04-22)

## ⚠️ 需要注意的標的
| 代碼 | 名稱 | 現價 | 20MA | 損益% | 殖利率 | 狀態 |
|------|------|------|------|-------|--------|------|
| `1210` | 大成 | 54.10 | 54.42 | +6.6% | 5.23% | ⚠️ 跌破月線 |
| `1215` | 卜蜂 | 141.00 | 142.20 | +39.5% | 4.91% | ⚠️ 跌破月線 |
| `2002` | 中鋼 (China Steel) | 19.55 | 19.73 | -25.2% | 1.67% | ⚠️ 跌破月線 / 觸及-10%停損 (-25.2%) |
| `5483` | 中美晶 | 133.00 | 118.15 | -19.2% | 2.60% | ⚠️ 觸及-10%停損 (-19.2%) |

## ✅ 正常持倉
| 代碼 | 名稱 | 現價 | 20MA | 損益% | 殖利率 | 狀態 |
|------|------|------|------|-------|--------|------|
| `0050` | 元大台灣50 | 86.35 | 79.27 | +40.7% | 1.89% | ✅ 正常 |
| `0056` | 元大高股息 | 42.61 | 39.38 | +17.6% | 9.93% | ✅ 正常 |
| `00878` | 國泰永續高股息 | 25.10 | 23.03 | +19.8% | 7.80% | ✅ 正常 |
| `00919` | 群益台灣精選高息 | 23.94 | 22.88 | -1.2% | 11.80% | ✅ 正常 |
| `00929` | 復華台灣科技優息 | 22.60 | 20.06 | +17.5% | 5.34% | ✅ 正常 |
| `00940` | 元大台灣價值高息 | 10.55 | 9.87 | +6.7% | 5.01% | ✅ 正常 |
| `00946` | 群益科技高息成長 | 11.87 | 10.56 | +20.5% | 5.37% | ✅ 正常 |
| `009816` | 凱基台灣TOP50 | 12.42 | 11.23 | +19.5% | N/A | ✅ 正常 |
| `2301` | 光寶科 | 176.00 | 156.00 | +11.0% | 4.38% | ✅ 正常 |
| `2317` | 鴻海 (Hon Hai / Foxconn) | 221.00 | 201.40 | +8.2% | 2.75% | ✅ 正常 |
| `2330` | 台積電 (TSMC) | 2050.00 | 1932.50 | +60.8% | 1.17% | ✅ 正常 |
| `2357` | 華碩 | 609.00 | 575.75 | +6.6% | 5.68% | ✅ 正常 |
| `2382` | 廣達 (Quanta Computer) | 335.00 | 305.20 | +18.6% | 3.82% | ✅ 正常 |
| `2408` | 南亞科 (Nanya Technology, DRAM) | 219.00 | 214.70 | -3.8% | N/A | ✅ 正常 |
| `2449` | 京元電子 | 287.50 | 279.57 | +5.2% | 1.42% | ✅ 正常 |
| `2454` | 聯發科 (MediaTek) | 2295.00 | 1689.00 | +47.9% | 2.56% | ✅ 正常 |
| `2493` | 揚博 | 127.00 | 121.35 | +53.4% | 2.95% | ✅ 正常 |
| `2546` | 根基 | 85.60 | 83.51 | +7.1% | 3.73% | ✅ 正常 |
| `2886` | 兆豐金 | 39.50 | 39.31 | +5.0% | 4.06% | ✅ 正常 |
| `3231` | 緯創 | 144.00 | 131.82 | +25.3% | 2.63% | ✅ 正常 |
| `6239` | 力成 | 218.50 | 205.07 | +34.9% | 3.29% | ✅ 正常 |
| `6488` | 環球晶 (GlobalWafers) | 600.00 | 477.98 | +8.2% | 1.29% | ✅ 正常 |
| `8069` | 元太 (E Ink Holdings) | 159.00 | 147.47 | +2.8% | 3.24% | ✅ 正常 |

## 💼 資金桶檢查 (依 capital/capital_config.md)

### 現價口徑（風險 / 曝險視角）
| 桶別 | 現價市值 | 佔比 | 目標 | 狀態 |
|------|---------:|-----:|-----:|------|
| Core（底倉水庫）| 1,879,092 | 73.9% | 50% | 📌 📌 偏高，長線防禦性強 |
| Tactical（戰術水管）| 664,391 | 26.1% | 30% | ✅ |
| Cash（銀彈消防栓）| 534,213 | 17.4% | 20% | ✅ |
| **已投資合計** | **2,543,483** | 100% | | |

### 成本口徑（預算 / 投入視角）
| 桶別 | 成本基礎 | 佔比 | 現價市值 | 帳面損益 |
|------|---------:|-----:|---------:|---------:|
| Core | 1,610,887 | 70.5% | 1,879,092 | +268,205 (+16.6%) |
| Tactical | 674,075 | 29.5% | 664,391 | -9,684 (-1.4%) |
| **合計** | **2,284,962** | 100% | **2,543,483** | **+258,521** (+11.3%) |

> 💡 **雙口徑解讀**：現價口徑用於觸發「桶別佔比」警戒線（配置偏離）；成本口徑用於判斷「預算投入」是否超限（單一標的／單桶是否過度押注）。兩者可能差距很大：Tactical 帳面虧損會讓現價佔比「看起來」變小，但實際投入本金沒變。


## 🎯 單檔預算檢查 (依 capital/single_position_budget.md)
| 代碼 | 名稱 | Tier | 基準預算 | Override | 總上限 | 實際本金 | 狀態 |
|------|------|:----:|---------:|---------:|-------:|---------:|------|
| `2002` | 中鋼 | B | 200,000 | 0 | 200,000 | 342,565 | 🔴 超支 142,565 |
| `2330` | 台積電（波段） | C | 50,000 | 0 | 50,000 | 65,036 | 🔴 超支 15,036 |
| `2454` | 聯發科 | A | 200,000 | 0 | 200,000 | 43,434 | ✅ 22% |
| `6488` | 環球晶 | A | 200,000 | 0 | 200,000 | 110,862 | ✅ 55% |
| `2317` | 鴻海（波段） | C | 50,000 | 0 | 50,000 | 27,562 | ✅ 55% |
| `3231` | 緯創 | C | 50,000 | 0 | 50,000 | 28,955 | ✅ 58% |
| `2382` | 廣達 | C | 50,000 | 0 | 50,000 | 5,648 | ✅ 11% |
| `2357` | 華碩 | C | 50,000 | 0 | 50,000 | 8,570 | ✅ 17% |
| `5483` | 中美晶 | C | 50,000 | 0 | 50,000 | 23,036 | ✅ 46% |
| `2408` | 南亞科 | C | 50,000 | 0 | 50,000 | 9,103 | ✅ 18% |
| `2449` | 京元電 | C | 50,000 | 0 | 50,000 | 3,279 | ✅ 7% |
| `2379` | 瑞昱 | C | 50,000 | 0 | 50,000 | 0 | ✅ 已清倉 |
| `1503` | 士電 | Exit | 0 | 0 | 0 | 0 | ✅ 已清倉 |
| `2376` | 技嘉 | Exit | 0 | 0 | 0 | 0 | ✅ 已清倉 |

**預算匯總**：基準 1,050,000 ／ Override 0 ／ 實際投入 668,050

> 🔴 **單檔預算越權警告**：2 檔超出總預算上限，詳見 `capital/single_position_budget.md` § 🚫 超支既有部位

 
[2/3] 記錄淨值快照... 
解析 27 個持股檔案...

[2026-04-22] 結算完成（27/27 檔）
  總市值：   2,543,483 元
  總成本：   2,285,019 元
  總損益：    +258,463 元  (+11.31%)

  今日已有記錄（2026-04-22），不重複寫入。

日期                      總市值         損益      損益%
--------------------------------------------------
2026-04-09        3,045,423                  
2026-04-10        3,084,685                  
2026-04-13        3,063,337                  
2026-04-14        3,090,747                  
2026-04-15        3,002,747                  
2026-04-16        3,140,530                  
2026-04-17        3,132,206                  
2026-04-20        3,071,606                  
2026-04-21        3,074,353                  
2026-04-22        3,077,695                   ← 今日

  vs 上次：+3,342 元  (+0.11%)
 
[3/4] 執行 Watchlist 掃描... 
== Watchlist 掃描 2026-04-22 ==

[2303] 2303_聯電 候補追蹤
  現價: 78.60  |  月線(20MA): 62.58 (+25.6%)  |  季線(60MA): 62.90 (+25.0%)
  ⚡ 量化觸發：
     • 股價突破季線：現價 78.6 站上季線 62.9（+25.0%）
  MD 更新：已新增今日紀錄

[2324] 2324_仁寶 候補追蹤
  現價: 32.75  |  月線(20MA): 29.37 (+11.5%)  |  季線(60MA): 30.90 (+6.0%)
  ⚡ 量化觸發：
     • 股價突破季線：現價 32.8 站上季線 30.9（+6.0%）
  MD 更新：已新增今日紀錄

[2337] 2337_旺宏 候補追蹤
  現價: 134.50  |  月線(20MA): 135.40 (-0.7%)  |  季線(60MA): 110.69 (+21.5%)
  ⚡ 量化觸發：
     • 股價跌至月線下方：現價 134.5 跌破月線 135.4（需觀察是否企穩）
     • 股價突破季線：現價 134.5 站上季線 110.7（+21.5%）
  MD 更新：已新增今日紀錄

[2338] 2338_光罩 交易紀錄
  現價: 51.80  |  月線(20MA): 46.41 (+11.6%)  |  季線(60MA): 44.75 (+15.8%)
  ⚡ 量化觸發：
     • 股價突破季線：現價 51.8 站上季線 44.8（+15.8%）
  MD 更新：已新增今日紀錄

[2383] 2383_台光電 候補追蹤
  現價: 4065.00  |  月線(20MA): 3267.50 (+24.4%)  |  季線(60MA): 2523.92 (+61.1%)
  ⚡ 量化觸發：
     • 股價突破季線：現價 4065.0 站上季線 2523.9（+61.1%）
  MD 更新：已新增今日紀錄

[2412] 2412_中華電 候補追蹤
  現價: 136.50  |  月線(20MA): 135.03 (+1.1%)  |  季線(60MA): 134.71 (+1.3%)
  ⚡ 量化觸發：
     • 股價回測月線支撐：現價 136.5 距月線 135.0 僅 1.1%（月線回測中）
     • 股價突破季線：現價 136.5 站上季線 134.7（+1.3%）
     • 股價跌近季線支撐：現價 136.5 距季線 134.7 僅 1.3%（季線回測）
  MD 更新：已新增今日紀錄

[2454] 2454_聯發科 候補追蹤
  現價: 2295.00  |  月線(20MA): 1689.00 (+35.9%)  |  季線(60MA): 1712.08 (+34.0%)
  ⚡ 量化觸發：
     • 股價突破季線：現價 2295.0 站上季線 1712.1（+34.0%）
  MD 更新：已新增今日紀錄

[2486] 2486_一詮 候補追蹤
  現價: 219.00  |  月線(20MA): 169.55 (+29.2%)  |  季線(60MA): 144.14 (+51.9%)
  ⚡ 量化觸發：
     • 股價突破季線：現價 219.0 站上季線 144.1（+51.9%）
  MD 更新：已新增今日紀錄

[2891] 2891_中信金 候補追蹤
  現價: 53.50  |  月線(20MA): 53.43 (+0.1%)  |  季線(60MA): 52.32 (+2.3%)
  ⚡ 量化觸發：
     • 股價回測月線支撐：現價 53.5 距月線 53.4 僅 0.1%（月線回測中）
     • 股價突破季線：現價 53.5 站上季線 52.3（+2.3%）
     • 股價跌近季線支撐：現價 53.5 距季線 52.3 僅 2.3%（季線回測）
  MD 更新：已新增今日紀錄

[3037] 3037_欣興 候補追蹤
  現價: 716.00  |  月線(20MA): 579.92 (+23.5%)  |  季線(60MA): 467.24 (+53.2%)
  ⚡ 量化觸發：
     • 股價突破季線：現價 716.0 站上季線 467.2（+53.2%）
  MD 更新：已新增今日紀錄

[3045] 3045_台灣大 候補追蹤
  現價: 113.00  |  月線(20MA): 110.28 (+2.5%)  |  季線(60MA): 108.21 (+4.4%)
  ⚡ 量化觸發：
     • 股價回測月線支撐：現價 113.0 距月線 110.3 僅 2.5%（月線回測中）
     • 股價突破季線：現價 113.0 站上季線 108.2（+4.4%）
     • 股價跌近季線支撐：現價 113.0 距季線 108.2 僅 4.4%（季線回測）
  MD 更新：已新增今日紀錄

[3081] 3081_聯亞 交易紀錄
  現價: 3005.00  |  月線(20MA): 2111.50 (+42.3%)  |  季線(60MA): 1477.82 (+103.3%)
  ⚡ 量化觸發：
     • 股價突破季線：現價 3005.0 站上季線 1477.8（+103.3%）
  MD 更新：已新增今日紀錄

[3481] 3481_群創 交易紀錄
  現價: 25.60  |  月線(20MA): 25.67 (-0.3%)  |  季線(60MA): 25.42 (+0.7%)
  ⚡ 量化觸發：
     • 股價跌至月線下方：現價 25.6 跌破月線 25.7（需觀察是否企穩）
     • 股價突破季線：現價 25.6 站上季線 25.4（+0.7%）
     • 股價跌近季線支撐：現價 25.6 距季線 25.4 僅 0.7%（季線回測）
  MD 更新：已新增今日紀錄

[3587] 3587_閎康 候補追蹤
  現價: 356.50  |  月線(20MA): 281.27 (+26.7%)  |  季線(60MA): 229.77 (+55.2%)
  ⚡ 量化觸發：
     • 股價突破季線：現價 356.5 站上季線 229.8（+55.2%）
  MD 更新：已新增今日紀錄

[3661] 3661_世芯KY 候補追蹤
  現價: 4065.00  |  月線(20MA): 3134.25 (+29.7%)  |  季線(60MA): 3242.58 (+25.4%)
  ⚡ 量化觸發：
     • 股價突破季線：現價 4065.0 站上季線 3242.6（+25.4%）
  MD 更新：已新增今日紀錄

[3711] 3711_日月光投控 候補追蹤
  現價: 465.00  |  月線(20MA): 395.00 (+17.7%)  |  季線(60MA): 350.64 (+32.6%)
  ⚡ 量化觸發：
     • 股價突破季線：現價 465.0 站上季線 350.6（+32.6%）
  MD 更新：已新增今日紀錄

[4991] 4991_環宇-KY 交易紀錄
  現價: 693.00  |  月線(20MA): 533.30 (+29.9%)  |  季線(60MA): 368.64 (+88.0%)
  ⚡ 量化觸發：
     • 股價突破季線：現價 693.0 站上季線 368.6（+88.0%）
  MD 更新：已新增今日紀錄

[6223] 6223_旺矽 交易紀錄
  現價: 4825.00  |  月線(20MA): 4291.25 (+12.4%)  |  季線(60MA): 3351.67 (+44.0%)
  ⚡ 量化觸發：
     • 股價突破季線：現價 4825.0 站上季線 3351.7（+44.0%）
  MD 更新：已新增今日紀錄

[6451] 6451_訊芯-KY 候補追蹤
  現價: 496.00  |  月線(20MA): 396.07 (+25.2%)  |  季線(60MA): 259.12 (+91.4%)
  ⚡ 量化觸發：
     • 股價突破季線：現價 496.0 站上季線 259.1（+91.4%）
  MD 更新：已新增今日紀錄

[6789] 6789_采鈺 候補追蹤
  現價: 489.50  |  月線(20MA): 370.35 (+32.2%)  |  季線(60MA): 330.12 (+48.3%)
  ⚡ 量化觸發：
     • 股價突破季線：現價 489.5 站上季線 330.1（+48.3%）
  MD 更新：已新增今日紀錄

[8046] 8046_南電 候補追蹤
  現價: 803.00  |  月線(20MA): 639.60 (+25.5%)  |  季線(60MA): 505.68 (+58.8%)
  ⚡ 量化觸發：
     • 股價突破季線：現價 803.0 站上季線 505.7（+58.8%）
  MD 更新：已新增今日紀錄

[8299] 8299_群聯 候補追蹤
  現價: 1775.00  |  月線(20MA): 1647.25 (+7.8%)  |  季線(60MA): 1843.92 (-3.7%)
  目前無量化觸發訊號
  MD 更新：已新增今日紀錄

==================================================
!! 本次掃描共 21 檔觸發量化訊號，建議啟動研究：
  [2303] 2303_聯電 候補追蹤
    -> 股價突破季線：現價 78.6 站上季線 62.9（+25.0%）
  [2324] 2324_仁寶 候補追蹤
    -> 股價突破季線：現價 32.8 站上季線 30.9（+6.0%）
  [2337] 2337_旺宏 候補追蹤
    -> 股價跌至月線下方：現價 134.5 跌破月線 135.4（需觀察是否企穩）
    -> 股價突破季線：現價 134.5 站上季線 110.7（+21.5%）
  [2338] 2338_光罩 交易紀錄
    -> 股價突破季線：現價 51.8 站上季線 44.8（+15.8%）
  [2383] 2383_台光電 候補追蹤
    -> 股價突破季線：現價 4065.0 站上季線 2523.9（+61.1%）
  [2412] 2412_中華電 候補追蹤
    -> 股價回測月線支撐：現價 136.5 距月線 135.0 僅 1.1%（月線回測中）
    -> 股價突破季線：現價 136.5 站上季線 134.7（+1.3%）
    -> 股價跌近季線支撐：現價 136.5 距季線 134.7 僅 1.3%（季線回測）
  [2454] 2454_聯發科 候補追蹤
    -> 股價突破季線：現價 2295.0 站上季線 1712.1（+34.0%）
  [2486] 2486_一詮 候補追蹤
    -> 股價突破季線：現價 219.0 站上季線 144.1（+51.9%）
  [2891] 2891_中信金 候補追蹤
    -> 股價回測月線支撐：現價 53.5 距月線 53.4 僅 0.1%（月線回測中）
    -> 股價突破季線：現價 53.5 站上季線 52.3（+2.3%）
    -> 股價跌近季線支撐：現價 53.5 距季線 52.3 僅 2.3%（季線回測）
  [3037] 3037_欣興 候補追蹤
    -> 股價突破季線：現價 716.0 站上季線 467.2（+53.2%）
  [3045] 3045_台灣大 候補追蹤
    -> 股價回測月線支撐：現價 113.0 距月線 110.3 僅 2.5%（月線回測中）
    -> 股價突破季線：現價 113.0 站上季線 108.2（+4.4%）
    -> 股價跌近季線支撐：現價 113.0 距季線 108.2 僅 4.4%（季線回測）
  [3081] 3081_聯亞 交易紀錄
    -> 股價突破季線：現價 3005.0 站上季線 1477.8（+103.3%）
  [3481] 3481_群創 交易紀錄
    -> 股價跌至月線下方：現價 25.6 跌破月線 25.7（需觀察是否企穩）
    -> 股價突破季線：現價 25.6 站上季線 25.4（+0.7%）
    -> 股價跌近季線支撐：現價 25.6 距季線 25.4 僅 0.7%（季線回測）
  [3587] 3587_閎康 候補追蹤
    -> 股價突破季線：現價 356.5 站上季線 229.8（+55.2%）
  [3661] 3661_世芯KY 候補追蹤
    -> 股價突破季線：現價 4065.0 站上季線 3242.6（+25.4%）
  [3711] 3711_日月光投控 候補追蹤
    -> 股價突破季線：現價 465.0 站上季線 350.6（+32.6%）
  [4991] 4991_環宇-KY 交易紀錄
    -> 股價突破季線：現價 693.0 站上季線 368.6（+88.0%）
  [6223] 6223_旺矽 交易紀錄
    -> 股價突破季線：現價 4825.0 站上季線 3351.7（+44.0%）
  [6451] 6451_訊芯-KY 候補追蹤
    -> 股價突破季線：現價 496.0 站上季線 259.1（+91.4%）
  [6789] 6789_采鈺 候補追蹤
    -> 股價突破季線：現價 489.5 站上季線 330.1（+48.3%）
  [8046] 8046_南電 候補追蹤
    -> 股價突破季線：現價 803.0 站上季線 505.7（+58.8%）

注意：法人調升評等、外資加碼、供需報告等質化條件仍需人工確認。
 
[4/5] Wave Score 掃描（成長趨勢股）... 

============================================================
  Wave Score 掃描  [2026-04-22]  共 13 檔成長趨勢股
============================================================

  [1215 卜蜂]  Wave +0  持有不動

  [2301 光寶科]  Wave +1  輕倉加碼/觀察

  [2317 鴻海]  Wave +3  加碼

  [2330 台積電]  Wave +3  加碼

  [2382 廣達]  Wave +1 (from +2)  輕倉加碼/觀察

  [2408 南亞科]  Wave +0 (from +2)  持有不動

  [2449 京元電]  Wave +2  輕倉加碼/觀察

  [2454 聯發科]  Wave +1  輕倉加碼/觀察

  [2546 根基]  Wave -1  持有不動

  [3231 緯創]  Wave +0 (from +1)  持有不動

  [5483 中美晶]  Wave +0 (from +2)  持有不動

  [6239 力成]  Wave +0  持有不動

  [6488 環球晶]  Wave +2 (from +1)  輕倉加碼/觀察

  💾 Wave Score 已快取至 S:\股票筆記\journals\logs\2026-04-22_wave_scores.json

============================================================
  🔴 需即時處理：
    🔴 減持訊號  1215 卜蜂  現價 141.0  |  進入賣出區(+0.3%) 且 Wave +0，動能背離
    🔴 減持訊號  2408 南亞科  現價 219.0  |  進入賣出區(+5.5%) 且 Wave +0，動能背離
    🔴 減持訊號  2546 根基  現價 85.6  |  進入賣出區(+3.6%) 且 Wave -1，動能背離
    🔴 減持訊號  3231 緯創  現價 144.0  |  進入賣出區(+11.1%) 且 Wave +0，動能背離
    🔴 減持訊號  5483 中美晶  現價 133.0  |  進入賣出區(+15.3%) 且 Wave +0，動能背離
    🔴 減持訊號  6239 力成  現價 218.5  |  進入賣出區(+9.6%) 且 Wave +0，動能背離
  🟢 加碼機會：
    🟢 強力加碼  2317 鴻海  現價 221.0  |  Wave +3
    🟢 強力加碼  2330 台積電  現價 2050.0  |  Wave +3
  🟡 觀察：
    🟡 賣出區（趨勢延伸）  2301 光寶科  現價 176.0  |  超賣出下緣 +15.5%，Wave +1 仍強，等爆量收黑訊號
    🟡 賣出區（趨勢延伸）  2382 廣達  現價 335.0  |  超賣出下緣 +12.0%，Wave +1 仍強，等爆量收黑訊號
    🟡 賣出區（趨勢延伸）  2449 京元電  現價 287.5  |  超賣出下緣 +5.8%，Wave +2 仍強，等爆量收黑訊號
    🟡 賣出區（趨勢延伸）  2454 聯發科  現價 2295.0  |  超賣出下緣 +40.1%，Wave +1 仍強，等爆量收黑訊號
    🟡 賣出區（趨勢延伸）  6488 環球晶  現價 600.0  |  超賣出下緣 +30.0%，Wave +2 仍強，等爆量收黑訊號

  ✅ 戰術指南.md Wave Score 區塊已更新

 
[5/5] 事件偵測（Layer 3 訊號）... 
[事件偵測] 2026-04-22 — 命中 11 個事件
  🔔 EVENT [2317 鴻海] WAVE_REGIME: Wave +0 → +3，跨越強弱邊界（±2）
  🔔 EVENT [2382 廣達] WAVE_REGIME: Wave +2 → +1，跨越強弱邊界（±2）
  🔔 EVENT [2408 南亞科] NEAR_MA: 現價 219.0 距月線 214.7 僅 0.3 ATR（ATR=14.18），月線支撐待確認
  🔔 EVENT [2408 南亞科] WAVE_FLIP: Wave +2 → +0，動能方向翻轉
  🔔 EVENT [2449 京元電] NEAR_MA: 現價 287.5 距月線 279.6 僅 0.5 ATR（ATR=15.61），月線支撐待確認
  🔔 EVENT [2546 根基] NEAR_MA: 現價 85.6 距月線 83.5 僅 1.2 ATR（ATR=1.76），月線支撐待確認
  🔔 EVENT [2546 根基] WAVE_FLIP: Wave +1 → -1，動能方向翻轉
  🔔 EVENT [3231 緯創] WAVE_FLIP: Wave +1 → +0，動能方向翻轉
  🔔 EVENT [6239 力成] NEAR_MA: 現價 218.5 距月線 205.1 僅 1.2 ATR（ATR=11.57），月線支撐待確認
  🔔 EVENT [6239 力成] WAVE_FLIP: Wave -1 → +0，動能方向翻轉
  🔔 EVENT [6488 環球晶] WAVE_FLIP: Wave -2 → +2，動能方向翻轉
Traceback (most recent call last):
  File "S:\股票筆記\scripts\event_detector.py", line 326, in <module>
    main()
    ~~~~^^
  File "S:\股票筆記\scripts\event_detector.py", line 318, in main
    append_to_scan_log(log_lines, today_str)
    ~~~~~~~~~~~~~~~~~~^^^^^^^^^^^^^^^^^^^^^^
  File "S:\股票筆記\scripts\event_detector.py", line 81, in append_to_scan_log
    with open(log_path, 'a', encoding='utf-8') as f:
         ~~~~^^^^^^^^^^^^^^^^^^^^^^^^^^^^^^^^^
PermissionError: [Errno 13] Permission denied: 'S:\\股票筆記\\journals\\logs\\2026-04-22_scan.log'
 
完成。 
============================================================ 
執行時間: 2026-04-22 
============================================================ 
[1/3] 執行持倉健診... 
[history] 已更新 2026-04-22：股票市值 2,543,483（現金 534,213 元）
報告已產生：S:\股票筆記\持倉健診_2026-04-22.md
# 📊 持倉健診報告 (2026-04-22)

## ⚠️ 需要注意的標的
| 代碼 | 名稱 | 現價 | 20MA | 損益% | 殖利率 | 狀態 |
|------|------|------|------|-------|--------|------|
| `1210` | 大成 | 54.10 | 54.42 | +6.6% | 5.23% | ⚠️ 跌破月線 |
| `1215` | 卜蜂 | 141.00 | 142.20 | +39.5% | 4.91% | ⚠️ 跌破月線 |
| `2002` | 中鋼 (China Steel) | 19.55 | 19.73 | -25.2% | 1.67% | ⚠️ 跌破月線 / 觸及-10%停損 (-25.2%) |
| `5483` | 中美晶 | 133.00 | 118.15 | -19.2% | 2.60% | ⚠️ 觸及-10%停損 (-19.2%) |

## ✅ 正常持倉
| 代碼 | 名稱 | 現價 | 20MA | 損益% | 殖利率 | 狀態 |
|------|------|------|------|-------|--------|------|
| `0050` | 元大台灣50 | 86.35 | 79.27 | +40.7% | 1.89% | ✅ 正常 |
| `0056` | 元大高股息 | 42.61 | 39.38 | +17.6% | 9.93% | ✅ 正常 |
| `00878` | 國泰永續高股息 | 25.10 | 23.03 | +19.8% | 7.80% | ✅ 正常 |
| `00919` | 群益台灣精選高息 | 23.94 | 22.88 | -1.2% | 11.80% | ✅ 正常 |
| `00929` | 復華台灣科技優息 | 22.60 | 20.06 | +17.5% | 5.34% | ✅ 正常 |
| `00940` | 元大台灣價值高息 | 10.55 | 9.87 | +6.7% | 5.01% | ✅ 正常 |
| `00946` | 群益科技高息成長 | 11.87 | 10.56 | +20.5% | 5.37% | ✅ 正常 |
| `009816` | 凱基台灣TOP50 | 12.42 | 11.23 | +19.5% | N/A | ✅ 正常 |
| `2301` | 光寶科 | 176.00 | 156.00 | +11.0% | 4.38% | ✅ 正常 |
| `2317` | 鴻海 (Hon Hai / Foxconn) | 221.00 | 201.40 | +8.2% | 2.75% | ✅ 正常 |
| `2330` | 台積電 (TSMC) | 2050.00 | 1932.50 | +60.8% | 1.17% | ✅ 正常 |
| `2357` | 華碩 | 609.00 | 575.75 | +6.6% | 5.68% | ✅ 正常 |
| `2382` | 廣達 (Quanta Computer) | 335.00 | 305.20 | +18.6% | 3.82% | ✅ 正常 |
| `2408` | 南亞科 (Nanya Technology, DRAM) | 219.00 | 214.70 | -3.8% | N/A | ✅ 正常 |
| `2449` | 京元電子 | 287.50 | 279.57 | +5.2% | 1.42% | ✅ 正常 |
| `2454` | 聯發科 (MediaTek) | 2295.00 | 1689.00 | +47.9% | 2.56% | ✅ 正常 |
| `2493` | 揚博 | 127.00 | 121.35 | +53.4% | 2.95% | ✅ 正常 |
| `2546` | 根基 | 85.60 | 83.51 | +7.1% | 3.73% | ✅ 正常 |
| `2886` | 兆豐金 | 39.50 | 39.31 | +5.0% | 4.06% | ✅ 正常 |
| `3231` | 緯創 | 144.00 | 131.82 | +25.3% | 2.63% | ✅ 正常 |
| `6239` | 力成 | 218.50 | 205.07 | +34.9% | 3.29% | ✅ 正常 |
| `6488` | 環球晶 (GlobalWafers) | 600.00 | 477.98 | +8.2% | 1.29% | ✅ 正常 |
| `8069` | 元太 (E Ink Holdings) | 159.00 | 147.47 | +2.8% | 3.24% | ✅ 正常 |

## 💼 資金桶檢查 (依 capital/capital_config.md)

### 現價口徑（風險 / 曝險視角）
| 桶別 | 現價市值 | 佔比 | 目標 | 狀態 |
|------|---------:|-----:|-----:|------|
| Core（底倉水庫）| 1,879,092 | 73.9% | 50% | 📌 📌 偏高，長線防禦性強 |
| Tactical（戰術水管）| 664,391 | 26.1% | 30% | ✅ |
| Cash（銀彈消防栓）| 534,213 | 17.4% | 20% | ✅ |
| **已投資合計** | **2,543,483** | 100% | | |

### 成本口徑（預算 / 投入視角）
| 桶別 | 成本基礎 | 佔比 | 現價市值 | 帳面損益 |
|------|---------:|-----:|---------:|---------:|
| Core | 1,610,887 | 70.5% | 1,879,092 | +268,205 (+16.6%) |
| Tactical | 674,075 | 29.5% | 664,391 | -9,684 (-1.4%) |
| **合計** | **2,284,962** | 100% | **2,543,483** | **+258,521** (+11.3%) |

> 💡 **雙口徑解讀**：現價口徑用於觸發「桶別佔比」警戒線（配置偏離）；成本口徑用於判斷「預算投入」是否超限（單一標的／單桶是否過度押注）。兩者可能差距很大：Tactical 帳面虧損會讓現價佔比「看起來」變小，但實際投入本金沒變。


## 🎯 單檔預算檢查 (依 capital/single_position_budget.md)
| 代碼 | 名稱 | Tier | 基準預算 | Override | 總上限 | 實際本金 | 狀態 |
|------|------|:----:|---------:|---------:|-------:|---------:|------|
| `2002` | 中鋼 | B | 200,000 | 0 | 200,000 | 342,565 | 🔴 超支 142,565 |
| `2330` | 台積電（波段） | C | 50,000 | 0 | 50,000 | 65,036 | 🔴 超支 15,036 |
| `2454` | 聯發科 | A | 200,000 | 0 | 200,000 | 43,434 | ✅ 22% |
| `6488` | 環球晶 | A | 200,000 | 0 | 200,000 | 110,862 | ✅ 55% |
| `2317` | 鴻海（波段） | C | 50,000 | 0 | 50,000 | 27,562 | ✅ 55% |
| `3231` | 緯創 | C | 50,000 | 0 | 50,000 | 28,955 | ✅ 58% |
| `2382` | 廣達 | C | 50,000 | 0 | 50,000 | 5,648 | ✅ 11% |
| `2357` | 華碩 | C | 50,000 | 0 | 50,000 | 8,570 | ✅ 17% |
| `5483` | 中美晶 | C | 50,000 | 0 | 50,000 | 23,036 | ✅ 46% |
| `2408` | 南亞科 | C | 50,000 | 0 | 50,000 | 9,103 | ✅ 18% |
| `2449` | 京元電 | C | 50,000 | 0 | 50,000 | 3,279 | ✅ 7% |
| `2379` | 瑞昱 | C | 50,000 | 0 | 50,000 | 0 | ✅ 已清倉 |
| `1503` | 士電 | Exit | 0 | 0 | 0 | 0 | ✅ 已清倉 |
| `2376` | 技嘉 | Exit | 0 | 0 | 0 | 0 | ✅ 已清倉 |

**預算匯總**：基準 1,050,000 ／ Override 0 ／ 實際投入 668,050

> 🔴 **單檔預算越權警告**：2 檔超出總預算上限，詳見 `capital/single_position_budget.md` § 🚫 超支既有部位

 
[2/3] 記錄淨值快照... 
解析 27 個持股檔案...

[2026-04-22] 結算完成（27/27 檔）
  總市值：   2,543,483 元
  總成本：   2,285,019 元
  總損益：    +258,463 元  (+11.31%)

  今日已有記錄（2026-04-22），不重複寫入。

日期                      總市值         損益      損益%
--------------------------------------------------
2026-04-09        3,045,423                  
2026-04-10        3,084,685                  
2026-04-13        3,063,337                  
2026-04-14        3,090,747                  
2026-04-15        3,002,747                  
2026-04-16        3,140,530                  
2026-04-17        3,132,206                  
2026-04-20        3,071,606                  
2026-04-21        3,074,353                  
2026-04-22        3,077,695                   ← 今日

  vs 上次：+3,342 元  (+0.11%)
 
[3/4] 執行 Watchlist 掃描... 
== Watchlist 掃描 2026-04-22 ==

[2303] 2303_聯電 候補追蹤
  現價: 78.60  |  月線(20MA): 62.58 (+25.6%)  |  季線(60MA): 62.90 (+25.0%)
  ⚡ 量化觸發：
     • 股價突破季線：現價 78.6 站上季線 62.9（+25.0%）
  MD 更新：今日已有紀錄，跳過

[2324] 2324_仁寶 候補追蹤
  現價: 32.75  |  月線(20MA): 29.37 (+11.5%)  |  季線(60MA): 30.90 (+6.0%)
  ⚡ 量化觸發：
     • 股價突破季線：現價 32.8 站上季線 30.9（+6.0%）
  MD 更新：今日已有紀錄，跳過

[2337] 2337_旺宏 候補追蹤
  現價: 134.50  |  月線(20MA): 135.40 (-0.7%)  |  季線(60MA): 110.69 (+21.5%)
  ⚡ 量化觸發：
     • 股價跌至月線下方：現價 134.5 跌破月線 135.4（需觀察是否企穩）
     • 股價突破季線：現價 134.5 站上季線 110.7（+21.5%）
  MD 更新：今日已有紀錄，跳過

[2338] 2338_光罩 交易紀錄
  現價: 51.80  |  月線(20MA): 46.41 (+11.6%)  |  季線(60MA): 44.75 (+15.8%)
  ⚡ 量化觸發：
     • 股價突破季線：現價 51.8 站上季線 44.8（+15.8%）
  MD 更新：今日已有紀錄，跳過

[2383] 2383_台光電 候補追蹤
  現價: 4065.00  |  月線(20MA): 3267.50 (+24.4%)  |  季線(60MA): 2523.92 (+61.1%)
  ⚡ 量化觸發：
     • 股價突破季線：現價 4065.0 站上季線 2523.9（+61.1%）
  MD 更新：今日已有紀錄，跳過

[2412] 2412_中華電 候補追蹤
  現價: 136.50  |  月線(20MA): 135.03 (+1.1%)  |  季線(60MA): 134.71 (+1.3%)
  ⚡ 量化觸發：
     • 股價回測月線支撐：現價 136.5 距月線 135.0 僅 1.1%（月線回測中）
     • 股價突破季線：現價 136.5 站上季線 134.7（+1.3%）
     • 股價跌近季線支撐：現價 136.5 距季線 134.7 僅 1.3%（季線回測）
  MD 更新：今日已有紀錄，跳過

[2454] 2454_聯發科 候補追蹤
  現價: 2295.00  |  月線(20MA): 1689.00 (+35.9%)  |  季線(60MA): 1712.08 (+34.0%)
  ⚡ 量化觸發：
     • 股價突破季線：現價 2295.0 站上季線 1712.1（+34.0%）
  MD 更新：今日已有紀錄，跳過

[2486] 2486_一詮 候補追蹤
  現價: 219.00  |  月線(20MA): 169.55 (+29.2%)  |  季線(60MA): 144.14 (+51.9%)
  ⚡ 量化觸發：
     • 股價突破季線：現價 219.0 站上季線 144.1（+51.9%）
  MD 更新：今日已有紀錄，跳過

[2891] 2891_中信金 候補追蹤
  現價: 53.50  |  月線(20MA): 53.43 (+0.1%)  |  季線(60MA): 52.32 (+2.3%)
  ⚡ 量化觸發：
     • 股價回測月線支撐：現價 53.5 距月線 53.4 僅 0.1%（月線回測中）
     • 股價突破季線：現價 53.5 站上季線 52.3（+2.3%）
     • 股價跌近季線支撐：現價 53.5 距季線 52.3 僅 2.3%（季線回測）
  MD 更新：今日已有紀錄，跳過

[3037] 3037_欣興 候補追蹤
  現價: 716.00  |  月線(20MA): 579.92 (+23.5%)  |  季線(60MA): 467.24 (+53.2%)
  ⚡ 量化觸發：
     • 股價突破季線：現價 716.0 站上季線 467.2（+53.2%）
  MD 更新：今日已有紀錄，跳過

[3045] 3045_台灣大 候補追蹤
  現價: 113.00  |  月線(20MA): 110.28 (+2.5%)  |  季線(60MA): 108.21 (+4.4%)
  ⚡ 量化觸發：
     • 股價回測月線支撐：現價 113.0 距月線 110.3 僅 2.5%（月線回測中）
     • 股價突破季線：現價 113.0 站上季線 108.2（+4.4%）
     • 股價跌近季線支撐：現價 113.0 距季線 108.2 僅 4.4%（季線回測）
  MD 更新：今日已有紀錄，跳過

[3081] 3081_聯亞 交易紀錄
  現價: 3005.00  |  月線(20MA): 2111.50 (+42.3%)  |  季線(60MA): 1477.82 (+103.3%)
  ⚡ 量化觸發：
     • 股價突破季線：現價 3005.0 站上季線 1477.8（+103.3%）
  MD 更新：今日已有紀錄，跳過

[3481] 3481_群創 交易紀錄
  現價: 25.60  |  月線(20MA): 25.67 (-0.3%)  |  季線(60MA): 25.42 (+0.7%)
  ⚡ 量化觸發：
     • 股價跌至月線下方：現價 25.6 跌破月線 25.7（需觀察是否企穩）
     • 股價突破季線：現價 25.6 站上季線 25.4（+0.7%）
     • 股價跌近季線支撐：現價 25.6 距季線 25.4 僅 0.7%（季線回測）
  MD 更新：今日已有紀錄，跳過

[3587] 3587_閎康 候補追蹤
  現價: 356.50  |  月線(20MA): 281.27 (+26.7%)  |  季線(60MA): 229.77 (+55.2%)
  ⚡ 量化觸發：
     • 股價突破季線：現價 356.5 站上季線 229.8（+55.2%）
  MD 更新：今日已有紀錄，跳過

[3661] 3661_世芯KY 候補追蹤
  現價: 4065.00  |  月線(20MA): 3134.25 (+29.7%)  |  季線(60MA): 3242.58 (+25.4%)
  ⚡ 量化觸發：
     • 股價突破季線：現價 4065.0 站上季線 3242.6（+25.4%）
  MD 更新：今日已有紀錄，跳過

[3711] 3711_日月光投控 候補追蹤
  現價: 465.00  |  月線(20MA): 395.00 (+17.7%)  |  季線(60MA): 350.64 (+32.6%)
  ⚡ 量化觸發：
     • 股價突破季線：現價 465.0 站上季線 350.6（+32.6%）
  MD 更新：今日已有紀錄，跳過

[4991] 4991_環宇-KY 交易紀錄
  現價: 693.00  |  月線(20MA): 533.30 (+29.9%)  |  季線(60MA): 368.64 (+88.0%)
  ⚡ 量化觸發：
     • 股價突破季線：現價 693.0 站上季線 368.6（+88.0%）
  MD 更新：今日已有紀錄，跳過

[6223] 6223_旺矽 交易紀錄
  現價: 4825.00  |  月線(20MA): 4291.25 (+12.4%)  |  季線(60MA): 3351.67 (+44.0%)
  ⚡ 量化觸發：
     • 股價突破季線：現價 4825.0 站上季線 3351.7（+44.0%）
  MD 更新：今日已有紀錄，跳過

[6451] 6451_訊芯-KY 候補追蹤
  現價: 496.00  |  月線(20MA): 396.07 (+25.2%)  |  季線(60MA): 259.12 (+91.4%)
  ⚡ 量化觸發：
     • 股價突破季線：現價 496.0 站上季線 259.1（+91.4%）
  MD 更新：今日已有紀錄，跳過

[6789] 6789_采鈺 候補追蹤
  現價: 489.50  |  月線(20MA): 370.35 (+32.2%)  |  季線(60MA): 330.12 (+48.3%)
  ⚡ 量化觸發：
     • 股價突破季線：現價 489.5 站上季線 330.1（+48.3%）
  MD 更新：今日已有紀錄，跳過

[8046] 8046_南電 候補追蹤
  現價: 803.00  |  月線(20MA): 639.60 (+25.5%)  |  季線(60MA): 505.68 (+58.8%)
  ⚡ 量化觸發：
     • 股價突破季線：現價 803.0 站上季線 505.7（+58.8%）
  MD 更新：今日已有紀錄，跳過

[8299] 8299_群聯 候補追蹤
  現價: 1775.00  |  月線(20MA): 1647.25 (+7.8%)  |  季線(60MA): 1843.92 (-3.7%)
  目前無量化觸發訊號
  MD 更新：今日已有紀錄，跳過

==================================================
!! 本次掃描共 21 檔觸發量化訊號，建議啟動研究：
  [2303] 2303_聯電 候補追蹤
    -> 股價突破季線：現價 78.6 站上季線 62.9（+25.0%）
  [2324] 2324_仁寶 候補追蹤
    -> 股價突破季線：現價 32.8 站上季線 30.9（+6.0%）
  [2337] 2337_旺宏 候補追蹤
    -> 股價跌至月線下方：現價 134.5 跌破月線 135.4（需觀察是否企穩）
    -> 股價突破季線：現價 134.5 站上季線 110.7（+21.5%）
  [2338] 2338_光罩 交易紀錄
    -> 股價突破季線：現價 51.8 站上季線 44.8（+15.8%）
  [2383] 2383_台光電 候補追蹤
    -> 股價突破季線：現價 4065.0 站上季線 2523.9（+61.1%）
  [2412] 2412_中華電 候補追蹤
    -> 股價回測月線支撐：現價 136.5 距月線 135.0 僅 1.1%（月線回測中）
    -> 股價突破季線：現價 136.5 站上季線 134.7（+1.3%）
    -> 股價跌近季線支撐：現價 136.5 距季線 134.7 僅 1.3%（季線回測）
  [2454] 2454_聯發科 候補追蹤
    -> 股價突破季線：現價 2295.0 站上季線 1712.1（+34.0%）
  [2486] 2486_一詮 候補追蹤
    -> 股價突破季線：現價 219.0 站上季線 144.1（+51.9%）
  [2891] 2891_中信金 候補追蹤
    -> 股價回測月線支撐：現價 53.5 距月線 53.4 僅 0.1%（月線回測中）
    -> 股價突破季線：現價 53.5 站上季線 52.3（+2.3%）
    -> 股價跌近季線支撐：現價 53.5 距季線 52.3 僅 2.3%（季線回測）
  [3037] 3037_欣興 候補追蹤
    -> 股價突破季線：現價 716.0 站上季線 467.2（+53.2%）
  [3045] 3045_台灣大 候補追蹤
    -> 股價回測月線支撐：現價 113.0 距月線 110.3 僅 2.5%（月線回測中）
    -> 股價突破季線：現價 113.0 站上季線 108.2（+4.4%）
    -> 股價跌近季線支撐：現價 113.0 距季線 108.2 僅 4.4%（季線回測）
  [3081] 3081_聯亞 交易紀錄
    -> 股價突破季線：現價 3005.0 站上季線 1477.8（+103.3%）
  [3481] 3481_群創 交易紀錄
    -> 股價跌至月線下方：現價 25.6 跌破月線 25.7（需觀察是否企穩）
    -> 股價突破季線：現價 25.6 站上季線 25.4（+0.7%）
    -> 股價跌近季線支撐：現價 25.6 距季線 25.4 僅 0.7%（季線回測）
  [3587] 3587_閎康 候補追蹤
    -> 股價突破季線：現價 356.5 站上季線 229.8（+55.2%）
  [3661] 3661_世芯KY 候補追蹤
    -> 股價突破季線：現價 4065.0 站上季線 3242.6（+25.4%）
  [3711] 3711_日月光投控 候補追蹤
    -> 股價突破季線：現價 465.0 站上季線 350.6（+32.6%）
  [4991] 4991_環宇-KY 交易紀錄
    -> 股價突破季線：現價 693.0 站上季線 368.6（+88.0%）
  [6223] 6223_旺矽 交易紀錄
    -> 股價突破季線：現價 4825.0 站上季線 3351.7（+44.0%）
  [6451] 6451_訊芯-KY 候補追蹤
    -> 股價突破季線：現價 496.0 站上季線 259.1（+91.4%）
  [6789] 6789_采鈺 候補追蹤
    -> 股價突破季線：現價 489.5 站上季線 330.1（+48.3%）
  [8046] 8046_南電 候補追蹤
    -> 股價突破季線：現價 803.0 站上季線 505.7（+58.8%）

注意：法人調升評等、外資加碼、供需報告等質化條件仍需人工確認。
 
[4/5] Wave Score 掃描（成長趨勢股）... 

============================================================
  Wave Score 掃描  [2026-04-22]  共 13 檔成長趨勢股
============================================================
  📦 載入快取 S:\股票筆記\journals\logs\2026-04-22_wave_scores.json（跳過 yfinance 抓取）

  [1215 卜蜂]  (快取)  Wave +0  持有不動

  [2301 光寶科]  (快取)  Wave +1  輕倉加碼/觀察

  [2317 鴻海]  (快取)  Wave +3  加碼

  [2330 台積電]  (快取)  Wave +3  加碼

  [2382 廣達]  (快取)  Wave +1  輕倉加碼/觀察

  [2408 南亞科]  (快取)  Wave +0  持有不動

  [2449 京元電]  (快取)  Wave +2  輕倉加碼/觀察

  [2454 聯發科]  (快取)  Wave +1  輕倉加碼/觀察

  [2546 根基]  (快取)  Wave -1  持有不動

  [3231 緯創]  (快取)  Wave +0  持有不動

  [5483 中美晶]  (快取)  Wave +0  持有不動

  [6239 力成]  (快取)  Wave +0  持有不動

  [6488 環球晶]  (快取)  Wave +2  輕倉加碼/觀察

============================================================
  🔴 需即時處理：
    🔴 減持訊號  1215 卜蜂  現價 141.0  |  進入賣出區(+0.3%) 且 Wave +0，動能背離
    🔴 減持訊號  2408 南亞科  現價 219.0  |  進入賣出區(+5.5%) 且 Wave +0，動能背離
    🔴 減持訊號  2546 根基  現價 85.6  |  進入賣出區(+3.6%) 且 Wave -1，動能背離
    🔴 減持訊號  3231 緯創  現價 144.0  |  進入賣出區(+11.1%) 且 Wave +0，動能背離
    🔴 減持訊號  5483 中美晶  現價 133.0  |  進入賣出區(+15.3%) 且 Wave +0，動能背離
    🔴 減持訊號  6239 力成  現價 218.5  |  進入賣出區(+9.6%) 且 Wave +0，動能背離
  🟢 加碼機會：
    🟢 強力加碼  2317 鴻海  現價 221.0  |  Wave +3
    🟢 強力加碼  2330 台積電  現價 2050.0  |  Wave +3
  🟡 觀察：
    🟡 賣出區（趨勢延伸）  2301 光寶科  現價 176.0  |  超賣出下緣 +15.5%，Wave +1 仍強，等爆量收黑訊號
    🟡 賣出區（趨勢延伸）  2382 廣達  現價 335.0  |  超賣出下緣 +12.0%，Wave +1 仍強，等爆量收黑訊號
    🟡 賣出區（趨勢延伸）  2449 京元電  現價 287.5  |  超賣出下緣 +5.8%，Wave +2 仍強，等爆量收黑訊號
    🟡 賣出區（趨勢延伸）  2454 聯發科  現價 2295.0  |  超賣出下緣 +40.1%，Wave +1 仍強，等爆量收黑訊號
    🟡 賣出區（趨勢延伸）  6488 環球晶  現價 600.0  |  超賣出下緣 +30.0%，Wave +2 仍強，等爆量收黑訊號

 
[5/5] 事件偵測（Layer 3 訊號）... 
[事件偵測] 2026-04-22 — 命中 11 個事件
  🔔 EVENT [2317 鴻海] WAVE_REGIME: Wave +0 → +3，跨越強弱邊界（±2）
  🔔 EVENT [2382 廣達] WAVE_REGIME: Wave +2 → +1，跨越強弱邊界（±2）
  🔔 EVENT [2408 南亞科] NEAR_MA: 現價 219.0 距月線 214.7 僅 0.3 ATR（ATR=14.18），月線支撐待確認
  🔔 EVENT [2408 南亞科] WAVE_FLIP: Wave +2 → +0，動能方向翻轉
  🔔 EVENT [2449 京元電] NEAR_MA: 現價 287.5 距月線 279.6 僅 0.5 ATR（ATR=15.61），月線支撐待確認
  🔔 EVENT [2546 根基] NEAR_MA: 現價 85.6 距月線 83.5 僅 1.2 ATR（ATR=1.76），月線支撐待確認
  🔔 EVENT [2546 根基] WAVE_FLIP: Wave +1 → -1，動能方向翻轉
  🔔 EVENT [3231 緯創] WAVE_FLIP: Wave +1 → +0，動能方向翻轉
  🔔 EVENT [6239 力成] NEAR_MA: 現價 218.5 距月線 205.1 僅 1.2 ATR（ATR=11.57），月線支撐待確認
  🔔 EVENT [6239 力成] WAVE_FLIP: Wave -1 → +0，動能方向翻轉
  🔔 EVENT [6488 環球晶] WAVE_FLIP: Wave -2 → +2，動能方向翻轉
  ⚠️  scan.log 被鎖定，1 秒後重試（第 1/3 次）...
  ⚠️  scan.log 被鎖定，1 秒後重試（第 2/3 次）...
Traceback (most recent call last):
  File "S:\股票筆記\scripts\event_detector.py", line 337, in <module>
    main()
    ~~~~^^
  File "S:\股票筆記\scripts\event_detector.py", line 329, in main
    append_to_scan_log(log_lines, today_str)
    ~~~~~~~~~~~~~~~~~~^^^^^^^^^^^^^^^^^^^^^^
  File "S:\股票筆記\scripts\event_detector.py", line 85, in append_to_scan_log
    with open(log_path, 'a', encoding='utf-8') as f:
         ~~~~^^^^^^^^^^^^^^^^^^^^^^^^^^^^^^^^^
PermissionError: [Errno 13] Permission denied: 'S:\\股票筆記\\journals\\logs\\2026-04-22_scan.log'
 
完成。 
============================================================ 
執行時間: 2026-04-22 
============================================================ 
[1/3] 執行持倉健診... 
[history] 已更新 2026-04-22：股票市值 2,543,483（現金 534,213 元）
報告已產生：S:\股票筆記\持倉健診_2026-04-22.md
# 📊 持倉健診報告 (2026-04-22)

## ⚠️ 需要注意的標的
| 代碼 | 名稱 | 現價 | 20MA | 損益% | 殖利率 | 狀態 |
|------|------|------|------|-------|--------|------|
| `1210` | 大成 | 54.10 | 54.42 | +6.6% | 5.23% | ⚠️ 跌破月線 |
| `1215` | 卜蜂 | 141.00 | 142.20 | +39.5% | 4.91% | ⚠️ 跌破月線 |
| `2002` | 中鋼 (China Steel) | 19.55 | 19.73 | -25.2% | 1.67% | ⚠️ 跌破月線 / 觸及-10%停損 (-25.2%) |
| `5483` | 中美晶 | 133.00 | 118.15 | -19.2% | 2.60% | ⚠️ 觸及-10%停損 (-19.2%) |

## ✅ 正常持倉
| 代碼 | 名稱 | 現價 | 20MA | 損益% | 殖利率 | 狀態 |
|------|------|------|------|-------|--------|------|
| `0050` | 元大台灣50 | 86.35 | 79.27 | +40.7% | 1.89% | ✅ 正常 |
| `0056` | 元大高股息 | 42.61 | 39.38 | +17.6% | 9.93% | ✅ 正常 |
| `00878` | 國泰永續高股息 | 25.10 | 23.03 | +19.8% | 7.80% | ✅ 正常 |
| `00919` | 群益台灣精選高息 | 23.94 | 22.88 | -1.2% | 11.80% | ✅ 正常 |
| `00929` | 復華台灣科技優息 | 22.60 | 20.06 | +17.5% | 5.34% | ✅ 正常 |
| `00940` | 元大台灣價值高息 | 10.55 | 9.87 | +6.7% | 5.01% | ✅ 正常 |
| `00946` | 群益科技高息成長 | 11.87 | 10.56 | +20.5% | 5.37% | ✅ 正常 |
| `009816` | 凱基台灣TOP50 | 12.42 | 11.23 | +19.5% | N/A | ✅ 正常 |
| `2301` | 光寶科 | 176.00 | 156.00 | +11.0% | 4.38% | ✅ 正常 |
| `2317` | 鴻海 (Hon Hai / Foxconn) | 221.00 | 201.40 | +8.2% | 2.75% | ✅ 正常 |
| `2330` | 台積電 (TSMC) | 2050.00 | 1932.50 | +60.8% | 1.17% | ✅ 正常 |
| `2357` | 華碩 | 609.00 | 575.75 | +6.6% | 5.68% | ✅ 正常 |
| `2382` | 廣達 (Quanta Computer) | 335.00 | 305.20 | +18.6% | 3.82% | ✅ 正常 |
| `2408` | 南亞科 (Nanya Technology, DRAM) | 219.00 | 214.70 | -3.8% | N/A | ✅ 正常 |
| `2449` | 京元電子 | 287.50 | 279.57 | +5.2% | 1.42% | ✅ 正常 |
| `2454` | 聯發科 (MediaTek) | 2295.00 | 1689.00 | +47.9% | 2.56% | ✅ 正常 |
| `2493` | 揚博 | 127.00 | 121.35 | +53.4% | 2.95% | ✅ 正常 |
| `2546` | 根基 | 85.60 | 83.51 | +7.1% | 3.73% | ✅ 正常 |
| `2886` | 兆豐金 | 39.50 | 39.31 | +5.0% | 4.06% | ✅ 正常 |
| `3231` | 緯創 | 144.00 | 131.82 | +25.3% | 2.63% | ✅ 正常 |
| `6239` | 力成 | 218.50 | 205.07 | +34.9% | 3.29% | ✅ 正常 |
| `6488` | 環球晶 (GlobalWafers) | 600.00 | 477.98 | +8.2% | 1.29% | ✅ 正常 |
| `8069` | 元太 (E Ink Holdings) | 159.00 | 147.47 | +2.8% | 3.24% | ✅ 正常 |

## 💼 資金桶檢查 (依 capital/capital_config.md)

### 現價口徑（風險 / 曝險視角）
| 桶別 | 現價市值 | 佔比 | 目標 | 狀態 |
|------|---------:|-----:|-----:|------|
| Core（底倉水庫）| 1,879,092 | 73.9% | 50% | 📌 📌 偏高，長線防禦性強 |
| Tactical（戰術水管）| 664,391 | 26.1% | 30% | ✅ |
| Cash（銀彈消防栓）| 534,213 | 17.4% | 20% | ✅ |
| **已投資合計** | **2,543,483** | 100% | | |

### 成本口徑（預算 / 投入視角）
| 桶別 | 成本基礎 | 佔比 | 現價市值 | 帳面損益 |
|------|---------:|-----:|---------:|---------:|
| Core | 1,610,887 | 70.5% | 1,879,092 | +268,205 (+16.6%) |
| Tactical | 674,075 | 29.5% | 664,391 | -9,684 (-1.4%) |
| **合計** | **2,284,962** | 100% | **2,543,483** | **+258,521** (+11.3%) |

> 💡 **雙口徑解讀**：現價口徑用於觸發「桶別佔比」警戒線（配置偏離）；成本口徑用於判斷「預算投入」是否超限（單一標的／單桶是否過度押注）。兩者可能差距很大：Tactical 帳面虧損會讓現價佔比「看起來」變小，但實際投入本金沒變。


## 🎯 單檔預算檢查 (依 capital/single_position_budget.md)
| 代碼 | 名稱 | Tier | 基準預算 | Override | 總上限 | 實際本金 | 狀態 |
|------|------|:----:|---------:|---------:|-------:|---------:|------|
| `2002` | 中鋼 | B | 200,000 | 0 | 200,000 | 342,565 | 🔴 超支 142,565 |
| `2330` | 台積電（波段） | C | 50,000 | 0 | 50,000 | 65,036 | 🔴 超支 15,036 |
| `2454` | 聯發科 | A | 200,000 | 0 | 200,000 | 43,434 | ✅ 22% |
| `6488` | 環球晶 | A | 200,000 | 0 | 200,000 | 110,862 | ✅ 55% |
| `2317` | 鴻海（波段） | C | 50,000 | 0 | 50,000 | 27,562 | ✅ 55% |
| `3231` | 緯創 | C | 50,000 | 0 | 50,000 | 28,955 | ✅ 58% |
| `2382` | 廣達 | C | 50,000 | 0 | 50,000 | 5,648 | ✅ 11% |
| `2357` | 華碩 | C | 50,000 | 0 | 50,000 | 8,570 | ✅ 17% |
| `5483` | 中美晶 | C | 50,000 | 0 | 50,000 | 23,036 | ✅ 46% |
| `2408` | 南亞科 | C | 50,000 | 0 | 50,000 | 9,103 | ✅ 18% |
| `2449` | 京元電 | C | 50,000 | 0 | 50,000 | 3,279 | ✅ 7% |
| `2379` | 瑞昱 | C | 50,000 | 0 | 50,000 | 0 | ✅ 已清倉 |
| `1503` | 士電 | Exit | 0 | 0 | 0 | 0 | ✅ 已清倉 |
| `2376` | 技嘉 | Exit | 0 | 0 | 0 | 0 | ✅ 已清倉 |

**預算匯總**：基準 1,050,000 ／ Override 0 ／ 實際投入 668,050

> 🔴 **單檔預算越權警告**：2 檔超出總預算上限，詳見 `capital/single_position_budget.md` § 🚫 超支既有部位

 
[2/3] 記錄淨值快照... 
解析 27 個持股檔案...

[2026-04-22] 結算完成（27/27 檔）
  總市值：   2,543,483 元
  總成本：   2,285,019 元
  總損益：    +258,463 元  (+11.31%)

  今日已有記錄（2026-04-22），不重複寫入。

日期                      總市值         損益      損益%
--------------------------------------------------
2026-04-09        3,045,423                  
2026-04-10        3,084,685                  
2026-04-13        3,063,337                  
2026-04-14        3,090,747                  
2026-04-15        3,002,747                  
2026-04-16        3,140,530                  
2026-04-17        3,132,206                  
2026-04-20        3,071,606                  
2026-04-21        3,074,353                  
2026-04-22        3,077,695                   ← 今日

  vs 上次：+3,342 元  (+0.11%)
 
[3/4] 執行 Watchlist 掃描... 
== Watchlist 掃描 2026-04-22 ==

[2303] 2303_聯電 候補追蹤
  現價: 78.60  |  月線(20MA): 62.58 (+25.6%)  |  季線(60MA): 62.90 (+25.0%)
  ⚡ 量化觸發：
     • 股價突破季線：現價 78.6 站上季線 62.9（+25.0%）
  MD 更新：今日已有紀錄，跳過

[2324] 2324_仁寶 候補追蹤
  現價: 32.75  |  月線(20MA): 29.37 (+11.5%)  |  季線(60MA): 30.90 (+6.0%)
  ⚡ 量化觸發：
     • 股價突破季線：現價 32.8 站上季線 30.9（+6.0%）
  MD 更新：今日已有紀錄，跳過

[2337] 2337_旺宏 候補追蹤
  現價: 134.50  |  月線(20MA): 135.40 (-0.7%)  |  季線(60MA): 110.69 (+21.5%)
  ⚡ 量化觸發：
     • 股價跌至月線下方：現價 134.5 跌破月線 135.4（需觀察是否企穩）
     • 股價突破季線：現價 134.5 站上季線 110.7（+21.5%）
  MD 更新：今日已有紀錄，跳過

[2338] 2338_光罩 交易紀錄
  現價: 51.80  |  月線(20MA): 46.41 (+11.6%)  |  季線(60MA): 44.75 (+15.8%)
  ⚡ 量化觸發：
     • 股價突破季線：現價 51.8 站上季線 44.8（+15.8%）
  MD 更新：今日已有紀錄，跳過

[2383] 2383_台光電 候補追蹤
  現價: 4065.00  |  月線(20MA): 3267.50 (+24.4%)  |  季線(60MA): 2523.92 (+61.1%)
  ⚡ 量化觸發：
     • 股價突破季線：現價 4065.0 站上季線 2523.9（+61.1%）
  MD 更新：今日已有紀錄，跳過

[2412] 2412_中華電 候補追蹤
  現價: 136.50  |  月線(20MA): 135.03 (+1.1%)  |  季線(60MA): 134.71 (+1.3%)
  ⚡ 量化觸發：
     • 股價回測月線支撐：現價 136.5 距月線 135.0 僅 1.1%（月線回測中）
     • 股價突破季線：現價 136.5 站上季線 134.7（+1.3%）
     • 股價跌近季線支撐：現價 136.5 距季線 134.7 僅 1.3%（季線回測）
  MD 更新：今日已有紀錄，跳過

[2454] 2454_聯發科 候補追蹤
  現價: 2295.00  |  月線(20MA): 1689.00 (+35.9%)  |  季線(60MA): 1712.08 (+34.0%)
  ⚡ 量化觸發：
     • 股價突破季線：現價 2295.0 站上季線 1712.1（+34.0%）
  MD 更新：今日已有紀錄，跳過

[2486] 2486_一詮 候補追蹤
  現價: 219.00  |  月線(20MA): 169.55 (+29.2%)  |  季線(60MA): 144.14 (+51.9%)
  ⚡ 量化觸發：
     • 股價突破季線：現價 219.0 站上季線 144.1（+51.9%）
  MD 更新：今日已有紀錄，跳過

[2891] 2891_中信金 候補追蹤
  現價: 53.50  |  月線(20MA): 53.43 (+0.1%)  |  季線(60MA): 52.32 (+2.3%)
  ⚡ 量化觸發：
     • 股價回測月線支撐：現價 53.5 距月線 53.4 僅 0.1%（月線回測中）
     • 股價突破季線：現價 53.5 站上季線 52.3（+2.3%）
     • 股價跌近季線支撐：現價 53.5 距季線 52.3 僅 2.3%（季線回測）
  MD 更新：今日已有紀錄，跳過

[3037] 3037_欣興 候補追蹤
  現價: 716.00  |  月線(20MA): 579.92 (+23.5%)  |  季線(60MA): 467.24 (+53.2%)
  ⚡ 量化觸發：
     • 股價突破季線：現價 716.0 站上季線 467.2（+53.2%）
  MD 更新：今日已有紀錄，跳過

[3045] 3045_台灣大 候補追蹤
  現價: 113.00  |  月線(20MA): 110.28 (+2.5%)  |  季線(60MA): 108.21 (+4.4%)
  ⚡ 量化觸發：
     • 股價回測月線支撐：現價 113.0 距月線 110.3 僅 2.5%（月線回測中）
     • 股價突破季線：現價 113.0 站上季線 108.2（+4.4%）
     • 股價跌近季線支撐：現價 113.0 距季線 108.2 僅 4.4%（季線回測）
  MD 更新：今日已有紀錄，跳過

[3081] 3081_聯亞 交易紀錄
  現價: 3005.00  |  月線(20MA): 2111.50 (+42.3%)  |  季線(60MA): 1477.82 (+103.3%)
  ⚡ 量化觸發：
     • 股價突破季線：現價 3005.0 站上季線 1477.8（+103.3%）
  MD 更新：今日已有紀錄，跳過

[3481] 3481_群創 交易紀錄
  現價: 25.60  |  月線(20MA): 25.67 (-0.3%)  |  季線(60MA): 25.42 (+0.7%)
  ⚡ 量化觸發：
     • 股價跌至月線下方：現價 25.6 跌破月線 25.7（需觀察是否企穩）
     • 股價突破季線：現價 25.6 站上季線 25.4（+0.7%）
     • 股價跌近季線支撐：現價 25.6 距季線 25.4 僅 0.7%（季線回測）
  MD 更新：今日已有紀錄，跳過

[3587] 3587_閎康 候補追蹤
  現價: 356.50  |  月線(20MA): 281.27 (+26.7%)  |  季線(60MA): 229.77 (+55.2%)
  ⚡ 量化觸發：
     • 股價突破季線：現價 356.5 站上季線 229.8（+55.2%）
  MD 更新：今日已有紀錄，跳過

[3661] 3661_世芯KY 候補追蹤
  現價: 4065.00  |  月線(20MA): 3134.25 (+29.7%)  |  季線(60MA): 3242.58 (+25.4%)
  ⚡ 量化觸發：
     • 股價突破季線：現價 4065.0 站上季線 3242.6（+25.4%）
  MD 更新：今日已有紀錄，跳過

[3711] 3711_日月光投控 候補追蹤
  現價: 465.00  |  月線(20MA): 395.00 (+17.7%)  |  季線(60MA): 350.64 (+32.6%)
  ⚡ 量化觸發：
     • 股價突破季線：現價 465.0 站上季線 350.6（+32.6%）
  MD 更新：今日已有紀錄，跳過

[4991] 4991_環宇-KY 交易紀錄
  現價: 693.00  |  月線(20MA): 533.30 (+29.9%)  |  季線(60MA): 368.64 (+88.0%)
  ⚡ 量化觸發：
     • 股價突破季線：現價 693.0 站上季線 368.6（+88.0%）
  MD 更新：今日已有紀錄，跳過

[6223] 6223_旺矽 交易紀錄
  現價: 4825.00  |  月線(20MA): 4291.25 (+12.4%)  |  季線(60MA): 3351.67 (+44.0%)
  ⚡ 量化觸發：
     • 股價突破季線：現價 4825.0 站上季線 3351.7（+44.0%）
  MD 更新：今日已有紀錄，跳過

[6451] 6451_訊芯-KY 候補追蹤
  現價: 496.00  |  月線(20MA): 396.07 (+25.2%)  |  季線(60MA): 259.12 (+91.4%)
  ⚡ 量化觸發：
     • 股價突破季線：現價 496.0 站上季線 259.1（+91.4%）
  MD 更新：今日已有紀錄，跳過

[6789] 6789_采鈺 候補追蹤
  現價: 489.50  |  月線(20MA): 370.35 (+32.2%)  |  季線(60MA): 330.12 (+48.3%)
  ⚡ 量化觸發：
     • 股價突破季線：現價 489.5 站上季線 330.1（+48.3%）
  MD 更新：今日已有紀錄，跳過

[8046] 8046_南電 候補追蹤
  現價: 803.00  |  月線(20MA): 639.60 (+25.5%)  |  季線(60MA): 505.68 (+58.8%)
  ⚡ 量化觸發：
     • 股價突破季線：現價 803.0 站上季線 505.7（+58.8%）
  MD 更新：今日已有紀錄，跳過

[8299] 8299_群聯 候補追蹤
  現價: 1775.00  |  月線(20MA): 1647.25 (+7.8%)  |  季線(60MA): 1843.92 (-3.7%)
  目前無量化觸發訊號
  MD 更新：今日已有紀錄，跳過

==================================================
!! 本次掃描共 21 檔觸發量化訊號，建議啟動研究：
  [2303] 2303_聯電 候補追蹤
    -> 股價突破季線：現價 78.6 站上季線 62.9（+25.0%）
  [2324] 2324_仁寶 候補追蹤
    -> 股價突破季線：現價 32.8 站上季線 30.9（+6.0%）
  [2337] 2337_旺宏 候補追蹤
    -> 股價跌至月線下方：現價 134.5 跌破月線 135.4（需觀察是否企穩）
    -> 股價突破季線：現價 134.5 站上季線 110.7（+21.5%）
  [2338] 2338_光罩 交易紀錄
    -> 股價突破季線：現價 51.8 站上季線 44.8（+15.8%）
  [2383] 2383_台光電 候補追蹤
    -> 股價突破季線：現價 4065.0 站上季線 2523.9（+61.1%）
  [2412] 2412_中華電 候補追蹤
    -> 股價回測月線支撐：現價 136.5 距月線 135.0 僅 1.1%（月線回測中）
    -> 股價突破季線：現價 136.5 站上季線 134.7（+1.3%）
    -> 股價跌近季線支撐：現價 136.5 距季線 134.7 僅 1.3%（季線回測）
  [2454] 2454_聯發科 候補追蹤
    -> 股價突破季線：現價 2295.0 站上季線 1712.1（+34.0%）
  [2486] 2486_一詮 候補追蹤
    -> 股價突破季線：現價 219.0 站上季線 144.1（+51.9%）
  [2891] 2891_中信金 候補追蹤
    -> 股價回測月線支撐：現價 53.5 距月線 53.4 僅 0.1%（月線回測中）
    -> 股價突破季線：現價 53.5 站上季線 52.3（+2.3%）
    -> 股價跌近季線支撐：現價 53.5 距季線 52.3 僅 2.3%（季線回測）
  [3037] 3037_欣興 候補追蹤
    -> 股價突破季線：現價 716.0 站上季線 467.2（+53.2%）
  [3045] 3045_台灣大 候補追蹤
    -> 股價回測月線支撐：現價 113.0 距月線 110.3 僅 2.5%（月線回測中）
    -> 股價突破季線：現價 113.0 站上季線 108.2（+4.4%）
    -> 股價跌近季線支撐：現價 113.0 距季線 108.2 僅 4.4%（季線回測）
  [3081] 3081_聯亞 交易紀錄
    -> 股價突破季線：現價 3005.0 站上季線 1477.8（+103.3%）
  [3481] 3481_群創 交易紀錄
    -> 股價跌至月線下方：現價 25.6 跌破月線 25.7（需觀察是否企穩）
    -> 股價突破季線：現價 25.6 站上季線 25.4（+0.7%）
    -> 股價跌近季線支撐：現價 25.6 距季線 25.4 僅 0.7%（季線回測）
  [3587] 3587_閎康 候補追蹤
    -> 股價突破季線：現價 356.5 站上季線 229.8（+55.2%）
  [3661] 3661_世芯KY 候補追蹤
    -> 股價突破季線：現價 4065.0 站上季線 3242.6（+25.4%）
  [3711] 3711_日月光投控 候補追蹤
    -> 股價突破季線：現價 465.0 站上季線 350.6（+32.6%）
  [4991] 4991_環宇-KY 交易紀錄
    -> 股價突破季線：現價 693.0 站上季線 368.6（+88.0%）
  [6223] 6223_旺矽 交易紀錄
    -> 股價突破季線：現價 4825.0 站上季線 3351.7（+44.0%）
  [6451] 6451_訊芯-KY 候補追蹤
    -> 股價突破季線：現價 496.0 站上季線 259.1（+91.4%）
  [6789] 6789_采鈺 候補追蹤
    -> 股價突破季線：現價 489.5 站上季線 330.1（+48.3%）
  [8046] 8046_南電 候補追蹤
    -> 股價突破季線：現價 803.0 站上季線 505.7（+58.8%）

注意：法人調升評等、外資加碼、供需報告等質化條件仍需人工確認。
 
[4/5] Wave Score 掃描（成長趨勢股）... 

============================================================
  Wave Score 掃描  [2026-04-22]  共 13 檔成長趨勢股
============================================================
  📦 載入快取 S:\股票筆記\journals\logs\2026-04-22_wave_scores.json（跳過 yfinance 抓取）

  [1215 卜蜂]  (快取)  Wave +0  持有不動

  [2301 光寶科]  (快取)  Wave +1  輕倉加碼/觀察

  [2317 鴻海]  (快取)  Wave +3  加碼

  [2330 台積電]  (快取)  Wave +3  加碼

  [2382 廣達]  (快取)  Wave +1  輕倉加碼/觀察

  [2408 南亞科]  (快取)  Wave +0  持有不動

  [2449 京元電]  (快取)  Wave +2  輕倉加碼/觀察

  [2454 聯發科]  (快取)  Wave +1  輕倉加碼/觀察

  [2546 根基]  (快取)  Wave -1  持有不動

  [3231 緯創]  (快取)  Wave +0  持有不動

  [5483 中美晶]  (快取)  Wave +0  持有不動

  [6239 力成]  (快取)  Wave +0  持有不動

  [6488 環球晶]  (快取)  Wave +2  輕倉加碼/觀察

============================================================
  🔴 需即時處理：
    🔴 減持訊號  1215 卜蜂  現價 141.0  |  進入賣出區(+0.3%) 且 Wave +0，動能背離
    🔴 減持訊號  2408 南亞科  現價 219.0  |  進入賣出區(+5.5%) 且 Wave +0，動能背離
    🔴 減持訊號  2546 根基  現價 85.6  |  進入賣出區(+3.6%) 且 Wave -1，動能背離
    🔴 減持訊號  3231 緯創  現價 144.0  |  進入賣出區(+11.1%) 且 Wave +0，動能背離
    🔴 減持訊號  5483 中美晶  現價 133.0  |  進入賣出區(+15.3%) 且 Wave +0，動能背離
    🔴 減持訊號  6239 力成  現價 218.5  |  進入賣出區(+9.6%) 且 Wave +0，動能背離
  🟢 加碼機會：
    🟢 強力加碼  2317 鴻海  現價 221.0  |  Wave +3
    🟢 強力加碼  2330 台積電  現價 2050.0  |  Wave +3
  🟡 觀察：
    🟡 賣出區（趨勢延伸）  2301 光寶科  現價 176.0  |  超賣出下緣 +15.5%，Wave +1 仍強，等爆量收黑訊號
    🟡 賣出區（趨勢延伸）  2382 廣達  現價 335.0  |  超賣出下緣 +12.0%，Wave +1 仍強，等爆量收黑訊號
    🟡 賣出區（趨勢延伸）  2449 京元電  現價 287.5  |  超賣出下緣 +5.8%，Wave +2 仍強，等爆量收黑訊號
    🟡 賣出區（趨勢延伸）  2454 聯發科  現價 2295.0  |  超賣出下緣 +40.1%，Wave +1 仍強，等爆量收黑訊號
    🟡 賣出區（趨勢延伸）  6488 環球晶  現價 600.0  |  超賣出下緣 +30.0%，Wave +2 仍強，等爆量收黑訊號

  ✅ 戰術指南.md Wave Score 區塊已更新

 
[5/5] 事件偵測（Layer 3 訊號）... 
[事件偵測] 2026-04-22 — 命中 11 個事件
  🔔 EVENT [2317 鴻海] WAVE_REGIME: Wave +0 → +3，跨越強弱邊界（±2）
  🔔 EVENT [2382 廣達] WAVE_REGIME: Wave +2 → +1，跨越強弱邊界（±2）
  🔔 EVENT [2408 南亞科] NEAR_MA: 現價 219.0 距月線 214.7 僅 0.3 ATR（ATR=14.18），月線支撐待確認
  🔔 EVENT [2408 南亞科] WAVE_FLIP: Wave +2 → +0，動能方向翻轉
  🔔 EVENT [2449 京元電] NEAR_MA: 現價 287.5 距月線 279.6 僅 0.5 ATR（ATR=15.61），月線支撐待確認
  🔔 EVENT [2546 根基] NEAR_MA: 現價 85.6 距月線 83.5 僅 1.2 ATR（ATR=1.76），月線支撐待確認
  🔔 EVENT [2546 根基] WAVE_FLIP: Wave +1 → -1，動能方向翻轉
  🔔 EVENT [3231 緯創] WAVE_FLIP: Wave +1 → +0，動能方向翻轉
  🔔 EVENT [6239 力成] NEAR_MA: 現價 218.5 距月線 205.1 僅 1.2 ATR（ATR=11.57），月線支撐待確認
  🔔 EVENT [6239 力成] WAVE_FLIP: Wave -1 → +0，動能方向翻轉
  🔔 EVENT [6488 環球晶] WAVE_FLIP: Wave -2 → +2，動能方向翻轉

[事件偵測]
🔔 EVENT [2317 鴻海] WAVE_REGIME: Wave +0 → +3，跨越強弱邊界（±2）
🔔 EVENT [2382 廣達] WAVE_REGIME: Wave +2 → +1，跨越強弱邊界（±2）
🔔 EVENT [2408 南亞科] NEAR_MA: 現價 219.0 距月線 214.7 僅 0.3 ATR（ATR=14.18），月線支撐待確認
🔔 EVENT [2408 南亞科] WAVE_FLIP: Wave +2 → +0，動能方向翻轉
🔔 EVENT [2449 京元電] NEAR_MA: 現價 287.5 距月線 279.6 僅 0.5 ATR（ATR=15.61），月線支撐待確認
🔔 EVENT [2546 根基] NEAR_MA: 現價 85.6 距月線 83.5 僅 1.2 ATR（ATR=1.76），月線支撐待確認
🔔 EVENT [2546 根基] WAVE_FLIP: Wave +1 → -1，動能方向翻轉
🔔 EVENT [3231 緯創] WAVE_FLIP: Wave +1 → +0，動能方向翻轉
🔔 EVENT [6239 力成] NEAR_MA: 現價 218.5 距月線 205.1 僅 1.2 ATR（ATR=11.57），月線支撐待確認
🔔 EVENT [6239 力成] WAVE_FLIP: Wave -1 → +0，動能方向翻轉
🔔 EVENT [6488 環球晶] WAVE_FLIP: Wave -2 → +2，動能方向翻轉
 
完成。 
