============================================================ 
執行時間: 2026-04-14 
============================================================ 
[1/3] 執行持倉健診... 
[history] 已更新 2026-04-14：股票市值 2,492,389（現金 598,208 元）
報告已產生：S:\股票筆記\持倉健診_2026-04-14.md
# 📊 持倉健診報告 (2026-04-14)

## ⚠️ 需要注意的標的
| 代碼 | 名稱 | 現價 | 20MA | 損益% | 殖利率 | 狀態 |
|------|------|------|------|-------|--------|------|
| `1215` | 卜蜂 | 144.50 | 144.57 | +42.9% | 4.83% | ⚠️ 跌破月線 |
| `1503` | 士電 (Shihlin Electric) | 193.50 | 191.35 | -35.3% | 2.34% | ⚠️ 觸及-10%停損 (-35.3%) |
| `2002` | 中鋼 (China Steel) | 20.50 | 19.51 | -21.6% | 1.63% | ⚠️ 觸及-10%停損 (-21.6%) |
| `2376` | 技嘉 | 263.50 | 240.93 | -20.6% | 3.79% | ⚠️ 觸及-10%停損 (-20.6%) |
| `2408` | 南亞科 (Nanya Technology, DRAM) | 220.00 | 226.95 | -0.7% | N/A | ⚠️ 跌破月線 |
| `5483` | 中美晶 | 122.00 | 115.72 | -25.9% | 2.92% | ⚠️ 觸及-10%停損 (-25.9%) |
| `8069` | 元太 (E Ink Holdings) | 150.00 | 145.15 | -11.0% | 3.37% | ⚠️ 觸及-10%停損 (-11.0%) |

## ✅ 正常持倉
| 代碼 | 名稱 | 現價 | 20MA | 損益% | 殖利率 | 狀態 |
|------|------|------|------|-------|--------|------|
| `0050` | 元大台灣50 | 83.10 | 76.57 | +35.4% | 1.89% | ✅ 正常 |
| `0056` | 元大高股息 | 39.97 | 38.63 | +10.4% | 9.93% | ✅ 正常 |
| `00878` | 國泰永續高股息 | 23.20 | 22.49 | +11.1% | 7.80% | ✅ 正常 |
| `00919` | 群益台灣精選高息 | 22.91 | 22.78 | -5.5% | 11.80% | ✅ 正常 |
| `00929` | 復華台灣科技優息 | 20.42 | 19.53 | +6.1% | 5.34% | ✅ 正常 |
| `00940` | 元大台灣價值高息 | 9.96 | 9.70 | +0.7% | 5.01% | ✅ 正常 |
| `00946` | 群益科技高息成長 | 10.62 | 10.21 | +7.8% | 5.37% | ✅ 正常 |
| `009816` | 凱基台灣TOP50 | 11.67 | 10.84 | +12.3% | N/A | ✅ 正常 |
| `1210` | 大成 | 54.20 | 54.18 | +6.8% | 5.13% | ✅ 正常 |
| `2317` | 鴻海 (Hon Hai / Foxconn) | 207.50 | 200.53 | +1.6% | 2.90% | ✅ 正常 |
| `2330` | 台積電 (TSMC) | 2055.00 | 1872.50 | +61.1% | 1.21% | ✅ 正常 |
| `2357` | 華碩 | 580.00 | 571.45 | +1.5% | 5.88% | ✅ 正常 |
| `2382` | 廣達 (Quanta Computer) | 323.00 | 293.55 | +14.4% | 4.08% | ✅ 正常 |
| `2454` | 聯發科 (MediaTek) | 1720.00 | 1603.00 | +10.9% | 3.30% | ✅ 正常 |
| `2493` | 揚博 | 139.00 | 113.20 | +67.9% | 3.07% | ✅ 正常 |
| `2546` | 根基 | 86.10 | 82.75 | +7.7% | 3.74% | ✅ 正常 |
| `2886` | 兆豐金 | 39.35 | 39.11 | +4.6% | 4.07% | ✅ 正常 |
| `3231` | 緯創 | 136.50 | 129.32 | +18.8% | 2.82% | ✅ 正常 |
| `6115` | 鎰勝 | 47.60 | 46.96 | +0.6% | 6.78% | ✅ 正常 |
| `6239` | 力成 | 217.50 | 202.43 | +34.3% | 3.20% | ✅ 正常 |
| `6488` | 環球晶 (GlobalWafers) | 501.00 | 450.25 | -9.6% | 1.54% | ✅ 正常 |

## 💼 資金桶檢查 (依 capital/capital_config.md)

### 現價口徑（風險 / 曝險視角）
| 桶別 | 現價市值 | 佔比 | 目標 | 狀態 |
|------|---------:|-----:|-----:|------|
| Core（底倉水庫）| 1,795,754 | 72.0% | 50% | 📌 📌 偏高，長線防禦性強 |
| Tactical（戰術水管）| 696,636 | 28.0% | 30% | ✅ |
| Cash（銀彈消防栓）| （請手動填入）| — | 20% | — |
| **已投資合計** | **2,492,389** | 100% | | |

### 成本口徑（預算 / 投入視角）
| 桶別 | 成本基礎 | 佔比 | 現價市值 | 帳面損益 |
|------|---------:|-----:|---------:|---------:|
| Core | 1,597,584 | 68.1% | 1,795,754 | +198,170 (+12.4%) |
| Tactical | 748,847 | 31.9% | 696,636 | -52,212 (-7.0%) |
| **合計** | **2,346,431** | 100% | **2,492,389** | **+145,958** (+6.2%) |

> 💡 **雙口徑解讀**：現價口徑用於觸發「桶別佔比」警戒線（配置偏離）；成本口徑用於判斷「預算投入」是否超限（單一標的／單桶是否過度押注）。兩者可能差距很大：Tactical 帳面虧損會讓現價佔比「看起來」變小，但實際投入本金沒變。


## 🎯 單檔預算檢查 (依 capital/single_position_budget.md)
| 代碼 | 名稱 | Tier | 基準預算 | Override | 總上限 | 實際本金 | 狀態 |
|------|------|:----:|---------:|---------:|-------:|---------:|------|
| `2002` | 中鋼 | B | 200,000 | 0 | 200,000 | 368,715 | 🔴 超支 168,715 |
| `2330` | 台積電（波段） | C | 50,000 | 0 | 50,000 | 67,586 | 🔴 超支 17,586 |
| `1503` | 士電 | Exit | 0 | 0 | 0 | 4,485 | 🟡 Exit（預算已鎖 0） |
| `2376` | 技嘉 | Exit | 0 | 0 | 0 | 13,281 | 🟡 Exit（預算已鎖 0） |
| `2454` | 聯發科 | A | 200,000 | 0 | 200,000 | 43,434 | ✅ 22% |
| `6488` | 環球晶 | A | 200,000 | 0 | 200,000 | 133,034 | ✅ 67% |
| `2317` | 鴻海（波段） | C | 50,000 | 0 | 50,000 | 40,015 | ⚠️ 使用率 80% |
| `3231` | 緯創 | C | 50,000 | 0 | 50,000 | 28,955 | ✅ 58% |
| `2382` | 廣達 | C | 50,000 | 0 | 50,000 | 5,648 | ✅ 11% |
| `2357` | 華碩 | C | 50,000 | 0 | 50,000 | 8,570 | ✅ 17% |
| `5483` | 中美晶 | C | 50,000 | 0 | 50,000 | 32,908 | ✅ 66% |
| `2379` | 瑞昱 | C | 50,000 | 0 | 50,000 | 0 | ✅ 已清倉 |

**預算匯總**：基準 950,000 ／ Override 0 ／ 實際投入 746,631

> 🔴 **單檔預算越權警告**：4 檔超出總預算上限，詳見 `capital/single_position_budget.md` § 🚫 超支既有部位

 
[2/3] 記錄淨值快照... 
解析 30 個持股檔案...

[2026-04-14] 結算完成（30/30 檔）
  總市值：   2,492,389 元
  總成本：   2,346,441 元
  總損益：    +145,948 元  (+6.22%)

  今日已有記錄（2026-04-14），不重複寫入。

日期                      總市值         損益      損益%
--------------------------------------------------
2026-03-31        2,793,664                  
2026-04-01        2,811,871                  
2026-04-04        2,876,470                  
2026-04-07        2,942,301                  
2026-04-08        3,011,895                  
2026-04-09        3,045,423                  
2026-04-10        3,084,685                  
2026-04-13        3,063,337                  
2026-04-14        3,090,597                  
2026-04-14        2,492,389   +145,948   +6.22% ← 今日

  vs 上次：-598,208 元  (-19.36%)
 
[3/4] 執行 Watchlist 掃描... 
== Watchlist 掃描 2026-04-14 ==

[2301] 2301_光寶科 候補追蹤
  無法取得市場資料，跳過。

[2303] 2303_聯電 候補追蹤
  無法取得市場資料，跳過。

[2324] 2324_仁寶 候補追蹤
  無法取得市場資料，跳過。

[2337] 2337_旺宏 候補追蹤
  無法取得市場資料，跳過。

[2338] 2338_光罩 交易紀錄
  無法取得市場資料，跳過。

[2412] 2412_中華電 候補追蹤
  無法取得市場資料，跳過。

[2449] 2449_京元電 候補追蹤
  無法取得市場資料，跳過。

[2454] 2454_聯發科 候補追蹤
  無法取得市場資料，跳過。

[2891] 2891_中信金 候補追蹤
  無法取得市場資料，跳過。

[3037] 3037_欣興 候補追蹤
  無法取得市場資料，跳過。

[3045] 3045_台灣大 候補追蹤
  無法取得市場資料，跳過。

[3081] 3081_聯亞 交易紀錄
  無法取得市場資料，跳過。

[3481] 3481_群創 交易紀錄
  無法取得市場資料，跳過。

[3711] 3711_日月光投控 候補追蹤
  無法取得市場資料，跳過。

[4991] 4991_環宇-KY 交易紀錄
  無法取得市場資料，跳過。

[6223] 6223_旺矽 交易紀錄
  無法取得市場資料，跳過。

[8046] 8046_南電 候補追蹤
  無法取得市場資料，跳過。

==================================================
本次掃描無量化觸發訊號，候補股持續觀察中。

注意：法人調升評等、外資加碼、供需報告等質化條件仍需人工確認。
 
[4/4] Wave Score 掃描（成長趨勢股）... 

============================================================
  Wave Score 掃描  [2026-04-14]  共 14 檔成長趨勢股
============================================================

  [1215 卜蜂]  Wave +0 (from +2)  持有不動

  [1503 士電]  Wave +0  持有不動

  [2317 鴻海]  Wave +0 (from -2)  持有不動

  [2330 台積電]  Wave +4 (from +3)  加碼

  [2382 廣達]  Wave +2 (from +0)  輕倉加碼/觀察

  [2408 南亞科]  Wave +1 (from +2)  輕倉加碼/觀察

  [2454 聯發科]  Wave +0  持有不動

  [2546 根基]  Wave -1 (from -3)  持有不動

  [3231 緯創]  Wave +0 (from -1)  持有不動

  [3455 由田]  Wave +1  輕倉加碼/觀察

  [5483 中美晶]  Wave -1 (from +0)  持有不動

  [6115 鎰勝]  Wave +1  輕倉加碼/觀察

  [6239 力成]  Wave -1 (from +1)  持有不動

  [6488 環球晶]  Wave +0  持有不動

  💾 Wave Score 已快取至 S:\股票筆記\journals\logs\2026-04-14_wave_scores.json

============================================================
  🔴 需即時處理：
    🔴 減持訊號  1215 卜蜂  現價 144.5  |  進入賣出區(+1.3%) 且 Wave +0，動能背離
    🔴 減持訊號  1503 士電  現價 193.5  |  進入賣出區(+3.1%) 且 Wave +0，動能背離
    🔴 減持訊號  2317 鴻海  現價 207.5  |  進入賣出區(+5.1%) 且 Wave +0，動能背離
    🔴 減持訊號  2454 聯發科  現價 1720.0  |  進入賣出區(+9.6%) 且 Wave +0，動能背離
    🔴 減持訊號  2546 根基  現價 86.1  |  進入賣出區(+5.3%) 且 Wave -1，動能背離
    🔴 減持訊號  3231 緯創  現價 136.5  |  進入賣出區(+7.1%) 且 Wave +0，動能背離
    🔴 減持訊號  5483 中美晶  現價 122.0  |  進入賣出區(+7.9%) 且 Wave -1，動能背離
    🔴 減持訊號  6239 力成  現價 217.5  |  進入賣出區(+10.9%) 且 Wave -1，動能背離
    🔴 減持訊號  6488 環球晶  現價 501.0  |  進入賣出區(+14.4%) 且 Wave +0，動能背離
  🟢 加碼機會：
    🟢 強力加碼  2330 台積電  現價 2055.0  |  Wave +4
    🟢 輕倉加碼  2382 廣達  現價 323.0  |  Wave +2（上次 +0）
  🟡 觀察：
    🟡 賣出區（趨勢延伸）  2408 南亞科  現價 220.0  |  超賣出下緣 +0.8%，Wave +1 仍強，等爆量收黑訊號
    🟡 跌破月線  2408 南亞科  現價 220.0  |  220.0 < MA20 226.9(-3.1%)
    🟡 賣出區（趨勢延伸）  3455 由田  現價 184.0  |  超賣出下緣 +33.4%，Wave +1 仍強，等爆量收黑訊號
    🟡 賣出區（趨勢延伸）  6115 鎰勝  現價 47.6  |  超賣出下緣 +1.8%，Wave +1 仍強，等爆量收黑訊號

  ✅ 戰術指南.md Wave Score 區塊已更新

 
完成。 
