============================================================ 
執行時間: 2026-04-29 
============================================================ 
[1/3] 執行持倉健診... 
[history] 已更新 2026-04-29：股票市值 2,513,140（現金 516,465 元）
報告已產生：S:\股票筆記\持倉健診_2026-04-29.md
# 📊 持倉健診報告 (2026-04-29)

## ⚠️ 需要注意的標的
| 代碼 | 名稱 | 現價 | 20MA | 損益% | 殖利率 | 狀態 |
|------|------|------|------|-------|--------|------|
| `1210` | 大成 | 53.70 | 54.31 | -1.2% | 5.23% | ⚠️ 跌破月線 |
| `1215` | 卜蜂 | 140.00 | 141.12 | +38.0% | 5.04% | ⚠️ 跌破月線 |
| `2002` | 中鋼 (China Steel) | 19.00 | 19.61 | -27.3% | 1.76% | ⚠️ 跌破月線 / 觸及-10%停損 (-27.3%) |
| `2006` | 東和鋼鐵 | 67.10 | 69.52 | -0.7% | 6.27% | ⚠️ 跌破月線 |
| `2493` | 揚博 | 124.50 | 124.83 | +50.3% | 3.16% | ⚠️ 跌破月線 |
| `5483` | 中美晶 | 131.00 | 122.50 | -20.4% | 2.60% | ⚠️ 觸及-10%停損 (-20.4%) |
| `6239` | 力成 | 204.50 | 208.68 | +23.9% | 3.20% | ⚠️ 跌破月線 |
| `8069` | 元太 (E Ink Holdings) | 139.50 | 147.07 | -9.8% | 3.56% | ⚠️ 跌破月線 |

## ✅ 正常持倉
| 代碼 | 名稱 | 現價 | 20MA | 損益% | 殖利率 | 狀態 |
|------|------|------|------|-------|--------|------|
| `0050` | 元大台灣50 | 90.75 | 83.10 | +47.9% | 1.89% | ✅ 正常 |
| `0056` | 元大高股息 | 40.93 | 40.04 | +13.0% | 9.93% | ✅ 正常 |
| `00878` | 國泰永續高股息 | 25.30 | 23.72 | +20.7% | 7.80% | ✅ 正常 |
| `00919` | 群益台灣精選高息 | 23.65 | 23.12 | -2.4% | 11.80% | ✅ 正常 |
| `00929` | 復華台灣科技優息 | 22.10 | 20.76 | +14.9% | 5.34% | ✅ 正常 |
| `00940` | 元大台灣價值高息 | 10.33 | 10.04 | +4.4% | 5.01% | ✅ 正常 |
| `00946` | 群益科技高息成長 | 11.55 | 10.90 | +17.3% | 5.37% | ✅ 正常 |
| `009816` | 凱基台灣TOP50 | 13.05 | 11.81 | +25.6% | N/A | ✅ 正常 |
| `2301` | 光寶科 | 172.00 | 160.22 | +8.5% | 4.35% | ✅ 正常 |
| `2317` | 鴻海 (Hon Hai / Foxconn) | 225.00 | 208.20 | +10.2% | 2.57% | ✅ 正常 |
| `2330` | 台積電 (TSMC) | 2180.00 | 2024.00 | +71.0% | 1.08% | ✅ 正常 |
| `2357` | 華碩 | 588.00 | 580.95 | +2.9% | 5.78% | ✅ 正常 |
| `2408` | 南亞科 (Nanya Technology, DRAM) | 235.00 | 214.93 | +3.3% | N/A | ✅ 正常 |
| `2449` | 京元電子 | 283.50 | 280.00 | +3.8% | 1.41% | ✅ 正常 |
| `2454` | 聯發科 (MediaTek) | 2575.00 | 1906.50 | +66.0% | 2.05% | ✅ 正常 |
| `2546` | 根基 | 85.30 | 84.10 | +6.7% | 3.75% | ✅ 正常 |
| `2886` | 兆豐金 | 40.10 | 39.53 | +6.6% | 3.99% | ✅ 正常 |
| `3231` | 緯創 | 140.50 | 135.22 | +22.3% | 2.70% | ✅ 正常 |
| `6488` | 環球晶 (GlobalWafers) | 536.00 | 511.45 | -3.3% | 1.33% | ✅ 正常 |

## 💼 資金桶檢查 (依 capital/capital_config.md)

### 現價口徑（風險 / 曝險視角）
| 桶別 | 現價市值 | 佔比 | 目標 | 狀態 |
|------|---------:|-----:|-----:|------|
| Core（底倉水庫）| 1,806,346 | 71.9% | 50% | 📌 📌 偏高，長線防禦性強 |
| Tactical（戰術水管）| 706,794 | 28.1% | 30% | ✅ |
| Cash（銀彈消防栓）| 516,465 | 17.0% | 20% | ✅ |
| **已投資合計** | **2,513,140** | 100% | | |

### 成本口徑（預算 / 投入視角）
| 桶別 | 成本基礎 | 佔比 | 現價市值 | 帳面損益 |
|------|---------:|-----:|---------:|---------:|
| Core | 1,605,865 | 68.9% | 1,806,346 | +200,481 (+12.5%) |
| Tactical | 725,876 | 31.1% | 706,794 | -19,082 (-2.6%) |
| **合計** | **2,331,741** | 100% | **2,513,140** | **+181,399** (+7.8%) |

> 💡 **雙口徑解讀**：現價口徑用於觸發「桶別佔比」警戒線（配置偏離）；成本口徑用於判斷「預算投入」是否超限（單一標的／單桶是否過度押注）。兩者可能差距很大：Tactical 帳面虧損會讓現價佔比「看起來」變小，但實際投入本金沒變。


## 🎯 單檔預算檢查 (依 capital/single_position_budget.md)
| 代碼 | 名稱 | Tier | 基準預算 | Override | 總上限 | 實際本金 | 狀態 |
|------|------|:----:|---------:|---------:|-------:|---------:|------|
| `2002` | 中鋼 | B | 200,000 | 0 | 200,000 | 342,565 | 🔴 超支 142,565 |
| `2330` | 台積電（波段） | C | 50,000 | 0 | 50,000 | 65,036 | 🔴 超支 15,036 |
| `2454` | 聯發科 | A | 200,000 | 0 | 200,000 | 43,434 | ✅ 22% |
| `6488` | 環球晶 | A | 200,000 | 0 | 200,000 | 110,862 | ✅ 55% |
| `2317` | 鴻海（波段） | C | 50,000 | 0 | 50,000 | 27,562 | ✅ 55% |
| `3231` | 緯創 | C | 50,000 | 0 | 50,000 | 28,955 | ✅ 58% |
| `2357` | 華碩 | C | 50,000 | 0 | 50,000 | 8,570 | ✅ 17% |
| `5483` | 中美晶 | C | 50,000 | 0 | 50,000 | 23,036 | ✅ 46% |
| `2408` | 南亞科 | C | 50,000 | 0 | 50,000 | 9,103 | ✅ 18% |
| `2449` | 京元電 | C | 50,000 | 0 | 50,000 | 3,279 | ✅ 7% |
| `2382` | 廣達 | C | 50,000 | 0 | 50,000 | 0 | ✅ 已清倉 |
| `2379` | 瑞昱 | C | 50,000 | 0 | 50,000 | 0 | ✅ 已清倉 |
| `1503` | 士電 | Exit | 0 | 0 | 0 | 0 | ✅ 已清倉 |
| `2376` | 技嘉 | Exit | 0 | 0 | 0 | 0 | ✅ 已清倉 |

**預算匯總**：基準 1,050,000 ／ Override 0 ／ 實際投入 662,402

> 🔴 **單檔預算越權警告**：2 檔超出總預算上限，詳見 `capital/single_position_budget.md` § 🚫 超支既有部位

 
[2/3] 記錄淨值快照... 
解析 27 個持股檔案...

[2026-04-29] 結算完成（27/27 檔）
  總市值：   2,513,140 元
  總成本：   2,313,710 元
  總損益：    +199,431 元  (+8.62%)

  今日已有記錄（2026-04-29），不重複寫入。

日期                      總市值         損益      損益%
--------------------------------------------------
2026-04-15        3,002,747                  
2026-04-16        3,140,530                  
2026-04-17        3,132,206                  
2026-04-20        3,071,606                  
2026-04-21        3,074,353                  
2026-04-22        3,077,695                  
2026-04-23        3,007,583                  
2026-04-27        3,043,473                  
2026-04-28        3,050,933                  
2026-04-29        3,029,605                   ← 今日

  vs 上次：-21,329 元  (-0.70%)
 
[3/4] 執行 Watchlist 掃描... 
== Watchlist 掃描 2026-04-29 ==

[2303] 2303_聯電 候補追蹤
  現價: 74.50  |  月線(20MA): 66.67 (+11.7%)  |  季線(60MA): 63.87 (+16.6%)
  ⚡ 量化觸發：
     • 股價突破季線：現價 74.5 站上季線 63.9（+16.6%）
  MD 更新：已新增今日紀錄

[2324] 2324_仁寶 候補追蹤
  現價: 29.70  |  月線(20MA): 29.26 (+1.5%)  |  季線(60MA): 30.77 (-3.5%)
  ⚡ 量化觸發：
     • 股價回測月線支撐：現價 29.7 距月線 29.3 僅 1.5%（月線回測中）
  MD 更新：已新增今日紀錄

[2337] 2337_旺宏 候補追蹤
  現價: 167.00  |  月線(20MA): 138.90 (+20.2%)  |  季線(60MA): 116.97 (+42.8%)
  ⚡ 量化觸發：
     • 股價突破季線：現價 167.0 站上季線 117.0（+42.8%）
  MD 更新：已新增今日紀錄

[2338] 2338_光罩 交易紀錄
  現價: 47.35  |  月線(20MA): 46.62 (+1.6%)  |  季線(60MA): 45.32 (+4.5%)
  ⚡ 量化觸發：
     • 股價回測月線支撐：現價 47.3 距月線 46.6 僅 1.6%（月線回測中）
     • 股價突破季線：現價 47.3 站上季線 45.3（+4.5%）
     • 股價跌近季線支撐：現價 47.3 距季線 45.3 僅 4.5%（季線回測）
  MD 更新：已新增今日紀錄

[2382] 2382_廣達 候補追蹤
  現價: 322.00  |  月線(20MA): 314.70 (+2.3%)  |  季線(60MA): 295.06 (+9.1%)
  ⚡ 量化觸發：
     • 股價回測月線支撐：現價 322.0 距月線 314.7 僅 2.3%（月線回測中）
     • 股價突破季線：現價 322.0 站上季線 295.1（+9.1%）
  MD 更新：已新增今日紀錄

[2383] 2383_台光電 候補追蹤
  現價: 4440.00  |  月線(20MA): 3665.00 (+21.1%)  |  季線(60MA): 2760.08 (+60.9%)
  ⚡ 量化觸發：
     • 股價突破季線：現價 4440.0 站上季線 2760.1（+60.9%）
  MD 更新：已新增今日紀錄

[2412] 2412_中華電 候補追蹤
  現價: 136.50  |  月線(20MA): 135.55 (+0.7%)  |  季線(60MA): 134.97 (+1.1%)
  ⚡ 量化觸發：
     • 股價回測月線支撐：現價 136.5 距月線 135.6 僅 0.7%（月線回測中）
     • 股價突破季線：現價 136.5 站上季線 135.0（+1.1%）
     • 股價跌近季線支撐：現價 136.5 距季線 135.0 僅 1.1%（季線回測）
  MD 更新：已新增今日紀錄

[2454] 2454_聯發科 候補追蹤
  現價: 2575.00  |  月線(20MA): 1906.50 (+35.1%)  |  季線(60MA): 1792.83 (+43.6%)
  ⚡ 量化觸發：
     • 股價突破季線：現價 2575.0 站上季線 1792.8（+43.6%）
  MD 更新：已新增今日紀錄

[2486] 2486_一詮 候補追蹤
  現價: 253.50  |  月線(20MA): 190.10 (+33.4%)  |  季線(60MA): 155.68 (+62.8%)
  ⚡ 量化觸發：
     • 股價突破季線：現價 253.5 站上季線 155.7（+62.8%）
  MD 更新：已新增今日紀錄

[2891] 2891_中信金 候補追蹤
  現價: 53.10  |  月線(20MA): 53.53 (-0.8%)  |  季線(60MA): 52.50 (+1.1%)
  ⚡ 量化觸發：
     • 股價跌至月線下方：現價 53.1 跌破月線 53.5（需觀察是否企穩）
     • 股價突破季線：現價 53.1 站上季線 52.5（+1.1%）
     • 股價跌近季線支撐：現價 53.1 距季線 52.5 僅 1.1%（季線回測）
  MD 更新：已新增今日紀錄

[3037] 3037_欣興 候補追蹤
  現價: 803.00  |  月線(20MA): 655.85 (+22.4%)  |  季線(60MA): 509.43 (+57.6%)
  ⚡ 量化觸發：
     • 股價突破季線：現價 803.0 站上季線 509.4（+57.6%）
  MD 更新：已新增今日紀錄

[3045] 3045_台灣大 候補追蹤
  現價: 112.00  |  月線(20MA): 110.97 (+0.9%)  |  季線(60MA): 108.55 (+3.2%)
  ⚡ 量化觸發：
     • 股價回測月線支撐：現價 112.0 距月線 111.0 僅 0.9%（月線回測中）
     • 股價突破季線：現價 112.0 站上季線 108.5（+3.2%）
     • 股價跌近季線支撐：現價 112.0 距季線 108.5 僅 3.2%（季線回測）
  MD 更新：已新增今日紀錄

[3081] 3081_聯亞 交易紀錄
  現價: 2445.00  |  月線(20MA): 2375.00 (+2.9%)  |  季線(60MA): 1642.27 (+48.9%)
  ⚡ 量化觸發：
     • 股價回測月線支撐：現價 2445.0 距月線 2375.0 僅 2.9%（月線回測中）
     • 股價突破季線：現價 2445.0 站上季線 1642.3（+48.9%）
  MD 更新：已新增今日紀錄

[3189] 3189_景碩 候補追蹤
  現價: 508.00  |  月線(20MA): 416.95 (+21.8%)  |  季線(60MA): 333.22 (+52.5%)
  ⚡ 量化觸發：
     • 股價突破季線：現價 508.0 站上季線 333.2（+52.5%）
  MD 更新：已新增今日紀錄

[3481] 3481_群創 交易紀錄
  現價: 23.95  |  月線(20MA): 25.44 (-5.9%)  |  季線(60MA): 25.18 (-4.9%)
  ⚡ 量化觸發：
     • 股價跌至月線下方：現價 24.0 跌破月線 25.4（需觀察是否企穩）
  MD 更新：已新增今日紀錄

[3587] 3587_閎康 候補追蹤
  現價: 321.50  |  月線(20MA): 303.98 (+5.8%)  |  季線(60MA): 241.06 (+33.4%)
  ⚡ 量化觸發：
     • 股價突破季線：現價 321.5 站上季線 241.1（+33.4%）
  MD 更新：已新增今日紀錄

[3661] 3661_世芯KY 候補追蹤
  現價: 4005.00  |  月線(20MA): 3396.50 (+17.9%)  |  季線(60MA): 3303.08 (+21.3%)
  ⚡ 量化觸發：
     • 股價突破季線：現價 4005.0 站上季線 3303.1（+21.3%）
  MD 更新：已新增今日紀錄

[3711] 3711_日月光投控 候補追蹤
  現價: 488.50  |  月線(20MA): 429.48 (+13.7%)  |  季線(60MA): 366.51 (+33.3%)
  ⚡ 量化觸發：
     • 股價突破季線：現價 488.5 站上季線 366.5（+33.3%）
  MD 更新：已新增今日紀錄

[4991] 4991_環宇-KY 交易紀錄
  現價: 615.00  |  月線(20MA): 577.83 (+6.4%)  |  季線(60MA): 402.42 (+52.8%)
  ⚡ 量化觸發：
     • 股價突破季線：現價 615.0 站上季線 402.4（+52.8%）
  MD 更新：已新增今日紀錄

[6223] 6223_旺矽 交易紀錄
  現價: 4945.00  |  月線(20MA): 4574.75 (+8.1%)  |  季線(60MA): 3558.17 (+39.0%)
  ⚡ 量化觸發：
     • 股價突破季線：現價 4945.0 站上季線 3558.2（+39.0%）
  MD 更新：已新增今日紀錄

[6451] 6451_訊芯-KY 候補追蹤
  現價: 397.50  |  月線(20MA): 415.88 (-4.4%)  |  季線(60MA): 280.58 (+41.7%)
  ⚡ 量化觸發：
     • 股價跌至月線下方：現價 397.5 跌破月線 415.9（需觀察是否企穩）
     • 股價突破季線：現價 397.5 站上季線 280.6（+41.7%）
  MD 更新：已新增今日紀錄

[6789] 6789_采鈺 候補追蹤
  現價: 555.00  |  月線(20MA): 427.20 (+29.9%)  |  季線(60MA): 353.58 (+57.0%)
  ⚡ 量化觸發：
     • 股價突破季線：現價 555.0 站上季線 353.6（+57.0%）
  MD 更新：已新增今日紀錄

[8046] 8046_南電 候補追蹤
  現價: 916.00  |  月線(20MA): 724.05 (+26.5%)  |  季線(60MA): 553.28 (+65.6%)
  ⚡ 量化觸發：
     • 股價突破季線：現價 916.0 站上季線 553.3（+65.6%）
  MD 更新：已新增今日紀錄

[8299] 8299_群聯 候補追蹤
  現價: 2070.00  |  月線(20MA): 1698.75 (+21.9%)  |  季線(60MA): 1838.67 (+12.6%)
  ⚡ 量化觸發：
     • 股價突破季線：現價 2070.0 站上季線 1838.7（+12.6%）
  MD 更新：已新增今日紀錄

==================================================
!! 本次掃描共 24 檔觸發量化訊號，建議啟動研究：
  [2303] 2303_聯電 候補追蹤
    -> 股價突破季線：現價 74.5 站上季線 63.9（+16.6%）
  [2324] 2324_仁寶 候補追蹤
    -> 股價回測月線支撐：現價 29.7 距月線 29.3 僅 1.5%（月線回測中）
  [2337] 2337_旺宏 候補追蹤
    -> 股價突破季線：現價 167.0 站上季線 117.0（+42.8%）
  [2338] 2338_光罩 交易紀錄
    -> 股價回測月線支撐：現價 47.3 距月線 46.6 僅 1.6%（月線回測中）
    -> 股價突破季線：現價 47.3 站上季線 45.3（+4.5%）
    -> 股價跌近季線支撐：現價 47.3 距季線 45.3 僅 4.5%（季線回測）
  [2382] 2382_廣達 候補追蹤
    -> 股價回測月線支撐：現價 322.0 距月線 314.7 僅 2.3%（月線回測中）
    -> 股價突破季線：現價 322.0 站上季線 295.1（+9.1%）
  [2383] 2383_台光電 候補追蹤
    -> 股價突破季線：現價 4440.0 站上季線 2760.1（+60.9%）
  [2412] 2412_中華電 候補追蹤
    -> 股價回測月線支撐：現價 136.5 距月線 135.6 僅 0.7%（月線回測中）
    -> 股價突破季線：現價 136.5 站上季線 135.0（+1.1%）
    -> 股價跌近季線支撐：現價 136.5 距季線 135.0 僅 1.1%（季線回測）
  [2454] 2454_聯發科 候補追蹤
    -> 股價突破季線：現價 2575.0 站上季線 1792.8（+43.6%）
  [2486] 2486_一詮 候補追蹤
    -> 股價突破季線：現價 253.5 站上季線 155.7（+62.8%）
  [2891] 2891_中信金 候補追蹤
    -> 股價跌至月線下方：現價 53.1 跌破月線 53.5（需觀察是否企穩）
    -> 股價突破季線：現價 53.1 站上季線 52.5（+1.1%）
    -> 股價跌近季線支撐：現價 53.1 距季線 52.5 僅 1.1%（季線回測）
  [3037] 3037_欣興 候補追蹤
    -> 股價突破季線：現價 803.0 站上季線 509.4（+57.6%）
  [3045] 3045_台灣大 候補追蹤
    -> 股價回測月線支撐：現價 112.0 距月線 111.0 僅 0.9%（月線回測中）
    -> 股價突破季線：現價 112.0 站上季線 108.5（+3.2%）
    -> 股價跌近季線支撐：現價 112.0 距季線 108.5 僅 3.2%（季線回測）
  [3081] 3081_聯亞 交易紀錄
    -> 股價回測月線支撐：現價 2445.0 距月線 2375.0 僅 2.9%（月線回測中）
    -> 股價突破季線：現價 2445.0 站上季線 1642.3（+48.9%）
  [3189] 3189_景碩 候補追蹤
    -> 股價突破季線：現價 508.0 站上季線 333.2（+52.5%）
  [3481] 3481_群創 交易紀錄
    -> 股價跌至月線下方：現價 24.0 跌破月線 25.4（需觀察是否企穩）
  [3587] 3587_閎康 候補追蹤
    -> 股價突破季線：現價 321.5 站上季線 241.1（+33.4%）
  [3661] 3661_世芯KY 候補追蹤
    -> 股價突破季線：現價 4005.0 站上季線 3303.1（+21.3%）
  [3711] 3711_日月光投控 候補追蹤
    -> 股價突破季線：現價 488.5 站上季線 366.5（+33.3%）
  [4991] 4991_環宇-KY 交易紀錄
    -> 股價突破季線：現價 615.0 站上季線 402.4（+52.8%）
  [6223] 6223_旺矽 交易紀錄
    -> 股價突破季線：現價 4945.0 站上季線 3558.2（+39.0%）
  [6451] 6451_訊芯-KY 候補追蹤
    -> 股價跌至月線下方：現價 397.5 跌破月線 415.9（需觀察是否企穩）
    -> 股價突破季線：現價 397.5 站上季線 280.6（+41.7%）
  [6789] 6789_采鈺 候補追蹤
    -> 股價突破季線：現價 555.0 站上季線 353.6（+57.0%）
  [8046] 8046_南電 候補追蹤
    -> 股價突破季線：現價 916.0 站上季線 553.3（+65.6%）
  [8299] 8299_群聯 候補追蹤
    -> 股價突破季線：現價 2070.0 站上季線 1838.7（+12.6%）

注意：法人調升評等、外資加碼、供需報告等質化條件仍需人工確認。
 
[4/5] Wave Score 掃描（成長趨勢股）... 

============================================================
  Wave Score 掃描  [2026-04-29]  共 12 檔成長趨勢股
============================================================

  [1215 卜蜂]  Wave +1 (from +2)  輕倉加碼/觀察

  [2301 光寶科]  Wave -2 (from +0)  部分減持

  [2317 鴻海]  Wave -3 (from +0)  部分減持

  [2330 台積電]  Wave +2 (from +3)  輕倉加碼/觀察

  [2408 南亞科]  Wave +2 (from +3)  輕倉加碼/觀察

  [2449 京元電]  Wave +2 (from -1)  輕倉加碼/觀察

  [2454 聯發科]  Wave +0  持有不動

  [2546 根基]  Wave -2 (from +0)  部分減持

  [3231 緯創]  Wave +0 (from -1)  持有不動

  [5483 中美晶]  Wave +0 (from +1)  持有不動

  [6239 力成]  Wave -2 (from +1)  部分減持

  [6488 環球晶]  Wave +0  持有不動

  💾 Wave Score 已快取至 S:\股票筆記\journals\logs\2026-04-29_wave_scores.json

============================================================
  🔴 需即時處理：
    🔴 減持訊號  2301 光寶科  現價 172.0  |  進入賣出區(+10.1%) 且 Wave -2，動能背離
    🔴 減持訊號  2317 鴻海  現價 225.0  |  進入賣出區(+10.0%) 且 Wave -3，動能背離
    🔴 減持訊號  2454 聯發科  現價 2575.0  |  進入賣出區(+40.2%) 且 Wave +0，動能背離
    🔴 減持訊號  2546 根基  現價 85.3  |  進入賣出區(+2.1%) 且 Wave -2，動能背離
    🔴 減持訊號  3231 緯創  現價 140.5  |  進入賣出區(+5.7%) 且 Wave +0，動能背離
    🔴 減持訊號  5483 中美晶  現價 131.0  |  進入賣出區(+10.4%) 且 Wave +0，動能背離
    🔴 減持訊號  6239 力成  現價 204.5  |  進入賣出區(+0.8%) 且 Wave -2，動能背離
    🔴 減持訊號  6488 環球晶  現價 536.0  |  進入賣出區(+9.5%) 且 Wave +0，動能背離
  🟢 加碼機會：
    🟢 輕倉加碼  2449 京元電  現價 283.5  |  Wave +2（上次 -1）
  🟡 觀察：
    🟡 賣出區（趨勢延伸）  1215 卜蜂  現價 140.0  |  超賣出下緣 +0.2%，Wave +1 仍強，等爆量收黑訊號
    🟡 跌破月線  1215 卜蜂  現價 140.0  |  140.0 < MA20 141.1(-0.8%)
    🟡 賣出區（趨勢延伸）  2330 台積電  現價 2180.0  |  超賣出下緣 +9.3%，Wave +2 仍強，等爆量收黑訊號
    🟡 賣出區（趨勢延伸）  2408 南亞科  現價 235.0  |  超賣出下緣 +13.1%，Wave +2 仍強，等爆量收黑訊號

  ✅ 戰術指南.md Wave Score 區塊已更新

 
[5/5] 事件偵測（Layer 3 訊號）... 
[事件偵測] 2026-04-29 — 命中 16 個事件
  🔔 EVENT [1215 卜蜂] WAVE_REGIME: Wave +2 → +1，跨越強弱邊界（±2）
  🔔 EVENT [2301 光寶科] NEAR_MA: 現價 172.0 距月線 160.2 僅 1.5 ATR（ATR=8.00），月線支撐待確認
  🔔 EVENT [2301 光寶科] WAVE_REGIME: Wave +0 → -2，跨越強弱邊界（±2）
  🔔 EVENT [2317 鴻海] WAVE_REGIME: Wave +0 → -3，跨越強弱邊界（±2）
  🔔 EVENT [2408 南亞科] NEAR_MA: 現價 235.0 距月線 214.9 僅 1.4 ATR（ATR=14.36），月線支撐待確認
  🔔 EVENT [2449 京元電] NEAR_MA: 現價 283.5 距月線 280.0 僅 0.2 ATR（ATR=15.50），月線支撐待確認
  🔔 EVENT [2449 京元電] WAVE_FLIP: Wave -1 → +2，動能方向翻轉
  🔔 EVENT [2454 聯發科] WAVE_FLIP: Wave +2 → +0，動能方向翻轉
  🔔 EVENT [2546 根基] NEAR_MA: 現價 85.3 距月線 84.1 僅 1.0 ATR（ATR=1.16），月線支撐待確認
  🔔 EVENT [2546 根基] WAVE_REGIME: Wave +0 → -2，跨越強弱邊界（±2）
  🔔 EVENT [3231 緯創] NEAR_MA: 現價 140.5 距月線 135.2 僅 1.1 ATR（ATR=4.71），月線支撐待確認
  🔔 EVENT [3231 緯創] WAVE_FLIP: Wave -1 → +0，動能方向翻轉
  🔔 EVENT [5483 中美晶] NEAR_MA: 現價 131.0 距月線 122.5 僅 1.1 ATR（ATR=7.64），月線支撐待確認
  🔔 EVENT [5483 中美晶] WAVE_FLIP: Wave +1 → +0，動能方向翻轉
  🔔 EVENT [6239 力成] WAVE_FLIP: Wave +1 → -2，動能方向翻轉
  🔔 EVENT [6488 環球晶] NEAR_MA: 現價 536.0 距月線 511.4 僅 0.6 ATR（ATR=43.64），月線支撐待確認

[事件偵測]
🔔 EVENT [1215 卜蜂] WAVE_REGIME: Wave +2 → +1，跨越強弱邊界（±2）
🔔 EVENT [2301 光寶科] NEAR_MA: 現價 172.0 距月線 160.2 僅 1.5 ATR（ATR=8.00），月線支撐待確認
🔔 EVENT [2301 光寶科] WAVE_REGIME: Wave +0 → -2，跨越強弱邊界（±2）
🔔 EVENT [2317 鴻海] WAVE_REGIME: Wave +0 → -3，跨越強弱邊界（±2）
🔔 EVENT [2408 南亞科] NEAR_MA: 現價 235.0 距月線 214.9 僅 1.4 ATR（ATR=14.36），月線支撐待確認
🔔 EVENT [2449 京元電] NEAR_MA: 現價 283.5 距月線 280.0 僅 0.2 ATR（ATR=15.50），月線支撐待確認
🔔 EVENT [2449 京元電] WAVE_FLIP: Wave -1 → +2，動能方向翻轉
🔔 EVENT [2454 聯發科] WAVE_FLIP: Wave +2 → +0，動能方向翻轉
🔔 EVENT [2546 根基] NEAR_MA: 現價 85.3 距月線 84.1 僅 1.0 ATR（ATR=1.16），月線支撐待確認
🔔 EVENT [2546 根基] WAVE_REGIME: Wave +0 → -2，跨越強弱邊界（±2）
🔔 EVENT [3231 緯創] NEAR_MA: 現價 140.5 距月線 135.2 僅 1.1 ATR（ATR=4.71），月線支撐待確認
🔔 EVENT [3231 緯創] WAVE_FLIP: Wave -1 → +0，動能方向翻轉
🔔 EVENT [5483 中美晶] NEAR_MA: 現價 131.0 距月線 122.5 僅 1.1 ATR（ATR=7.64），月線支撐待確認
🔔 EVENT [5483 中美晶] WAVE_FLIP: Wave +1 → +0，動能方向翻轉
🔔 EVENT [6239 力成] WAVE_FLIP: Wave +1 → -2，動能方向翻轉
🔔 EVENT [6488 環球晶] NEAR_MA: 現價 536.0 距月線 511.4 僅 0.6 ATR（ATR=43.64），月線支撐待確認
 
完成。 
============================================================ 
Start: 2026-04-29 
============================================================ 
[1/5] portfolio_report.py 
[history] 已更新 2026-04-29：股票市值 2,513,140（現金 516,465 元）
報告已產生：S:\股票筆記\持倉健診_2026-04-29.md
# 📊 持倉健診報告 (2026-04-29)

## ⚠️ 需要注意的標的
| 代碼 | 名稱 | 現價 | 20MA | 損益% | 殖利率 | 狀態 |
|------|------|------|------|-------|--------|------|
| `1210` | 大成 | 53.70 | 54.31 | -1.2% | 5.23% | ⚠️ 跌破月線 |
| `1215` | 卜蜂 | 140.00 | 141.12 | +38.0% | 5.04% | ⚠️ 跌破月線 |
| `2002` | 中鋼 (China Steel) | 19.00 | 19.61 | -27.3% | 1.76% | ⚠️ 跌破月線 / 觸及-10%停損 (-27.3%) |
| `2006` | 東和鋼鐵 | 67.10 | 69.52 | -0.7% | 6.27% | ⚠️ 跌破月線 |
| `2493` | 揚博 | 124.50 | 124.83 | +50.3% | 3.16% | ⚠️ 跌破月線 |
| `5483` | 中美晶 | 131.00 | 122.50 | -20.4% | 2.60% | ⚠️ 觸及-10%停損 (-20.4%) |
| `6239` | 力成 | 204.50 | 208.68 | +23.9% | 3.20% | ⚠️ 跌破月線 |
| `8069` | 元太 (E Ink Holdings) | 139.50 | 147.07 | -9.8% | 3.56% | ⚠️ 跌破月線 |

## ✅ 正常持倉
| 代碼 | 名稱 | 現價 | 20MA | 損益% | 殖利率 | 狀態 |
|------|------|------|------|-------|--------|------|
| `0050` | 元大台灣50 | 90.75 | 83.10 | +47.9% | 1.89% | ✅ 正常 |
| `0056` | 元大高股息 | 40.93 | 40.04 | +13.0% | 9.93% | ✅ 正常 |
| `00878` | 國泰永續高股息 | 25.30 | 23.72 | +20.7% | 7.80% | ✅ 正常 |
| `00919` | 群益台灣精選高息 | 23.65 | 23.12 | -2.4% | 11.80% | ✅ 正常 |
| `00929` | 復華台灣科技優息 | 22.10 | 20.76 | +14.9% | 5.34% | ✅ 正常 |
| `00940` | 元大台灣價值高息 | 10.33 | 10.04 | +4.4% | 5.01% | ✅ 正常 |
| `00946` | 群益科技高息成長 | 11.55 | 10.90 | +17.3% | 5.37% | ✅ 正常 |
| `009816` | 凱基台灣TOP50 | 13.05 | 11.81 | +25.6% | N/A | ✅ 正常 |
| `2301` | 光寶科 | 172.00 | 160.22 | +8.5% | 4.35% | ✅ 正常 |
| `2317` | 鴻海 (Hon Hai / Foxconn) | 225.00 | 208.20 | +10.2% | 2.57% | ✅ 正常 |
| `2330` | 台積電 (TSMC) | 2180.00 | 2024.00 | +71.0% | 1.08% | ✅ 正常 |
| `2357` | 華碩 | 588.00 | 580.95 | +2.9% | 5.78% | ✅ 正常 |
| `2408` | 南亞科 (Nanya Technology, DRAM) | 235.00 | 214.93 | +3.3% | N/A | ✅ 正常 |
| `2449` | 京元電子 | 283.50 | 280.00 | +3.8% | 1.41% | ✅ 正常 |
| `2454` | 聯發科 (MediaTek) | 2575.00 | 1906.50 | +66.0% | 2.05% | ✅ 正常 |
| `2546` | 根基 | 85.30 | 84.10 | +6.7% | 3.75% | ✅ 正常 |
| `2886` | 兆豐金 | 40.10 | 39.53 | +6.6% | 3.99% | ✅ 正常 |
| `3231` | 緯創 | 140.50 | 135.22 | +22.3% | 2.70% | ✅ 正常 |
| `6488` | 環球晶 (GlobalWafers) | 536.00 | 511.45 | -3.3% | 1.33% | ✅ 正常 |

## 💼 資金桶檢查 (依 capital/capital_config.md)

### 現價口徑（風險 / 曝險視角）
| 桶別 | 現價市值 | 佔比 | 目標 | 狀態 |
|------|---------:|-----:|-----:|------|
| Core（底倉水庫）| 1,806,346 | 71.9% | 50% | 📌 📌 偏高，長線防禦性強 |
| Tactical（戰術水管）| 706,794 | 28.1% | 30% | ✅ |
| Cash（銀彈消防栓）| 516,465 | 17.0% | 20% | ✅ |
| **已投資合計** | **2,513,140** | 100% | | |

### 成本口徑（預算 / 投入視角）
| 桶別 | 成本基礎 | 佔比 | 現價市值 | 帳面損益 |
|------|---------:|-----:|---------:|---------:|
| Core | 1,605,865 | 68.9% | 1,806,346 | +200,481 (+12.5%) |
| Tactical | 725,876 | 31.1% | 706,794 | -19,082 (-2.6%) |
| **合計** | **2,331,741** | 100% | **2,513,140** | **+181,399** (+7.8%) |

> 💡 **雙口徑解讀**：現價口徑用於觸發「桶別佔比」警戒線（配置偏離）；成本口徑用於判斷「預算投入」是否超限（單一標的／單桶是否過度押注）。兩者可能差距很大：Tactical 帳面虧損會讓現價佔比「看起來」變小，但實際投入本金沒變。


## 🎯 單檔預算檢查 (依 capital/single_position_budget.md)
| 代碼 | 名稱 | Tier | 基準預算 | Override | 總上限 | 實際本金 | 狀態 |
|------|------|:----:|---------:|---------:|-------:|---------:|------|
| `2002` | 中鋼 | B | 200,000 | 0 | 200,000 | 342,565 | 🔴 超支 142,565 |
| `2330` | 台積電（波段） | C | 50,000 | 0 | 50,000 | 65,036 | 🔴 超支 15,036 |
| `2454` | 聯發科 | A | 200,000 | 0 | 200,000 | 43,434 | ✅ 22% |
| `6488` | 環球晶 | A | 200,000 | 0 | 200,000 | 110,862 | ✅ 55% |
| `2317` | 鴻海（波段） | C | 50,000 | 0 | 50,000 | 27,562 | ✅ 55% |
| `3231` | 緯創 | C | 50,000 | 0 | 50,000 | 28,955 | ✅ 58% |
| `2357` | 華碩 | C | 50,000 | 0 | 50,000 | 8,570 | ✅ 17% |
| `5483` | 中美晶 | C | 50,000 | 0 | 50,000 | 23,036 | ✅ 46% |
| `2408` | 南亞科 | C | 50,000 | 0 | 50,000 | 9,103 | ✅ 18% |
| `2449` | 京元電 | C | 50,000 | 0 | 50,000 | 3,279 | ✅ 7% |
| `2382` | 廣達 | C | 50,000 | 0 | 50,000 | 0 | ✅ 已清倉 |
| `2379` | 瑞昱 | C | 50,000 | 0 | 50,000 | 0 | ✅ 已清倉 |
| `1503` | 士電 | Exit | 0 | 0 | 0 | 0 | ✅ 已清倉 |
| `2376` | 技嘉 | Exit | 0 | 0 | 0 | 0 | ✅ 已清倉 |

**預算匯總**：基準 1,050,000 ／ Override 0 ／ 實際投入 662,402

> 🔴 **單檔預算越權警告**：2 檔超出總預算上限，詳見 `capital/single_position_budget.md` § 🚫 超支既有部位

[exit: 0] 
 
[2/5] portfolio_log.py 
解析 27 個持股檔案...

[2026-04-29] 結算完成（27/27 檔）
  總市值：   2,513,140 元
  總成本：   2,313,710 元
  總損益：    +199,431 元  (+8.62%)

  今日已有記錄（2026-04-29），不重複寫入。

日期                      總市值         損益      損益%
--------------------------------------------------
2026-04-15        3,002,747                  
2026-04-16        3,140,530                  
2026-04-17        3,132,206                  
2026-04-20        3,071,606                  
2026-04-21        3,074,353                  
2026-04-22        3,077,695                  
2026-04-23        3,007,583                  
2026-04-27        3,043,473                  
2026-04-28        3,050,933                  
2026-04-29        3,029,605                   ← 今日

  vs 上次：-21,329 元  (-0.70%)
[exit: 0] 
 
[3/5] watchlist_scan.py 
== Watchlist 掃描 2026-04-29 ==

[2303] 2303_聯電 候補追蹤
  現價: 74.50  |  月線(20MA): 66.67 (+11.7%)  |  季線(60MA): 63.87 (+16.6%)
  ⚡ 量化觸發：
     • 股價突破季線：現價 74.5 站上季線 63.9（+16.6%）
  MD 更新：今日已有紀錄，跳過

[2324] 2324_仁寶 候補追蹤
  現價: 29.70  |  月線(20MA): 29.26 (+1.5%)  |  季線(60MA): 30.77 (-3.5%)
  ⚡ 量化觸發：
     • 股價回測月線支撐：現價 29.7 距月線 29.3 僅 1.5%（月線回測中）
  MD 更新：今日已有紀錄，跳過

[2337] 2337_旺宏 候補追蹤
  現價: 167.00  |  月線(20MA): 138.90 (+20.2%)  |  季線(60MA): 116.97 (+42.8%)
  ⚡ 量化觸發：
     • 股價突破季線：現價 167.0 站上季線 117.0（+42.8%）
  MD 更新：今日已有紀錄，跳過

[2338] 2338_光罩 交易紀錄
  現價: 47.35  |  月線(20MA): 46.62 (+1.6%)  |  季線(60MA): 45.32 (+4.5%)
  ⚡ 量化觸發：
     • 股價回測月線支撐：現價 47.3 距月線 46.6 僅 1.6%（月線回測中）
     • 股價突破季線：現價 47.3 站上季線 45.3（+4.5%）
     • 股價跌近季線支撐：現價 47.3 距季線 45.3 僅 4.5%（季線回測）
  MD 更新：今日已有紀錄，跳過

[2382] 2382_廣達 候補追蹤
  現價: 322.00  |  月線(20MA): 314.70 (+2.3%)  |  季線(60MA): 295.06 (+9.1%)
  ⚡ 量化觸發：
     • 股價回測月線支撐：現價 322.0 距月線 314.7 僅 2.3%（月線回測中）
     • 股價突破季線：現價 322.0 站上季線 295.1（+9.1%）
  MD 更新：今日已有紀錄，跳過

[2383] 2383_台光電 候補追蹤
  現價: 4440.00  |  月線(20MA): 3665.00 (+21.1%)  |  季線(60MA): 2760.08 (+60.9%)
  ⚡ 量化觸發：
     • 股價突破季線：現價 4440.0 站上季線 2760.1（+60.9%）
  MD 更新：今日已有紀錄，跳過

[2412] 2412_中華電 候補追蹤
  現價: 136.50  |  月線(20MA): 135.55 (+0.7%)  |  季線(60MA): 134.97 (+1.1%)
  ⚡ 量化觸發：
     • 股價回測月線支撐：現價 136.5 距月線 135.6 僅 0.7%（月線回測中）
     • 股價突破季線：現價 136.5 站上季線 135.0（+1.1%）
     • 股價跌近季線支撐：現價 136.5 距季線 135.0 僅 1.1%（季線回測）
  MD 更新：今日已有紀錄，跳過

[2454] 2454_聯發科 候補追蹤
  現價: 2575.00  |  月線(20MA): 1906.50 (+35.1%)  |  季線(60MA): 1792.83 (+43.6%)
  ⚡ 量化觸發：
     • 股價突破季線：現價 2575.0 站上季線 1792.8（+43.6%）
  MD 更新：今日已有紀錄，跳過

[2486] 2486_一詮 候補追蹤
  現價: 253.50  |  月線(20MA): 190.10 (+33.4%)  |  季線(60MA): 155.68 (+62.8%)
  ⚡ 量化觸發：
     • 股價突破季線：現價 253.5 站上季線 155.7（+62.8%）
  MD 更新：今日已有紀錄，跳過

[2891] 2891_中信金 候補追蹤
  現價: 53.10  |  月線(20MA): 53.53 (-0.8%)  |  季線(60MA): 52.50 (+1.1%)
  ⚡ 量化觸發：
     • 股價跌至月線下方：現價 53.1 跌破月線 53.5（需觀察是否企穩）
     • 股價突破季線：現價 53.1 站上季線 52.5（+1.1%）
     • 股價跌近季線支撐：現價 53.1 距季線 52.5 僅 1.1%（季線回測）
  MD 更新：今日已有紀錄，跳過

[3037] 3037_欣興 候補追蹤
  現價: 803.00  |  月線(20MA): 655.85 (+22.4%)  |  季線(60MA): 509.43 (+57.6%)
  ⚡ 量化觸發：
     • 股價突破季線：現價 803.0 站上季線 509.4（+57.6%）
  MD 更新：今日已有紀錄，跳過

[3045] 3045_台灣大 候補追蹤
  現價: 112.00  |  月線(20MA): 110.97 (+0.9%)  |  季線(60MA): 108.55 (+3.2%)
  ⚡ 量化觸發：
     • 股價回測月線支撐：現價 112.0 距月線 111.0 僅 0.9%（月線回測中）
     • 股價突破季線：現價 112.0 站上季線 108.5（+3.2%）
     • 股價跌近季線支撐：現價 112.0 距季線 108.5 僅 3.2%（季線回測）
  MD 更新：今日已有紀錄，跳過

[3081] 3081_聯亞 交易紀錄
  現價: 2445.00  |  月線(20MA): 2375.00 (+2.9%)  |  季線(60MA): 1642.27 (+48.9%)
  ⚡ 量化觸發：
     • 股價回測月線支撐：現價 2445.0 距月線 2375.0 僅 2.9%（月線回測中）
     • 股價突破季線：現價 2445.0 站上季線 1642.3（+48.9%）
  MD 更新：今日已有紀錄，跳過

[3189] 3189_景碩 候補追蹤
  現價: 508.00  |  月線(20MA): 416.95 (+21.8%)  |  季線(60MA): 333.22 (+52.5%)
  ⚡ 量化觸發：
     • 股價突破季線：現價 508.0 站上季線 333.2（+52.5%）
  MD 更新：今日已有紀錄，跳過

[3481] 3481_群創 交易紀錄
  現價: 23.95  |  月線(20MA): 25.44 (-5.9%)  |  季線(60MA): 25.18 (-4.9%)
  ⚡ 量化觸發：
     • 股價跌至月線下方：現價 24.0 跌破月線 25.4（需觀察是否企穩）
  MD 更新：今日已有紀錄，跳過

[3587] 3587_閎康 候補追蹤
  現價: 321.50  |  月線(20MA): 303.98 (+5.8%)  |  季線(60MA): 241.06 (+33.4%)
  ⚡ 量化觸發：
     • 股價突破季線：現價 321.5 站上季線 241.1（+33.4%）
  MD 更新：今日已有紀錄，跳過

[3661] 3661_世芯KY 候補追蹤
  現價: 4005.00  |  月線(20MA): 3396.50 (+17.9%)  |  季線(60MA): 3303.08 (+21.3%)
  ⚡ 量化觸發：
     • 股價突破季線：現價 4005.0 站上季線 3303.1（+21.3%）
  MD 更新：今日已有紀錄，跳過

[3711] 3711_日月光投控 候補追蹤
  現價: 488.50  |  月線(20MA): 429.48 (+13.7%)  |  季線(60MA): 366.51 (+33.3%)
  ⚡ 量化觸發：
     • 股價突破季線：現價 488.5 站上季線 366.5（+33.3%）
  MD 更新：今日已有紀錄，跳過

[4991] 4991_環宇-KY 交易紀錄
  現價: 615.00  |  月線(20MA): 577.83 (+6.4%)  |  季線(60MA): 402.42 (+52.8%)
  ⚡ 量化觸發：
     • 股價突破季線：現價 615.0 站上季線 402.4（+52.8%）
  MD 更新：今日已有紀錄，跳過

[6223] 6223_旺矽 交易紀錄
  現價: 4945.00  |  月線(20MA): 4574.75 (+8.1%)  |  季線(60MA): 3558.17 (+39.0%)
  ⚡ 量化觸發：
     • 股價突破季線：現價 4945.0 站上季線 3558.2（+39.0%）
  MD 更新：今日已有紀錄，跳過

[6451] 6451_訊芯-KY 候補追蹤
  現價: 397.50  |  月線(20MA): 415.88 (-4.4%)  |  季線(60MA): 280.58 (+41.7%)
  ⚡ 量化觸發：
     • 股價跌至月線下方：現價 397.5 跌破月線 415.9（需觀察是否企穩）
     • 股價突破季線：現價 397.5 站上季線 280.6（+41.7%）
  MD 更新：今日已有紀錄，跳過

[6789] 6789_采鈺 候補追蹤
  現價: 555.00  |  月線(20MA): 427.20 (+29.9%)  |  季線(60MA): 353.58 (+57.0%)
  ⚡ 量化觸發：
     • 股價突破季線：現價 555.0 站上季線 353.6（+57.0%）
  MD 更新：今日已有紀錄，跳過

[8046] 8046_南電 候補追蹤
  現價: 916.00  |  月線(20MA): 724.05 (+26.5%)  |  季線(60MA): 553.28 (+65.6%)
  ⚡ 量化觸發：
     • 股價突破季線：現價 916.0 站上季線 553.3（+65.6%）
  MD 更新：今日已有紀錄，跳過

[8299] 8299_群聯 候補追蹤
  現價: 2070.00  |  月線(20MA): 1698.75 (+21.9%)  |  季線(60MA): 1838.67 (+12.6%)
  ⚡ 量化觸發：
     • 股價突破季線：現價 2070.0 站上季線 1838.7（+12.6%）
  MD 更新：今日已有紀錄，跳過

==================================================
!! 本次掃描共 24 檔觸發量化訊號，建議啟動研究：
  [2303] 2303_聯電 候補追蹤
    -> 股價突破季線：現價 74.5 站上季線 63.9（+16.6%）
  [2324] 2324_仁寶 候補追蹤
    -> 股價回測月線支撐：現價 29.7 距月線 29.3 僅 1.5%（月線回測中）
  [2337] 2337_旺宏 候補追蹤
    -> 股價突破季線：現價 167.0 站上季線 117.0（+42.8%）
  [2338] 2338_光罩 交易紀錄
    -> 股價回測月線支撐：現價 47.3 距月線 46.6 僅 1.6%（月線回測中）
    -> 股價突破季線：現價 47.3 站上季線 45.3（+4.5%）
    -> 股價跌近季線支撐：現價 47.3 距季線 45.3 僅 4.5%（季線回測）
  [2382] 2382_廣達 候補追蹤
    -> 股價回測月線支撐：現價 322.0 距月線 314.7 僅 2.3%（月線回測中）
    -> 股價突破季線：現價 322.0 站上季線 295.1（+9.1%）
  [2383] 2383_台光電 候補追蹤
    -> 股價突破季線：現價 4440.0 站上季線 2760.1（+60.9%）
  [2412] 2412_中華電 候補追蹤
    -> 股價回測月線支撐：現價 136.5 距月線 135.6 僅 0.7%（月線回測中）
    -> 股價突破季線：現價 136.5 站上季線 135.0（+1.1%）
    -> 股價跌近季線支撐：現價 136.5 距季線 135.0 僅 1.1%（季線回測）
  [2454] 2454_聯發科 候補追蹤
    -> 股價突破季線：現價 2575.0 站上季線 1792.8（+43.6%）
  [2486] 2486_一詮 候補追蹤
    -> 股價突破季線：現價 253.5 站上季線 155.7（+62.8%）
  [2891] 2891_中信金 候補追蹤
    -> 股價跌至月線下方：現價 53.1 跌破月線 53.5（需觀察是否企穩）
    -> 股價突破季線：現價 53.1 站上季線 52.5（+1.1%）
    -> 股價跌近季線支撐：現價 53.1 距季線 52.5 僅 1.1%（季線回測）
  [3037] 3037_欣興 候補追蹤
    -> 股價突破季線：現價 803.0 站上季線 509.4（+57.6%）
  [3045] 3045_台灣大 候補追蹤
    -> 股價回測月線支撐：現價 112.0 距月線 111.0 僅 0.9%（月線回測中）
    -> 股價突破季線：現價 112.0 站上季線 108.5（+3.2%）
    -> 股價跌近季線支撐：現價 112.0 距季線 108.5 僅 3.2%（季線回測）
  [3081] 3081_聯亞 交易紀錄
    -> 股價回測月線支撐：現價 2445.0 距月線 2375.0 僅 2.9%（月線回測中）
    -> 股價突破季線：現價 2445.0 站上季線 1642.3（+48.9%）
  [3189] 3189_景碩 候補追蹤
    -> 股價突破季線：現價 508.0 站上季線 333.2（+52.5%）
  [3481] 3481_群創 交易紀錄
    -> 股價跌至月線下方：現價 24.0 跌破月線 25.4（需觀察是否企穩）
  [3587] 3587_閎康 候補追蹤
    -> 股價突破季線：現價 321.5 站上季線 241.1（+33.4%）
  [3661] 3661_世芯KY 候補追蹤
    -> 股價突破季線：現價 4005.0 站上季線 3303.1（+21.3%）
  [3711] 3711_日月光投控 候補追蹤
    -> 股價突破季線：現價 488.5 站上季線 366.5（+33.3%）
  [4991] 4991_環宇-KY 交易紀錄
    -> 股價突破季線：現價 615.0 站上季線 402.4（+52.8%）
  [6223] 6223_旺矽 交易紀錄
    -> 股價突破季線：現價 4945.0 站上季線 3558.2（+39.0%）
  [6451] 6451_訊芯-KY 候補追蹤
    -> 股價跌至月線下方：現價 397.5 跌破月線 415.9（需觀察是否企穩）
    -> 股價突破季線：現價 397.5 站上季線 280.6（+41.7%）
  [6789] 6789_采鈺 候補追蹤
    -> 股價突破季線：現價 555.0 站上季線 353.6（+57.0%）
  [8046] 8046_南電 候補追蹤
    -> 股價突破季線：現價 916.0 站上季線 553.3（+65.6%）
  [8299] 8299_群聯 候補追蹤
    -> 股價突破季線：現價 2070.0 站上季線 1838.7（+12.6%）

注意：法人調升評等、外資加碼、供需報告等質化條件仍需人工確認。
[exit: 0] 
 
[4/5] wave_score_scan.py 

============================================================
  Wave Score 掃描  [2026-04-29]  共 12 檔成長趨勢股
============================================================
  📦 載入快取 S:\股票筆記\journals\logs\2026-04-29_wave_scores.json（跳過 yfinance 抓取）

  [1215 卜蜂]  (快取)  Wave +1  輕倉加碼/觀察

  [2301 光寶科]  (快取)  Wave -2  部分減持

  [2317 鴻海]  (快取)  Wave -3  部分減持

  [2330 台積電]  (快取)  Wave +2  輕倉加碼/觀察

  [2408 南亞科]  (快取)  Wave +2  輕倉加碼/觀察

  [2449 京元電]  (快取)  Wave +2  輕倉加碼/觀察

  [2454 聯發科]  (快取)  Wave +0  持有不動

  [2546 根基]  (快取)  Wave -2  部分減持

  [3231 緯創]  (快取)  Wave +0  持有不動

  [5483 中美晶]  (快取)  Wave +0  持有不動

  [6239 力成]  (快取)  Wave -2  部分減持

  [6488 環球晶]  (快取)  Wave +0  持有不動

============================================================
  🔴 需即時處理：
    🔴 減持訊號  2301 光寶科  現價 172.0  |  進入賣出區(+10.1%) 且 Wave -2，動能背離
    🔴 減持訊號  2317 鴻海  現價 225.0  |  進入賣出區(+10.0%) 且 Wave -3，動能背離
    🔴 減持訊號  2454 聯發科  現價 2575.0  |  進入賣出區(+40.2%) 且 Wave +0，動能背離
    🔴 減持訊號  2546 根基  現價 85.3  |  進入賣出區(+2.1%) 且 Wave -2，動能背離
    🔴 減持訊號  3231 緯創  現價 140.5  |  進入賣出區(+5.7%) 且 Wave +0，動能背離
    🔴 減持訊號  5483 中美晶  現價 131.0  |  進入賣出區(+10.4%) 且 Wave +0，動能背離
    🔴 減持訊號  6239 力成  現價 204.5  |  進入賣出區(+0.8%) 且 Wave -2，動能背離
    🔴 減持訊號  6488 環球晶  現價 536.0  |  進入賣出區(+9.5%) 且 Wave +0，動能背離
  🟡 觀察：
    🟡 賣出區（趨勢延伸）  1215 卜蜂  現價 140.0  |  超賣出下緣 +0.2%，Wave +1 仍強，等爆量收黑訊號
    🟡 跌破月線  1215 卜蜂  現價 140.0  |  140.0 < MA20 141.1(-0.8%)
    🟡 賣出區（趨勢延伸）  2330 台積電  現價 2180.0  |  超賣出下緣 +9.3%，Wave +2 仍強，等爆量收黑訊號
    🟡 賣出區（趨勢延伸）  2408 南亞科  現價 235.0  |  超賣出下緣 +13.1%，Wave +2 仍強，等爆量收黑訊號
    🟡 賣出區（趨勢延伸）  2449 京元電  現價 283.5  |  超賣出下緣 +4.1%，Wave +2 仍強，等爆量收黑訊號

  ✅ 戰術指南.md Wave Score 區塊已更新

[exit: 0] 
 
[5/5] event_detector.py 
[事件偵測] 2026-04-29 — 命中 7 個事件
  🔔 EVENT [2301 光寶科] NEAR_MA: 現價 172.0 距月線 160.2 僅 1.5 ATR（ATR=8.00），月線支撐待確認
  🔔 EVENT [2408 南亞科] NEAR_MA: 現價 235.0 距月線 214.9 僅 1.4 ATR（ATR=14.36），月線支撐待確認
  🔔 EVENT [2449 京元電] NEAR_MA: 現價 283.5 距月線 280.0 僅 0.2 ATR（ATR=15.50），月線支撐待確認
  🔔 EVENT [2546 根基] NEAR_MA: 現價 85.3 距月線 84.1 僅 1.0 ATR（ATR=1.16），月線支撐待確認
  🔔 EVENT [3231 緯創] NEAR_MA: 現價 140.5 距月線 135.2 僅 1.1 ATR（ATR=4.71），月線支撐待確認
  🔔 EVENT [5483 中美晶] NEAR_MA: 現價 131.0 距月線 122.5 僅 1.1 ATR（ATR=7.64），月線支撐待確認
  🔔 EVENT [6488 環球晶] NEAR_MA: 現價 536.0 距月線 511.4 僅 0.6 ATR（ATR=43.64），月線支撐待確認

[事件偵測]
🔔 EVENT [2301 光寶科] NEAR_MA: 現價 172.0 距月線 160.2 僅 1.5 ATR（ATR=8.00），月線支撐待確認
🔔 EVENT [2408 南亞科] NEAR_MA: 現價 235.0 距月線 214.9 僅 1.4 ATR（ATR=14.36），月線支撐待確認
🔔 EVENT [2449 京元電] NEAR_MA: 現價 283.5 距月線 280.0 僅 0.2 ATR（ATR=15.50），月線支撐待確認
🔔 EVENT [2546 根基] NEAR_MA: 現價 85.3 距月線 84.1 僅 1.0 ATR（ATR=1.16），月線支撐待確認
🔔 EVENT [3231 緯創] NEAR_MA: 現價 140.5 距月線 135.2 僅 1.1 ATR（ATR=4.71），月線支撐待確認
🔔 EVENT [5483 中美晶] NEAR_MA: 現價 131.0 距月線 122.5 僅 1.1 ATR（ATR=7.64），月線支撐待確認
🔔 EVENT [6488 環球晶] NEAR_MA: 現價 536.0 距月線 511.4 僅 0.6 ATR（ATR=43.64），月線支撐待確認
[exit: 0] 
 
Done. 
