============================================================ 
執行時間: 2026-04-10 
============================================================ 
[1/3] 執行持倉健診... 
[history] 已更新 2026-04-10：股票市值 2,571,574（現金 501,261 元）
報告已產生：S:\股票筆記\持倉健診_2026-04-10.md
# 📊 持倉健診報告 (2026-04-10)

## ⚠️ 需要注意的標的
| 代碼 | 名稱 | 現價 | 20MA | 損益% | 殖利率 | 狀態 |
|------|------|------|------|-------|--------|------|
| `1215` | 卜蜂 | 143.50 | 145.53 | +41.9% | 4.96% | ⚠️ 跌破月線 |
| `1503` | 士電 (Shihlin Electric) | 186.00 | 192.38 | -37.8% | 2.46% | ⚠️ 跌破月線 / 觸及-10%停損 (-37.8%) |
| `2002` | 中鋼 (China Steel) | 20.05 | 19.40 | -23.3% | 1.63% | ⚠️ 觸及-10%停損 (-23.3%) |
| `2317` | 鴻海 (Hon Hai / Foxconn) | 200.50 | 201.60 | -1.8% | 2.90% | ⚠️ 跌破月線 |
| `2376` | 技嘉 | 262.50 | 237.60 | -20.9% | 3.98% | ⚠️ 觸及-10%停損 (-20.9%) |
| `2454` | 聯發科 (MediaTek) | 1575.00 | 1611.25 | +1.5% | 3.40% | ⚠️ 跌破月線 |
| `5483` | 中美晶 | 119.50 | 114.33 | -27.4% | 3.10% | ⚠️ 觸及-10%停損 (-27.4%) |
| `8069` | 元太 (E Ink Holdings) | 143.00 | 145.82 | -17.1% | 3.47% | ⚠️ 跌破月線 / 觸及-10%停損 (-17.1%) |

## ✅ 正常持倉
| 代碼 | 名稱 | 現價 | 20MA | 損益% | 殖利率 | 狀態 |
|------|------|------|------|-------|--------|------|
| `0050` | 元大台灣50 | 80.75 | 76.01 | +31.6% | 1.68% | ✅ 正常 |
| `0056` | 元大高股息 | 39.41 | 38.51 | +8.8% | 9.06% | ✅ 正常 |
| `00878` | 國泰永續高股息 | 23.02 | 22.41 | +10.2% | 7.09% | ✅ 正常 |
| `00919` | 群益台灣精選高息 | 22.93 | 22.86 | -5.4% | 10.19% | ✅ 正常 |
| `00929` | 復華台灣科技優息 | 20.01 | 19.46 | +4.0% | 4.07% | ✅ 正常 |
| `00940` | 元大台灣價值高息 | 9.84 | 9.67 | -0.5% | 4.50% | ✅ 正常 |
| `00946` | 群益科技高息成長 | 10.57 | 10.15 | +7.3% | 4.76% | ✅ 正常 |
| `009816` | 凱基台灣TOP50 | 11.40 | 10.76 | +9.7% | N/A | ✅ 正常 |
| `1210` | 大成 | 54.30 | 54.01 | +7.0% | 5.20% | ✅ 正常 |
| `2330` | 台積電 (TSMC) | 2000.00 | 1857.75 | +58.5% | 1.23% | ✅ 正常 |
| `2357` | 華碩 | 578.00 | 572.05 | +1.2% | 5.99% | ✅ 正常 |
| `2379` | 瑞昱 (Realtek) | 508.00 | 486.30 | +6.7% | 4.98% | ✅ 正常 |
| `2382` | 廣達 (Quanta Computer) | 321.50 | 290.32 | +13.8% | 4.15% | ✅ 正常 |
| `2493` | 揚博 | 119.00 | 110.05 | +43.7% | 3.43% | ✅ 正常 |
| `2546` | 根基 | 86.00 | 82.52 | +7.6% | 3.75% | ✅ 正常 |
| `2886` | 兆豐金 | 39.85 | 39.05 | +6.0% | 4.03% | ✅ 正常 |
| `3231` | 緯創 | 135.00 | 129.10 | +17.5% | 2.87% | ✅ 正常 |
| `6115` | 鎰勝 | 47.15 | 46.89 | -0.4% | 6.82% | ✅ 正常 |
| `6239` | 力成 | 214.50 | 200.90 | +32.5% | 3.34% | ✅ 正常 |
| `6488` | 環球晶 (GlobalWafers) | 490.50 | 443.30 | -0.0% | 1.72% | ✅ 正常 |
> ⚠️ **預算越權警告**：Tactical 成本佔比 35.1% 超過 35% 上限（投入本金過重）


## 💼 資金桶檢查 (依 capital/capital_config.md)

### 現價口徑（風險 / 曝險視角）
| 桶別 | 現價市值 | 佔比 | 目標 | 狀態 |
|------|---------:|-----:|-----:|------|
| Core（底倉水庫）| 1,769,107 | 68.8% | 50% | 📌 📌 偏高，長線防禦性強 |
| Tactical（戰術水管）| 802,467 | 31.2% | 30% | ✅ |
| Cash（銀彈消防栓）| （請手動填入）| — | 20% | — |
| **已投資合計** | **2,571,574** | 100% | | |

### 成本口徑（預算 / 投入視角）
| 桶別 | 成本基礎 | 佔比 | 現價市值 | 帳面損益 |
|------|---------:|-----:|---------:|---------:|
| Core | 1,598,086 | 64.9% | 1,769,107 | +171,021 (+10.7%) |
| Tactical | 863,859 | 35.1% | 802,467 | -61,392 (-7.1%) |
| **合計** | **2,461,945** | 100% | **2,571,574** | **+109,629** (+4.5%) |

> 💡 **雙口徑解讀**：現價口徑用於觸發「桶別佔比」警戒線（配置偏離）；成本口徑用於判斷「預算投入」是否超限（單一標的／單桶是否過度押注）。兩者可能差距很大：Tactical 帳面虧損會讓現價佔比「看起來」變小，但實際投入本金沒變。


## 🎯 單檔預算檢查 (依 capital/single_position_budget.md)
| 代碼 | 名稱 | Tier | 基準預算 | Override | 總上限 | 實際本金 | 狀態 |
|------|------|:----:|---------:|---------:|-------:|---------:|------|
| `6488` | 環球晶 | A | 200,000 | 0 | 200,000 | 214,858 | 🔴 超支 14,858 |
| `2002` | 中鋼 | B | 200,000 | 0 | 200,000 | 368,715 | 🔴 超支 168,715 |
| `2330` | 台積電（波段） | C | 50,000 | 0 | 50,000 | 65,612 | 🔴 超支 15,612 |
| `1503` | 士電 | Exit | 0 | 0 | 0 | 4,485 | 🟡 Exit（預算已鎖 0） |
| `2376` | 技嘉 | Exit | 0 | 0 | 0 | 33,203 | 🟡 Exit（預算已鎖 0） |
| `2454` | 聯發科 | A | 200,000 | 0 | 200,000 | 43,434 | ✅ 22% |
| `2317` | 鴻海（波段） | C | 50,000 | 0 | 50,000 | 40,015 | ⚠️ 使用率 80% |
| `3231` | 緯創 | C | 50,000 | 0 | 50,000 | 28,955 | ✅ 58% |
| `2382` | 廣達 | C | 50,000 | 0 | 50,000 | 8,472 | ✅ 17% |
| `2357` | 華碩 | C | 50,000 | 0 | 50,000 | 8,570 | ✅ 17% |
| `2379` | 瑞昱 | C | 50,000 | 0 | 50,000 | 4,760 | ✅ 10% |
| `5483` | 中美晶 | C | 50,000 | 0 | 50,000 | 42,780 | ⚠️ 使用率 86% |

**預算匯總**：基準 950,000 ／ Override 0 ／ 實際投入 863,859

> 🔴 **單檔預算越權警告**：5 檔超出總預算上限，詳見 `capital/single_position_budget.md` § 🚫 超支既有部位

 
[2/3] 記錄淨值快照... 
解析 29 個持股檔案...

[2026-04-10] 結算完成（29/29 檔）
  總市值：   2,571,574 元
  總成本：   2,461,954 元
  總損益：    +109,620 元  (+4.45%)

  今日已有記錄（2026-04-10），不重複寫入。

日期                      總市值         損益      損益%
--------------------------------------------------
2026-03-27        2,879,851                  
2026-03-30        2,834,322                  
2026-03-31        2,793,664                  
2026-04-01        2,799,871                  
2026-04-04        2,864,470                  
2026-04-07        2,930,301                  
2026-04-08        2,999,895                  
2026-04-09        3,033,423                  
2026-04-10        3,072,834                  
2026-04-10        2,571,574   +109,620   +4.45% ← 今日

  vs 上次：-501,261 元  (-16.31%)
 
[3/4] 執行 Watchlist 掃描... 
== Watchlist 掃描 2026-04-10 ==

[2301] 2301_光寶科 候補追蹤
  無法取得市場資料，跳過。

[2303] 2303_聯電 候補追蹤
  無法取得市場資料，跳過。

[2324] 2324_仁寶 候補追蹤
  無法取得市場資料，跳過。

[2337] 2337_旺宏 候補追蹤
  無法取得市場資料，跳過。

[2338] 2338_光罩 交易紀錄
  無法取得市場資料，跳過。

[2412] 2412_中華電 候補追蹤
  無法取得市場資料，跳過。

[2449] 2449_京元電 候補追蹤
  無法取得市場資料，跳過。

[2454] 2454_聯發科 候補追蹤
  無法取得市場資料，跳過。

[2891] 2891_中信金 候補追蹤
  無法取得市場資料，跳過。

[3037] 3037_欣興 候補追蹤
  無法取得市場資料，跳過。

[3045] 3045_台灣大 候補追蹤
  無法取得市場資料，跳過。

[3081] 3081_聯亞 交易紀錄
  無法取得市場資料，跳過。

[3481] 3481_群創 交易紀錄
  無法取得市場資料，跳過。

[3711] 3711_日月光投控 候補追蹤
  無法取得市場資料，跳過。

[4991] 4991_環宇-KY 交易紀錄
  無法取得市場資料，跳過。

[6223] 6223_旺矽 交易紀錄
  無法取得市場資料，跳過。

[8046] 8046_南電 候補追蹤
  無法取得市場資料，跳過。

==================================================
本次掃描無量化觸發訊號，候補股持續觀察中。

注意：法人調升評等、外資加碼、供需報告等質化條件仍需人工確認。
 
[4/4] Wave Score 掃描（成長趨勢股）... 

============================================================
  Wave Score 掃描  [2026-04-10]  共 13 檔成長趨勢股
============================================================

  [1215 卜蜂]  Wave +4 (from +3)  加碼

  [1503 士電]  Wave -1 (from +2)  持有不動

  [2317 鴻海]  Wave -1  持有不動

  [2330 台積電]  Wave +4 (from +3)  加碼

  [2382 廣達]  Wave +3 (from +4)  加碼

  [2454 聯發科]  Wave -1 (from +0)  持有不動

  [2546 根基]  Wave +0 (from -1)  持有不動

  [3231 緯創]  Wave +0 (from +2)  持有不動

  [3455 由田]  Wave +2  輕倉加碼/觀察

  [5483 中美晶]  Wave -1  持有不動

  [6115 鎰勝]  Wave +1 (from -1)  輕倉加碼/觀察

  [6239 力成]  Wave +0 (from -1)  持有不動

  [6488 環球晶]  Wave +0 (from -1)  持有不動

  💾 Wave Score 已快取至 S:\股票筆記\journals\logs\2026-04-10_wave_scores.json

============================================================
  🔴 需即時處理：
    🔴 減持訊號  2317 鴻海  現價 200.5  |  進入賣出區(+1.0%) 且 Wave -1，動能背離
    🔴 減持訊號  2546 根基  現價 86.0  |  進入賣出區(+5.5%) 且 Wave +0，動能背離
    🔴 減持訊號  3231 緯創  現價 135.0  |  進入賣出區(+6.3%) 且 Wave +0，動能背離
    🔴 減持訊號  5483 中美晶  現價 119.5  |  進入賣出區(+7.1%) 且 Wave -1，動能背離
    🔴 減持訊號  6239 力成  現價 214.5  |  進入賣出區(+10.1%) 且 Wave +0，動能背離
    🔴 減持訊號  6488 環球晶  現價 490.5  |  進入賣出區(+13.6%) 且 Wave +0，動能背離
  🟢 加碼機會：
    🟢 強力加碼  1215 卜蜂  現價 143.5  |  Wave +4
    🟢 強力加碼  2330 台積電  現價 2000.0  |  Wave +4
    🟢 強力加碼  2382 廣達  現價 321.5  |  Wave +3
    🟢 輕倉加碼  6115 鎰勝  現價 47.2  |  Wave +1（上次 -1）
  🟡 觀察：
    🟡 跌破月線  1503 士電  現價 186.0  |  186.0 < MA20 192.4(-3.3%)
    🟡 跌破月線  2454 聯發科  現價 1575.0  |  1575.0 < MA20 1611.2(-2.2%)
    🟡 賣出區（趨勢延伸）  3455 由田  現價 193.5  |  超賣出下緣 +47.0%，Wave +2 仍強，等爆量收黑訊號

  ✅ 戰術指南.md Wave Score 區塊已更新

 
完成。 
