============================================================ 
執行時間: 2026-04-28 
============================================================ 
[1/3] 執行持倉健診... 
[history] 已更新 2026-04-28：股票市值 2,534,469（現金 516,465 元）
報告已產生：S:\股票筆記\持倉健診_2026-04-28.md
# 📊 持倉健診報告 (2026-04-28)

## ⚠️ 需要注意的標的
| 代碼 | 名稱 | 現價 | 20MA | 損益% | 殖利率 | 狀態 |
|------|------|------|------|-------|--------|------|
| `1210` | 大成 | 54.10 | 54.35 | -0.5% | 5.27% | ⚠️ 跌破月線 |
| `1215` | 卜蜂 | 139.00 | 141.12 | +37.1% | 5.04% | ⚠️ 跌破月線 |
| `2002` | 中鋼 (China Steel) | 18.75 | 19.62 | -28.3% | 1.76% | ⚠️ 跌破月線 / 觸及-10%停損 (-28.3%) |
| `2006` | 東和鋼鐵 | 68.60 | 69.61 | +1.5% | 6.36% | ⚠️ 跌破月線 |
| `5483` | 中美晶 | 134.50 | 121.53 | -18.3% | 2.45% | ⚠️ 觸及-10%停損 (-18.3%) |
| `8069` | 元太 (E Ink Holdings) | 140.00 | 147.12 | -9.5% | 3.54% | ⚠️ 跌破月線 |

## ✅ 正常持倉
| 代碼 | 名稱 | 現價 | 20MA | 損益% | 殖利率 | 狀態 |
|------|------|------|------|-------|--------|------|
| `0050` | 元大台灣50 | 92.00 | 82.26 | +49.9% | 1.89% | ✅ 正常 |
| `0056` | 元大高股息 | 41.11 | 39.88 | +13.5% | 9.93% | ✅ 正常 |
| `00878` | 國泰永續高股息 | 25.30 | 23.56 | +20.7% | 7.80% | ✅ 正常 |
| `00919` | 群益台灣精選高息 | 23.50 | 23.05 | -3.1% | 11.80% | ✅ 正常 |
| `00929` | 復華台灣科技優息 | 22.36 | 20.61 | +16.2% | 5.34% | ✅ 正常 |
| `00940` | 元大台灣價值高息 | 10.34 | 10.00 | +4.6% | 5.01% | ✅ 正常 |
| `00946` | 群益科技高息成長 | 11.59 | 10.83 | +17.7% | 5.37% | ✅ 正常 |
| `009816` | 凱基台灣TOP50 | 13.15 | 11.68 | +26.6% | N/A | ✅ 正常 |
| `2301` | 光寶科 | 172.50 | 159.10 | +8.8% | 4.36% | ✅ 正常 |
| `2317` | 鴻海 (Hon Hai / Foxconn) | 225.50 | 206.65 | +10.5% | 2.54% | ✅ 正常 |
| `2330` | 台積電 (TSMC) | 2215.00 | 2004.00 | +73.7% | 1.06% | ✅ 正常 |
| `2357` | 華碩 | 588.00 | 579.65 | +2.9% | 5.78% | ✅ 正常 |
| `2408` | 南亞科 (Nanya Technology, DRAM) | 237.50 | 214.20 | +4.4% | N/A | ✅ 正常 |
| `2449` | 京元電子 | 283.50 | 279.43 | +3.8% | 1.41% | ✅ 正常 |
| `2454` | 聯發科 (MediaTek) | 2615.00 | 1853.25 | +68.6% | 2.20% | ✅ 正常 |
| `2493` | 揚博 | 126.50 | 124.03 | +52.8% | 3.24% | ✅ 正常 |
| `2546` | 根基 | 85.40 | 83.87 | +6.8% | 3.80% | ✅ 正常 |
| `2886` | 兆豐金 | 40.15 | 39.46 | +6.8% | 4.02% | ✅ 正常 |
| `3231` | 緯創 | 140.50 | 134.47 | +22.3% | 2.67% | ✅ 正常 |
| `6239` | 力成 | 218.50 | 208.25 | +32.4% | 3.23% | ✅ 正常 |
| `6488` | 環球晶 (GlobalWafers) | 580.00 | 506.50 | +4.6% | 1.24% | ✅ 正常 |

## 💼 資金桶檢查 (依 capital/capital_config.md)

### 現價口徑（風險 / 曝險視角）
| 桶別 | 現價市值 | 佔比 | 目標 | 狀態 |
|------|---------:|-----:|-----:|------|
| Core（底倉水庫）| 1,817,268 | 71.7% | 50% | 📌 📌 偏高，長線防禦性強 |
| Tactical（戰術水管）| 717,200 | 28.3% | 30% | ✅ |
| Cash（銀彈消防栓）| 516,465 | 16.9% | 20% | ✅ |
| **已投資合計** | **2,534,469** | 100% | | |

### 成本口徑（預算 / 投入視角）
| 桶別 | 成本基礎 | 佔比 | 現價市值 | 帳面損益 |
|------|---------:|-----:|---------:|---------:|
| Core | 1,605,865 | 68.9% | 1,817,268 | +211,403 (+13.2%) |
| Tactical | 725,876 | 31.1% | 717,200 | -8,676 (-1.2%) |
| **合計** | **2,331,741** | 100% | **2,534,469** | **+202,728** (+8.7%) |

> 💡 **雙口徑解讀**：現價口徑用於觸發「桶別佔比」警戒線（配置偏離）；成本口徑用於判斷「預算投入」是否超限（單一標的／單桶是否過度押注）。兩者可能差距很大：Tactical 帳面虧損會讓現價佔比「看起來」變小，但實際投入本金沒變。


## 🎯 單檔預算檢查 (依 capital/single_position_budget.md)
| 代碼 | 名稱 | Tier | 基準預算 | Override | 總上限 | 實際本金 | 狀態 |
|------|------|:----:|---------:|---------:|-------:|---------:|------|
| `2002` | 中鋼 | B | 200,000 | 0 | 200,000 | 342,565 | 🔴 超支 142,565 |
| `2330` | 台積電（波段） | C | 50,000 | 0 | 50,000 | 65,036 | 🔴 超支 15,036 |
| `2454` | 聯發科 | A | 200,000 | 0 | 200,000 | 43,434 | ✅ 22% |
| `6488` | 環球晶 | A | 200,000 | 0 | 200,000 | 110,862 | ✅ 55% |
| `2317` | 鴻海（波段） | C | 50,000 | 0 | 50,000 | 27,562 | ✅ 55% |
| `3231` | 緯創 | C | 50,000 | 0 | 50,000 | 28,955 | ✅ 58% |
| `2357` | 華碩 | C | 50,000 | 0 | 50,000 | 8,570 | ✅ 17% |
| `5483` | 中美晶 | C | 50,000 | 0 | 50,000 | 23,036 | ✅ 46% |
| `2408` | 南亞科 | C | 50,000 | 0 | 50,000 | 9,103 | ✅ 18% |
| `2449` | 京元電 | C | 50,000 | 0 | 50,000 | 3,279 | ✅ 7% |
| `2382` | 廣達 | C | 50,000 | 0 | 50,000 | 0 | ✅ 已清倉 |
| `2379` | 瑞昱 | C | 50,000 | 0 | 50,000 | 0 | ✅ 已清倉 |
| `1503` | 士電 | Exit | 0 | 0 | 0 | 0 | ✅ 已清倉 |
| `2376` | 技嘉 | Exit | 0 | 0 | 0 | 0 | ✅ 已清倉 |

**預算匯總**：基準 1,050,000 ／ Override 0 ／ 實際投入 662,402

> 🔴 **單檔預算越權警告**：2 檔超出總預算上限，詳見 `capital/single_position_budget.md` § 🚫 超支既有部位

 
[2/3] 記錄淨值快照... 
解析 28 個持股檔案...

[2026-04-28] 結算完成（28/28 檔）
  總市值：   2,534,469 元
  總成本：   2,313,710 元
  總損益：    +220,759 元  (+9.54%)

  今日已有記錄（2026-04-28），不重複寫入。

日期                      總市值         損益      損益%
--------------------------------------------------
2026-04-14        3,090,747                  
2026-04-15        3,002,747                  
2026-04-16        3,140,530                  
2026-04-17        3,132,206                  
2026-04-20        3,071,606                  
2026-04-21        3,074,353                  
2026-04-22        3,077,695                  
2026-04-23        3,007,583                  
2026-04-27        3,043,473                  
2026-04-28        3,050,933                   ← 今日

  vs 上次：+7,460 元  (+0.25%)
 
[3/4] 執行 Watchlist 掃描... 
== Watchlist 掃描 2026-04-28 ==

[2303] 2303_聯電 候補追蹤
  現價: 75.10  |  月線(20MA): 65.79 (+14.1%)  |  季線(60MA): 63.77 (+17.8%)
  ⚡ 量化觸發：
     • 股價突破季線：現價 75.1 站上季線 63.8（+17.8%）
  MD 更新：已新增今日紀錄

[2324] 2324_仁寶 候補追蹤
  現價: 29.85  |  月線(20MA): 29.19 (+2.3%)  |  季線(60MA): 30.81 (-3.1%)
  ⚡ 量化觸發：
     • 股價回測月線支撐：現價 29.9 距月線 29.2 僅 2.3%（月線回測中）
  MD 更新：已新增今日紀錄

[2337] 2337_旺宏 候補追蹤
  現價: 159.50  |  月線(20MA): 136.95 (+16.5%)  |  季線(60MA): 115.41 (+38.2%)
  ⚡ 量化觸發：
     • 股價突破季線：現價 159.5 站上季線 115.4（+38.2%）
  MD 更新：已新增今日紀錄

[2338] 2338_光罩 交易紀錄
  現價: 47.70  |  月線(20MA): 46.53 (+2.5%)  |  季線(60MA): 45.23 (+5.5%)
  ⚡ 量化觸發：
     • 股價回測月線支撐：現價 47.7 距月線 46.5 僅 2.5%（月線回測中）
     • 股價突破季線：現價 47.7 站上季線 45.2（+5.5%）
  MD 更新：已新增今日紀錄

[2383] 2383_台光電 候補追蹤
  現價: 4375.00  |  月線(20MA): 3582.25 (+22.1%)  |  季線(60MA): 2712.08 (+61.3%)
  ⚡ 量化觸發：
     • 股價突破季線：現價 4375.0 站上季線 2712.1（+61.3%）
  MD 更新：已新增今日紀錄

[2412] 2412_中華電 候補追蹤
  現價: 137.00  |  月線(20MA): 135.43 (+1.2%)  |  季線(60MA): 134.91 (+1.6%)
  ⚡ 量化觸發：
     • 股價回測月線支撐：現價 137.0 距月線 135.4 僅 1.2%（月線回測中）
     • 股價突破季線：現價 137.0 站上季線 134.9（+1.6%）
     • 股價跌近季線支撐：現價 137.0 距季線 134.9 僅 1.6%（季線回測）
  MD 更新：已新增今日紀錄

[2454] 2454_聯發科 候補追蹤
  現價: 2615.00  |  月線(20MA): 1853.25 (+41.1%)  |  季線(60MA): 1774.33 (+47.4%)
  ⚡ 量化觸發：
     • 股價突破季線：現價 2615.0 站上季線 1774.3（+47.4%）
  MD 更新：已新增今日紀錄

[2486] 2486_一詮 候補追蹤
  現價: 230.50  |  月線(20MA): 184.75 (+24.8%)  |  季線(60MA): 153.03 (+50.6%)
  ⚡ 量化觸發：
     • 股價突破季線：現價 230.5 站上季線 153.0（+50.6%）
  MD 更新：已新增今日紀錄

[2891] 2891_中信金 候補追蹤
  現價: 53.30  |  月線(20MA): 53.47 (-0.3%)  |  季線(60MA): 52.46 (+1.6%)
  ⚡ 量化觸發：
     • 股價跌至月線下方：現價 53.3 跌破月線 53.5（需觀察是否企穩）
     • 股價突破季線：現價 53.3 站上季線 52.5（+1.6%）
     • 股價跌近季線支撐：現價 53.3 距季線 52.5 僅 1.6%（季線回測）
  MD 更新：已新增今日紀錄

[3037] 3037_欣興 候補追蹤
  現價: 825.00  |  月線(20MA): 640.38 (+28.8%)  |  季線(60MA): 501.40 (+64.5%)
  ⚡ 量化觸發：
     • 股價突破季線：現價 825.0 站上季線 501.4（+64.5%）
  MD 更新：已新增今日紀錄

[3045] 3045_台灣大 候補追蹤
  現價: 111.00  |  月線(20MA): 110.83 (+0.2%)  |  季線(60MA): 108.47 (+2.3%)
  ⚡ 量化觸發：
     • 股價回測月線支撐：現價 111.0 距月線 110.8 僅 0.2%（月線回測中）
     • 股價突破季線：現價 111.0 站上季線 108.5（+2.3%）
     • 股價跌近季線支撐：現價 111.0 距季線 108.5 僅 2.3%（季線回測）
  MD 更新：已新增今日紀錄

[3081] 3081_聯亞 交易紀錄
  現價: 2505.00  |  月線(20MA): 2338.25 (+7.1%)  |  季線(60MA): 1614.35 (+55.2%)
  ⚡ 量化觸發：
     • 股價突破季線：現價 2505.0 站上季線 1614.3（+55.2%）
  MD 更新：已新增今日紀錄

[3189] 3189_景碩 候補追蹤
  現價: 508.00  |  月線(20MA): 408.88 (+24.2%)  |  季線(60MA): 327.97 (+54.9%)
  ⚡ 量化觸發：
     • 股價突破季線：現價 508.0 站上季線 328.0（+54.9%）
  MD 更新：已新增今日紀錄

[3481] 3481_群創 交易紀錄
  現價: 24.35  |  月線(20MA): 25.48 (-4.4%)  |  季線(60MA): 25.23 (-3.5%)
  ⚡ 量化觸發：
     • 股價跌至月線下方：現價 24.4 跌破月線 25.5（需觀察是否企穩）
  MD 更新：已新增今日紀錄

[3587] 3587_閎康 候補追蹤
  現價: 327.50  |  月線(20MA): 299.70 (+9.3%)  |  季線(60MA): 238.90 (+37.1%)
  ⚡ 量化觸發：
     • 股價突破季線：現價 327.5 站上季線 238.9（+37.1%）
  MD 更新：已新增今日紀錄

[3661] 3661_世芯KY 候補追蹤
  現價: 4000.00  |  月線(20MA): 3333.75 (+20.0%)  |  季線(60MA): 3290.33 (+21.6%)
  ⚡ 量化觸發：
     • 股價突破季線：現價 4000.0 站上季線 3290.3（+21.6%）
  MD 更新：已新增今日紀錄

[3711] 3711_日月光投控 候補追蹤
  現價: 495.50  |  月線(20MA): 422.73 (+17.2%)  |  季線(60MA): 363.22 (+36.4%)
  ⚡ 量化觸發：
     • 股價突破季線：現價 495.5 站上季線 363.2（+36.4%）
  MD 更新：已新增今日紀錄

[4991] 4991_環宇-KY 交易紀錄
  現價: 627.00  |  月線(20MA): 568.58 (+10.3%)  |  季線(60MA): 395.57 (+58.5%)
  ⚡ 量化觸發：
     • 股價突破季線：現價 627.0 站上季線 395.6（+58.5%）
  MD 更新：已新增今日紀錄

[6223] 6223_旺矽 交易紀錄
  現價: 4880.00  |  月線(20MA): 4514.25 (+8.1%)  |  季線(60MA): 3516.75 (+38.8%)
  ⚡ 量化觸發：
     • 股價突破季線：現價 4880.0 站上季線 3516.8（+38.8%）
  MD 更新：已新增今日紀錄

[6451] 6451_訊芯-KY 候補追蹤
  現價: 405.00  |  月線(20MA): 412.43 (-1.8%)  |  季線(60MA): 276.50 (+46.5%)
  ⚡ 量化觸發：
     • 股價跌至月線下方：現價 405.0 跌破月線 412.4（需觀察是否企穩）
     • 股價突破季線：現價 405.0 站上季線 276.5（+46.5%）
  MD 更新：已新增今日紀錄

[6789] 6789_采鈺 候補追蹤
  現價: 562.00  |  月線(20MA): 415.88 (+35.1%)  |  季線(60MA): 348.74 (+61.2%)
  ⚡ 量化觸發：
     • 股價突破季線：現價 562.0 站上季線 348.7（+61.2%）
  MD 更新：已新增今日紀錄

[8046] 8046_南電 候補追蹤
  現價: 932.00  |  月線(20MA): 707.25 (+31.8%)  |  季線(60MA): 544.03 (+71.3%)
  ⚡ 量化觸發：
     • 股價突破季線：現價 932.0 站上季線 544.0（+71.3%）
  MD 更新：已新增今日紀錄

[8299] 8299_群聯 候補追蹤
  現價: 1970.00  |  月線(20MA): 1675.50 (+17.6%)  |  季線(60MA): 1835.92 (+7.3%)
  ⚡ 量化觸發：
     • 股價突破季線：現價 1970.0 站上季線 1835.9（+7.3%）
  MD 更新：已新增今日紀錄

==================================================
!! 本次掃描共 23 檔觸發量化訊號，建議啟動研究：
  [2303] 2303_聯電 候補追蹤
    -> 股價突破季線：現價 75.1 站上季線 63.8（+17.8%）
  [2324] 2324_仁寶 候補追蹤
    -> 股價回測月線支撐：現價 29.9 距月線 29.2 僅 2.3%（月線回測中）
  [2337] 2337_旺宏 候補追蹤
    -> 股價突破季線：現價 159.5 站上季線 115.4（+38.2%）
  [2338] 2338_光罩 交易紀錄
    -> 股價回測月線支撐：現價 47.7 距月線 46.5 僅 2.5%（月線回測中）
    -> 股價突破季線：現價 47.7 站上季線 45.2（+5.5%）
  [2383] 2383_台光電 候補追蹤
    -> 股價突破季線：現價 4375.0 站上季線 2712.1（+61.3%）
  [2412] 2412_中華電 候補追蹤
    -> 股價回測月線支撐：現價 137.0 距月線 135.4 僅 1.2%（月線回測中）
    -> 股價突破季線：現價 137.0 站上季線 134.9（+1.6%）
    -> 股價跌近季線支撐：現價 137.0 距季線 134.9 僅 1.6%（季線回測）
  [2454] 2454_聯發科 候補追蹤
    -> 股價突破季線：現價 2615.0 站上季線 1774.3（+47.4%）
  [2486] 2486_一詮 候補追蹤
    -> 股價突破季線：現價 230.5 站上季線 153.0（+50.6%）
  [2891] 2891_中信金 候補追蹤
    -> 股價跌至月線下方：現價 53.3 跌破月線 53.5（需觀察是否企穩）
    -> 股價突破季線：現價 53.3 站上季線 52.5（+1.6%）
    -> 股價跌近季線支撐：現價 53.3 距季線 52.5 僅 1.6%（季線回測）
  [3037] 3037_欣興 候補追蹤
    -> 股價突破季線：現價 825.0 站上季線 501.4（+64.5%）
  [3045] 3045_台灣大 候補追蹤
    -> 股價回測月線支撐：現價 111.0 距月線 110.8 僅 0.2%（月線回測中）
    -> 股價突破季線：現價 111.0 站上季線 108.5（+2.3%）
    -> 股價跌近季線支撐：現價 111.0 距季線 108.5 僅 2.3%（季線回測）
  [3081] 3081_聯亞 交易紀錄
    -> 股價突破季線：現價 2505.0 站上季線 1614.3（+55.2%）
  [3189] 3189_景碩 候補追蹤
    -> 股價突破季線：現價 508.0 站上季線 328.0（+54.9%）
  [3481] 3481_群創 交易紀錄
    -> 股價跌至月線下方：現價 24.4 跌破月線 25.5（需觀察是否企穩）
  [3587] 3587_閎康 候補追蹤
    -> 股價突破季線：現價 327.5 站上季線 238.9（+37.1%）
  [3661] 3661_世芯KY 候補追蹤
    -> 股價突破季線：現價 4000.0 站上季線 3290.3（+21.6%）
  [3711] 3711_日月光投控 候補追蹤
    -> 股價突破季線：現價 495.5 站上季線 363.2（+36.4%）
  [4991] 4991_環宇-KY 交易紀錄
    -> 股價突破季線：現價 627.0 站上季線 395.6（+58.5%）
  [6223] 6223_旺矽 交易紀錄
    -> 股價突破季線：現價 4880.0 站上季線 3516.8（+38.8%）
  [6451] 6451_訊芯-KY 候補追蹤
    -> 股價跌至月線下方：現價 405.0 跌破月線 412.4（需觀察是否企穩）
    -> 股價突破季線：現價 405.0 站上季線 276.5（+46.5%）
  [6789] 6789_采鈺 候補追蹤
    -> 股價突破季線：現價 562.0 站上季線 348.7（+61.2%）
  [8046] 8046_南電 候補追蹤
    -> 股價突破季線：現價 932.0 站上季線 544.0（+71.3%）
  [8299] 8299_群聯 候補追蹤
    -> 股價突破季線：現價 1970.0 站上季線 1835.9（+7.3%）

注意：法人調升評等、外資加碼、供需報告等質化條件仍需人工確認。
 
[4/5] Wave Score 掃描（成長趨勢股）... 

============================================================
  Wave Score 掃描  [2026-04-28]  共 13 檔成長趨勢股
============================================================

  [1215 卜蜂]  Wave +2  輕倉加碼/觀察

  [2301 光寶科]  Wave +0 (from +1)  持有不動

  [2317 鴻海]  Wave +0 (from +1)  持有不動

  [2330 台積電]  Wave +3 (from +4)  加碼

  [2382 廣達]  Wave +0 (from +1)  持有不動

  [2408 南亞科]  Wave +3  加碼

  [2449 京元電]  Wave -1 (from +1)  持有不動

  [2454 聯發科]  Wave +2 (from +1)  輕倉加碼/觀察

  [2546 根基]  Wave +0 (from -2)  持有不動

  [3231 緯創]  Wave -1 (from +2)  持有不動

  [5483 中美晶]  Wave +1 (from +2)  輕倉加碼/觀察

  [6239 力成]  Wave +1  輕倉加碼/觀察

  [6488 環球晶]  Wave +0 (from +2)  持有不動

  💾 Wave Score 已快取至 S:\股票筆記\journals\logs\2026-04-28_wave_scores.json

============================================================
  🔴 需即時處理：
    🔴 減持訊號  2301 光寶科  現價 172.5  |  進入賣出區(+11.3%) 且 Wave +0，動能背離
    🔴 減持訊號  2317 鴻海  現價 225.5  |  進入賣出區(+11.1%) 且 Wave +0，動能背離
    🔴 減持訊號  2382 廣達  現價 321.0  |  進入賣出區(+4.8%) 且 Wave +0，動能背離
    🔴 減持訊號  2449 京元電  現價 283.5  |  進入賣出區(+4.3%) 且 Wave -1，動能背離
    🔴 減持訊號  2546 根基  現價 85.4  |  進入賣出區(+2.8%) 且 Wave +0，動能背離
    🔴 減持訊號  3231 緯創  現價 140.5  |  進入賣出區(+6.3%) 且 Wave -1，動能背離
    🔴 減持訊號  6488 環球晶  現價 580.0  |  進入賣出區(+19.4%) 且 Wave +0，動能背離
  🟢 加碼機會：
    🟢 強力加碼  2330 台積電  現價 2215.0  |  Wave +3
    🟢 強力加碼  2408 南亞科  現價 237.5  |  Wave +3
  🟡 觀察：
    🟡 跌破月線  1215 卜蜂  現價 139.0  |  139.0 < MA20 141.1(-1.5%)
    🟡 接近賣出區  1215 卜蜂  現價 139.0  |  距賣出下緣 139.7 僅 0.5%
    🟡 賣出區（趨勢延伸）  2454 聯發科  現價 2615.0  |  超賣出下緣 +46.4%，Wave +2 仍強，等爆量收黑訊號
    🟡 賣出區（趨勢延伸）  5483 中美晶  現價 134.5  |  超賣出下緣 +14.2%，Wave +1 仍強，等爆量收黑訊號
    🟡 賣出區（趨勢延伸）  6239 力成  現價 218.5  |  超賣出下緣 +7.8%，Wave +1 仍強，等爆量收黑訊號

  ✅ 戰術指南.md Wave Score 區塊已更新

 
[5/5] 事件偵測（Layer 3 訊號）... 
[事件偵測] 2026-04-28 — 命中 14 個事件
  🔔 EVENT [2301 光寶科] WAVE_FLIP: Wave +1 → +0，動能方向翻轉
  🔔 EVENT [2317 鴻海] WAVE_FLIP: Wave +1 → +0，動能方向翻轉
  🔔 EVENT [2382 廣達] NEAR_MA: 現價 321.0 距月線 312.6 僅 0.7 ATR（ATR=12.68），月線支撐待確認
  🔔 EVENT [2382 廣達] WAVE_FLIP: Wave +1 → +0，動能方向翻轉
  🔔 EVENT [2449 京元電] NEAR_MA: 現價 283.5 距月線 279.4 僅 0.3 ATR（ATR=15.07），月線支撐待確認
  🔔 EVENT [2449 京元電] WAVE_FLIP: Wave +1 → -1，動能方向翻轉
  🔔 EVENT [2454 聯發科] WAVE_REGIME: Wave +1 → +2，跨越強弱邊界（±2）
  🔔 EVENT [2546 根基] NEAR_MA: 現價 85.4 距月線 83.9 僅 0.9 ATR（ATR=1.64），月線支撐待確認
  🔔 EVENT [2546 根基] WAVE_FLIP: Wave -2 → +0，動能方向翻轉
  🔔 EVENT [3231 緯創] NEAR_MA: 現價 140.5 距月線 134.5 僅 1.3 ATR（ATR=4.61），月線支撐待確認
  🔔 EVENT [3231 緯創] WAVE_FLIP: Wave +2 → -1，動能方向翻轉
  🔔 EVENT [5483 中美晶] WAVE_REGIME: Wave +2 → +1，跨越強弱邊界（±2）
  🔔 EVENT [6239 力成] NEAR_MA: 現價 218.5 距月線 208.2 僅 0.9 ATR（ATR=11.07），月線支撐待確認
  🔔 EVENT [6488 環球晶] WAVE_FLIP: Wave +2 → +0，動能方向翻轉

[事件偵測]
🔔 EVENT [2301 光寶科] WAVE_FLIP: Wave +1 → +0，動能方向翻轉
🔔 EVENT [2317 鴻海] WAVE_FLIP: Wave +1 → +0，動能方向翻轉
🔔 EVENT [2382 廣達] NEAR_MA: 現價 321.0 距月線 312.6 僅 0.7 ATR（ATR=12.68），月線支撐待確認
🔔 EVENT [2382 廣達] WAVE_FLIP: Wave +1 → +0，動能方向翻轉
🔔 EVENT [2449 京元電] NEAR_MA: 現價 283.5 距月線 279.4 僅 0.3 ATR（ATR=15.07），月線支撐待確認
🔔 EVENT [2449 京元電] WAVE_FLIP: Wave +1 → -1，動能方向翻轉
🔔 EVENT [2454 聯發科] WAVE_REGIME: Wave +1 → +2，跨越強弱邊界（±2）
🔔 EVENT [2546 根基] NEAR_MA: 現價 85.4 距月線 83.9 僅 0.9 ATR（ATR=1.64），月線支撐待確認
🔔 EVENT [2546 根基] WAVE_FLIP: Wave -2 → +0，動能方向翻轉
🔔 EVENT [3231 緯創] NEAR_MA: 現價 140.5 距月線 134.5 僅 1.3 ATR（ATR=4.61），月線支撐待確認
🔔 EVENT [3231 緯創] WAVE_FLIP: Wave +2 → -1，動能方向翻轉
🔔 EVENT [5483 中美晶] WAVE_REGIME: Wave +2 → +1，跨越強弱邊界（±2）
🔔 EVENT [6239 力成] NEAR_MA: 現價 218.5 距月線 208.2 僅 0.9 ATR（ATR=11.07），月線支撐待確認
🔔 EVENT [6488 環球晶] WAVE_FLIP: Wave +2 → +0，動能方向翻轉
 
完成。 
