============================================================ 
執行時間: 2026-04-07 
============================================================ 
[1/3] 執行持倉健診... 
[history] 已更新 2026-04-07：股票市值 2,625,342（現金 304,959 元）
報告已產生：S:\股票筆記\持倉健診_2026-04-07.md
# 📊 持倉健診報告 (2026-04-07)

## ⚠️ 需要注意的標的
| 代碼 | 名稱 | 現價 | 20MA | 損益% | 殖利率 | 狀態 |
|------|------|------|------|-------|--------|------|
| `0050` | 元大台灣50 | 75.30 | 75.40 | +22.7% | 1.68% | ⚠️ 跌破月線 |
| `0056` | 元大高股息 | 38.07 | 38.34 | +5.1% | 9.06% | ⚠️ 跌破月線 |
| `00919` | 群益台灣精選高息 | 22.62 | 22.93 | -6.7% | 10.19% | ⚠️ 跌破月線 |
| `00929` | 復華台灣科技優息 | 18.96 | 19.37 | -1.5% | 4.07% | ⚠️ 跌破月線 |
| `00940` | 元大台灣價值高息 | 9.60 | 9.63 | -2.9% | 4.50% | ⚠️ 跌破月線 |
| `1215` | 卜蜂 | 141.50 | 147.75 | +39.9% | 5.04% | ⚠️ 跌破月線 |
| `1503` | 士電 (Shihlin Electric) | 179.00 | 195.50 | -40.1% | 2.51% | ⚠️ 跌破月線 / 觸及-10%停損 (-40.1%) |
| `2002` | 中鋼 (China Steel) | 19.50 | 19.28 | -25.4% | 1.69% | ⚠️ 觸及-10%停損 (-25.4%) |
| `2317` | 鴻海 (Hon Hai / Foxconn) | 192.00 | 203.45 | -6.0% | 3.01% | ⚠️ 跌破月線 |
| `2357` | 華碩 | 550.00 | 568.25 | -3.7% | 6.13% | ⚠️ 跌破月線 |
| `2376` | 技嘉 | 222.50 | 233.10 | -33.0% | 4.39% | ⚠️ 跌破月線 / 觸及-10%停損 (-33.0%) |
| `2454` | 聯發科 (MediaTek) | 1470.00 | 1631.50 | -6.6% | 3.65% | ⚠️ 跌破月線 |
| `2493` | 揚博 | 105.00 | 108.00 | +26.8% | 3.86% | ⚠️ 跌破月線 |
| `2546` | 根基 | 79.50 | 82.60 | -0.6% | 4.00% | ⚠️ 跌破月線 |
| `3231` | 緯創 | 123.50 | 128.65 | +7.5% | 3.04% | ⚠️ 跌破月線 |
| `5483` | 中美晶 | 106.00 | 113.60 | -35.6% | 3.30% | ⚠️ 跌破月線 / 觸及-10%停損 (-35.6%) |
| `6239` | 力成 | 192.00 | 200.78 | +18.6% | 3.47% | ⚠️ 跌破月線 |
| `6488` | 環球晶 (GlobalWafers) | 412.00 | 441.77 | -29.3% | 1.88% | ⚠️ 跌破月線 / 觸及-10%停損 (-29.3%) |
| `8069` | 元太 (E Ink Holdings) | 142.50 | 147.85 | -17.4% | 3.51% | ⚠️ 跌破月線 / 觸及-10%停損 (-17.4%) |

## ✅ 正常持倉
| 代碼 | 名稱 | 現價 | 20MA | 損益% | 殖利率 | 狀態 |
|------|------|------|------|-------|--------|------|
| `00878` | 國泰永續高股息 | 22.30 | 22.28 | +6.7% | 7.09% | ✅ 正常 |
| `00946` | 群益科技高息成長 | 10.07 | 10.06 | +2.2% | 4.76% | ✅ 正常 |
| `009816` | 凱基台灣TOP50 | 10.68 | 10.66 | +2.8% | N/A | ✅ 正常 |
| `1210` | 大成 | 54.90 | 53.57 | +1.0% | 5.17% | ✅ 正常 |
| `2330` | 台積電 (TSMC) | 1860.00 | 1842.50 | +47.4% | 1.33% | ✅ 正常 |
| `2379` | 瑞昱 (Realtek) | 499.00 | 480.95 | +4.8% | 5.23% | ✅ 正常 |
| `2382` | 廣達 (Quanta Computer) | 289.00 | 285.90 | +2.3% | 4.57% | ✅ 正常 |
| `2886` | 兆豐金 | 39.40 | 38.98 | +4.8% | 4.08% | ✅ 正常 |
| `3455` | 由田 (Utechzone) | 152.50 | 126.97 | +19.4% | 5.04% | ✅ 正常 |
| `6115` | 鎰勝 | 46.85 | 46.80 | -1.0% | 6.82% | ✅ 正常 |
> ⚠️ **資金越權警告**：Tactical 佔比超過 35% 上限！


## 💼 資金桶檢查 (依 capital/capital_config.md)
| 桶別 | 市值 | 佔比 | 目標 | 狀態 |
|------|------|------|------|------|
| Core（底倉水庫）| 1,701,012 | 64.8% | 50% | 📌 📌 偏高，長線防禦性強 |
| Tactical（戰術水管）| 924,330 | 35.2% | 30% | ⚠️ ⚠️ 超出上限 (35%) |
| Cash（銀彈消防栓）| （請手動填入）| — | 20% | — |
| **已投資合計** | **2,625,342** | 100% | | |

 
[2/3] 記錄淨值快照... 
解析 29 個持股檔案...

[2026-04-07] 結算完成（29/29 檔）
  總市值：   2,625,342 元
  總成本：   2,664,920 元
  總損益：     -39,578 元  (-1.49%)

  今日已有記錄（2026-04-07），不重複寫入。

日期                      總市值         損益      損益%
--------------------------------------------------
2026-03-24        2,872,879                  
2026-03-25        2,888,341                  
2026-03-26        2,882,996                  
2026-03-27        2,879,851                  
2026-03-30        2,834,322                  
2026-03-31        2,793,664                  
2026-04-01        2,799,871                  
2026-04-04        2,864,470                  
2026-04-07        2,930,301                  
2026-04-07        2,625,342    -39,578   -1.49% ← 今日

  vs 上次：-304,959 元  (-10.41%)
 
[3/4] 執行 Watchlist 掃描... 
== Watchlist 掃描 2026-04-07 ==

[2301] 2301_光寶科 候補追蹤
  無法取得市場資料，跳過。

[2303] 2303_聯電 候補追蹤
  無法取得市場資料，跳過。

[2324] 2324_仁寶 候補追蹤
  無法取得市場資料，跳過。

[2337] 2337_旺宏 候補追蹤
  無法取得市場資料，跳過。

[2338] 2338_光罩 交易紀錄
  無法取得市場資料，跳過。

[2412] 2412_中華電 候補追蹤
  無法取得市場資料，跳過。

[2449] 2449_京元電 候補追蹤
  無法取得市場資料，跳過。

[2454] 2454_聯發科 候補追蹤
  無法取得市場資料，跳過。

[2891] 2891_中信金 候補追蹤
  無法取得市場資料，跳過。

[3037] 3037_欣興 候補追蹤
  無法取得市場資料，跳過。

[3045] 3045_台灣大 候補追蹤
  無法取得市場資料，跳過。

[3081] 3081_聯亞 交易紀錄
  無法取得市場資料，跳過。

[3481] 3481_群創 交易紀錄
  無法取得市場資料，跳過。

[3711] 3711_日月光投控 候補追蹤
  無法取得市場資料，跳過。

[4991] 4991_環宇-KY 交易紀錄
  無法取得市場資料，跳過。

[6223] 6223_旺矽 交易紀錄
  無法取得市場資料，跳過。

[8046] 8046_南電 候補追蹤
  無法取得市場資料，跳過。

==================================================
本次掃描無量化觸發訊號，候補股持續觀察中。

注意：法人調升評等、外資加碼、供需報告等質化條件仍需人工確認。
 
[4/4] Wave Score 掃描（成長趨勢股）... 

============================================================
  Wave Score 掃描  [2026-04-07]  共 13 檔成長趨勢股
============================================================

  [1215 卜蜂]  Wave +5 (from -2)  強力加碼

  [1503 士電]  Wave +1 (from +2)  輕倉加碼/觀察

  [2317 鴻海]  Wave +1  輕倉加碼/觀察

  [2330 台積電]  Wave +1 (from +2)  輕倉加碼/觀察

  [2382 廣達]  Wave +0 (from -1)  持有不動

  [2454 聯發科]  Wave +3 (from -3)  加碼

  [2546 根基]  Wave +2 (from +0)  輕倉加碼/觀察

  [3231 緯創]  Wave -1  持有不動

  [3455 由田]  Wave +2  輕倉加碼/觀察

  [5483 中美晶]  Wave +1  輕倉加碼/觀察

  [6115 鎰勝]  Wave -3 (from -1)  部分減持

  [6239 力成]  Wave -1  持有不動

  [6488 環球晶]  Wave -1 (from +1)  持有不動

  💾 Wave Score 已快取至 S:\股票筆記\journals\logs\2026-04-07_wave_scores.json

============================================================
  🔴 需即時處理：
    🔴 減持訊號  2382 廣達  現價 289.0  |  進入賣出區(+2.3%) 且 Wave +0，動能背離
    🔴 減持訊號  6115 鎰勝  現價 46.8  |  進入賣出區(+0.7%) 且 Wave -3，動能背離
  🟢 加碼機會：
    🟢 解凍  1215 卜蜂  現價 141.5  |  Wave -2 → +5，加碼條件成立
    🟢 買回區  1215 卜蜂  現價 141.5  |  進入回測買點 141.9～143.7
    🟢 買回區  1503 士電  現價 179.0  |  進入回測買點 180.7～186.5
    🟢 買回區  2317 鴻海  現價 192.0  |  進入回測買點 189.7～193.4
    🟢 解凍  2454 聯發科  現價 1470.0  |  Wave -3 → +3，加碼條件成立
    🟢 買回區  2454 聯發科  現價 1470.0  |  進入回測買點 1506.0～1548.2
    🟢 輕倉加碼  2546 根基  現價 79.5  |  Wave +2（上次 +0）
    🟢 買回區  2546 根基  現價 79.5  |  進入回測買點 79.5～80.5
    🟢 買回區  5483 中美晶  現價 106.0  |  進入回測買點 103.8～108.7
  🟡 觀察：
    🟡 賣出區（趨勢延伸）  2330 台積電  現價 1860.0  |  超賣出下緣 +2.4%，Wave +1 仍強，等爆量收黑訊號
    🟡 跌破月線  3231 緯創  現價 123.5  |  123.5 < MA20 128.7(-4.0%)
    🟡 賣出區（趨勢延伸）  3455 由田  現價 152.5  |  超賣出下緣 +23.6%，Wave +2 仍強，等爆量收黑訊號
    🟡 跌破月線  6239 力成  現價 192.0  |  192.0 < MA20 200.8(-4.4%)
    🟡 跌破月線  6488 環球晶  現價 412.0  |  412.0 < MA20 441.8(-6.7%)

  ✅ 戰術指南.md Wave Score 區塊已更新

 
完成。 
