============================================================ 
執行時間: 2026-04-27 
============================================================ 
[1/3] 執行持倉健診... 
[history] 已更新 2026-04-27：股票市值 2,508,884（現金 534,213 元）
報告已產生：S:\股票筆記\持倉健診_2026-04-27.md
# 📊 持倉健診報告 (2026-04-27)

## ⚠️ 需要注意的標的
| 代碼 | 名稱 | 現價 | 20MA | 損益% | 殖利率 | 狀態 |
|------|------|------|------|-------|--------|------|
| `1210` | 大成 | 53.70 | 54.36 | -1.2% | 5.33% | ⚠️ 跌破月線 |
| `1215` | 卜蜂 | 139.00 | 141.30 | +37.5% | 5.00% | ⚠️ 跌破月線 |
| `2002` | 中鋼 (China Steel) | 18.75 | 19.66 | -28.3% | 1.74% | ⚠️ 跌破月線 / 觸及-10%停損 (-28.3%) |
| `2006` | 東和鋼鐵 | 67.60 | 69.70 | -0.9% | 6.43% | ⚠️ 跌破月線 |
| `5483` | 中美晶 | 143.00 | 120.53 | -13.1% | 2.69% | ⚠️ 觸及-10%停損 (-13.1%) |
| `8069` | 元太 (E Ink Holdings) | 141.00 | 147.43 | -8.9% | 3.47% | ⚠️ 跌破月線 |

## ✅ 正常持倉
| 代碼 | 名稱 | 現價 | 20MA | 損益% | 殖利率 | 狀態 |
|------|------|------|------|-------|--------|------|
| `0050` | 元大台灣50 | 93.00 | 81.41 | +51.6% | 1.89% | ✅ 正常 |
| `0056` | 元大高股息 | 40.90 | 39.75 | +12.9% | 9.93% | ✅ 正常 |
| `00878` | 國泰永續高股息 | 25.00 | 23.41 | +19.3% | 7.80% | ✅ 正常 |
| `00919` | 群益台灣精選高息 | 23.33 | 23.00 | -3.8% | 11.80% | ✅ 正常 |
| `00929` | 復華台灣科技優息 | 22.17 | 20.46 | +15.2% | 5.34% | ✅ 正常 |
| `00940` | 元大台灣價值高息 | 10.24 | 9.96 | +3.5% | 5.01% | ✅ 正常 |
| `00946` | 群益科技高息成長 | 11.46 | 10.77 | +16.3% | 5.37% | ✅ 正常 |
| `009816` | 凱基台灣TOP50 | 13.17 | 11.55 | +26.8% | N/A | ✅ 正常 |
| `2301` | 光寶科 | 172.00 | 158.07 | +8.5% | 4.43% | ✅ 正常 |
| `2317` | 鴻海 (Hon Hai / Foxconn) | 228.00 | 205.35 | +11.7% | 2.62% | ✅ 正常 |
| `2330` | 台積電 (TSMC) | 2265.00 | 1984.25 | +77.6% | 1.10% | ✅ 正常 |
| `2357` | 華碩 | 588.00 | 579.10 | +2.9% | 5.81% | ✅ 正常 |
| `2408` | 南亞科 (Nanya Technology, DRAM) | 226.50 | 213.30 | -0.5% | N/A | ✅ 正常 |
| `2449` | 京元電子 | 283.50 | 279.18 | +3.8% | 1.40% | ✅ 正常 |
| `2454` | 聯發科 (MediaTek) | 2435.00 | 1801.75 | +57.0% | 2.20% | ✅ 正常 |
| `2493` | 揚博 | 123.50 | 123.38 | +49.1% | 3.36% | ✅ 正常 |
| `2546` | 根基 | 84.20 | 83.73 | +5.3% | 3.77% | ✅ 正常 |
| `2886` | 兆豐金 | 39.80 | 39.41 | +5.8% | 4.05% | ✅ 正常 |
| `3231` | 緯創 | 142.50 | 133.80 | +24.0% | 2.68% | ✅ 正常 |
| `6239` | 力成 | 217.00 | 207.07 | +29.8% | 3.33% | ✅ 正常 |
| `6488` | 環球晶 (GlobalWafers) | 620.00 | 499.88 | +11.9% | 1.32% | ✅ 正常 |

## 💼 資金桶檢查 (依 capital/capital_config.md)

### 現價口徑（風險 / 曝險視角）
| 桶別 | 現價市值 | 佔比 | 目標 | 狀態 |
|------|---------:|-----:|-----:|------|
| Core（底倉水庫）| 1,805,731 | 72.0% | 50% | 📌 📌 偏高，長線防禦性強 |
| Tactical（戰術水管）| 703,153 | 28.0% | 30% | ✅ |
| Cash（銀彈消防栓）| 534,213 | 17.6% | 20% | ✅ |
| **已投資合計** | **2,508,884** | 100% | | |

### 成本口徑（預算 / 投入視角）
| 桶別 | 成本基礎 | 佔比 | 現價市值 | 帳面損益 |
|------|---------:|-----:|---------:|---------:|
| Core | 1,607,891 | 69.5% | 1,805,731 | +197,840 (+12.3%) |
| Tactical | 705,959 | 30.5% | 703,153 | -2,806 (-0.4%) |
| **合計** | **2,313,850** | 100% | **2,508,884** | **+195,034** (+8.4%) |

> 💡 **雙口徑解讀**：現價口徑用於觸發「桶別佔比」警戒線（配置偏離）；成本口徑用於判斷「預算投入」是否超限（單一標的／單桶是否過度押注）。兩者可能差距很大：Tactical 帳面虧損會讓現價佔比「看起來」變小，但實際投入本金沒變。


## 🎯 單檔預算檢查 (依 capital/single_position_budget.md)
| 代碼 | 名稱 | Tier | 基準預算 | Override | 總上限 | 實際本金 | 狀態 |
|------|------|:----:|---------:|---------:|-------:|---------:|------|
| `2002` | 中鋼 | B | 200,000 | 0 | 200,000 | 342,565 | 🔴 超支 142,565 |
| `2330` | 台積電（波段） | C | 50,000 | 0 | 50,000 | 65,036 | 🔴 超支 15,036 |
| `2454` | 聯發科 | A | 200,000 | 0 | 200,000 | 43,434 | ✅ 22% |
| `6488` | 環球晶 | A | 200,000 | 0 | 200,000 | 110,862 | ✅ 55% |
| `2317` | 鴻海（波段） | C | 50,000 | 0 | 50,000 | 27,562 | ✅ 55% |
| `3231` | 緯創 | C | 50,000 | 0 | 50,000 | 28,955 | ✅ 58% |
| `2357` | 華碩 | C | 50,000 | 0 | 50,000 | 8,570 | ✅ 17% |
| `5483` | 中美晶 | C | 50,000 | 0 | 50,000 | 23,036 | ✅ 46% |
| `2408` | 南亞科 | C | 50,000 | 0 | 50,000 | 9,103 | ✅ 18% |
| `2449` | 京元電 | C | 50,000 | 0 | 50,000 | 3,279 | ✅ 7% |
| `2382` | 廣達 | C | 50,000 | 0 | 50,000 | 0 | ✅ 已清倉 |
| `2379` | 瑞昱 | C | 50,000 | 0 | 50,000 | 0 | ✅ 已清倉 |
| `1503` | 士電 | Exit | 0 | 0 | 0 | 0 | ✅ 已清倉 |
| `2376` | 技嘉 | Exit | 0 | 0 | 0 | 0 | ✅ 已清倉 |

**預算匯總**：基準 1,050,000 ／ Override 0 ／ 實際投入 662,402

> 🔴 **單檔預算越權警告**：2 檔超出總預算上限，詳見 `capital/single_position_budget.md` § 🚫 超支既有部位

 
[2/3] 記錄淨值快照... 
解析 28 個持股檔案...

[2026-04-27] 結算完成（28/28 檔）
  總市值：   2,508,884 元
  總成本：   2,295,813 元
  總損益：    +213,070 元  (+9.28%)

  今日已有記錄（2026-04-27），不重複寫入。

日期                      總市值         損益      損益%
--------------------------------------------------
2026-04-13        3,063,337                  
2026-04-14        3,090,747                  
2026-04-15        3,002,747                  
2026-04-16        3,140,530                  
2026-04-17        3,132,206                  
2026-04-20        3,071,606                  
2026-04-21        3,074,353                  
2026-04-22        3,077,695                  
2026-04-23        3,007,583                  
2026-04-27        3,043,096                   ← 今日

  vs 上次：+35,513 元  (+1.18%)
 
[3/4] 執行 Watchlist 掃描... 
== Watchlist 掃描 2026-04-27 ==

[2303] 2303_聯電 候補追蹤
  現價: 72.70  |  月線(20MA): 64.93 (+12.0%)  |  季線(60MA): 63.65 (+14.2%)
  ⚡ 量化觸發：
     • 股價突破季線：現價 72.7 站上季線 63.6（+14.2%）
  MD 更新：已新增今日紀錄

[2324] 2324_仁寶 候補追蹤
  現價: 30.00  |  月線(20MA): 29.21 (+2.7%)  |  季線(60MA): 30.85 (-2.8%)
  ⚡ 量化觸發：
     • 股價回測月線支撐：現價 30.0 距月線 29.2 僅 2.7%（月線回測中）
  MD 更新：已新增今日紀錄

[2337] 2337_旺宏 候補追蹤
  現價: 145.00  |  月線(20MA): 135.22 (+7.2%)  |  季線(60MA): 114.03 (+27.2%)
  ⚡ 量化觸發：
     • 股價突破季線：現價 145.0 站上季線 114.0（+27.2%）
  MD 更新：已新增今日紀錄

[2338] 2338_光罩 交易紀錄
  現價: 47.00  |  月線(20MA): 46.50 (+1.1%)  |  季線(60MA): 45.13 (+4.1%)
  ⚡ 量化觸發：
     • 股價回測月線支撐：現價 47.0 距月線 46.5 僅 1.1%（月線回測中）
     • 股價突破季線：現價 47.0 站上季線 45.1（+4.1%）
     • 股價跌近季線支撐：現價 47.0 距季線 45.1 僅 4.1%（季線回測）
  MD 更新：已新增今日紀錄

[2383] 2383_台光電 候補追蹤
  現價: 4730.00  |  月線(20MA): 3509.00 (+34.8%)  |  季線(60MA): 2666.08 (+77.4%)
  ⚡ 量化觸發：
     • 股價突破季線：現價 4730.0 站上季線 2666.1（+77.4%）
  MD 更新：已新增今日紀錄

[2412] 2412_中華電 候補追蹤
  現價: 137.00  |  月線(20MA): 135.28 (+1.3%)  |  季線(60MA): 134.84 (+1.6%)
  ⚡ 量化觸發：
     • 股價回測月線支撐：現價 137.0 距月線 135.3 僅 1.3%（月線回測中）
     • 股價突破季線：現價 137.0 站上季線 134.8（+1.6%）
     • 股價跌近季線支撐：現價 137.0 距季線 134.8 僅 1.6%（季線回測）
  MD 更新：已新增今日紀錄

[2454] 2454_聯發科 候補追蹤
  現價: 2435.00  |  月線(20MA): 1801.75 (+35.1%)  |  季線(60MA): 1755.50 (+38.7%)
  ⚡ 量化觸發：
     • 股價突破季線：現價 2435.0 站上季線 1755.5（+38.7%）
  MD 更新：已新增今日紀錄

[2486] 2486_一詮 候補追蹤
  現價: 224.50  |  月線(20MA): 180.68 (+24.3%)  |  季線(60MA): 150.73 (+48.9%)
  ⚡ 量化觸發：
     • 股價突破季線：現價 224.5 站上季線 150.7（+48.9%）
  MD 更新：已新增今日紀錄

[2891] 2891_中信金 候補追蹤
  現價: 52.70  |  月線(20MA): 53.45 (-1.4%)  |  季線(60MA): 52.42 (+0.5%)
  ⚡ 量化觸發：
     • 股價跌至月線下方：現價 52.7 跌破月線 53.5（需觀察是否企穩）
     • 股價突破季線：現價 52.7 站上季線 52.4（+0.5%）
     • 股價跌近季線支撐：現價 52.7 距季線 52.4 僅 0.5%（季線回測）
  MD 更新：已新增今日紀錄

[3037] 3037_欣興 候補追蹤
  現價: 839.00  |  月線(20MA): 624.38 (+34.4%)  |  季線(60MA): 492.78 (+70.3%)
  ⚡ 量化觸發：
     • 股價突破季線：現價 839.0 站上季線 492.8（+70.3%）
  MD 更新：已新增今日紀錄

[3045] 3045_台灣大 候補追蹤
  現價: 112.00  |  月線(20MA): 110.75 (+1.1%)  |  季線(60MA): 108.42 (+3.3%)
  ⚡ 量化觸發：
     • 股價回測月線支撐：現價 112.0 距月線 110.8 僅 1.1%（月線回測中）
     • 股價突破季線：現價 112.0 站上季線 108.4（+3.3%）
     • 股價跌近季線支撐：現價 112.0 距季線 108.4 僅 3.3%（季線回測）
  MD 更新：已新增今日紀錄

[3081] 3081_聯亞 交易紀錄
  現價: 2540.00  |  月線(20MA): 2299.00 (+10.5%)  |  季線(60MA): 1584.40 (+60.3%)
  ⚡ 量化觸發：
     • 股價突破季線：現價 2540.0 站上季線 1584.4（+60.3%）
  MD 更新：已新增今日紀錄

[3189] 3189_景碩 候補追蹤
  現價: 515.00  |  月線(20MA): 401.07 (+28.4%)  |  季線(60MA): 322.83 (+59.5%)
  ⚡ 量化觸發：
     • 股價突破季線：現價 515.0 站上季線 322.8（+59.5%）
  MD 更新：已新增今日紀錄

[3481] 3481_群創 交易紀錄
  現價: 24.30  |  月線(20MA): 25.50 (-4.7%)  |  季線(60MA): 25.28 (-3.9%)
  ⚡ 量化觸發：
     • 股價跌至月線下方：現價 24.3 跌破月線 25.5（需觀察是否企穩）
  MD 更新：已新增今日紀錄

[3587] 3587_閎康 候補追蹤
  現價: 313.00  |  月線(20MA): 294.77 (+6.2%)  |  季線(60MA): 236.76 (+32.2%)
  ⚡ 量化觸發：
     • 股價突破季線：現價 313.0 站上季線 236.8（+32.2%）
  MD 更新：已新增今日紀錄

[3661] 3661_世芯KY 候補追蹤
  現價: 4160.00  |  月線(20MA): 3285.75 (+26.6%)  |  季線(60MA): 3280.25 (+26.8%)
  ⚡ 量化觸發：
     • 股價突破季線：現價 4160.0 站上季線 3280.2（+26.8%）
  MD 更新：已新增今日紀錄

[3711] 3711_日月光投控 候補追蹤
  現價: 495.50  |  月線(20MA): 415.62 (+19.2%)  |  季線(60MA): 359.89 (+37.7%)
  ⚡ 量化觸發：
     • 股價突破季線：現價 495.5 站上季線 359.9（+37.7%）
  MD 更新：已新增今日紀錄

[4991] 4991_環宇-KY 交易紀錄
  現價: 570.00  |  月線(20MA): 559.52 (+1.9%)  |  季線(60MA): 388.57 (+46.7%)
  ⚡ 量化觸發：
     • 股價回測月線支撐：現價 570.0 距月線 559.5 僅 1.9%（月線回測中）
     • 股價突破季線：現價 570.0 站上季線 388.6（+46.7%）
  MD 更新：已新增今日紀錄

[6223] 6223_旺矽 交易紀錄
  現價: 4880.00  |  月線(20MA): 4453.50 (+9.6%)  |  季線(60MA): 3476.25 (+40.4%)
  ⚡ 量化觸發：
     • 股價突破季線：現價 4880.0 站上季線 3476.2（+40.4%）
  MD 更新：已新增今日紀錄

[6451] 6451_訊芯-KY 候補追蹤
  現價: 379.50  |  月線(20MA): 410.43 (-7.5%)  |  季線(60MA): 272.19 (+39.4%)
  ⚡ 量化觸發：
     • 股價跌至月線下方：現價 379.5 跌破月線 410.4（需觀察是否企穩）
     • 股價突破季線：現價 379.5 站上季線 272.2（+39.4%）
  MD 更新：已新增今日紀錄

[6789] 6789_采鈺 候補追蹤
  現價: 557.00  |  月線(20MA): 403.90 (+37.9%)  |  季線(60MA): 343.87 (+62.0%)
  ⚡ 量化觸發：
     • 股價突破季線：現價 557.0 站上季線 343.9（+62.0%）
  MD 更新：已新增今日紀錄

[8046] 8046_南電 候補追蹤
  現價: 913.00  |  月線(20MA): 688.70 (+32.6%)  |  季線(60MA): 534.19 (+70.9%)
  ⚡ 量化觸發：
     • 股價突破季線：現價 913.0 站上季線 534.2（+70.9%）
  MD 更新：已新增今日紀錄

[8299] 8299_群聯 候補追蹤
  現價: 1835.00  |  月線(20MA): 1655.25 (+10.9%)  |  季線(60MA): 1836.50 (-0.1%)
  目前無量化觸發訊號
  MD 更新：已新增今日紀錄

==================================================
!! 本次掃描共 22 檔觸發量化訊號，建議啟動研究：
  [2303] 2303_聯電 候補追蹤
    -> 股價突破季線：現價 72.7 站上季線 63.6（+14.2%）
  [2324] 2324_仁寶 候補追蹤
    -> 股價回測月線支撐：現價 30.0 距月線 29.2 僅 2.7%（月線回測中）
  [2337] 2337_旺宏 候補追蹤
    -> 股價突破季線：現價 145.0 站上季線 114.0（+27.2%）
  [2338] 2338_光罩 交易紀錄
    -> 股價回測月線支撐：現價 47.0 距月線 46.5 僅 1.1%（月線回測中）
    -> 股價突破季線：現價 47.0 站上季線 45.1（+4.1%）
    -> 股價跌近季線支撐：現價 47.0 距季線 45.1 僅 4.1%（季線回測）
  [2383] 2383_台光電 候補追蹤
    -> 股價突破季線：現價 4730.0 站上季線 2666.1（+77.4%）
  [2412] 2412_中華電 候補追蹤
    -> 股價回測月線支撐：現價 137.0 距月線 135.3 僅 1.3%（月線回測中）
    -> 股價突破季線：現價 137.0 站上季線 134.8（+1.6%）
    -> 股價跌近季線支撐：現價 137.0 距季線 134.8 僅 1.6%（季線回測）
  [2454] 2454_聯發科 候補追蹤
    -> 股價突破季線：現價 2435.0 站上季線 1755.5（+38.7%）
  [2486] 2486_一詮 候補追蹤
    -> 股價突破季線：現價 224.5 站上季線 150.7（+48.9%）
  [2891] 2891_中信金 候補追蹤
    -> 股價跌至月線下方：現價 52.7 跌破月線 53.5（需觀察是否企穩）
    -> 股價突破季線：現價 52.7 站上季線 52.4（+0.5%）
    -> 股價跌近季線支撐：現價 52.7 距季線 52.4 僅 0.5%（季線回測）
  [3037] 3037_欣興 候補追蹤
    -> 股價突破季線：現價 839.0 站上季線 492.8（+70.3%）
  [3045] 3045_台灣大 候補追蹤
    -> 股價回測月線支撐：現價 112.0 距月線 110.8 僅 1.1%（月線回測中）
    -> 股價突破季線：現價 112.0 站上季線 108.4（+3.3%）
    -> 股價跌近季線支撐：現價 112.0 距季線 108.4 僅 3.3%（季線回測）
  [3081] 3081_聯亞 交易紀錄
    -> 股價突破季線：現價 2540.0 站上季線 1584.4（+60.3%）
  [3189] 3189_景碩 候補追蹤
    -> 股價突破季線：現價 515.0 站上季線 322.8（+59.5%）
  [3481] 3481_群創 交易紀錄
    -> 股價跌至月線下方：現價 24.3 跌破月線 25.5（需觀察是否企穩）
  [3587] 3587_閎康 候補追蹤
    -> 股價突破季線：現價 313.0 站上季線 236.8（+32.2%）
  [3661] 3661_世芯KY 候補追蹤
    -> 股價突破季線：現價 4160.0 站上季線 3280.2（+26.8%）
  [3711] 3711_日月光投控 候補追蹤
    -> 股價突破季線：現價 495.5 站上季線 359.9（+37.7%）
  [4991] 4991_環宇-KY 交易紀錄
    -> 股價回測月線支撐：現價 570.0 距月線 559.5 僅 1.9%（月線回測中）
    -> 股價突破季線：現價 570.0 站上季線 388.6（+46.7%）
  [6223] 6223_旺矽 交易紀錄
    -> 股價突破季線：現價 4880.0 站上季線 3476.2（+40.4%）
  [6451] 6451_訊芯-KY 候補追蹤
    -> 股價跌至月線下方：現價 379.5 跌破月線 410.4（需觀察是否企穩）
    -> 股價突破季線：現價 379.5 站上季線 272.2（+39.4%）
  [6789] 6789_采鈺 候補追蹤
    -> 股價突破季線：現價 557.0 站上季線 343.9（+62.0%）
  [8046] 8046_南電 候補追蹤
    -> 股價突破季線：現價 913.0 站上季線 534.2（+70.9%）

注意：法人調升評等、外資加碼、供需報告等質化條件仍需人工確認。
 
[4/5] Wave Score 掃描（成長趨勢股）... 

============================================================
  Wave Score 掃描  [2026-04-27]  共 13 檔成長趨勢股
============================================================

  [1215 卜蜂]  Wave +2  輕倉加碼/觀察

  [2301 光寶科]  Wave +1 (from -1)  輕倉加碼/觀察

  [2317 鴻海]  Wave +1  輕倉加碼/觀察

  [2330 台積電]  Wave +4  加碼

  [2382 廣達]  Wave +1 (from +0)  輕倉加碼/觀察

  [2408 南亞科]  Wave +3 (from +0)  加碼

  [2449 京元電]  Wave +1 (from +0)  輕倉加碼/觀察

  [2454 聯發科]  Wave +1 (from +0)  輕倉加碼/觀察

  [2546 根基]  Wave -2  部分減持

  [3231 緯創]  Wave +2 (from +0)  輕倉加碼/觀察

  [5483 中美晶]  Wave +2 (from +0)  輕倉加碼/觀察

  [6239 力成]  Wave +1 (from -2)  輕倉加碼/觀察

  [6488 環球晶]  Wave +2 (from +1)  輕倉加碼/觀察

  💾 Wave Score 已快取至 S:\股票筆記\journals\logs\2026-04-27_wave_scores.json

============================================================
  🔴 需即時處理：
    🔴 減持訊號  2546 根基  現價 84.2  |  進入賣出區(+1.6%) 且 Wave -2，動能背離
  🟢 加碼機會：
    🟢 輕倉加碼  1215 卜蜂  現價 139.0  |  Wave +2（上次 無）
    🟢 輕倉加碼  2301 光寶科  現價 172.0  |  Wave +1（上次 -1）
    🟢 強力加碼  2330 台積電  現價 2265.0  |  Wave +4
    🟢 輕倉加碼  2382 廣達  現價 325.5  |  Wave +1（上次 +0）
    🟢 強力加碼  2408 南亞科  現價 226.5  |  Wave +3
    🟢 輕倉加碼  2449 京元電  現價 283.5  |  Wave +1（上次 +0）
    🟢 輕倉加碼  2454 聯發科  現價 2435.0  |  Wave +1（上次 +0）
    🟢 輕倉加碼  3231 緯創  現價 142.5  |  Wave +2（上次 +0）
    🟢 輕倉加碼  5483 中美晶  現價 143.0  |  Wave +2（上次 +0）
    🟢 解凍  6239 力成  現價 217.0  |  Wave -2 → +1，加碼條件成立
  🟡 觀察：
    🟡 賣出區（趨勢延伸）  2317 鴻海  現價 228.0  |  超賣出下緣 +13.0%，Wave +1 仍強，等爆量收黑訊號
    🟡 賣出區（趨勢延伸）  6488 環球晶  現價 620.0  |  超賣出下緣 +29.1%，Wave +2 仍強，等爆量收黑訊號

  ✅ 戰術指南.md Wave Score 區塊已更新

 
[5/5] 事件偵測（Layer 3 訊號）... 
[事件偵測] 2026-04-27 — 命中 13 個事件
  🔔 EVENT [2301 光寶科] WAVE_FLIP: Wave -1 → +1，動能方向翻轉
  🔔 EVENT [2330 台積電] NEAR_TARGET: 目標 觸發價 2297 元，現價 2265.0（-1.4%），確認 Wave +4 是否符合減持條件
  🔔 EVENT [2330 台積電] NEAR_TARGET: 目標 觸發價 2331 元，現價 2265.0（-2.8%），確認 Wave +4 是否符合減持條件
  🔔 EVENT [2382 廣達] NEAR_MA: 現價 325.5 距月線 311.1 僅 1.1 ATR（ATR=13.11），月線支撐待確認
  🔔 EVENT [2408 南亞科] NEAR_MA: 現價 226.5 距月線 213.3 僅 0.9 ATR（ATR=15.11），月線支撐待確認
  🔔 EVENT [2408 南亞科] WAVE_REGIME: Wave +0 → +3，跨越強弱邊界（±2）
  🔔 EVENT [2449 京元電] NEAR_MA: 現價 283.5 距月線 279.2 僅 0.3 ATR（ATR=15.82），月線支撐待確認
  🔔 EVENT [2546 根基] NEAR_MA: 現價 84.2 距月線 83.7 僅 0.3 ATR（ATR=1.69），月線支撐待確認
  🔔 EVENT [3231 緯創] WAVE_REGIME: Wave +0 → +2，跨越強弱邊界（±2）
  🔔 EVENT [5483 中美晶] WAVE_REGIME: Wave +0 → +2，跨越強弱邊界（±2）
  🔔 EVENT [6239 力成] NEAR_MA: 現價 217.0 距月線 207.1 僅 0.8 ATR（ATR=11.79），月線支撐待確認
  🔔 EVENT [6239 力成] WAVE_FLIP: Wave -2 → +1，動能方向翻轉
  🔔 EVENT [6488 環球晶] WAVE_REGIME: Wave +1 → +2，跨越強弱邊界（±2）

[事件偵測]
🔔 EVENT [2301 光寶科] WAVE_FLIP: Wave -1 → +1，動能方向翻轉
🔔 EVENT [2330 台積電] NEAR_TARGET: 目標 觸發價 2297 元，現價 2265.0（-1.4%），確認 Wave +4 是否符合減持條件
🔔 EVENT [2330 台積電] NEAR_TARGET: 目標 觸發價 2331 元，現價 2265.0（-2.8%），確認 Wave +4 是否符合減持條件
🔔 EVENT [2382 廣達] NEAR_MA: 現價 325.5 距月線 311.1 僅 1.1 ATR（ATR=13.11），月線支撐待確認
🔔 EVENT [2408 南亞科] NEAR_MA: 現價 226.5 距月線 213.3 僅 0.9 ATR（ATR=15.11），月線支撐待確認
🔔 EVENT [2408 南亞科] WAVE_REGIME: Wave +0 → +3，跨越強弱邊界（±2）
🔔 EVENT [2449 京元電] NEAR_MA: 現價 283.5 距月線 279.2 僅 0.3 ATR（ATR=15.82），月線支撐待確認
🔔 EVENT [2546 根基] NEAR_MA: 現價 84.2 距月線 83.7 僅 0.3 ATR（ATR=1.69），月線支撐待確認
🔔 EVENT [3231 緯創] WAVE_REGIME: Wave +0 → +2，跨越強弱邊界（±2）
🔔 EVENT [5483 中美晶] WAVE_REGIME: Wave +0 → +2，跨越強弱邊界（±2）
🔔 EVENT [6239 力成] NEAR_MA: 現價 217.0 距月線 207.1 僅 0.8 ATR（ATR=11.79），月線支撐待確認
🔔 EVENT [6239 力成] WAVE_FLIP: Wave -2 → +1，動能方向翻轉
🔔 EVENT [6488 環球晶] WAVE_REGIME: Wave +1 → +2，跨越強弱邊界（±2）
 
完成。 
