============================================================ 
執行時間: 2026-04-09 
============================================================ 
[1/3] 執行持倉健診... 
[history] 已更新 2026-04-09：股票市值 2,732,164（現金 304,959 元）
報告已產生：S:\股票筆記\持倉健診_2026-04-09.md
# 📊 持倉健診報告 (2026-04-09)

## ⚠️ 需要注意的標的
| 代碼 | 名稱 | 現價 | 20MA | 損益% | 殖利率 | 狀態 |
|------|------|------|------|-------|--------|------|
| `00919` | 群益台灣精選高息 | 22.86 | 22.91 | -5.7% | 10.19% | ⚠️ 跌破月線 |
| `1215` | 卜蜂 | 141.00 | 146.07 | +39.5% | 4.96% | ⚠️ 跌破月線 |
| `1503` | 士電 (Shihlin Electric) | 183.00 | 193.50 | -38.8% | 2.41% | ⚠️ 跌破月線 / 觸及-10%停損 (-38.8%) |
| `2002` | 中鋼 (China Steel) | 20.20 | 19.38 | -22.8% | 1.65% | ⚠️ 觸及-10%停損 (-22.8%) |
| `2317` | 鴻海 (Hon Hai / Foxconn) | 200.00 | 202.53 | -2.0% | 2.88% | ⚠️ 跌破月線 |
| `2357` | 華碩 | 568.00 | 572.35 | -0.6% | 6.05% | ⚠️ 跌破月線 |
| `2376` | 技嘉 | 251.00 | 236.07 | -24.4% | 4.09% | ⚠️ 觸及-10%停損 (-24.4%) |
| `2454` | 聯發科 (MediaTek) | 1575.00 | 1620.75 | +0.1% | 3.39% | ⚠️ 跌破月線 |
| `5483` | 中美晶 | 113.00 | 114.12 | -31.3% | 3.13% | ⚠️ 跌破月線 / 觸及-10%停損 (-31.3%) |
| `6488` | 環球晶 (GlobalWafers) | 447.50 | 442.38 | -23.2% | 1.77% | ⚠️ 觸及-10%停損 (-23.2%) |
| `8069` | 元太 (E Ink Holdings) | 144.00 | 146.78 | -16.6% | 3.36% | ⚠️ 跌破月線 / 觸及-10%停損 (-16.6%) |

## ✅ 正常持倉
| 代碼 | 名稱 | 現價 | 20MA | 損益% | 殖利率 | 狀態 |
|------|------|------|------|-------|--------|------|
| `0050` | 元大台灣50 | 79.15 | 75.88 | +29.0% | 1.68% | ✅ 正常 |
| `0056` | 元大高股息 | 39.08 | 38.47 | +7.9% | 9.06% | ✅ 正常 |
| `00878` | 國泰永續高股息 | 22.90 | 22.38 | +9.6% | 7.09% | ✅ 正常 |
| `00929` | 復華台灣科技優息 | 19.65 | 19.44 | +2.1% | 4.07% | ✅ 正常 |
| `00940` | 元大台灣價值高息 | 9.79 | 9.67 | -1.0% | 4.50% | ✅ 正常 |
| `00946` | 群益科技高息成長 | 10.43 | 10.13 | +5.9% | 4.76% | ✅ 正常 |
| `009816` | 凱基台灣TOP50 | 11.19 | 10.74 | +7.7% | N/A | ✅ 正常 |
| `1210` | 大成 | 54.40 | 53.88 | +0.1% | 5.19% | ✅ 正常 |
| `2330` | 台積電 (TSMC) | 1955.00 | 1854.75 | +54.9% | 1.23% | ✅ 正常 |
| `2379` | 瑞昱 (Realtek) | 512.00 | 484.60 | +7.6% | 5.05% | ✅ 正常 |
| `2382` | 廣達 (Quanta Computer) | 313.00 | 288.70 | +10.8% | 4.23% | ✅ 正常 |
| `2493` | 揚博 | 116.50 | 109.38 | +40.7% | 3.46% | ✅ 正常 |
| `2546` | 根基 | 85.40 | 82.44 | +6.8% | 4.04% | ✅ 正常 |
| `2886` | 兆豐金 | 39.75 | 39.03 | +5.7% | 4.07% | ✅ 正常 |
| `3231` | 緯創 | 132.50 | 129.00 | +15.3% | 2.90% | ✅ 正常 |
| `3455` | 由田 (Utechzone) | 184.00 | 133.03 | +44.1% | 4.18% | ✅ 正常 |
| `6115` | 鎰勝 | 46.95 | 46.87 | -0.8% | 6.81% | ✅ 正常 |
| `6239` | 力成 | 209.50 | 200.95 | +29.4% | 3.32% | ✅ 正常 |
> ⚠️ **資金越權警告**：Tactical 佔比超過 35% 上限！


## 💼 資金桶檢查 (依 capital/capital_config.md)
| 桶別 | 市值 | 佔比 | 目標 | 狀態 |
|------|------|------|------|------|
| Core（底倉水庫）| 1,752,189 | 64.1% | 50% | 📌 📌 偏高，長線防禦性強 |
| Tactical（戰術水管）| 979,975 | 35.9% | 30% | ⚠️ ⚠️ 超出上限 (35%) |
| Cash（銀彈消防栓）| （請手動填入）| — | 20% | — |
| **已投資合計** | **2,732,164** | 100% | | |

 
[2/3] 記錄淨值快照... 
解析 29 個持股檔案...

[2026-04-09] 結算完成（29/29 檔）
  總市值：   2,732,164 元
  總成本：   2,645,768 元
  總損益：     +86,396 元  (+3.27%)

  今日已有記錄（2026-04-09），不重複寫入。

日期                      總市值         損益      損益%
--------------------------------------------------
2026-03-26        2,882,996                  
2026-03-27        2,879,851                  
2026-03-30        2,834,322                  
2026-03-31        2,793,664                  
2026-04-01        2,799,871                  
2026-04-04        2,864,470                  
2026-04-07        2,930,301                  
2026-04-08        2,999,411                  
2026-04-09        3,037,122                  
2026-04-09        2,732,164    +86,396   +3.27% ← 今日

  vs 上次：-304,959 元  (-10.04%)
 
[3/4] 執行 Watchlist 掃描... 
== Watchlist 掃描 2026-04-09 ==

[2301] 2301_光寶科 候補追蹤
  無法取得市場資料，跳過。

[2303] 2303_聯電 候補追蹤
  無法取得市場資料，跳過。

[2324] 2324_仁寶 候補追蹤
  無法取得市場資料，跳過。

[2337] 2337_旺宏 候補追蹤
  無法取得市場資料，跳過。

[2338] 2338_光罩 交易紀錄
  無法取得市場資料，跳過。

[2412] 2412_中華電 候補追蹤
  無法取得市場資料，跳過。

[2449] 2449_京元電 候補追蹤
  無法取得市場資料，跳過。

[2454] 2454_聯發科 候補追蹤
  無法取得市場資料，跳過。

[2891] 2891_中信金 候補追蹤
  無法取得市場資料，跳過。

[3037] 3037_欣興 候補追蹤
  無法取得市場資料，跳過。

[3045] 3045_台灣大 候補追蹤
  無法取得市場資料，跳過。

[3081] 3081_聯亞 交易紀錄
  無法取得市場資料，跳過。

[3481] 3481_群創 交易紀錄
  無法取得市場資料，跳過。

[3711] 3711_日月光投控 候補追蹤
  無法取得市場資料，跳過。

[4991] 4991_環宇-KY 交易紀錄
  無法取得市場資料，跳過。

[6223] 6223_旺矽 交易紀錄
  無法取得市場資料，跳過。

[8046] 8046_南電 候補追蹤
  無法取得市場資料，跳過。

==================================================
本次掃描無量化觸發訊號，候補股持續觀察中。

注意：法人調升評等、外資加碼、供需報告等質化條件仍需人工確認。
 
[4/4] Wave Score 掃描（成長趨勢股）... 

============================================================
  Wave Score 掃描  [2026-04-09]  共 13 檔成長趨勢股
============================================================

  [1215 卜蜂]  Wave +3 (from +2)  加碼

  [1503 士電]  Wave +2 (from +1)  輕倉加碼/觀察

  [2317 鴻海]  Wave -1  持有不動

  [2330 台積電]  Wave +3  加碼

  [2382 廣達]  Wave +4  加碼

  [2454 聯發科]  Wave +0 (from +1)  持有不動

  [2546 根基]  Wave -1 (from +1)  持有不動

  [3231 緯創]  Wave +2 (from -1)  輕倉加碼/觀察

  [3455 由田]  Wave +2 (from +1)  輕倉加碼/觀察

  [5483 中美晶]  Wave -1  持有不動

  [6115 鎰勝]  Wave -1 (from +0)  持有不動

  [6239 力成]  Wave -1 (from +0)  持有不動

  [6488 環球晶]  Wave -1  持有不動

  💾 Wave Score 已快取至 S:\股票筆記\journals\logs\2026-04-09_wave_scores.json

============================================================
  🔴 需即時處理：
    🔴 減持訊號  2317 鴻海  現價 200.0  |  進入賣出區(+0.3%) 且 Wave -1，動能背離
    🔴 減持訊號  2546 根基  現價 85.4  |  進入賣出區(+4.7%) 且 Wave -1，動能背離
    🔴 減持訊號  5483 中美晶  現價 113.0  |  進入賣出區(+1.4%) 且 Wave -1，動能背離
    🔴 減持訊號  6115 鎰勝  現價 47.0  |  進入賣出區(+0.7%) 且 Wave -1，動能背離
    🔴 減持訊號  6239 力成  現價 209.5  |  進入賣出區(+7.5%) 且 Wave -1，動能背離
    🔴 減持訊號  6488 環球晶  現價 447.5  |  進入賣出區(+3.6%) 且 Wave -1，動能背離
  🟢 加碼機會：
    🟢 強力加碼  1215 卜蜂  現價 141.0  |  Wave +3
    🟢 買回區  1215 卜蜂  現價 141.0  |  進入回測買點 140.1～142.0
    🟢 買回區  1503 士電  現價 183.0  |  進入回測買點 178.8～184.5
    🟢 強力加碼  2330 台積電  現價 1955.0  |  Wave +3
    🟢 強力加碼  2382 廣達  現價 313.0  |  Wave +4
    🟢 輕倉加碼  3231 緯創  現價 132.5  |  Wave +2（上次 -1）
  🟡 觀察：
    🟡 跌破月線  2454 聯發科  現價 1575.0  |  1575.0 < MA20 1620.8(-2.8%)
    🟡 接近賣出區  2454 聯發科  現價 1575.0  |  距賣出下緣 1587.5 僅 0.8%
    🟡 賣出區（趨勢延伸）  3455 由田  現價 184.0  |  超賣出下緣 +43.0%，Wave +2 仍強，等爆量收黑訊號

  ✅ 戰術指南.md Wave Score 區塊已更新

 
完成。 
