============================================================ 
執行時間: 2026-04-21 
============================================================ 
[1/3] 執行持倉健診... 
[history] 已更新 2026-04-21：股票市值 2,540,141（現金 534,213 元）
報告已產生：S:\股票筆記\持倉健診_2026-04-21.md
# 📊 持倉健診報告 (2026-04-21)

## ⚠️ 需要注意的標的
| 代碼 | 名稱 | 現價 | 20MA | 損益% | 殖利率 | 狀態 |
|------|------|------|------|-------|--------|------|
| `1210` | 大成 | 54.00 | 54.41 | +6.4% | 5.14% | ⚠️ 跌破月線 |
| `2002` | 中鋼 (China Steel) | 19.75 | 19.71 | -24.5% | 1.66% | ⚠️ 觸及-10%停損 (-24.5%) |
| `5483` | 中美晶 | 135.50 | 117.38 | -17.6% | 2.66% | ⚠️ 觸及-10%停損 (-17.6%) |

## ✅ 正常持倉
| 代碼 | 名稱 | 現價 | 20MA | 損益% | 殖利率 | 狀態 |
|------|------|------|------|-------|--------|------|
| `0050` | 元大台灣50 | 86.05 | 78.67 | +40.2% | 1.89% | ✅ 正常 |
| `0056` | 元大高股息 | 41.97 | 39.15 | +15.9% | 9.93% | ✅ 正常 |
| `00878` | 國泰永續高股息 | 24.72 | 22.88 | +17.9% | 7.80% | ✅ 正常 |
| `00919` | 群益台灣精選高息 | 23.64 | 22.81 | -2.5% | 11.80% | ✅ 正常 |
| `00929` | 復華台灣科技優息 | 21.99 | 19.90 | +14.3% | 5.34% | ✅ 正常 |
| `00940` | 元大台灣價值高息 | 10.42 | 9.82 | +5.4% | 5.01% | ✅ 正常 |
| `00946` | 群益科技高息成長 | 11.56 | 10.47 | +17.4% | 5.37% | ✅ 正常 |
| `009816` | 凱基台灣TOP50 | 12.31 | 11.14 | +18.5% | N/A | ✅ 正常 |
| `1215` | 卜蜂 | 143.00 | 142.55 | +41.4% | 4.91% | ✅ 正常 |
| `2301` | 光寶科 | 171.50 | 154.90 | +8.2% | 4.55% | ✅ 正常 |
| `2317` | 鴻海 (Hon Hai / Foxconn) | 211.00 | 200.15 | +3.4% | 2.80% | ✅ 正常 |
| `2330` | 台積電 (TSMC) | 2065.00 | 1921.25 | +61.9% | 1.19% | ✅ 正常 |
| `2357` | 華碩 | 598.00 | 573.40 | +4.7% | 5.62% | ✅ 正常 |
| `2382` | 廣達 (Quanta Computer) | 340.50 | 302.48 | +20.6% | 3.95% | ✅ 正常 |
| `2408` | 南亞科 (Nanya Technology, DRAM) | 219.50 | 214.88 | -3.6% | N/A | ✅ 正常 |
| `2449` | 京元電子 | 282.00 | 279.55 | +3.2% | 1.45% | ✅ 正常 |
| `2454` | 聯發科 (MediaTek) | 2090.00 | 1655.50 | +34.7% | 2.82% | ✅ 正常 |
| `2493` | 揚博 | 135.50 | 120.47 | +63.6% | 2.93% | ✅ 正常 |
| `2546` | 根基 | 86.00 | 83.36 | +7.6% | 3.72% | ✅ 正常 |
| `2886` | 兆豐金 | 39.35 | 39.24 | +4.6% | 4.03% | ✅ 正常 |
| `3231` | 緯創 | 144.00 | 130.88 | +25.3% | 2.70% | ✅ 正常 |
| `6239` | 力成 | 214.50 | 203.82 | +32.5% | 3.37% | ✅ 正常 |
| `6488` | 環球晶 (GlobalWafers) | 596.00 | 470.00 | +7.5% | 1.40% | ✅ 正常 |
| `8069` | 元太 (E Ink Holdings) | 153.00 | 146.65 | -1.1% | 3.16% | ✅ 正常 |

## 💼 資金桶檢查 (依 capital/capital_config.md)

### 現價口徑（風險 / 曝險視角）
| 桶別 | 現價市值 | 佔比 | 目標 | 狀態 |
|------|---------:|-----:|-----:|------|
| Core（底倉水庫）| 1,880,177 | 74.0% | 50% | 📌 📌 偏高，長線防禦性強 |
| Tactical（戰術水管）| 659,964 | 26.0% | 30% | ✅ |
| Cash（銀彈消防栓）| （請手動填入）| — | 20% | — |
| **已投資合計** | **2,540,141** | 100% | | |

### 成本口徑（預算 / 投入視角）
| 桶別 | 成本基礎 | 佔比 | 現價市值 | 帳面損益 |
|------|---------:|-----:|---------:|---------:|
| Core | 1,626,358 | 70.7% | 1,880,177 | +253,819 (+15.6%) |
| Tactical | 674,075 | 29.3% | 659,964 | -14,111 (-2.1%) |
| **合計** | **2,300,433** | 100% | **2,540,141** | **+239,708** (+10.4%) |

> 💡 **雙口徑解讀**：現價口徑用於觸發「桶別佔比」警戒線（配置偏離）；成本口徑用於判斷「預算投入」是否超限（單一標的／單桶是否過度押注）。兩者可能差距很大：Tactical 帳面虧損會讓現價佔比「看起來」變小，但實際投入本金沒變。


## 🎯 單檔預算檢查 (依 capital/single_position_budget.md)
| 代碼 | 名稱 | Tier | 基準預算 | Override | 總上限 | 實際本金 | 狀態 |
|------|------|:----:|---------:|---------:|-------:|---------:|------|
| `2002` | 中鋼 | B | 200,000 | 0 | 200,000 | 342,565 | 🔴 超支 142,565 |
| `2330` | 台積電（波段） | C | 50,000 | 0 | 50,000 | 65,036 | 🔴 超支 15,036 |
| `2454` | 聯發科 | A | 200,000 | 0 | 200,000 | 43,434 | ✅ 22% |
| `6488` | 環球晶 | A | 200,000 | 0 | 200,000 | 110,862 | ✅ 55% |
| `2317` | 鴻海（波段） | C | 50,000 | 0 | 50,000 | 27,562 | ✅ 55% |
| `3231` | 緯創 | C | 50,000 | 0 | 50,000 | 28,955 | ✅ 58% |
| `2382` | 廣達 | C | 50,000 | 0 | 50,000 | 5,648 | ✅ 11% |
| `2357` | 華碩 | C | 50,000 | 0 | 50,000 | 8,570 | ✅ 17% |
| `5483` | 中美晶 | C | 50,000 | 0 | 50,000 | 23,036 | ✅ 46% |
| `2408` | 南亞科 | C | 50,000 | 0 | 50,000 | 9,103 | ✅ 18% |
| `2449` | 京元電 | C | 50,000 | 0 | 50,000 | 3,279 | ✅ 7% |
| `2379` | 瑞昱 | C | 50,000 | 0 | 50,000 | 0 | ✅ 已清倉 |
| `1503` | 士電 | Exit | 0 | 0 | 0 | 0 | ✅ 已清倉 |
| `2376` | 技嘉 | Exit | 0 | 0 | 0 | 0 | ✅ 已清倉 |

**預算匯總**：基準 1,050,000 ／ Override 0 ／ 實際投入 668,050

> 🔴 **單檔預算越權警告**：2 檔超出總預算上限，詳見 `capital/single_position_budget.md` § 🚫 超支既有部位

 
[2/3] 記錄淨值快照... 
解析 27 個持股檔案...

[2026-04-21] 結算完成（27/27 檔）
  總市值：   2,539,488 元
  總成本：   2,300,490 元
  總損益：    +238,998 元  (+10.39%)

  今日已有記錄（2026-04-21），不重複寫入。

日期                      總市值         損益      損益%
--------------------------------------------------
2026-04-09        3,045,423                  
2026-04-10        3,084,685                  
2026-04-13        3,063,337                  
2026-04-14        3,090,747                  
2026-04-15        3,002,747                  
2026-04-16        3,140,530                  
2026-04-17        3,132,206                  
2026-04-20        3,071,606                  
2026-04-21        3,074,353                  
2026-04-21        2,539,488   +238,998  +10.39% ← 今日

  vs 上次：-534,866 元  (-17.40%)
 
[3/4] 執行 Watchlist 掃描... 
== Watchlist 掃描 2026-04-21 ==

[2006] 2006_東和鋼鐵 候補追蹤
  無法取得市場資料，跳過。

[2303] 2303_聯電 候補追蹤
  無法取得市場資料，跳過。

[2324] 2324_仁寶 候補追蹤
  無法取得市場資料，跳過。

[2337] 2337_旺宏 候補追蹤
  無法取得市場資料，跳過。

[2338] 2338_光罩 交易紀錄
  無法取得市場資料，跳過。

[2383] 2383_台光電 候補追蹤
  無法取得市場資料，跳過。

[2412] 2412_中華電 候補追蹤
  無法取得市場資料，跳過。

[2454] 2454_聯發科 候補追蹤
  無法取得市場資料，跳過。

[2486] 2486_一詮 候補追蹤
  無法取得市場資料，跳過。

[2891] 2891_中信金 候補追蹤
  無法取得市場資料，跳過。

[3037] 3037_欣興 候補追蹤
  無法取得市場資料，跳過。

[3045] 3045_台灣大 候補追蹤
  無法取得市場資料，跳過。

[3081] 3081_聯亞 交易紀錄
  無法取得市場資料，跳過。

[3481] 3481_群創 交易紀錄
  無法取得市場資料，跳過。

[3587] 3587_閎康 候補追蹤
  無法取得市場資料，跳過。

[3711] 3711_日月光投控 候補追蹤
  無法取得市場資料，跳過。

[4991] 4991_環宇-KY 交易紀錄
  無法取得市場資料，跳過。

[6223] 6223_旺矽 交易紀錄
  無法取得市場資料，跳過。

[6451] 6451_訊芯-KY 候補追蹤
  無法取得市場資料，跳過。

[8046] 8046_南電 候補追蹤
  無法取得市場資料，跳過。

[8299] 8299_群聯 候補追蹤
  無法取得市場資料，跳過。

==================================================
本次掃描無量化觸發訊號，候補股持續觀察中。

注意：法人調升評等、外資加碼、供需報告等質化條件仍需人工確認。
 
[4/5] Wave Score 掃描（成長趨勢股）... 

============================================================
  Wave Score 掃描  [2026-04-21]  共 13 檔成長趨勢股
============================================================

  [1215 卜蜂]  Wave +0  持有不動

  [2301 光寶科]  Wave +1  輕倉加碼/觀察

  [2317 鴻海]  Wave +3 (from +0)  加碼

  [2330 台積電]  Wave +3 (from +2)  加碼

  [2382 廣達]  Wave +2  輕倉加碼/觀察

  [2408 南亞科]  Wave +2  輕倉加碼/觀察

  [2449 京元電]  Wave +2  輕倉加碼/觀察

  [2454 聯發科]  Wave +1 (from +0)  輕倉加碼/觀察

  [2546 根基]  Wave -1 (from +1)  持有不動

  [3231 緯創]  Wave +1  輕倉加碼/觀察

  [5483 中美晶]  Wave +2 (from +0)  輕倉加碼/觀察

  [6239 力成]  Wave +0 (from -1)  持有不動

  [6488 環球晶]  Wave +1  輕倉加碼/觀察

  💾 Wave Score 已快取至 S:\股票筆記\journals\logs\2026-04-21_wave_scores.json

============================================================
  🔴 需即時處理：
    🔴 減持訊號  1215 卜蜂  現價 142.5  |  進入賣出區(+1.2%) 且 Wave +0，動能背離
    🔴 減持訊號  2546 根基  現價 85.9  |  進入賣出區(+4.2%) 且 Wave -1，動能背離
    🔴 減持訊號  6239 力成  現價 213.0  |  進入賣出區(+7.6%) 且 Wave +0，動能背離
  🟢 加碼機會：
    🟢 強力加碼  2317 鴻海  現價 211.0  |  Wave +3
    🟢 強力加碼  2330 台積電  現價 2050.0  |  Wave +3
    🟢 輕倉加碼  2454 聯發科  現價 2090.0  |  Wave +1（上次 +0）
    🟢 輕倉加碼  5483 中美晶  現價 134.5  |  Wave +2（上次 +0）
  🟡 觀察：
    🟡 賣出區（趨勢延伸）  2301 光寶科  現價 171.5  |  超賣出下緣 +13.4%，Wave +1 仍強，等爆量收黑訊號
    🟡 賣出區（趨勢延伸）  2382 廣達  現價 340.0  |  超賣出下緣 +14.6%，Wave +2 仍強，等爆量收黑訊號
    🟡 賣出區（趨勢延伸）  2408 南亞科  現價 220.0  |  超賣出下緣 +6.1%，Wave +2 仍強，等爆量收黑訊號
    🟡 賣出區（趨勢延伸）  2449 京元電  現價 281.0  |  超賣出下緣 +3.4%，Wave +2 仍強，等爆量收黑訊號
    🟡 賣出區（趨勢延伸）  3231 緯創  現價 144.5  |  超賣出下緣 +12.3%，Wave +1 仍強，等爆量收黑訊號
    🟡 賣出區（趨勢延伸）  6488 環球晶  現價 597.0  |  超賣出下緣 +31.5%，Wave +1 仍強，等爆量收黑訊號

  ✅ 戰術指南.md Wave Score 區塊已更新

 
[5/5] 事件偵測（Layer 3 訊號）... 
[事件偵測] 2026-04-21 — 命中 9 個事件
  🔔 EVENT [2317 鴻海] WAVE_REGIME: Wave +0 → +3，跨越強弱邊界（±2）
  🔔 EVENT [2408 南亞科] NEAR_MA: 現價 220.0 距月線 214.9 僅 0.3 ATR（ATR=15.29），月線支撐待確認
  🔔 EVENT [2449 京元電] NEAR_MA: 現價 281.0 距月線 279.5 僅 0.1 ATR（ATR=15.61），月線支撐待確認
  🔔 EVENT [2546 根基] NEAR_MA: 現價 85.9 距月線 83.4 僅 1.4 ATR（ATR=1.80），月線支撐待確認
  🔔 EVENT [2546 根基] WAVE_FLIP: Wave +1 → -1，動能方向翻轉
  🔔 EVENT [5483 中美晶] WAVE_REGIME: Wave +0 → +2，跨越強弱邊界（±2）
  🔔 EVENT [6239 力成] NEAR_MA: 現價 213.0 距月線 203.8 僅 0.8 ATR（ATR=11.43），月線支撐待確認
  🔔 EVENT [6239 力成] WAVE_FLIP: Wave -1 → +0，動能方向翻轉
  🔔 EVENT [6488 環球晶] WAVE_FLIP: Wave -2 → +1，動能方向翻轉
Traceback (most recent call last):
  File "S:\股票筆記\scripts\event_detector.py", line 326, in <module>
    main()
    ~~~~^^
  File "S:\股票筆記\scripts\event_detector.py", line 318, in main
    append_to_scan_log(log_lines, today_str)
    ~~~~~~~~~~~~~~~~~~^^^^^^^^^^^^^^^^^^^^^^
  File "S:\股票筆記\scripts\event_detector.py", line 81, in append_to_scan_log
    with open(log_path, 'a', encoding='utf-8') as f:
         ~~~~^^^^^^^^^^^^^^^^^^^^^^^^^^^^^^^^^
PermissionError: [Errno 13] Permission denied: 'S:\\股票筆記\\journals\\logs\\2026-04-21_scan.log'
 
完成。 
