============================================================ 
Start: 2026-04-30 
============================================================ 
[1/5] portfolio_report.py 
[history] 已更新 2026-04-30：股票市值 2,483,615（現金 516,465 元）
報告已產生：S:\股票筆記\持倉健診_2026-04-30.md
# 📊 持倉健診報告 (2026-04-30)

## ⚠️ 需要注意的標的
| 代碼 | 名稱 | 現價 | 20MA | 損益% | 殖利率 | 狀態 |
|------|------|------|------|-------|--------|------|
| `1210` | 大成 | 53.40 | 54.26 | -1.7% | 5.27% | ⚠️ 跌破月線 |
| `1215` | 卜蜂 | 138.50 | 141.30 | +36.6% | 5.00% | ⚠️ 跌破月線 |
| `2002` | 中鋼 (China Steel) | 18.75 | 19.61 | -28.3% | 1.74% | ⚠️ 跌破月線 / 觸及-10%停損 (-28.3%) |
| `2006` | 東和鋼鐵 | 65.20 | 69.39 | -3.5% | 6.41% | ⚠️ 跌破月線 |
| `2357` | 華碩 | 581.00 | 582.55 | +1.7% | 5.78% | ⚠️ 跌破月線 |
| `2408` | 南亞科 (Nanya Technology, DRAM) | 215.50 | 215.78 | -5.3% | N/A | ⚠️ 跌破月線 |
| `2493` | 揚博 | 123.00 | 125.70 | +48.5% | 3.21% | ⚠️ 跌破月線 |
| `2886` | 兆豐金 | 39.10 | 39.57 | +4.0% | 3.99% | ⚠️ 跌破月線 |
| `5483` | 中美晶 | 134.00 | 123.83 | -18.6% | 2.67% | ⚠️ 觸及-10%停損 (-18.6%) |
| `6239` | 力成 | 203.00 | 209.47 | +23.0% | 3.42% | ⚠️ 跌破月線 |
| `8069` | 元太 (E Ink Holdings) | 137.50 | 147.12 | -11.1% | 3.58% | ⚠️ 跌破月線 / 觸及-10%停損 (-11.1%) |

## ✅ 正常持倉
| 代碼 | 名稱 | 現價 | 20MA | 損益% | 殖利率 | 狀態 |
|------|------|------|------|-------|--------|------|
| `0050` | 元大台灣50 | 90.50 | 84.01 | +47.5% | 1.89% | ✅ 正常 |
| `0056` | 元大高股息 | 40.90 | 40.23 | +12.9% | 9.93% | ✅ 正常 |
| `00878` | 國泰永續高股息 | 25.39 | 23.90 | +21.1% | 7.80% | ✅ 正常 |
| `00919` | 群益台灣精選高息 | 23.65 | 23.20 | -2.4% | 11.80% | ✅ 正常 |
| `00929` | 復華台灣科技優息 | 22.24 | 20.94 | +15.6% | 5.34% | ✅ 正常 |
| `00940` | 元大台灣價值高息 | 10.34 | 10.08 | +4.6% | 5.01% | ✅ 正常 |
| `00946` | 群益科技高息成長 | 11.66 | 10.99 | +18.4% | 5.37% | ✅ 正常 |
| `009816` | 凱基台灣TOP50 | 13.05 | 11.95 | +25.6% | N/A | ✅ 正常 |
| `2301` | 光寶科 | 166.00 | 161.50 | +4.7% | 4.35% | ✅ 正常 |
| `2317` | 鴻海 (Hon Hai / Foxconn) | 219.50 | 209.80 | +7.5% | 2.58% | ✅ 正常 |
| `2330` | 台積電 (TSMC) | 2135.00 | 2042.75 | +67.4% | 1.10% | ✅ 正常 |
| `2449` | 京元電子 | 302.50 | 282.07 | +10.7% | 1.41% | ✅ 正常 |
| `2454` | 聯發科 (MediaTek) | 2610.00 | 1962.50 | +68.3% | 2.08% | ✅ 正常 |
| `2546` | 根基 | 84.50 | 84.38 | +5.7% | 3.75% | ✅ 正常 |
| `3231` | 緯創 | 137.00 | 135.95 | +19.2% | 2.70% | ✅ 正常 |
| `6488` | 環球晶 (GlobalWafers) | 580.00 | 519.42 | +4.6% | 1.44% | ✅ 正常 |

## 💼 資金桶檢查 (依 capital/capital_config.md)

### 現價口徑（風險 / 曝險視角）
| 桶別 | 現價市值 | 佔比 | 目標 | 狀態 |
|------|---------:|-----:|-----:|------|
| Core（底倉水庫）| 1,776,290 | 71.5% | 50% | 📌 📌 偏高，長線防禦性強 |
| Tactical（戰術水管）| 707,324 | 28.5% | 30% | ✅ |
| Cash（銀彈消防栓）| 516,465 | 17.2% | 20% | ✅ |
| **已投資合計** | **2,483,615** | 100% | | |

### 成本口徑（預算 / 投入視角）
| 桶別 | 成本基礎 | 佔比 | 現價市值 | 帳面損益 |
|------|---------:|-----:|---------:|---------:|
| Core | 1,589,303 | 68.6% | 1,776,290 | +186,987 (+11.8%) |
| Tactical | 725,876 | 31.4% | 707,324 | -18,552 (-2.6%) |
| **合計** | **2,315,179** | 100% | **2,483,615** | **+168,436** (+7.3%) |

> 💡 **雙口徑解讀**：現價口徑用於觸發「桶別佔比」警戒線（配置偏離）；成本口徑用於判斷「預算投入」是否超限（單一標的／單桶是否過度押注）。兩者可能差距很大：Tactical 帳面虧損會讓現價佔比「看起來」變小，但實際投入本金沒變。


## 🎯 單檔預算檢查 (依 capital/single_position_budget.md)
| 代碼 | 名稱 | Tier | 基準預算 | Override | 總上限 | 實際本金 | 狀態 |
|------|------|:----:|---------:|---------:|-------:|---------:|------|
| `2002` | 中鋼 | B | 200,000 | 0 | 200,000 | 342,565 | 🔴 超支 142,565 |
| `2330` | 台積電（波段） | C | 50,000 | 0 | 50,000 | 65,036 | 🔴 超支 15,036 |
| `2454` | 聯發科 | A | 200,000 | 0 | 200,000 | 43,434 | ✅ 22% |
| `6488` | 環球晶 | A | 200,000 | 0 | 200,000 | 110,862 | ✅ 55% |
| `2317` | 鴻海（波段） | C | 50,000 | 0 | 50,000 | 27,562 | ✅ 55% |
| `3231` | 緯創 | C | 50,000 | 0 | 50,000 | 28,955 | ✅ 58% |
| `2357` | 華碩 | C | 50,000 | 0 | 50,000 | 8,570 | ✅ 17% |
| `5483` | 中美晶 | C | 50,000 | 0 | 50,000 | 23,036 | ✅ 46% |
| `2408` | 南亞科 | C | 50,000 | 0 | 50,000 | 9,103 | ✅ 18% |
| `2449` | 京元電 | C | 50,000 | 0 | 50,000 | 3,279 | ✅ 7% |
| `2382` | 廣達 | C | 50,000 | 0 | 50,000 | 0 | ✅ 已清倉 |
| `2379` | 瑞昱 | C | 50,000 | 0 | 50,000 | 0 | ✅ 已清倉 |
| `1503` | 士電 | Exit | 0 | 0 | 0 | 0 | ✅ 已清倉 |
| `2376` | 技嘉 | Exit | 0 | 0 | 0 | 0 | ✅ 已清倉 |

**預算匯總**：基準 1,050,000 ／ Override 0 ／ 實際投入 662,402

> 🔴 **單檔預算越權警告**：2 檔超出總預算上限，詳見 `capital/single_position_budget.md` § 🚫 超支既有部位

[exit: 0] 
 
[2/5] portfolio_log.py 
解析 27 個持股檔案...

[2026-04-30] 結算完成（27/27 檔）
  總市值：   2,483,615 元
  總成本：   2,297,148 元
  總損益：    +186,467 元  (+8.12%)

  今日已有記錄（2026-04-30），不重複寫入。

日期                      總市值         損益      損益%
--------------------------------------------------
2026-04-16        3,140,530                  
2026-04-17        3,132,206                  
2026-04-20        3,071,606                  
2026-04-21        3,074,353                  
2026-04-22        3,077,695                  
2026-04-23        3,007,583                  
2026-04-27        3,043,473                  
2026-04-28        3,050,933                  
2026-04-29        3,029,605                  
2026-04-30        3,000,079                   ← 今日

  vs 上次：-29,525 元  (-0.97%)
[exit: 0] 
 
[3/5] watchlist_scan.py 
== Watchlist 掃描 2026-04-30 ==

[2303] 2303_聯電 候補追蹤
  現價: 77.30  |  月線(20MA): 67.71 (+14.2%)  |  季線(60MA): 64.03 (+20.7%)
  ⚡ 量化觸發：
     • 股價突破季線：現價 77.3 站上季線 64.0（+20.7%）
  MD 更新：已新增今日紀錄

[2324] 2324_仁寶 候補追蹤
  現價: 29.00  |  月線(20MA): 29.37 (-1.2%)  |  季線(60MA): 30.70 (-5.5%)
  ⚡ 量化觸發：
     • 股價跌至月線下方：現價 29.0 跌破月線 29.4（需觀察是否企穩）
  MD 更新：已新增今日紀錄

[2337] 2337_旺宏 候補追蹤
  現價: 154.00  |  月線(20MA): 140.82 (+9.4%)  |  季線(60MA): 118.31 (+30.2%)
  ⚡ 量化觸發：
     • 股價突破季線：現價 154.0 站上季線 118.3（+30.2%）
  MD 更新：已新增今日紀錄

[2338] 2338_光罩 交易紀錄
  現價: 47.00  |  月線(20MA): 46.81 (+0.4%)  |  季線(60MA): 45.41 (+3.5%)
  ⚡ 量化觸發：
     • 股價回測月線支撐：現價 47.0 距月線 46.8 僅 0.4%（月線回測中）
     • 股價突破季線：現價 47.0 站上季線 45.4（+3.5%）
     • 股價跌近季線支撐：現價 47.0 距季線 45.4 僅 3.5%（季線回測）
  MD 更新：已新增今日紀錄

[2382] 2382_廣達 候補追蹤
  現價: 312.50  |  月線(20MA): 316.40 (-1.2%)  |  季線(60MA): 295.55 (+5.7%)
  ⚡ 量化觸發：
     • 股價跌至月線下方：現價 312.5 跌破月線 316.4（需觀察是否企穩）
     • 股價突破季線：現價 312.5 站上季線 295.6（+5.7%）
  MD 更新：已新增今日紀錄

[2383] 2383_台光電 候補追蹤
  現價: 4545.00  |  月線(20MA): 3762.25 (+20.8%)  |  季線(60MA): 2808.17 (+61.8%)
  ⚡ 量化觸發：
     • 股價突破季線：現價 4545.0 站上季線 2808.2（+61.8%）
  MD 更新：已新增今日紀錄

[2412] 2412_中華電 候補追蹤
  現價: 136.00  |  月線(20MA): 135.70 (+0.2%)  |  季線(60MA): 135.02 (+0.7%)
  ⚡ 量化觸發：
     • 股價回測月線支撐：現價 136.0 距月線 135.7 僅 0.2%（月線回測中）
     • 股價突破季線：現價 136.0 站上季線 135.0（+0.7%）
     • 股價跌近季線支撐：現價 136.0 距季線 135.0 僅 0.7%（季線回測）
  MD 更新：已新增今日紀錄

[2454] 2454_聯發科 候補追蹤
  現價: 2610.00  |  月線(20MA): 1962.50 (+33.0%)  |  季線(60MA): 1811.58 (+44.1%)
  ⚡ 量化觸發：
     • 股價突破季線：現價 2610.0 站上季線 1811.6（+44.1%）
  MD 更新：已新增今日紀錄

[2486] 2486_一詮 候補追蹤
  現價: 270.50  |  月線(20MA): 197.00 (+37.3%)  |  季線(60MA): 158.59 (+70.6%)
  ⚡ 量化觸發：
     • 股價突破季線：現價 270.5 站上季線 158.6（+70.6%）
  MD 更新：已新增今日紀錄

[2891] 2891_中信金 候補追蹤
  現價: 52.30  |  月線(20MA): 53.58 (-2.4%)  |  季線(60MA): 52.52 (-0.4%)
  ⚡ 量化觸發：
     • 股價跌至月線下方：現價 52.3 跌破月線 53.6（需觀察是否企穩）
  MD 更新：已新增今日紀錄

[3037] 3037_欣興 候補追蹤
  現價: 883.00  |  月線(20MA): 677.77 (+30.3%)  |  季線(60MA): 518.70 (+70.2%)
  ⚡ 量化觸發：
     • 股價突破季線：現價 883.0 站上季線 518.7（+70.2%）
  MD 更新：已新增今日紀錄

[3045] 3045_台灣大 候補追蹤
  現價: 111.50  |  月線(20MA): 111.10 (+0.4%)  |  季線(60MA): 108.62 (+2.7%)
  ⚡ 量化觸發：
     • 股價回測月線支撐：現價 111.5 距月線 111.1 僅 0.4%（月線回測中）
     • 股價突破季線：現價 111.5 站上季線 108.6（+2.7%）
     • 股價跌近季線支撐：現價 111.5 距季線 108.6 僅 2.7%（季線回測）
  MD 更新：已新增今日紀錄

[3081] 3081_聯亞 交易紀錄
  現價: 2640.00  |  月線(20MA): 2428.25 (+8.7%)  |  季線(60MA): 1673.35 (+57.8%)
  ⚡ 量化觸發：
     • 股價突破季線：現價 2640.0 站上季線 1673.3（+57.8%）
  MD 更新：已新增今日紀錄

[3189] 3189_景碩 候補追蹤
  現價: 528.00  |  月線(20MA): 427.70 (+23.5%)  |  季線(60MA): 338.71 (+55.9%)
  ⚡ 量化觸發：
     • 股價突破季線：現價 528.0 站上季線 338.7（+55.9%）
  MD 更新：已新增今日紀錄

[3481] 3481_群創 交易紀錄
  現價: 23.95  |  月線(20MA): 25.45 (-5.9%)  |  季線(60MA): 25.16 (-4.8%)
  ⚡ 量化觸發：
     • 股價跌至月線下方：現價 24.0 跌破月線 25.4（需觀察是否企穩）
  MD 更新：已新增今日紀錄

[3587] 3587_閎康 候補追蹤
  現價: 331.50  |  月線(20MA): 309.80 (+7.0%)  |  季線(60MA): 243.36 (+36.2%)
  ⚡ 量化觸發：
     • 股價突破季線：現價 331.5 站上季線 243.4（+36.2%）
  MD 更新：已新增今日紀錄

[3661] 3661_世芯KY 候補追蹤
  現價: 4135.00  |  月線(20MA): 3479.00 (+18.9%)  |  季線(60MA): 3317.42 (+24.6%)
  ⚡ 量化觸發：
     • 股價突破季線：現價 4135.0 站上季線 3317.4（+24.6%）
  MD 更新：已新增今日紀錄

[3711] 3711_日月光投控 候補追蹤
  現價: 478.00  |  月線(20MA): 436.95 (+9.4%)  |  季線(60MA): 369.51 (+29.4%)
  ⚡ 量化觸發：
     • 股價突破季線：現價 478.0 站上季線 369.5（+29.4%）
  MD 更新：已新增今日紀錄

[4991] 4991_環宇-KY 交易紀錄
  現價: 676.00  |  月線(20MA): 592.12 (+14.2%)  |  季線(60MA): 410.23 (+64.8%)
  ⚡ 量化觸發：
     • 股價突破季線：現價 676.0 站上季線 410.2（+64.8%）
  MD 更新：已新增今日紀錄

[6223] 6223_旺矽 交易紀錄
  現價: 4925.00  |  月線(20MA): 4641.25 (+6.1%)  |  季線(60MA): 3600.00 (+36.8%)
  ⚡ 量化觸發：
     • 股價突破季線：現價 4925.0 站上季線 3600.0（+36.8%）
  MD 更新：已新增今日紀錄

[6451] 6451_訊芯-KY 候補追蹤
  現價: 431.00  |  月線(20MA): 422.62 (+2.0%)  |  季線(60MA): 285.23 (+51.1%)
  ⚡ 量化觸發：
     • 股價回測月線支撐：現價 431.0 距月線 422.6 僅 2.0%（月線回測中）
     • 股價突破季線：現價 431.0 站上季線 285.2（+51.1%）
  MD 更新：已新增今日紀錄

[6789] 6789_采鈺 候補追蹤
  現價: 576.00  |  月線(20MA): 440.80 (+30.7%)  |  季線(60MA): 358.52 (+60.7%)
  ⚡ 量化觸發：
     • 股價突破季線：現價 576.0 站上季線 358.5（+60.7%）
  MD 更新：已新增今日紀錄

[8046] 8046_南電 候補追蹤
  現價: 1005.00  |  月線(20MA): 748.20 (+34.3%)  |  季線(60MA): 563.86 (+78.2%)
  ⚡ 量化觸發：
     • 股價突破季線：現價 1005.0 站上季線 563.9（+78.2%）
  MD 更新：已新增今日紀錄

[8299] 8299_群聯 候補追蹤
  現價: 1900.00  |  月線(20MA): 1718.75 (+10.5%)  |  季線(60MA): 1836.08 (+3.5%)
  ⚡ 量化觸發：
     • 股價突破季線：現價 1900.0 站上季線 1836.1（+3.5%）
     • 股價跌近季線支撐：現價 1900.0 距季線 1836.1 僅 3.5%（季線回測）
  MD 更新：已新增今日紀錄

==================================================
!! 本次掃描共 24 檔觸發量化訊號，建議啟動研究：
  [2303] 2303_聯電 候補追蹤
    -> 股價突破季線：現價 77.3 站上季線 64.0（+20.7%）
  [2324] 2324_仁寶 候補追蹤
    -> 股價跌至月線下方：現價 29.0 跌破月線 29.4（需觀察是否企穩）
  [2337] 2337_旺宏 候補追蹤
    -> 股價突破季線：現價 154.0 站上季線 118.3（+30.2%）
  [2338] 2338_光罩 交易紀錄
    -> 股價回測月線支撐：現價 47.0 距月線 46.8 僅 0.4%（月線回測中）
    -> 股價突破季線：現價 47.0 站上季線 45.4（+3.5%）
    -> 股價跌近季線支撐：現價 47.0 距季線 45.4 僅 3.5%（季線回測）
  [2382] 2382_廣達 候補追蹤
    -> 股價跌至月線下方：現價 312.5 跌破月線 316.4（需觀察是否企穩）
    -> 股價突破季線：現價 312.5 站上季線 295.6（+5.7%）
  [2383] 2383_台光電 候補追蹤
    -> 股價突破季線：現價 4545.0 站上季線 2808.2（+61.8%）
  [2412] 2412_中華電 候補追蹤
    -> 股價回測月線支撐：現價 136.0 距月線 135.7 僅 0.2%（月線回測中）
    -> 股價突破季線：現價 136.0 站上季線 135.0（+0.7%）
    -> 股價跌近季線支撐：現價 136.0 距季線 135.0 僅 0.7%（季線回測）
  [2454] 2454_聯發科 候補追蹤
    -> 股價突破季線：現價 2610.0 站上季線 1811.6（+44.1%）
  [2486] 2486_一詮 候補追蹤
    -> 股價突破季線：現價 270.5 站上季線 158.6（+70.6%）
  [2891] 2891_中信金 候補追蹤
    -> 股價跌至月線下方：現價 52.3 跌破月線 53.6（需觀察是否企穩）
  [3037] 3037_欣興 候補追蹤
    -> 股價突破季線：現價 883.0 站上季線 518.7（+70.2%）
  [3045] 3045_台灣大 候補追蹤
    -> 股價回測月線支撐：現價 111.5 距月線 111.1 僅 0.4%（月線回測中）
    -> 股價突破季線：現價 111.5 站上季線 108.6（+2.7%）
    -> 股價跌近季線支撐：現價 111.5 距季線 108.6 僅 2.7%（季線回測）
  [3081] 3081_聯亞 交易紀錄
    -> 股價突破季線：現價 2640.0 站上季線 1673.3（+57.8%）
  [3189] 3189_景碩 候補追蹤
    -> 股價突破季線：現價 528.0 站上季線 338.7（+55.9%）
  [3481] 3481_群創 交易紀錄
    -> 股價跌至月線下方：現價 24.0 跌破月線 25.4（需觀察是否企穩）
  [3587] 3587_閎康 候補追蹤
    -> 股價突破季線：現價 331.5 站上季線 243.4（+36.2%）
  [3661] 3661_世芯KY 候補追蹤
    -> 股價突破季線：現價 4135.0 站上季線 3317.4（+24.6%）
  [3711] 3711_日月光投控 候補追蹤
    -> 股價突破季線：現價 478.0 站上季線 369.5（+29.4%）
  [4991] 4991_環宇-KY 交易紀錄
    -> 股價突破季線：現價 676.0 站上季線 410.2（+64.8%）
  [6223] 6223_旺矽 交易紀錄
    -> 股價突破季線：現價 4925.0 站上季線 3600.0（+36.8%）
  [6451] 6451_訊芯-KY 候補追蹤
    -> 股價回測月線支撐：現價 431.0 距月線 422.6 僅 2.0%（月線回測中）
    -> 股價突破季線：現價 431.0 站上季線 285.2（+51.1%）
  [6789] 6789_采鈺 候補追蹤
    -> 股價突破季線：現價 576.0 站上季線 358.5（+60.7%）
  [8046] 8046_南電 候補追蹤
    -> 股價突破季線：現價 1005.0 站上季線 563.9（+78.2%）
  [8299] 8299_群聯 候補追蹤
    -> 股價突破季線：現價 1900.0 站上季線 1836.1（+3.5%）
    -> 股價跌近季線支撐：現價 1900.0 距季線 1836.1 僅 3.5%（季線回測）

注意：法人調升評等、外資加碼、供需報告等質化條件仍需人工確認。
[exit: 0] 
 
[4/5] wave_score_scan.py 

============================================================
  Wave Score 掃描  [2026-04-30]  共 12 檔成長趨勢股
============================================================

  [1215 卜蜂]  Wave +1  輕倉加碼/觀察

  [2301 光寶科]  Wave -1 (from -2)  持有不動

  [2317 鴻海]  Wave -1 (from -3)  持有不動

  [2330 台積電]  Wave +2  輕倉加碼/觀察

  [2408 南亞科]  Wave +1 (from +2)  輕倉加碼/觀察

  [2449 京元電]  Wave +3 (from +2)  加碼

  [2454 聯發科]  Wave +2 (from +0)  輕倉加碼/觀察

  [2546 根基]  Wave -2  部分減持

  [3231 緯創]  Wave -1 (from +0)  持有不動

  [5483 中美晶]  Wave +1 (from +0)  輕倉加碼/觀察

  [6239 力成]  Wave +0 (from -2)  持有不動

  [6488 環球晶]  Wave +2 (from +0)  輕倉加碼/觀察

  💾 Wave Score 已快取至 S:\股票筆記\journals\logs\2026-04-30_wave_scores.json

============================================================
  🔴 需即時處理：
    🔴 減持訊號  2301 光寶科  現價 166.0  |  進入賣出區(+5.5%) 且 Wave -1，動能背離
    🔴 減持訊號  2317 鴻海  現價 219.5  |  進入賣出區(+6.6%) 且 Wave -1，動能背離
    🔴 減持訊號  2546 根基  現價 84.5  |  進入賣出區(+0.7%) 且 Wave -2，動能背離
    🔴 減持訊號  3231 緯創  現價 137.0  |  進入賣出區(+2.6%) 且 Wave -1，動能背離
  🟢 加碼機會：
    🟢 輕倉加碼  1215 卜蜂  現價 138.5  |  Wave +1（上次 無）
    🟢 強力加碼  2449 京元電  現價 302.5  |  Wave +3
    🟢 輕倉加碼  2454 聯發科  現價 2610.0  |  Wave +2（上次 +0）
    🟢 輕倉加碼  5483 中美晶  現價 134.0  |  Wave +1（上次 +0）
    🟢 解凍  6239 力成  現價 203.0  |  Wave -2 → +0，加碼條件成立
    🟢 輕倉加碼  6488 環球晶  現價 580.0  |  Wave +2（上次 +0）
  🟡 觀察：
    🟡 賣出區（趨勢延伸）  2330 台積電  現價 2135.0  |  超賣出下緣 +6.1%，Wave +2 仍強，等爆量收黑訊號
    🟡 賣出區（趨勢延伸）  2408 南亞科  現價 215.5  |  超賣出下緣 +3.5%，Wave +1 仍強，等爆量收黑訊號
    🟡 跌破月線  2408 南亞科  現價 215.5  |  215.5 < MA20 215.8(-0.1%)

  ✅ 戰術指南.md Wave Score 區塊已更新

[exit: 0] 
 
[5/5] event_detector.py 
[事件偵測] 2026-04-30 — 命中 14 個事件
  🔔 EVENT [2301 光寶科] NEAR_MA: 現價 166.0 距月線 161.5 僅 0.5 ATR（ATR=8.39），月線支撐待確認
  🔔 EVENT [2301 光寶科] WAVE_REGIME: Wave -2 → -1，跨越強弱邊界（±2）
  🔔 EVENT [2317 鴻海] NEAR_MA: 現價 219.5 距月線 209.8 僅 1.3 ATR（ATR=7.75），月線支撐待確認
  🔔 EVENT [2317 鴻海] WAVE_REGIME: Wave -3 → -1，跨越強弱邊界（±2）
  🔔 EVENT [2330 台積電] NEAR_MA: 現價 2135.0 距月線 2042.8 僅 1.5 ATR（ATR=62.14），月線支撐待確認
  🔔 EVENT [2408 南亞科] WAVE_REGIME: Wave +2 → +1，跨越強弱邊界（±2）
  🔔 EVENT [2449 京元電] NEAR_MA: 現價 302.5 距月線 282.1 僅 1.2 ATR（ATR=16.82），月線支撐待確認
  🔔 EVENT [2454 聯發科] WAVE_REGIME: Wave +0 → +2，跨越強弱邊界（±2）
  🔔 EVENT [2546 根基] NEAR_MA: 現價 84.5 距月線 84.4 僅 0.1 ATR（ATR=0.97），月線支撐待確認
  🔔 EVENT [3231 緯創] NEAR_MA: 現價 137.0 距月線 135.9 僅 0.2 ATR（ATR=4.75），月線支撐待確認
  🔔 EVENT [5483 中美晶] NEAR_MA: 現價 134.0 距月線 123.8 僅 1.4 ATR（ATR=7.39），月線支撐待確認
  🔔 EVENT [6239 力成] WAVE_FLIP: Wave -2 → +0，動能方向翻轉
  🔔 EVENT [6488 環球晶] NEAR_MA: 現價 580.0 距月線 519.4 僅 1.4 ATR（ATR=44.25），月線支撐待確認
  🔔 EVENT [6488 環球晶] WAVE_REGIME: Wave +0 → +2，跨越強弱邊界（±2）

[事件偵測]
🔔 EVENT [2301 光寶科] NEAR_MA: 現價 166.0 距月線 161.5 僅 0.5 ATR（ATR=8.39），月線支撐待確認
🔔 EVENT [2301 光寶科] WAVE_REGIME: Wave -2 → -1，跨越強弱邊界（±2）
🔔 EVENT [2317 鴻海] NEAR_MA: 現價 219.5 距月線 209.8 僅 1.3 ATR（ATR=7.75），月線支撐待確認
🔔 EVENT [2317 鴻海] WAVE_REGIME: Wave -3 → -1，跨越強弱邊界（±2）
🔔 EVENT [2330 台積電] NEAR_MA: 現價 2135.0 距月線 2042.8 僅 1.5 ATR（ATR=62.14），月線支撐待確認
🔔 EVENT [2408 南亞科] WAVE_REGIME: Wave +2 → +1，跨越強弱邊界（±2）
🔔 EVENT [2449 京元電] NEAR_MA: 現價 302.5 距月線 282.1 僅 1.2 ATR（ATR=16.82），月線支撐待確認
🔔 EVENT [2454 聯發科] WAVE_REGIME: Wave +0 → +2，跨越強弱邊界（±2）
🔔 EVENT [2546 根基] NEAR_MA: 現價 84.5 距月線 84.4 僅 0.1 ATR（ATR=0.97），月線支撐待確認
🔔 EVENT [3231 緯創] NEAR_MA: 現價 137.0 距月線 135.9 僅 0.2 ATR（ATR=4.75），月線支撐待確認
🔔 EVENT [5483 中美晶] NEAR_MA: 現價 134.0 距月線 123.8 僅 1.4 ATR（ATR=7.39），月線支撐待確認
🔔 EVENT [6239 力成] WAVE_FLIP: Wave -2 → +0，動能方向翻轉
🔔 EVENT [6488 環球晶] NEAR_MA: 現價 580.0 距月線 519.4 僅 1.4 ATR（ATR=44.25），月線支撐待確認
🔔 EVENT [6488 環球晶] WAVE_REGIME: Wave +0 → +2，跨越強弱邊界（±2）
[exit: 0] 
 
Done. 
