============================================================ 
執行時間: 2026-04-01 
============================================================ 
[1/3] 執行持倉健診... 
[history] 已更新 2026-04-01：股票市值 2,494,913（現金 304,959 元）
報告已產生：S:\股票筆記\持倉健診_2026-04-01.md
# 📊 持倉健診報告 (2026-04-01)

## ⚠️ 需要注意的標的
| 代碼 | 名稱 | 現價 | 20MA | 損益% | 殖利率 | 狀態 |
|------|------|------|------|-------|--------|------|
| `0050` | 元大台灣50 | 75.50 | 75.66 | +23.0% | 1.68% | ⚠️ 跌破月線 |
| `0056` | 元大高股息 | 38.10 | 38.40 | +5.2% | 9.06% | ⚠️ 跌破月線 |
| `00919` | 群益台灣精選高息 | 22.52 | 23.05 | -7.1% | 10.19% | ⚠️ 跌破月線 |
| `00929` | 復華台灣科技優息 | 19.00 | 19.42 | -1.2% | 4.07% | ⚠️ 跌破月線 |
| `00940` | 元大台灣價值高息 | 9.58 | 9.65 | -3.1% | 4.50% | ⚠️ 跌破月線 |
| `009816` | 凱基台灣TOP50 | 10.66 | 10.68 | +2.6% | N/A | ⚠️ 跌破月線 |
| `1215` | 卜蜂 | 138.50 | 149.78 | +37.0% | 5.19% | ⚠️ 跌破月線 |
| `1503` | 士電 (Shihlin Electric) | 182.50 | 198.88 | -39.0% | 2.52% | ⚠️ 跌破月線 / 觸及-10%停損 (-39.0%) |
| `2002` | 中鋼 (China Steel) | 19.50 | 19.29 | -25.4% | 1.75% | ⚠️ 觸及-10%停損 (-25.4%) |
| `2317` | 鴻海 (Hon Hai / Foxconn) | 197.00 | 206.55 | -3.9% | 3.09% | ⚠️ 跌破月線 |
| `2357` | 華碩 | 563.00 | 565.05 | -1.5% | 6.19% | ⚠️ 跌破月線 |
| `2376` | 技嘉 | 231.50 | 232.40 | -30.3% | 4.49% | ⚠️ 跌破月線 / 觸及-10%停損 (-30.3%) |
| `2454` | 聯發科 (MediaTek) | 1465.00 | 1661.75 | -12.1% | 3.59% | ⚠️ 跌破月線 / 觸及-10%停損 (-12.1%) |
| `2546` | 根基 | 79.90 | 83.29 | -0.1% | 4.05% | ⚠️ 跌破月線 |
| `2886` | 兆豐金 | 38.80 | 38.97 | +3.2% | 4.16% | ⚠️ 跌破月線 |
| `3231` | 緯創 | 127.50 | 129.20 | +11.0% | 3.10% | ⚠️ 跌破月線 |
| `5483` | 中美晶 | 107.00 | 114.42 | -35.0% | 3.26% | ⚠️ 跌破月線 / 觸及-10%停損 (-35.0%) |
| `6239` | 力成 | 195.00 | 203.55 | +20.4% | 3.74% | ⚠️ 跌破月線 |
| `6488` | 環球晶 (GlobalWafers) | 413.00 | 447.55 | -29.1% | 1.83% | ⚠️ 跌破月線 / 觸及-10%停損 (-29.1%) |
| `8069` | 元太 (E Ink Holdings) | 144.50 | 150.20 | -17.4% | 3.66% | ⚠️ 跌破月線 / 觸及-10%停損 (-17.4%) |

## ✅ 正常持倉
| 代碼 | 名稱 | 現價 | 20MA | 損益% | 殖利率 | 狀態 |
|------|------|------|------|-------|--------|------|
| `00878` | 國泰永續高股息 | 22.32 | 22.30 | +6.8% | 7.09% | ✅ 正常 |
| `00946` | 群益科技高息成長 | 10.09 | 10.06 | +2.4% | 4.76% | ✅ 正常 |
| `1210` | 大成 | 54.60 | 53.17 | +0.4% | 5.21% | ✅ 正常 |
| `2330` | 台積電 (TSMC) | 1850.00 | 1848.25 | +46.6% | 1.36% | ✅ 正常 |
| `2379` | 瑞昱 (Realtek) | 485.00 | 477.57 | +1.9% | 5.33% | ✅ 正常 |
| `2382` | 廣達 (Quanta Computer) | 291.00 | 286.18 | +3.0% | 4.67% | ✅ 正常 |
| `2493` | 揚博 | 108.50 | 107.92 | +31.0% | 3.79% | ✅ 正常 |
| `3455` | 由田 (Utechzone) | 126.50 | 124.12 | -0.9% | 5.67% | ✅ 正常 |
| `6115` | 鎰勝 | 47.05 | 46.79 | -0.6% | 6.84% | ✅ 正常 |

## 💼 資金桶檢查 (依 capital/capital_config.md)
| 桶別 | 市值 | 佔比 | 目標 | 狀態 |
|------|------|------|------|------|
| Core（底倉水庫）| 1,698,237 | 68.1% | 50% | 📌 📌 偏高，長線防禦性強 |
| Tactical（戰術水管）| 796,676 | 31.9% | 30% | ✅ |
| Cash（銀彈消防栓）| （請手動填入）| — | 20% | — |
| **已投資合計** | **2,494,913** | 100% | | |

 
[2/3] 記錄淨值快照... 
解析 29 個持股檔案...

[2026-04-01] 結算完成（29/29 檔）
  總市值：   2,494,503 元
  總成本：   2,518,493 元
  總損益：     -23,990 元  (-0.95%)

  今日已有記錄（2026-04-01），不重複寫入。

日期                      總市值         損益      損益%
--------------------------------------------------
2026-03-19        2,878,256                  
2026-03-23        2,792,587                  
2026-03-24        2,872,879                  
2026-03-25        2,888,341                  
2026-03-26        2,882,996                  
2026-03-27        2,879,851                  
2026-03-30        2,834,322                  
2026-03-31        2,793,664                  
2026-04-01        2,799,871                  
2026-04-01        2,494,503    -23,990   -0.95% ← 今日

  vs 上次：-305,369 元  (-10.91%)
 
[3/4] 執行 Watchlist 掃描... 
== Watchlist 掃描 2026-04-01 ==

[2301] 2301_光寶科 候補追蹤
  無法取得市場資料，跳過。

[2303] 2303_聯電 候補追蹤
  無法取得市場資料，跳過。

[2324] 2324_仁寶 候補追蹤
  無法取得市場資料，跳過。

[2337] 2337_旺宏 候補追蹤
  無法取得市場資料，跳過。

[2338] 2338_光罩 交易紀錄
  無法取得市場資料，跳過。

[2412] 2412_中華電 候補追蹤
  無法取得市場資料，跳過。

[2449] 2449_京元電 候補追蹤
  無法取得市場資料，跳過。

[2454] 2454_聯發科 候補追蹤
  無法取得市場資料，跳過。

[2891] 2891_中信金 候補追蹤
  無法取得市場資料，跳過。

[3037] 3037_欣興 候補追蹤
  無法取得市場資料，跳過。

[3045] 3045_台灣大 候補追蹤
  無法取得市場資料，跳過。

[3081] 3081_聯亞 交易紀錄
  無法取得市場資料，跳過。

[3481] 3481_群創 交易紀錄
  無法取得市場資料，跳過。

[3711] 3711_日月光投控 候補追蹤
  無法取得市場資料，跳過。

[4991] 4991_環宇-KY 交易紀錄
  無法取得市場資料，跳過。

[6223] 6223_旺矽 交易紀錄
  無法取得市場資料，跳過。

[8046] 8046_南電 候補追蹤
  無法取得市場資料，跳過。

==================================================
本次掃描無量化觸發訊號，候補股持續觀察中。

注意：法人調升評等、外資加碼、供需報告等質化條件仍需人工確認。
 
[4/4] Wave Score 掃描（成長趨勢股）... 

============================================================
  Wave Score 掃描  [2026-04-01]  共 13 檔成長趨勢股
============================================================

  [1215 卜蜂]  Wave -2 (from -3)  部分減持

  [1503 士電]  Wave +3 (from +2)  加碼

  [2317 鴻海]  Wave +1 (from +2)  輕倉加碼/觀察

  [2330 台積電]  Wave +2 (from +5)  輕倉加碼/觀察

  [2382 廣達]  Wave +1 (from +0)  輕倉加碼/觀察

  [2454 聯發科]  Wave -3  部分減持

  [2546 根基]  Wave +3 (from -4)  加碼

  [3231 緯創]  Wave +1  輕倉加碼/觀察

  [3455 由田]  Wave +1 (from +0)  輕倉加碼/觀察

  [5483 中美晶]  Wave +2  輕倉加碼/觀察

  [6115 鎰勝]  Wave +1 (from -1)  輕倉加碼/觀察

  [6239 力成]  Wave +1 (from +2)  輕倉加碼/觀察

  [6488 環球晶]  Wave +1 (from +0)  輕倉加碼/觀察

  💾 Wave Score 已快取至 S:\股票筆記\journals\logs\2026-04-01_wave_scores.json

============================================================
  🔴 需即時處理：
    🔴 波段破壞  1215 卜蜂  現價 138.5  |  現價 138.5 低於歷史暫停線
    🔴 波段破壞  2454 聯發科  現價 1465.0  |  現價 1465.0 低於歷史暫停線
    🔴 月線深度失守  2454 聯發科  現價 1465.0  |  1465.0 < MA20 1661.8(-11.8%) Wave -3
  🟢 加碼機會：
    🟢 強力加碼  1503 士電  現價 182.5  |  Wave +3
    🟢 買回區  1503 士電  現價 182.5  |  進入回測買點 183.8～189.7
    🟢 輕倉加碼  2382 廣達  現價 290.0  |  Wave +1（上次 +0）
    🟢 解凍  2546 根基  現價 80.0  |  Wave -4 → +3，加碼條件成立
    🟢 買回區  2546 根基  現價 80.0  |  進入回測買點 80.2～81.2
    🟢 輕倉加碼  3455 由田  現價 126.5  |  Wave +1（上次 +0）
    🟢 買回區  5483 中美晶  現價 107.0  |  進入回測買點 105.0～109.5
    🟢 輕倉加碼  6115 鎰勝  現價 47.0  |  Wave +1（上次 -1）
    🟢 輕倉加碼  6488 環球晶  現價 413.5  |  Wave +1（上次 +0）
    🟢 買回區  6488 環球晶  現價 413.5  |  進入回測買點 400.3～415.9
  🟡 觀察：
    🟡 跌破月線  2317 鴻海  現價 197.0  |  197.0 < MA20 206.6(-4.6%)
    🟡 賣出區（趨勢延伸）  2330 台積電  現價 1850.0  |  超賣出下緣 +1.5%，Wave +2 仍強，等爆量收黑訊號
    🟡 跌破月線  3231 緯創  現價 126.5  |  126.5 < MA20 129.2(-2.1%)
    🟡 接近賣出區  3231 緯創  現價 126.5  |  距賣出下緣 127.0 僅 0.4%
    🟡 跌破月線  6239 力成  現價 195.0  |  195.0 < MA20 203.6(-4.2%)
    🟡 接近賣出區  6239 力成  現價 195.0  |  距賣出下緣 198.2 僅 1.6%

  ✅ 戰術指南.md Wave Score 區塊已更新

 
完成。 
