============================================================ 
執行時間: 2026-04-08 
============================================================ 
[1/3] 執行持倉健診... 
[history] 已更新 2026-04-08：股票市值 2,694,453（現金 304,959 元）
報告已產生：S:\股票筆記\持倉健診_2026-04-08.md
# 📊 持倉健診報告 (2026-04-08)

## ⚠️ 需要注意的標的
| 代碼 | 名稱 | 現價 | 20MA | 損益% | 殖利率 | 狀態 |
|------|------|------|------|-------|--------|------|
| `1215` | 卜蜂 | 141.00 | 146.85 | +39.5% | 4.95% | ⚠️ 跌破月線 |
| `1503` | 士電 (Shihlin Electric) | 186.50 | 194.65 | -37.6% | 2.51% | ⚠️ 跌破月線 / 觸及-10%停損 (-37.6%) |
| `2002` | 中鋼 (China Steel) | 19.95 | 19.32 | -23.7% | 1.69% | ⚠️ 觸及-10%停損 (-23.7%) |
| `2317` | 鴻海 (Hon Hai / Foxconn) | 201.50 | 203.00 | -1.3% | 3.02% | ⚠️ 跌破月線 |
| `2357` | 華碩 | 562.00 | 570.50 | -1.6% | 6.18% | ⚠️ 跌破月線 |
| `2376` | 技嘉 | 244.50 | 234.57 | -26.4% | 4.49% | ⚠️ 觸及-10%停損 (-26.4%) |
| `2454` | 聯發科 (MediaTek) | 1580.00 | 1627.25 | +0.4% | 3.64% | ⚠️ 跌破月線 |
| `2546` | 根基 | 79.30 | 82.37 | -0.8% | 4.03% | ⚠️ 跌破月線 |
| `5483` | 中美晶 | 112.00 | 113.92 | -31.9% | 3.30% | ⚠️ 跌破月線 / 觸及-10%停損 (-31.9%) |
| `6488` | 環球晶 (GlobalWafers) | 436.00 | 442.15 | -25.2% | 1.87% | ⚠️ 跌破月線 / 觸及-10%停損 (-25.2%) |
| `8069` | 元太 (E Ink Holdings) | 148.50 | 147.53 | -13.9% | 3.50% | ⚠️ 觸及-10%停損 (-13.9%) |

## ✅ 正常持倉
| 代碼 | 名稱 | 現價 | 20MA | 損益% | 殖利率 | 狀態 |
|------|------|------|------|-------|--------|------|
| `0050` | 元大台灣50 | 79.20 | 75.68 | +29.1% | 1.68% | ✅ 正常 |
| `0056` | 元大高股息 | 39.02 | 38.41 | +7.7% | 9.06% | ✅ 正常 |
| `00878` | 國泰永續高股息 | 22.92 | 22.34 | +9.7% | 7.09% | ✅ 正常 |
| `00919` | 群益台灣精選高息 | 23.00 | 22.92 | -5.1% | 10.19% | ✅ 正常 |
| `00929` | 復華台灣科技優息 | 19.65 | 19.42 | +2.1% | 4.07% | ✅ 正常 |
| `00940` | 元大台灣價值高息 | 9.82 | 9.65 | -0.7% | 4.50% | ✅ 正常 |
| `00946` | 群益科技高息成長 | 10.38 | 10.10 | +5.4% | 4.76% | ✅ 正常 |
| `009816` | 凱基台灣TOP50 | 11.23 | 10.70 | +8.1% | N/A | ✅ 正常 |
| `1210` | 大成 | 54.50 | 53.73 | +0.3% | 5.15% | ✅ 正常 |
| `2330` | 台積電 (TSMC) | 1950.00 | 1849.50 | +54.5% | 1.29% | ✅ 正常 |
| `2379` | 瑞昱 (Realtek) | 505.00 | 482.00 | +6.1% | 5.11% | ✅ 正常 |
| `2382` | 廣達 (Quanta Computer) | 307.50 | 287.18 | +8.9% | 4.50% | ✅ 正常 |
| `2493` | 揚博 | 115.50 | 108.70 | +39.5% | 3.81% | ✅ 正常 |
| `2886` | 兆豐金 | 39.35 | 38.99 | +4.6% | 4.06% | ✅ 正常 |
| `3231` | 緯創 | 131.00 | 128.82 | +14.0% | 3.08% | ✅ 正常 |
| `3455` | 由田 (Utechzone) | 167.50 | 129.78 | +31.2% | 4.59% | ✅ 正常 |
| `6115` | 鎰勝 | 47.00 | 46.84 | -0.7% | 6.83% | ✅ 正常 |
| `6239` | 力成 | 211.00 | 201.20 | +30.3% | 3.65% | ✅ 正常 |
> ⚠️ **資金越權警告**：Tactical 佔比超過 35% 上限！


## 💼 資金桶檢查 (依 capital/capital_config.md)
| 桶別 | 市值 | 佔比 | 目標 | 狀態 |
|------|------|------|------|------|
| Core（底倉水庫）| 1,743,534 | 64.7% | 50% | 📌 📌 偏高，長線防禦性強 |
| Tactical（戰術水管）| 950,919 | 35.3% | 30% | ⚠️ ⚠️ 超出上限 (35%) |
| Cash（銀彈消防栓）| （請手動填入）| — | 20% | — |
| **已投資合計** | **2,694,453** | 100% | | |

 
[2/3] 記錄淨值快照... 
解析 29 個持股檔案...

[2026-04-08] 結算完成（29/29 檔）
  總市值：   2,694,453 元
  總成本：   2,645,768 元
  總損益：     +48,684 元  (+1.84%)

  今日已有記錄（2026-04-08），不重複寫入。

日期                      總市值         損益      損益%
--------------------------------------------------
2026-03-25        2,888,341                  
2026-03-26        2,882,996                  
2026-03-27        2,879,851                  
2026-03-30        2,834,322                  
2026-03-31        2,793,664                  
2026-04-01        2,799,871                  
2026-04-04        2,864,470                  
2026-04-07        2,930,301                  
2026-04-08        2,999,411                  
2026-04-08        2,694,453    +48,684   +1.84% ← 今日

  vs 上次：-304,959 元  (-10.17%)
 
[3/4] 執行 Watchlist 掃描... 
== Watchlist 掃描 2026-04-08 ==

[2301] 2301_光寶科 候補追蹤
  無法取得市場資料，跳過。

[2303] 2303_聯電 候補追蹤
  無法取得市場資料，跳過。

[2324] 2324_仁寶 候補追蹤
  無法取得市場資料，跳過。

[2337] 2337_旺宏 候補追蹤
  無法取得市場資料，跳過。

[2338] 2338_光罩 交易紀錄
  無法取得市場資料，跳過。

[2412] 2412_中華電 候補追蹤
  無法取得市場資料，跳過。

[2449] 2449_京元電 候補追蹤
  無法取得市場資料，跳過。

[2454] 2454_聯發科 候補追蹤
  無法取得市場資料，跳過。

[2891] 2891_中信金 候補追蹤
  無法取得市場資料，跳過。

[3037] 3037_欣興 候補追蹤
  無法取得市場資料，跳過。

[3045] 3045_台灣大 候補追蹤
  無法取得市場資料，跳過。

[3081] 3081_聯亞 交易紀錄
  無法取得市場資料，跳過。

[3481] 3481_群創 交易紀錄
  無法取得市場資料，跳過。

[3711] 3711_日月光投控 候補追蹤
  無法取得市場資料，跳過。

[4991] 4991_環宇-KY 交易紀錄
  無法取得市場資料，跳過。

[6223] 6223_旺矽 交易紀錄
  無法取得市場資料，跳過。

[8046] 8046_南電 候補追蹤
  無法取得市場資料，跳過。

==================================================
本次掃描無量化觸發訊號，候補股持續觀察中。

注意：法人調升評等、外資加碼、供需報告等質化條件仍需人工確認。
 
[4/4] Wave Score 掃描（成長趨勢股）... 

============================================================
  Wave Score 掃描  [2026-04-08]  共 13 檔成長趨勢股
============================================================

  [1215 卜蜂]  Wave +2 (from +5)  輕倉加碼/觀察

  [1503 士電]  Wave +1  輕倉加碼/觀察

  [2317 鴻海]  Wave -1 (from +1)  持有不動

  [2330 台積電]  Wave +3 (from +1)  加碼

  [2382 廣達]  Wave +4 (from +0)  加碼

  [2454 聯發科]  Wave +1 (from +3)  輕倉加碼/觀察

  [2546 根基]  Wave +1 (from +2)  輕倉加碼/觀察

  [3231 緯創]  Wave -1  持有不動

  [3455 由田]  Wave +1 (from +2)  輕倉加碼/觀察

  [5483 中美晶]  Wave -1 (from +1)  持有不動

  [6115 鎰勝]  Wave +0 (from -3)  持有不動

  [6239 力成]  Wave +0 (from -1)  持有不動

  [6488 環球晶]  Wave -1  持有不動

  💾 Wave Score 已快取至 S:\股票筆記\journals\logs\2026-04-08_wave_scores.json

============================================================
  🔴 需即時處理：
    🔴 減持訊號  2317 鴻海  現價 201.5  |  進入賣出區(+0.8%) 且 Wave -1，動能背離
    🔴 減持訊號  3231 緯創  現價 131.0  |  進入賣出區(+3.4%) 且 Wave -1，動能背離
    🔴 減持訊號  5483 中美晶  現價 112.0  |  進入賣出區(+1.0%) 且 Wave -1，動能背離
    🔴 減持訊號  6115 鎰勝  現價 47.0  |  進入賣出區(+0.9%) 且 Wave +0，動能背離
    🔴 減持訊號  6239 力成  現價 211.0  |  進入賣出區(+8.2%) 且 Wave +0，動能背離
    🔴 減持訊號  6488 環球晶  現價 436.0  |  進入賣出區(+1.2%) 且 Wave -1，動能背離
  🟢 加碼機會：
    🟢 買回區  1215 卜蜂  現價 141.0  |  進入回測買點 141.0～142.8
    🟢 強力加碼  2330 台積電  現價 1950.0  |  Wave +3
    🟢 強力加碼  2382 廣達  現價 307.5  |  Wave +4
    🟢 買回區  2546 根基  現價 79.3  |  進入回測買點 79.3～80.3
  🟡 觀察：
    🟡 跌破月線  1503 士電  現價 186.5  |  186.5 < MA20 194.7(-4.2%)
    🟡 跌破月線  2454 聯發科  現價 1580.0  |  1580.0 < MA20 1627.2(-2.9%)
    🟡 接近賣出區  2454 聯發科  現價 1580.0  |  距賣出下緣 1595.1 僅 0.9%
    🟡 賣出區（趨勢延伸）  3455 由田  現價 167.5  |  超賣出下緣 +33.1%，Wave +1 仍強，等爆量收黑訊號

  ✅ 戰術指南.md Wave Score 區塊已更新

 
完成。 
