============================================================ 
執行時間: 2026-04-23 
============================================================ 
[1/3] 執行持倉健診... 
[history] 已更新 2026-04-23：股票市值 2,473,371（現金 534,213 元）
報告已產生：S:\股票筆記\持倉健診_2026-04-23.md
# 📊 持倉健診報告 (2026-04-23)

## ⚠️ 需要注意的標的
| 代碼 | 名稱 | 現價 | 20MA | 損益% | 殖利率 | 狀態 |
|------|------|------|------|-------|--------|------|
| `1210` | 大成 | 53.60 | 54.41 | +5.6% | 5.23% | ⚠️ 跌破月線 |
| `1215` | 卜蜂 | 140.00 | 141.85 | +38.5% | 4.96% | ⚠️ 跌破月線 |
| `2002` | 中鋼 (China Steel) | 19.15 | 19.73 | -26.8% | 1.69% | ⚠️ 跌破月線 / 觸及-10%停損 (-26.8%) |
| `2006` | 東和鋼鐵 | 67.20 | 70.18 | -2.6% | 6.21% | ⚠️ 跌破月線 |
| `2408` | 南亞科 (Nanya Technology, DRAM) | 208.00 | 214.28 | -8.6% | N/A | ⚠️ 跌破月線 |
| `2449` | 京元電子 | 277.50 | 279.52 | +1.6% | 1.39% | ⚠️ 跌破月線 |
| `2493` | 揚博 | 120.00 | 122.08 | +44.9% | 3.15% | ⚠️ 跌破月線 |
| `5483` | 中美晶 | 126.00 | 118.70 | -23.4% | 2.63% | ⚠️ 觸及-10%停損 (-23.4%) |
| `8069` | 元太 (E Ink Holdings) | 147.00 | 147.72 | -5.0% | 3.14% | ⚠️ 跌破月線 |

## ✅ 正常持倉
| 代碼 | 名稱 | 現價 | 20MA | 損益% | 殖利率 | 狀態 |
|------|------|------|------|-------|--------|------|
| `0050` | 元大台灣50 | 86.35 | 79.86 | +40.7% | 1.89% | ✅ 正常 |
| `0056` | 元大高股息 | 40.65 | 39.51 | +12.2% | 9.93% | ✅ 正常 |
| `00878` | 國泰永續高股息 | 24.66 | 23.16 | +17.7% | 7.80% | ✅ 正常 |
| `00919` | 群益台灣精選高息 | 23.45 | 22.93 | -3.3% | 11.80% | ✅ 正常 |
| `00929` | 復華台灣科技優息 | 21.84 | 20.20 | +13.5% | 5.34% | ✅ 正常 |
| `00940` | 元大台灣價值高息 | 10.30 | 9.90 | +4.1% | 5.01% | ✅ 正常 |
| `00946` | 群益科技高息成長 | 11.42 | 10.64 | +15.9% | 5.37% | ✅ 正常 |
| `009816` | 凱基台灣TOP50 | 12.39 | 11.33 | +19.2% | N/A | ✅ 正常 |
| `2301` | 光寶科 | 164.50 | 156.57 | +3.8% | 4.27% | ✅ 正常 |
| `2317` | 鴻海 (Hon Hai / Foxconn) | 225.00 | 202.90 | +10.2% | 2.62% | ✅ 正常 |
| `2330` | 台積電 (TSMC) | 2080.00 | 1946.00 | +63.1% | 1.17% | ✅ 正常 |
| `2357` | 華碩 | 598.00 | 577.40 | +4.7% | 5.58% | ✅ 正常 |
| `2382` | 廣達 (Quanta Computer) | 322.00 | 307.23 | +14.0% | 3.88% | ✅ 正常 |
| `2454` | 聯發科 (MediaTek) | 2215.00 | 1718.75 | +42.8% | 2.33% | ✅ 正常 |
| `2546` | 根基 | 85.20 | 83.63 | +6.6% | 3.74% | ✅ 正常 |
| `2886` | 兆豐金 | 39.80 | 39.35 | +5.8% | 4.05% | ✅ 正常 |
| `3231` | 緯創 | 139.50 | 132.35 | +21.4% | 2.64% | ✅ 正常 |
| `6239` | 力成 | 207.00 | 205.82 | +27.8% | 3.20% | ✅ 正常 |
| `6488` | 環球晶 (GlobalWafers) | 572.00 | 485.00 | +3.2% | 1.28% | ✅ 正常 |

## 💼 資金桶檢查 (依 capital/capital_config.md)

### 現價口徑（風險 / 曝險視角）
| 桶別 | 現價市值 | 佔比 | 目標 | 狀態 |
|------|---------:|-----:|-----:|------|
| Core（底倉水庫）| 1,811,861 | 73.3% | 50% | 📌 📌 偏高，長線防禦性強 |
| Tactical（戰術水管）| 661,510 | 26.7% | 30% | ✅ |
| Cash（銀彈消防栓）| 534,213 | 17.8% | 20% | ✅ |
| **已投資合計** | **2,473,371** | 100% | | |

### 成本口徑（預算 / 投入視角）
| 桶別 | 成本基礎 | 佔比 | 現價市值 | 帳面損益 |
|------|---------:|-----:|---------:|---------:|
| Core | 1,610,887 | 70.1% | 1,811,861 | +200,974 (+12.5%) |
| Tactical | 688,507 | 29.9% | 661,510 | -26,997 (-3.9%) |
| **合計** | **2,299,394** | 100% | **2,473,371** | **+173,977** (+7.6%) |

> 💡 **雙口徑解讀**：現價口徑用於觸發「桶別佔比」警戒線（配置偏離）；成本口徑用於判斷「預算投入」是否超限（單一標的／單桶是否過度押注）。兩者可能差距很大：Tactical 帳面虧損會讓現價佔比「看起來」變小，但實際投入本金沒變。


## 🎯 單檔預算檢查 (依 capital/single_position_budget.md)
| 代碼 | 名稱 | Tier | 基準預算 | Override | 總上限 | 實際本金 | 狀態 |
|------|------|:----:|---------:|---------:|-------:|---------:|------|
| `2002` | 中鋼 | B | 200,000 | 0 | 200,000 | 342,565 | 🔴 超支 142,565 |
| `2330` | 台積電（波段） | C | 50,000 | 0 | 50,000 | 65,036 | 🔴 超支 15,036 |
| `2454` | 聯發科 | A | 200,000 | 0 | 200,000 | 43,434 | ✅ 22% |
| `6488` | 環球晶 | A | 200,000 | 0 | 200,000 | 110,862 | ✅ 55% |
| `2317` | 鴻海（波段） | C | 50,000 | 0 | 50,000 | 27,562 | ✅ 55% |
| `3231` | 緯創 | C | 50,000 | 0 | 50,000 | 28,955 | ✅ 58% |
| `2382` | 廣達 | C | 50,000 | 0 | 50,000 | 2,824 | ✅ 6% |
| `2357` | 華碩 | C | 50,000 | 0 | 50,000 | 8,570 | ✅ 17% |
| `5483` | 中美晶 | C | 50,000 | 0 | 50,000 | 23,036 | ✅ 46% |
| `2408` | 南亞科 | C | 50,000 | 0 | 50,000 | 9,103 | ✅ 18% |
| `2449` | 京元電 | C | 50,000 | 0 | 50,000 | 3,279 | ✅ 7% |
| `2379` | 瑞昱 | C | 50,000 | 0 | 50,000 | 0 | ✅ 已清倉 |
| `1503` | 士電 | Exit | 0 | 0 | 0 | 0 | ✅ 已清倉 |
| `2376` | 技嘉 | Exit | 0 | 0 | 0 | 0 | ✅ 已清倉 |

**預算匯總**：基準 1,050,000 ／ Override 0 ／ 實際投入 665,226

> 🔴 **單檔預算越權警告**：2 檔超出總預算上限，詳見 `capital/single_position_budget.md` § 🚫 超支既有部位

 
[2/3] 記錄淨值快照... 
解析 28 個持股檔案...

[2026-04-23] 結算完成（28/28 檔）
  總市值：   2,473,371 元
  總成本：   2,279,740 元
  總損益：    +193,631 元  (+8.49%)

  今日已有記錄（2026-04-23），不重複寫入。

日期                      總市值         損益      損益%
--------------------------------------------------
2026-04-10        3,084,685                  
2026-04-13        3,063,337                  
2026-04-14        3,090,747                  
2026-04-15        3,002,747                  
2026-04-16        3,140,530                  
2026-04-17        3,132,206                  
2026-04-20        3,071,606                  
2026-04-21        3,074,353                  
2026-04-22        3,077,695                  
2026-04-23        3,007,583                   ← 今日

  vs 上次：-70,112 元  (-2.28%)
 
[3/4] 執行 Watchlist 掃描... 
== Watchlist 掃描 2026-04-23 ==

[2303] 2303_聯電 候補追蹤
  現價: 73.60  |  月線(20MA): 63.43 (+16.0%)  |  季線(60MA): 63.21 (+16.4%)
  ⚡ 量化觸發：
     • 股價突破季線：現價 73.6 站上季線 63.2（+16.4%）
  MD 更新：已新增今日紀錄

[2324] 2324_仁寶 候補追蹤
  現價: 31.20  |  月線(20MA): 29.35 (+6.3%)  |  季線(60MA): 30.90 (+1.0%)
  ⚡ 量化觸發：
     • 股價突破季線：現價 31.2 站上季線 30.9（+1.0%）
     • 股價跌近季線支撐：現價 31.2 距季線 30.9 僅 1.0%（季線回測）
  MD 更新：已新增今日紀錄

[2337] 2337_旺宏 候補追蹤
  現價: 126.00  |  月線(20MA): 134.88 (-6.6%)  |  季線(60MA): 111.76 (+12.7%)
  ⚡ 量化觸發：
     • 股價跌至月線下方：現價 126.0 跌破月線 134.9（需觀察是否企穩）
     • 股價突破季線：現價 126.0 站上季線 111.8（+12.7%）
  MD 更新：已新增今日紀錄

[2338] 2338_光罩 交易紀錄
  現價: 48.60  |  月線(20MA): 46.53 (+4.4%)  |  季線(60MA): 44.92 (+8.2%)
  ⚡ 量化觸發：
     • 股價突破季線：現價 48.6 站上季線 44.9（+8.2%）
  MD 更新：已新增今日紀錄

[2383] 2383_台光電 候補追蹤
  現價: 4100.00  |  月線(20MA): 3338.25 (+22.8%)  |  季線(60MA): 2566.08 (+59.8%)
  ⚡ 量化觸發：
     • 股價突破季線：現價 4100.0 站上季線 2566.1（+59.8%）
  MD 更新：已新增今日紀錄

[2412] 2412_中華電 候補追蹤
  現價: 136.00  |  月線(20MA): 135.12 (+0.6%)  |  季線(60MA): 134.75 (+0.9%)
  ⚡ 量化觸發：
     • 股價回測月線支撐：現價 136.0 距月線 135.1 僅 0.6%（月線回測中）
     • 股價突破季線：現價 136.0 站上季線 134.8（+0.9%）
     • 股價跌近季線支撐：現價 136.0 距季線 134.8 僅 0.9%（季線回測）
  MD 更新：已新增今日紀錄

[2454] 2454_聯發科 候補追蹤
  現價: 2215.00  |  月線(20MA): 1718.75 (+28.9%)  |  季線(60MA): 1724.17 (+28.5%)
  ⚡ 量化觸發：
     • 股價突破季線：現價 2215.0 站上季線 1724.2（+28.5%）
  MD 更新：已新增今日紀錄

[2486] 2486_一詮 候補追蹤
  現價: 222.00  |  月線(20MA): 173.35 (+28.1%)  |  季線(60MA): 146.35 (+51.7%)
  ⚡ 量化觸發：
     • 股價突破季線：現價 222.0 站上季線 146.3（+51.7%）
  MD 更新：已新增今日紀錄

[2891] 2891_中信金 候補追蹤
  現價: 52.70  |  月線(20MA): 53.46 (-1.4%)  |  季線(60MA): 52.35 (+0.7%)
  ⚡ 量化觸發：
     • 股價跌至月線下方：現價 52.7 跌破月線 53.5（需觀察是否企穩）
     • 股價突破季線：現價 52.7 站上季線 52.4（+0.7%）
     • 股價跌近季線支撐：現價 52.7 距季線 52.4 僅 0.7%（季線回測）
  MD 更新：已新增今日紀錄

[3037] 3037_欣興 候補追蹤
  現價: 728.00  |  月線(20MA): 593.33 (+22.7%)  |  季線(60MA): 475.22 (+53.2%)
  ⚡ 量化觸發：
     • 股價突破季線：現價 728.0 站上季線 475.2（+53.2%）
  MD 更新：已新增今日紀錄

[3045] 3045_台灣大 候補追蹤
  現價: 112.00  |  月線(20MA): 110.40 (+1.4%)  |  季線(60MA): 108.28 (+3.4%)
  ⚡ 量化觸發：
     • 股價回測月線支撐：現價 112.0 距月線 110.4 僅 1.4%（月線回測中）
     • 股價突破季線：現價 112.0 站上季線 108.3（+3.4%）
     • 股價跌近季線支撐：現價 112.0 距季線 108.3 僅 3.4%（季線回測）
  MD 更新：已新增今日紀錄

[3081] 3081_聯亞 交易紀錄
  現價: 3020.00  |  月線(20MA): 2192.50 (+37.7%)  |  季線(60MA): 1516.95 (+99.1%)
  ⚡ 量化觸發：
     • 股價突破季線：現價 3020.0 站上季線 1517.0（+99.1%）
  MD 更新：已新增今日紀錄

[3481] 3481_群創 交易紀錄
  現價: 24.10  |  月線(20MA): 25.65 (-6.0%)  |  季線(60MA): 25.41 (-5.1%)
  ⚡ 量化觸發：
     • 股價跌至月線下方：現價 24.1 跌破月線 25.6（需觀察是否企穩）
  MD 更新：已新增今日紀錄

[3587] 3587_閎康 候補追蹤
  現價: 333.00  |  月線(20MA): 285.93 (+16.5%)  |  季線(60MA): 232.20 (+43.4%)
  ⚡ 量化觸發：
     • 股價突破季線：現價 333.0 站上季線 232.2（+43.4%）
  MD 更新：已新增今日紀錄

[3661] 3661_世芯KY 候補追蹤
  現價: 3980.00  |  月線(20MA): 3177.75 (+25.2%)  |  季線(60MA): 3253.58 (+22.3%)
  ⚡ 量化觸發：
     • 股價突破季線：現價 3980.0 站上季線 3253.6（+22.3%）
  MD 更新：已新增今日紀錄

[3711] 3711_日月光投控 候補追蹤
  現價: 464.50  |  月線(20MA): 401.60 (+15.7%)  |  季線(60MA): 353.41 (+31.4%)
  ⚡ 量化觸發：
     • 股價突破季線：現價 464.5 站上季線 353.4（+31.4%）
  MD 更新：已新增今日紀錄

[4991] 4991_環宇-KY 交易紀錄
  現價: 635.00  |  月線(20MA): 545.17 (+16.5%)  |  季線(60MA): 375.85 (+69.0%)
  ⚡ 量化觸發：
     • 股價突破季線：現價 635.0 站上季線 375.9（+69.0%）
  MD 更新：已新增今日紀錄

[6223] 6223_旺矽 交易紀錄
  現價: 4790.00  |  月線(20MA): 4347.25 (+10.2%)  |  季線(60MA): 3394.33 (+41.1%)
  ⚡ 量化觸發：
     • 股價突破季線：現價 4790.0 站上季線 3394.3（+41.1%）
  MD 更新：已新增今日紀錄

[6451] 6451_訊芯-KY 候補追蹤
  現價: 446.50  |  月線(20MA): 403.90 (+10.5%)  |  季線(60MA): 264.07 (+69.1%)
  ⚡ 量化觸發：
     • 股價突破季線：現價 446.5 站上季線 264.1（+69.1%）
  MD 更新：已新增今日紀錄

[6789] 6789_采鈺 候補追蹤
  現價: 515.00  |  月線(20MA): 380.40 (+35.4%)  |  季線(60MA): 334.23 (+54.1%)
  ⚡ 量化觸發：
     • 股價突破季線：現價 515.0 站上季線 334.2（+54.1%）
  MD 更新：已新增今日紀錄

[8046] 8046_南電 候補追蹤
  現價: 795.00  |  月線(20MA): 654.80 (+21.4%)  |  季線(60MA): 514.53 (+54.5%)
  ⚡ 量化觸發：
     • 股價突破季線：現價 795.0 站上季線 514.5（+54.5%）
  MD 更新：已新增今日紀錄

[8299] 8299_群聯 候補追蹤
  現價: 1705.00  |  月線(20MA): 1648.25 (+3.4%)  |  季線(60MA): 1842.42 (-7.5%)
  目前無量化觸發訊號
  MD 更新：已新增今日紀錄

==================================================
!! 本次掃描共 21 檔觸發量化訊號，建議啟動研究：
  [2303] 2303_聯電 候補追蹤
    -> 股價突破季線：現價 73.6 站上季線 63.2（+16.4%）
  [2324] 2324_仁寶 候補追蹤
    -> 股價突破季線：現價 31.2 站上季線 30.9（+1.0%）
    -> 股價跌近季線支撐：現價 31.2 距季線 30.9 僅 1.0%（季線回測）
  [2337] 2337_旺宏 候補追蹤
    -> 股價跌至月線下方：現價 126.0 跌破月線 134.9（需觀察是否企穩）
    -> 股價突破季線：現價 126.0 站上季線 111.8（+12.7%）
  [2338] 2338_光罩 交易紀錄
    -> 股價突破季線：現價 48.6 站上季線 44.9（+8.2%）
  [2383] 2383_台光電 候補追蹤
    -> 股價突破季線：現價 4100.0 站上季線 2566.1（+59.8%）
  [2412] 2412_中華電 候補追蹤
    -> 股價回測月線支撐：現價 136.0 距月線 135.1 僅 0.6%（月線回測中）
    -> 股價突破季線：現價 136.0 站上季線 134.8（+0.9%）
    -> 股價跌近季線支撐：現價 136.0 距季線 134.8 僅 0.9%（季線回測）
  [2454] 2454_聯發科 候補追蹤
    -> 股價突破季線：現價 2215.0 站上季線 1724.2（+28.5%）
  [2486] 2486_一詮 候補追蹤
    -> 股價突破季線：現價 222.0 站上季線 146.3（+51.7%）
  [2891] 2891_中信金 候補追蹤
    -> 股價跌至月線下方：現價 52.7 跌破月線 53.5（需觀察是否企穩）
    -> 股價突破季線：現價 52.7 站上季線 52.4（+0.7%）
    -> 股價跌近季線支撐：現價 52.7 距季線 52.4 僅 0.7%（季線回測）
  [3037] 3037_欣興 候補追蹤
    -> 股價突破季線：現價 728.0 站上季線 475.2（+53.2%）
  [3045] 3045_台灣大 候補追蹤
    -> 股價回測月線支撐：現價 112.0 距月線 110.4 僅 1.4%（月線回測中）
    -> 股價突破季線：現價 112.0 站上季線 108.3（+3.4%）
    -> 股價跌近季線支撐：現價 112.0 距季線 108.3 僅 3.4%（季線回測）
  [3081] 3081_聯亞 交易紀錄
    -> 股價突破季線：現價 3020.0 站上季線 1517.0（+99.1%）
  [3481] 3481_群創 交易紀錄
    -> 股價跌至月線下方：現價 24.1 跌破月線 25.6（需觀察是否企穩）
  [3587] 3587_閎康 候補追蹤
    -> 股價突破季線：現價 333.0 站上季線 232.2（+43.4%）
  [3661] 3661_世芯KY 候補追蹤
    -> 股價突破季線：現價 3980.0 站上季線 3253.6（+22.3%）
  [3711] 3711_日月光投控 候補追蹤
    -> 股價突破季線：現價 464.5 站上季線 353.4（+31.4%）
  [4991] 4991_環宇-KY 交易紀錄
    -> 股價突破季線：現價 635.0 站上季線 375.9（+69.0%）
  [6223] 6223_旺矽 交易紀錄
    -> 股價突破季線：現價 4790.0 站上季線 3394.3（+41.1%）
  [6451] 6451_訊芯-KY 候補追蹤
    -> 股價突破季線：現價 446.5 站上季線 264.1（+69.1%）
  [6789] 6789_采鈺 候補追蹤
    -> 股價突破季線：現價 515.0 站上季線 334.2（+54.1%）
  [8046] 8046_南電 候補追蹤
    -> 股價突破季線：現價 795.0 站上季線 514.5（+54.5%）

注意：法人調升評等、外資加碼、供需報告等質化條件仍需人工確認。
 
[4/5] Wave Score 掃描（成長趨勢股）... 

============================================================
  Wave Score 掃描  [2026-04-23]  共 13 檔成長趨勢股
============================================================

  [1215 卜蜂]  Wave +2 (from +0)  輕倉加碼/觀察

  [2301 光寶科]  Wave -1 (from +1)  持有不動

  [2317 鴻海]  Wave +1 (from +3)  輕倉加碼/觀察

  [2330 台積電]  Wave +4 (from +3)  加碼

  [2382 廣達]  Wave +0 (from +1)  持有不動

  [2408 南亞科]  Wave +0  持有不動

  [2449 京元電]  Wave +0 (from +2)  持有不動

  [2454 聯發科]  Wave +0 (from +1)  持有不動

  [2546 根基]  Wave -2 (from -1)  部分減持

  [3231 緯創]  Wave +0  持有不動

  [5483 中美晶]  Wave +0  持有不動

  [6239 力成]  Wave -2 (from +0)  部分減持

  [6488 環球晶]  Wave +1 (from +2)  輕倉加碼/觀察

  💾 Wave Score 已快取至 S:\股票筆記\journals\logs\2026-04-23_wave_scores.json

============================================================
  🔴 需即時處理：
    🔴 減持訊號  2301 光寶科  現價 164.5  |  進入賣出區(+7.9%) 且 Wave -1，動能背離
    🔴 減持訊號  2382 廣達  現價 322.0  |  進入賣出區(+7.0%) 且 Wave +0，動能背離
    🔴 減持訊號  2408 南亞科  現價 208.0  |  進入賣出區(+0.6%) 且 Wave +0，動能背離
    🔴 減持訊號  2449 京元電  現價 277.5  |  進入賣出區(+2.2%) 且 Wave +0，動能背離
    🔴 減持訊號  2454 聯發科  現價 2215.0  |  進入賣出區(+33.0%) 且 Wave +0，動能背離
    🔴 減持訊號  2546 根基  現價 85.2  |  進入賣出區(+3.0%) 且 Wave -2，動能背離
    🔴 減持訊號  3231 緯創  現價 139.5  |  進入賣出區(+7.3%) 且 Wave +0，動能背離
    🔴 減持訊號  5483 中美晶  現價 126.0  |  進入賣出區(+9.0%) 且 Wave +0，動能背離
    🔴 減持訊號  6239 力成  現價 207.0  |  進入賣出區(+3.7%) 且 Wave -2，動能背離
  🟢 加碼機會：
    🟢 輕倉加碼  1215 卜蜂  現價 140.0  |  Wave +2（上次 +0）
    🟢 強力加碼  2330 台積電  現價 2080.0  |  Wave +4
  🟡 觀察：
    🟡 賣出區（趨勢延伸）  2317 鴻海  現價 225.0  |  超賣出下緣 +12.8%，Wave +1 仍強，等爆量收黑訊號
    🟡 賣出區（趨勢延伸）  6488 環球晶  現價 572.0  |  超賣出下緣 +22.3%，Wave +1 仍強，等爆量收黑訊號

  ✅ 戰術指南.md Wave Score 區塊已更新

 
[5/5] 事件偵測（Layer 3 訊號）... 
[事件偵測] 2026-04-23 — 命中 15 個事件
  🔔 EVENT [1215 卜蜂] WAVE_REGIME: Wave +0 → +2，跨越強弱邊界（±2）
  🔔 EVENT [2301 光寶科] NEAR_MA: 現價 164.5 距月線 156.6 僅 1.0 ATR（ATR=8.11），月線支撐待確認
  🔔 EVENT [2301 光寶科] WAVE_FLIP: Wave +1 → -1，動能方向翻轉
  🔔 EVENT [2317 鴻海] WAVE_REGIME: Wave +3 → +1，跨越強弱邊界（±2）
  🔔 EVENT [2382 廣達] NEAR_MA: 現價 322.0 距月線 307.2 僅 1.2 ATR（ATR=12.75），月線支撐待確認
  🔔 EVENT [2382 廣達] WAVE_FLIP: Wave +1 → +0，動能方向翻轉
  🔔 EVENT [2449 京元電] WAVE_FLIP: Wave +2 → +0，動能方向翻轉
  🔔 EVENT [2454 聯發科] WAVE_FLIP: Wave +1 → +0，動能方向翻轉
  🔔 EVENT [2546 根基] NEAR_MA: 現價 85.2 距月線 83.6 僅 0.9 ATR（ATR=1.77），月線支撐待確認
  🔔 EVENT [2546 根基] WAVE_REGIME: Wave -1 → -2，跨越強弱邊界（±2）
  🔔 EVENT [3231 緯創] NEAR_MA: 現價 139.5 距月線 132.3 僅 1.5 ATR（ATR=4.79），月線支撐待確認
  🔔 EVENT [5483 中美晶] NEAR_MA: 現價 126.0 距月線 118.7 僅 1.2 ATR（ATR=6.21），月線支撐待確認
  🔔 EVENT [6239 力成] NEAR_MA: 現價 207.0 距月線 205.8 僅 0.1 ATR（ATR=12.43），月線支撐待確認
  🔔 EVENT [6239 力成] WAVE_REGIME: Wave +0 → -2，跨越強弱邊界（±2）
  🔔 EVENT [6488 環球晶] WAVE_REGIME: Wave +2 → +1，跨越強弱邊界（±2）

[事件偵測]
🔔 EVENT [1215 卜蜂] WAVE_REGIME: Wave +0 → +2，跨越強弱邊界（±2）
🔔 EVENT [2301 光寶科] NEAR_MA: 現價 164.5 距月線 156.6 僅 1.0 ATR（ATR=8.11），月線支撐待確認
🔔 EVENT [2301 光寶科] WAVE_FLIP: Wave +1 → -1，動能方向翻轉
🔔 EVENT [2317 鴻海] WAVE_REGIME: Wave +3 → +1，跨越強弱邊界（±2）
🔔 EVENT [2382 廣達] NEAR_MA: 現價 322.0 距月線 307.2 僅 1.2 ATR（ATR=12.75），月線支撐待確認
🔔 EVENT [2382 廣達] WAVE_FLIP: Wave +1 → +0，動能方向翻轉
🔔 EVENT [2449 京元電] WAVE_FLIP: Wave +2 → +0，動能方向翻轉
🔔 EVENT [2454 聯發科] WAVE_FLIP: Wave +1 → +0，動能方向翻轉
🔔 EVENT [2546 根基] NEAR_MA: 現價 85.2 距月線 83.6 僅 0.9 ATR（ATR=1.77），月線支撐待確認
🔔 EVENT [2546 根基] WAVE_REGIME: Wave -1 → -2，跨越強弱邊界（±2）
🔔 EVENT [3231 緯創] NEAR_MA: 現價 139.5 距月線 132.3 僅 1.5 ATR（ATR=4.79），月線支撐待確認
🔔 EVENT [5483 中美晶] NEAR_MA: 現價 126.0 距月線 118.7 僅 1.2 ATR（ATR=6.21），月線支撐待確認
🔔 EVENT [6239 力成] NEAR_MA: 現價 207.0 距月線 205.8 僅 0.1 ATR（ATR=12.43），月線支撐待確認
🔔 EVENT [6239 力成] WAVE_REGIME: Wave +0 → -2，跨越強弱邊界（±2）
🔔 EVENT [6488 環球晶] WAVE_REGIME: Wave +2 → +1，跨越強弱邊界（±2）
 
完成。 
