============================================================ 
執行時間: 2026-04-13 
============================================================ 
[1/3] 執行持倉健診... 
[history] 已更新 2026-04-13：股票市值 2,505,485（現金 586,208 元）
報告已產生：S:\股票筆記\持倉健診_2026-04-13.md
# 📊 持倉健診報告 (2026-04-13)

## ⚠️ 需要注意的標的
| 代碼 | 名稱 | 現價 | 20MA | 損益% | 殖利率 | 狀態 |
|------|------|------|------|-------|--------|------|
| `00919` | 群益台灣精選高息 | 22.81 | 22.82 | -5.9% | 11.80% | ⚠️ 跌破月線 |
| `1215` | 卜蜂 | 145.00 | 145.03 | +43.4% | 4.88% | ⚠️ 跌破月線 |
| `1503` | 士電 (Shihlin Electric) | 192.50 | 191.82 | -35.6% | 2.42% | ⚠️ 觸及-10%停損 (-35.6%) |
| `2002` | 中鋼 (China Steel) | 20.20 | 19.44 | -22.8% | 1.65% | ⚠️ 觸及-10%停損 (-22.8%) |
| `2317` | 鴻海 (Hon Hai / Foxconn) | 200.00 | 200.88 | -2.0% | 2.89% | ⚠️ 跌破月線 |
| `2376` | 技嘉 | 264.00 | 239.40 | -20.5% | 3.81% | ⚠️ 觸及-10%停損 (-20.5%) |
| `5483` | 中美晶 | 120.00 | 114.95 | -27.1% | 2.93% | ⚠️ 觸及-10%停損 (-27.1%) |
| `8069` | 元太 (E Ink Holdings) | 148.00 | 145.28 | -12.2% | 3.49% | ⚠️ 觸及-10%停損 (-12.2%) |

## ✅ 正常持倉
| 代碼 | 名稱 | 現價 | 20MA | 損益% | 殖利率 | 狀態 |
|------|------|------|------|-------|--------|------|
| `0050` | 元大台灣50 | 80.60 | 76.21 | +31.4% | 1.89% | ✅ 正常 |
| `0056` | 元大高股息 | 39.52 | 38.56 | +9.1% | 9.93% | ✅ 正常 |
| `00878` | 國泰永續高股息 | 23.01 | 22.45 | +10.1% | 7.80% | ✅ 正常 |
| `00929` | 復華台灣科技優息 | 20.09 | 19.48 | +4.4% | 5.34% | ✅ 正常 |
| `00940` | 元大台灣價值高息 | 9.90 | 9.68 | +0.1% | 5.01% | ✅ 正常 |
| `00946` | 群益科技高息成長 | 10.60 | 10.18 | +7.6% | 5.37% | ✅ 正常 |
| `009816` | 凱基台灣TOP50 | 11.38 | 10.79 | +9.5% | N/A | ✅ 正常 |
| `1210` | 大成 | 55.10 | 54.12 | +8.6% | 5.21% | ✅ 正常 |
| `2330` | 台積電 (TSMC) | 1990.00 | 1863.00 | +56.1% | 1.20% | ✅ 正常 |
| `2357` | 華碩 | 578.00 | 571.90 | +1.2% | 5.88% | ✅ 正常 |
| `2382` | 廣達 (Quanta Computer) | 319.00 | 291.85 | +13.0% | 4.04% | ✅ 正常 |
| `2454` | 聯發科 (MediaTek) | 1620.00 | 1603.00 | +4.4% | 3.40% | ✅ 正常 |
| `2493` | 揚博 | 130.50 | 111.45 | +57.6% | 3.36% | ✅ 正常 |
| `2546` | 根基 | 85.60 | 82.61 | +7.1% | 3.72% | ✅ 正常 |
| `2886` | 兆豐金 | 39.30 | 39.08 | +4.5% | 4.02% | ✅ 正常 |
| `3231` | 緯創 | 134.50 | 129.20 | +17.1% | 2.81% | ✅ 正常 |
| `6115` | 鎰勝 | 47.20 | 46.91 | -0.3% | 6.79% | ✅ 正常 |
| `6239` | 力成 | 218.50 | 201.60 | +34.9% | 3.26% | ✅ 正常 |
| `6488` | 環球晶 (GlobalWafers) | 499.50 | 446.82 | -5.1% | 1.57% | ✅ 正常 |

## 💼 資金桶檢查 (依 capital/capital_config.md)

### 現價口徑（風險 / 曝險視角）
| 桶別 | 現價市值 | 佔比 | 目標 | 狀態 |
|------|---------:|-----:|-----:|------|
| Core（底倉水庫）| 1,786,473 | 71.3% | 50% | 📌 📌 偏高，長線防禦性強 |
| Tactical（戰術水管）| 719,012 | 28.7% | 30% | ✅ |
| Cash（銀彈消防栓）| （請手動填入）| — | 20% | — |
| **已投資合計** | **2,505,485** | 100% | | |

### 成本口徑（預算 / 投入視角）
| 桶別 | 成本基礎 | 佔比 | 現價市值 | 帳面損益 |
|------|---------:|-----:|---------:|---------:|
| Core | 1,602,316 | 67.2% | 1,786,473 | +184,157 (+11.5%) |
| Tactical | 781,387 | 32.8% | 719,012 | -62,375 (-8.0%) |
| **合計** | **2,383,703** | 100% | **2,505,485** | **+121,782** (+5.1%) |

> 💡 **雙口徑解讀**：現價口徑用於觸發「桶別佔比」警戒線（配置偏離）；成本口徑用於判斷「預算投入」是否超限（單一標的／單桶是否過度押注）。兩者可能差距很大：Tactical 帳面虧損會讓現價佔比「看起來」變小，但實際投入本金沒變。


## 🎯 單檔預算檢查 (依 capital/single_position_budget.md)
| 代碼 | 名稱 | Tier | 基準預算 | Override | 總上限 | 實際本金 | 狀態 |
|------|------|:----:|---------:|---------:|-------:|---------:|------|
| `2002` | 中鋼 | B | 200,000 | 0 | 200,000 | 368,715 | 🔴 超支 168,715 |
| `2330` | 台積電（波段） | C | 50,000 | 0 | 50,000 | 67,586 | 🔴 超支 17,586 |
| `1503` | 士電 | Exit | 0 | 0 | 0 | 4,485 | 🟡 Exit（預算已鎖 0） |
| `2376` | 技嘉 | Exit | 0 | 0 | 0 | 23,242 | 🟡 Exit（預算已鎖 0） |
| `2454` | 聯發科 | A | 200,000 | 0 | 200,000 | 43,434 | ✅ 22% |
| `6488` | 環球晶 | A | 200,000 | 0 | 200,000 | 157,829 | ✅ 79% |
| `2317` | 鴻海（波段） | C | 50,000 | 0 | 50,000 | 40,015 | ⚠️ 使用率 80% |
| `3231` | 緯創 | C | 50,000 | 0 | 50,000 | 28,955 | ✅ 58% |
| `2382` | 廣達 | C | 50,000 | 0 | 50,000 | 5,648 | ✅ 11% |
| `2357` | 華碩 | C | 50,000 | 0 | 50,000 | 8,570 | ✅ 17% |
| `5483` | 中美晶 | C | 50,000 | 0 | 50,000 | 32,908 | ✅ 66% |
| `2379` | 瑞昱 | C | 50,000 | 0 | 50,000 | 0 | ✅ 已清倉 |

**預算匯總**：基準 950,000 ／ Override 0 ／ 實際投入 781,387

> 🔴 **單檔預算越權警告**：4 檔超出總預算上限，詳見 `capital/single_position_budget.md` § 🚫 超支既有部位

 
[2/3] 記錄淨值快照... 
解析 29 個持股檔案...

[2026-04-13] 結算完成（29/29 檔）
  總市值：   2,505,485 元
  總成本：   2,383,715 元
  總損益：    +121,770 元  (+5.11%)

  今日已有記錄（2026-04-13），不重複寫入。

日期                      總市值         損益      損益%
--------------------------------------------------
2026-03-30        2,834,322                  
2026-03-31        2,793,664                  
2026-04-01        2,799,871                  
2026-04-04        2,864,470                  
2026-04-07        2,930,301                  
2026-04-08        2,999,895                  
2026-04-09        3,033,423                  
2026-04-10        3,072,685                  
2026-04-13        3,091,692                  
2026-04-13        2,505,485   +121,770   +5.11% ← 今日

  vs 上次：-586,208 元  (-18.96%)
 
[3/4] 執行 Watchlist 掃描... 
== Watchlist 掃描 2026-04-13 ==

[2301] 2301_光寶科 候補追蹤
  無法取得市場資料，跳過。

[2303] 2303_聯電 候補追蹤
  無法取得市場資料，跳過。

[2324] 2324_仁寶 候補追蹤
  無法取得市場資料，跳過。

[2337] 2337_旺宏 候補追蹤
  無法取得市場資料，跳過。

[2338] 2338_光罩 交易紀錄
  無法取得市場資料，跳過。

[2408] 2408_南亞科 交易紀錄
  無法取得市場資料，跳過。

[2412] 2412_中華電 候補追蹤
  無法取得市場資料，跳過。

[2449] 2449_京元電 候補追蹤
  無法取得市場資料，跳過。

[2454] 2454_聯發科 候補追蹤
  無法取得市場資料，跳過。

[2891] 2891_中信金 候補追蹤
  無法取得市場資料，跳過。

[3037] 3037_欣興 候補追蹤
  無法取得市場資料，跳過。

[3045] 3045_台灣大 候補追蹤
  無法取得市場資料，跳過。

[3081] 3081_聯亞 交易紀錄
  無法取得市場資料，跳過。

[3481] 3481_群創 交易紀錄
  無法取得市場資料，跳過。

[3711] 3711_日月光投控 候補追蹤
  無法取得市場資料，跳過。

[4991] 4991_環宇-KY 交易紀錄
  無法取得市場資料，跳過。

[6223] 6223_旺矽 交易紀錄
  無法取得市場資料，跳過。

[8046] 8046_南電 候補追蹤
  無法取得市場資料，跳過。

==================================================
本次掃描無量化觸發訊號，候補股持續觀察中。

注意：法人調升評等、外資加碼、供需報告等質化條件仍需人工確認。
 
[4/4] Wave Score 掃描（成長趨勢股）... 

============================================================
  Wave Score 掃描  [2026-04-13]  共 13 檔成長趨勢股
============================================================

  [1215 卜蜂]  Wave +2 (from +4)  輕倉加碼/觀察

  [1503 士電]  Wave +0 (from -1)  持有不動

  [2317 鴻海]  Wave -2 (from -1)  部分減持

  [2330 台積電]  Wave +3 (from +4)  加碼

  [2382 廣達]  Wave +0 (from +3)  持有不動

  [2454 聯發科]  Wave +0 (from -1)  持有不動

  [2546 根基]  Wave -3 (from +0)  部分減持

  [3231 緯創]  Wave -1 (from +0)  持有不動

  [3455 由田]  Wave +1 (from +2)  輕倉加碼/觀察

  [5483 中美晶]  Wave +0 (from -1)  持有不動

  [6115 鎰勝]  Wave +1  輕倉加碼/觀察

  [6239 力成]  Wave +1 (from +0)  輕倉加碼/觀察

  [6488 環球晶]  Wave +0  持有不動

  💾 Wave Score 已快取至 S:\股票筆記\journals\logs\2026-04-13_wave_scores.json

============================================================
  🔴 需即時處理：
    🔴 減持訊號  1503 士電  現價 192.5  |  進入賣出區(+2.4%) 且 Wave +0，動能背離
    🔴 減持訊號  2317 鴻海  現價 200.0  |  進入賣出區(+1.1%) 且 Wave -2，動能背離
    🔴 減持訊號  2382 廣達  現價 319.0  |  進入賣出區(+11.1%) 且 Wave +0，動能背離
    🔴 減持訊號  2454 聯發科  現價 1620.0  |  進入賣出區(+3.2%) 且 Wave +0，動能背離
    🔴 減持訊號  2546 根基  現價 85.6  |  進入賣出區(+4.9%) 且 Wave -3，動能背離
    🔴 減持訊號  3231 緯創  現價 134.5  |  進入賣出區(+5.7%) 且 Wave -1，動能背離
    🔴 減持訊號  5483 中美晶  現價 120.0  |  進入賣出區(+7.0%) 且 Wave +0，動能背離
    🔴 減持訊號  6488 環球晶  現價 499.5  |  進入賣出區(+15.0%) 且 Wave +0，動能背離
  🟢 加碼機會：
    🟢 強力加碼  2330 台積電  現價 1990.0  |  Wave +3
    🟢 輕倉加碼  6239 力成  現價 218.5  |  Wave +1（上次 +0）
  🟡 觀察：
    🟡 賣出區（趨勢延伸）  1215 卜蜂  現價 145.0  |  超賣出下緣 +1.3%，Wave +2 仍強，等爆量收黑訊號
    🟡 跌破月線  1215 卜蜂  現價 145.0  |  145.0 < MA20 145.0(-0.0%)
    🟡 賣出區（趨勢延伸）  3455 由田  現價 190.0  |  超賣出下緣 +40.8%，Wave +1 仍強，等爆量收黑訊號
    🟡 賣出區（趨勢延伸）  6115 鎰勝  現價 47.2  |  超賣出下緣 +1.1%，Wave +1 仍強，等爆量收黑訊號

  ✅ 戰術指南.md Wave Score 區塊已更新

 
完成。 
