============================================================ 
執行時間: 2026-04-16 
============================================================ 
[1/3] 執行持倉健診... 
[history] 已更新 2026-04-16：股票市值 2,606,317（現金 534,213 元）
報告已產生：S:\股票筆記\持倉健診_2026-04-16.md
# 📊 持倉健診報告 (2026-04-16)

## ⚠️ 需要注意的標的
| 代碼 | 名稱 | 現價 | 20MA | 損益% | 殖利率 | 狀態 |
|------|------|------|------|-------|--------|------|
| `2002` | 中鋼 (China Steel) | 19.95 | 19.60 | -23.7% | 1.64% | ⚠️ 觸及-10%停損 (-23.7%) |
| `2408` | 南亞科 (Nanya Technology, DRAM) | 213.50 | 221.55 | -6.2% | N/A | ⚠️ 跌破月線 |
| `2449` | 京元電子 | 283.50 | 285.50 | -2.6% | 1.37% | ⚠️ 跌破月線 |
| `5483` | 中美晶 | 127.00 | 116.70 | -22.8% | 2.87% | ⚠️ 觸及-10%停損 (-22.8%) |

## ✅ 正常持倉
| 代碼 | 名稱 | 現價 | 20MA | 損益% | 殖利率 | 狀態 |
|------|------|------|------|-------|--------|------|
| `0050` | 元大台灣50 | 85.00 | 77.41 | +38.5% | 1.89% | ✅ 正常 |
| `0056` | 元大高股息 | 40.80 | 38.78 | +12.6% | 9.93% | ✅ 正常 |
| `00878` | 國泰永續高股息 | 23.80 | 22.60 | +13.5% | 7.80% | ✅ 正常 |
| `00919` | 群益台灣精選高息 | 23.30 | 22.73 | -3.9% | 11.80% | ✅ 正常 |
| `00929` | 復華台灣科技優息 | 21.05 | 19.63 | +9.4% | 5.34% | ✅ 正常 |
| `00940` | 元大台灣價值高息 | 10.17 | 9.73 | +2.8% | 5.01% | ✅ 正常 |
| `00946` | 群益科技高息成長 | 11.02 | 10.29 | +11.9% | 5.37% | ✅ 正常 |
| `009816` | 凱基台灣TOP50 | 12.00 | 10.95 | +15.5% | N/A | ✅ 正常 |
| `1210` | 大成 | 54.80 | 54.27 | +8.0% | 5.16% | ✅ 正常 |
| `1215` | 卜蜂 | 144.00 | 143.70 | +42.4% | 4.90% | ✅ 正常 |
| `2301` | 光寶科 | 161.00 | 154.50 | +1.6% | 4.72% | ✅ 正常 |
| `2317` | 鴻海 (Hon Hai / Foxconn) | 207.00 | 199.82 | +1.4% | 2.80% | ✅ 正常 |
| `2330` | 台積電 (TSMC) | 2085.00 | 1895.00 | +63.5% | 1.15% | ✅ 正常 |
| `2357` | 華碩 | 589.00 | 571.00 | +3.1% | 5.82% | ✅ 正常 |
| `2382` | 廣達 (Quanta Computer) | 318.50 | 296.00 | +12.8% | 4.21% | ✅ 正常 |
| `2454` | 聯發科 (MediaTek) | 1895.00 | 1615.25 | +22.2% | 2.99% | ✅ 正常 |
| `2493` | 揚博 | 147.00 | 117.28 | +77.5% | 2.62% | ✅ 正常 |
| `2546` | 根基 | 86.20 | 83.00 | +7.8% | 3.71% | ✅ 正常 |
| `2886` | 兆豐金 | 39.95 | 39.16 | +6.2% | 4.05% | ✅ 正常 |
| `3231` | 緯創 | 134.00 | 129.22 | +16.6% | 2.86% | ✅ 正常 |
| `6239` | 力成 | 212.50 | 203.22 | +31.2% | 3.33% | ✅ 正常 |
| `6488` | 環球晶 (GlobalWafers) | 540.00 | 458.50 | -2.6% | 1.49% | ✅ 正常 |
| `8069` | 元太 (E Ink Holdings) | 155.00 | 145.47 | +0.2% | 3.32% | ✅ 正常 |

## 💼 資金桶檢查 (依 capital/capital_config.md)

### 現價口徑（風險 / 曝險視角）
| 桶別 | 現價市值 | 佔比 | 目標 | 狀態 |
|------|---------:|-----:|-----:|------|
| Core（底倉水庫）| 1,946,531 | 74.7% | 50% | 📌 📌 偏高，長線防禦性強 |
| Tactical（戰術水管）| 659,786 | 25.3% | 30% | ✅ |
| Cash（銀彈消防栓）| （請手動填入）| — | 20% | — |
| **已投資合計** | **2,606,317** | 100% | | |

### 成本口徑（預算 / 投入視角）
| 桶別 | 成本基礎 | 佔比 | 現價市值 | 帳面損益 |
|------|---------:|-----:|---------:|---------:|
| Core | 1,714,542 | 71.2% | 1,946,531 | +231,989 (+13.5%) |
| Tactical | 692,644 | 28.8% | 659,786 | -32,858 (-4.7%) |
| **合計** | **2,407,186** | 100% | **2,606,317** | **+199,131** (+8.3%) |

> 💡 **雙口徑解讀**：現價口徑用於觸發「桶別佔比」警戒線（配置偏離）；成本口徑用於判斷「預算投入」是否超限（單一標的／單桶是否過度押注）。兩者可能差距很大：Tactical 帳面虧損會讓現價佔比「看起來」變小，但實際投入本金沒變。


## 🎯 單檔預算檢查 (依 capital/single_position_budget.md)
| 代碼 | 名稱 | Tier | 基準預算 | Override | 總上限 | 實際本金 | 狀態 |
|------|------|:----:|---------:|---------:|-------:|---------:|------|
| `2002` | 中鋼 | B | 200,000 | 0 | 200,000 | 342,565 | 🔴 超支 142,565 |
| `2330` | 台積電（波段） | C | 50,000 | 0 | 50,000 | 65,036 | 🔴 超支 15,036 |
| `2454` | 聯發科 | A | 200,000 | 0 | 200,000 | 43,434 | ✅ 22% |
| `6488` | 環球晶 | A | 200,000 | 0 | 200,000 | 110,862 | ✅ 55% |
| `2317` | 鴻海（波段） | C | 50,000 | 0 | 50,000 | 37,770 | ✅ 76% |
| `3231` | 緯創 | C | 50,000 | 0 | 50,000 | 28,955 | ✅ 58% |
| `2382` | 廣達 | C | 50,000 | 0 | 50,000 | 5,648 | ✅ 11% |
| `2357` | 華碩 | C | 50,000 | 0 | 50,000 | 8,570 | ✅ 17% |
| `5483` | 中美晶 | C | 50,000 | 0 | 50,000 | 23,036 | ✅ 46% |
| `2408` | 南亞科 | C | 50,000 | 0 | 50,000 | 9,103 | ✅ 18% |
| `2449` | 京元電 | C | 50,000 | 0 | 50,000 | 11,642 | ✅ 23% |
| `2379` | 瑞昱 | C | 50,000 | 0 | 50,000 | 0 | ✅ 已清倉 |
| `1503` | 士電 | Exit | 0 | 0 | 0 | 0 | ✅ 已清倉 |
| `2376` | 技嘉 | Exit | 0 | 0 | 0 | 0 | ✅ 已清倉 |

**預算匯總**：基準 1,050,000 ／ Override 0 ／ 實際投入 686,621

> 🔴 **單檔預算越權警告**：2 檔超出總預算上限，詳見 `capital/single_position_budget.md` § 🚫 超支既有部位

 
[2/3] 記錄淨值快照... 
解析 28 個持股檔案...

[2026-04-16] 結算完成（28/28 檔）
  總市值：   2,606,317 元
  總成本：   2,407,244 元
  總損益：    +199,074 元  (+8.27%)

  今日已有記錄（2026-04-16），不重複寫入。

日期                      總市值         損益      損益%
--------------------------------------------------
2026-04-04        2,876,470                  
2026-04-07        2,942,301                  
2026-04-08        3,011,895                  
2026-04-09        3,045,423                  
2026-04-10        3,084,685                  
2026-04-13        3,063,337                  
2026-04-14        3,090,747                  
2026-04-15        3,002,747                  
2026-04-16        3,140,530                  
2026-04-16        2,606,317   +199,074   +8.27% ← 今日

  vs 上次：-534,213 元  (-17.01%)
 
[3/4] 執行 Watchlist 掃描... 
== Watchlist 掃描 2026-04-16 ==

[2303] 2303_聯電 候補追蹤
  無法取得市場資料，跳過。

[2324] 2324_仁寶 候補追蹤
  無法取得市場資料，跳過。

[2337] 2337_旺宏 候補追蹤
  無法取得市場資料，跳過。

[2338] 2338_光罩 交易紀錄
  無法取得市場資料，跳過。

[2383] 2383_台光電 候補追蹤
  無法取得市場資料，跳過。

[2412] 2412_中華電 候補追蹤
  無法取得市場資料，跳過。

[2454] 2454_聯發科 候補追蹤
  無法取得市場資料，跳過。

[2486] 2486_一詮 候補追蹤
  無法取得市場資料，跳過。

[2891] 2891_中信金 候補追蹤
  無法取得市場資料，跳過。

[3037] 3037_欣興 候補追蹤
  無法取得市場資料，跳過。

[3045] 3045_台灣大 候補追蹤
  無法取得市場資料，跳過。

[3081] 3081_聯亞 交易紀錄
  無法取得市場資料，跳過。

[3481] 3481_群創 交易紀錄
  無法取得市場資料，跳過。

[3587] 3587_閎康 候補追蹤
  無法取得市場資料，跳過。

[3711] 3711_日月光投控 候補追蹤
  無法取得市場資料，跳過。

[4991] 4991_環宇-KY 交易紀錄
  無法取得市場資料，跳過。

[6223] 6223_旺矽 交易紀錄
  無法取得市場資料，跳過。

[6451] 6451_訊芯-KY 候補追蹤
  無法取得市場資料，跳過。

[8046] 8046_南電 候補追蹤
  無法取得市場資料，跳過。

[8299] 8299_群聯 候補追蹤
  無法取得市場資料，跳過。

==================================================
本次掃描無量化觸發訊號，候補股持續觀察中。

注意：法人調升評等、外資加碼、供需報告等質化條件仍需人工確認。
 
[4/4] Wave Score 掃描（成長趨勢股）... 

============================================================
  Wave Score 掃描  [2026-04-16]  共 13 檔成長趨勢股
============================================================

  [1215 卜蜂]  Wave +1 (from +0)  輕倉加碼/觀察

  [2301 光寶科]  Wave +0  持有不動

  [2317 鴻海]  Wave +0 (from -1)  持有不動

  [2330 台積電]  Wave +3 (from +4)  加碼

  [2382 廣達]  Wave +2 (from +0)  輕倉加碼/觀察

  [2408 南亞科]  Wave +1 (from +2)  輕倉加碼/觀察

  [2449 京元電]  Wave +0  持有不動

  [2454 聯發科]  Wave +1 (from +0)  輕倉加碼/觀察

  [2546 根基]  Wave -1  持有不動

  [3231 緯創]  Wave +0 (from -1)  持有不動

  [5483 中美晶]  Wave +1 (from -1)  輕倉加碼/觀察

  [6239 力成]  Wave +0 (from -1)  持有不動

  [6488 環球晶]  Wave +1  輕倉加碼/觀察

  💾 Wave Score 已快取至 S:\股票筆記\journals\logs\2026-04-16_wave_scores.json

============================================================
  🔴 需即時處理：
    🔴 減持訊號  2301 光寶科  現價 161.0  |  進入賣出區(+6.7%) 且 Wave +0，動能背離
    🔴 減持訊號  2317 鴻海  現價 207.0  |  進入賣出區(+5.2%) 且 Wave +0，動能背離
    🔴 減持訊號  2449 京元電  現價 283.5  |  進入賣出區(+2.2%) 且 Wave +0，動能背離
    🔴 減持訊號  2546 根基  現價 86.2  |  進入賣出區(+5.0%) 且 Wave -1，動能背離
    🔴 減持訊號  3231 緯創  現價 134.0  |  進入賣出區(+5.3%) 且 Wave +0，動能背離
    🔴 減持訊號  6239 力成  現價 212.5  |  進入賣出區(+7.7%) 且 Wave +0，動能背離
  🟢 加碼機會：
    🟢 輕倉加碼  1215 卜蜂  現價 144.0  |  Wave +1（上次 +0）
    🟢 強力加碼  2330 台積電  現價 2085.0  |  Wave +3
    🟢 輕倉加碼  2382 廣達  現價 318.5  |  Wave +2（上次 +0）
    🟢 輕倉加碼  2454 聯發科  現價 1895.0  |  Wave +1（上次 +0）
    🟢 輕倉加碼  5483 中美晶  現價 127.0  |  Wave +1（上次 -1）
  🟡 觀察：
    🟡 賣出區（趨勢延伸）  2408 南亞科  現價 213.5  |  超賣出下緣 +0.1%，Wave +1 仍強，等爆量收黑訊號
    🟡 跌破月線  2408 南亞科  現價 213.5  |  213.5 < MA20 221.6(-3.6%)
    🟡 賣出區（趨勢延伸）  6488 環球晶  現價 540.0  |  超賣出下緣 +21.3%，Wave +1 仍強，等爆量收黑訊號

  ✅ 戰術指南.md Wave Score 區塊已更新

 
完成。 
