============================================================ 
執行時間: 2026-04-20 
============================================================ 
[1/3] 執行持倉健診... 
[history] 已更新 2026-04-20：股票市值 2,537,393（現金 534,213 元）
報告已產生：S:\股票筆記\持倉健診_2026-04-20.md
# 📊 持倉健診報告 (2026-04-20)

## ⚠️ 需要注意的標的
| 代碼 | 名稱 | 現價 | 20MA | 損益% | 殖利率 | 狀態 |
|------|------|------|------|-------|--------|------|
| `1210` | 大成 | 54.20 | 54.31 | +6.8% | 5.22% | ⚠️ 跌破月線 |
| `1215` | 卜蜂 | 142.50 | 143.22 | +40.9% | 4.91% | ⚠️ 跌破月線 |
| `2002` | 中鋼 (China Steel) | 20.10 | 19.64 | -23.1% | 1.64% | ⚠️ 觸及-10%停損 (-23.1%) |
| `2408` | 南亞科 (Nanya Technology, DRAM) | 210.00 | 218.25 | -7.7% | N/A | ⚠️ 跌破月線 |
| `5483` | 中美晶 | 124.50 | 116.47 | -24.3% | 2.81% | ⚠️ 觸及-10%停損 (-24.3%) |

## ✅ 正常持倉
| 代碼 | 名稱 | 現價 | 20MA | 損益% | 殖利率 | 狀態 |
|------|------|------|------|-------|--------|------|
| `0050` | 元大台灣50 | 84.15 | 77.73 | +37.1% | 1.89% | ✅ 正常 |
| `0056` | 元大高股息 | 40.98 | 38.86 | +13.1% | 9.93% | ✅ 正常 |
| `00878` | 國泰永續高股息 | 24.06 | 22.66 | +14.8% | 7.80% | ✅ 正常 |
| `00919` | 群益台灣精選高息 | 23.43 | 22.74 | -3.3% | 11.80% | ✅ 正常 |
| `00929` | 復華台灣科技優息 | 21.36 | 19.69 | +11.0% | 5.34% | ✅ 正常 |
| `00940` | 元大台灣價值高息 | 10.30 | 9.75 | +4.1% | 5.01% | ✅ 正常 |
| `00946` | 群益科技高息成長 | 11.23 | 10.33 | +14.0% | 5.37% | ✅ 正常 |
| `009816` | 凱基台灣TOP50 | 11.95 | 11.00 | +15.0% | N/A | ✅ 正常 |
| `2301` | 光寶科 | 162.00 | 154.10 | +2.2% | 4.63% | ✅ 正常 |
| `2317` | 鴻海 (Hon Hai / Foxconn) | 206.00 | 199.62 | +0.9% | 2.82% | ✅ 正常 |
| `2330` | 台積電 (TSMC) | 2030.00 | 1901.25 | +59.2% | 1.18% | ✅ 正常 |
| `2357` | 華碩 | 599.00 | 571.25 | +4.8% | 5.68% | ✅ 正常 |
| `2382` | 廣達 (Quanta Computer) | 323.00 | 297.50 | +14.4% | 4.02% | ✅ 正常 |
| `2454` | 聯發科 (MediaTek) | 1925.00 | 1625.00 | +24.1% | 2.78% | ✅ 正常 |
| `2493` | 揚博 | 141.00 | 118.50 | +70.3% | 2.84% | ✅ 正常 |
| `2546` | 根基 | 86.30 | 83.12 | +8.0% | 3.71% | ✅ 正常 |
| `2886` | 兆豐金 | 39.50 | 39.17 | +5.0% | 4.05% | ✅ 正常 |
| `3231` | 緯創 | 136.50 | 129.53 | +18.8% | 2.78% | ✅ 正常 |
| `6239` | 力成 | 207.50 | 203.05 | +28.1% | 3.37% | ✅ 正常 |
| `6488` | 環球晶 (GlobalWafers) | 505.00 | 459.70 | -8.9% | 1.52% | ✅ 正常 |
| `8069` | 元太 (E Ink Holdings) | 155.00 | 145.80 | +0.2% | 3.22% | ✅ 正常 |

## 💼 資金桶檢查 (依 capital/capital_config.md)

### 現價口徑（風險 / 曝險視角）
| 桶別 | 現價市值 | 佔比 | 目標 | 狀態 |
|------|---------:|-----:|-----:|------|
| Core（底倉水庫）| 1,895,714 | 74.7% | 50% | 📌 📌 偏高，長線防禦性強 |
| Tactical（戰術水管）| 641,679 | 25.3% | 30% | ✅ |
| Cash（銀彈消防栓）| （請手動填入）| — | 20% | — |
| **已投資合計** | **2,537,393** | 100% | | |

### 成本口徑（預算 / 投入視角）
| 桶別 | 成本基礎 | 佔比 | 現價市值 | 帳面損益 |
|------|---------:|-----:|---------:|---------:|
| Core | 1,665,035 | 71.0% | 1,895,714 | +230,679 (+13.9%) |
| Tactical | 681,004 | 29.0% | 641,679 | -39,325 (-5.8%) |
| **合計** | **2,346,039** | 100% | **2,537,393** | **+191,354** (+8.2%) |

> 💡 **雙口徑解讀**：現價口徑用於觸發「桶別佔比」警戒線（配置偏離）；成本口徑用於判斷「預算投入」是否超限（單一標的／單桶是否過度押注）。兩者可能差距很大：Tactical 帳面虧損會讓現價佔比「看起來」變小，但實際投入本金沒變。


## 🎯 單檔預算檢查 (依 capital/single_position_budget.md)
| 代碼 | 名稱 | Tier | 基準預算 | Override | 總上限 | 實際本金 | 狀態 |
|------|------|:----:|---------:|---------:|-------:|---------:|------|
| `2002` | 中鋼 | B | 200,000 | 0 | 200,000 | 342,565 | 🔴 超支 142,565 |
| `2330` | 台積電（波段） | C | 50,000 | 0 | 50,000 | 65,036 | 🔴 超支 15,036 |
| `2454` | 聯發科 | A | 200,000 | 0 | 200,000 | 43,434 | ✅ 22% |
| `6488` | 環球晶 | A | 200,000 | 0 | 200,000 | 110,862 | ✅ 55% |
| `2317` | 鴻海（波段） | C | 50,000 | 0 | 50,000 | 37,770 | ✅ 76% |
| `3231` | 緯創 | C | 50,000 | 0 | 50,000 | 28,955 | ✅ 58% |
| `2382` | 廣達 | C | 50,000 | 0 | 50,000 | 5,648 | ✅ 11% |
| `2357` | 華碩 | C | 50,000 | 0 | 50,000 | 8,570 | ✅ 17% |
| `5483` | 中美晶 | C | 50,000 | 0 | 50,000 | 23,036 | ✅ 46% |
| `2408` | 南亞科 | C | 50,000 | 0 | 50,000 | 9,103 | ✅ 18% |
| `2379` | 瑞昱 | C | 50,000 | 0 | 50,000 | 0 | ✅ 已清倉 |
| `2449` | 京元電 | C | 50,000 | 0 | 50,000 | 0 | ✅ 已清倉 |
| `1503` | 士電 | Exit | 0 | 0 | 0 | 0 | ✅ 已清倉 |
| `2376` | 技嘉 | Exit | 0 | 0 | 0 | 0 | ✅ 已清倉 |

**預算匯總**：基準 1,050,000 ／ Override 0 ／ 實際投入 674,979

> 🔴 **單檔預算越權警告**：2 檔超出總預算上限，詳見 `capital/single_position_budget.md` § 🚫 超支既有部位

 
[2/3] 記錄淨值快照... 
解析 27 個持股檔案...
  今天（2026-04-20）非台股交易日，略過 CSV 記錄。
 
[3/4] 執行 Watchlist 掃描... 
== Watchlist 掃描 2026-04-20 ==

[2006] 2006_東和鋼鐵 候補追蹤
  無法取得市場資料，跳過。

[2303] 2303_聯電 候補追蹤
  無法取得市場資料，跳過。

[2324] 2324_仁寶 候補追蹤
  無法取得市場資料，跳過。

[2337] 2337_旺宏 候補追蹤
  無法取得市場資料，跳過。

[2338] 2338_光罩 交易紀錄
  無法取得市場資料，跳過。

[2383] 2383_台光電 候補追蹤
  無法取得市場資料，跳過。

[2412] 2412_中華電 候補追蹤
  無法取得市場資料，跳過。

[2454] 2454_聯發科 候補追蹤
  無法取得市場資料，跳過。

[2486] 2486_一詮 候補追蹤
  無法取得市場資料，跳過。

[2891] 2891_中信金 候補追蹤
  無法取得市場資料，跳過。

[3037] 3037_欣興 候補追蹤
  無法取得市場資料，跳過。

[3045] 3045_台灣大 候補追蹤
  無法取得市場資料，跳過。

[3081] 3081_聯亞 交易紀錄
  無法取得市場資料，跳過。

[3481] 3481_群創 交易紀錄
  無法取得市場資料，跳過。

[3587] 3587_閎康 候補追蹤
  無法取得市場資料，跳過。

[3711] 3711_日月光投控 候補追蹤
  無法取得市場資料，跳過。

[4991] 4991_環宇-KY 交易紀錄
  無法取得市場資料，跳過。

[6223] 6223_旺矽 交易紀錄
  無法取得市場資料，跳過。

[6451] 6451_訊芯-KY 候補追蹤
  無法取得市場資料，跳過。

[8046] 8046_南電 候補追蹤
  無法取得市場資料，跳過。

[8299] 8299_群聯 候補追蹤
  無法取得市場資料，跳過。

==================================================
本次掃描無量化觸發訊號，候補股持續觀察中。

注意：法人調升評等、外資加碼、供需報告等質化條件仍需人工確認。
 
[4/4] Wave Score 掃描（成長趨勢股）... 

============================================================
  Wave Score 掃描  [2026-04-20]  共 13 檔成長趨勢股
============================================================

  [1215 卜蜂]  Wave +0  持有不動

  [2301 光寶科]  Wave +1  輕倉加碼/觀察

  [2317 鴻海]  Wave +0  持有不動

  [2330 台積電]  Wave +2  輕倉加碼/觀察

  [2382 廣達]  Wave +2  輕倉加碼/觀察

  [2408 南亞科]  Wave +2  輕倉加碼/觀察

  [2449 京元電]  Wave +2  輕倉加碼/觀察

  [2454 聯發科]  Wave +0 (from +1)  持有不動

  [2546 根基]  Wave +1  輕倉加碼/觀察

  [3231 緯創]  Wave +1  輕倉加碼/觀察

  [5483 中美晶]  Wave +0  持有不動

  [6239 力成]  Wave -1  持有不動

  [6488 環球晶]  Wave -2  部分減持

  💾 Wave Score 已快取至 S:\股票筆記\journals\logs\2026-04-20_wave_scores.json

============================================================
  🔴 需即時處理：
    🔴 減持訊號  1215 卜蜂  現價 142.5  |  進入賣出區(+0.7%) 且 Wave +0，動能背離
    🔴 減持訊號  2317 鴻海  現價 206.0  |  進入賣出區(+4.8%) 且 Wave +0，動能背離
    🔴 減持訊號  2454 聯發科  現價 1925.0  |  進入賣出區(+21.5%) 且 Wave +0，動能背離
    🔴 減持訊號  5483 中美晶  現價 124.5  |  進入賣出區(+9.3%) 且 Wave +0，動能背離
    🔴 減持訊號  6239 力成  現價 207.5  |  進入賣出區(+5.2%) 且 Wave -1，動能背離
    🔴 減持訊號  6488 環球晶  現價 505.0  |  進入賣出區(+13.2%) 且 Wave -2，動能背離
  🟡 觀察：
    🟡 賣出區（趨勢延伸）  2301 光寶科  現價 162.0  |  超賣出下緣 +7.5%，Wave +1 仍強，等爆量收黑訊號
    🟡 賣出區（趨勢延伸）  2330 台積電  現價 2030.0  |  超賣出下緣 +8.2%，Wave +2 仍強，等爆量收黑訊號
    🟡 賣出區（趨勢延伸）  2382 廣達  現價 323.0  |  超賣出下緣 +10.7%，Wave +2 仍強，等爆量收黑訊號
    🟡 跌破月線  2408 南亞科  現價 210.0  |  210.0 < MA20 218.2(-3.8%)
    🟡 接近賣出區  2408 南亞科  現價 210.0  |  距賣出下緣 210.3 僅 0.2%
    🟡 跌破月線  2449 京元電  現價 275.0  |  275.0 < MA20 283.1(-2.9%)
    🟡 接近賣出區  2449 京元電  現價 275.0  |  距賣出下緣 275.1 僅 0.0%
    🟡 賣出區（趨勢延伸）  2546 根基  現價 86.3  |  超賣出下緣 +5.0%，Wave +1 仍強，等爆量收黑訊號
    🟡 賣出區（趨勢延伸）  3231 緯創  現價 136.5  |  超賣出下緣 +7.1%，Wave +1 仍強，等爆量收黑訊號

  ✅ 戰術指南.md Wave Score 區塊已更新

 
完成。 

[事件偵測]
🔔 EVENT [2301 光寶科] NEAR_MA: 現價 162.0 距月線 154.1 僅 1.2 ATR（ATR=6.79），月線支撐待確認
🔔 EVENT [2317 鴻海] NEAR_MA: 現價 206.0 距月線 199.6 僅 1.1 ATR（ATR=6.07），月線支撐待確認
🔔 EVENT [6239 力成] NEAR_MA: 現價 207.5 距月線 203.1 僅 0.4 ATR（ATR=11.50），月線支撐待確認
