============================================================ 
執行時間: 2026-04-15 
============================================================ 
[1/3] 執行持倉健診... 
[history] 已更新 2026-04-15：股票市值 2,568,307（現金 534,213 元）
報告已產生：S:\股票筆記\持倉健診_2026-04-15.md
# 📊 持倉健診報告 (2026-04-15)

## ⚠️ 需要注意的標的
| 代碼 | 名稱 | 現價 | 20MA | 損益% | 殖利率 | 狀態 |
|------|------|------|------|-------|--------|------|
| `1215` | 卜蜂 | 143.00 | 144.10 | +41.4% | 4.84% | ⚠️ 跌破月線 |
| `2002` | 中鋼 (China Steel) | 20.10 | 19.56 | -23.1% | 1.61% | ⚠️ 觸及-10%停損 (-23.1%) |
| `2408` | 南亞科 (Nanya Technology, DRAM) | 211.50 | 224.45 | -7.1% | N/A | ⚠️ 跌破月線 |
| `5483` | 中美晶 | 122.00 | 116.22 | -25.9% | 2.87% | ⚠️ 觸及-10%停損 (-25.9%) |

## ✅ 正常持倉
| 代碼 | 名稱 | 現價 | 20MA | 損益% | 殖利率 | 狀態 |
|------|------|------|------|-------|--------|------|
| `0050` | 元大台灣50 | 84.15 | 77.00 | +37.1% | 1.89% | ✅ 正常 |
| `0056` | 元大高股息 | 40.25 | 38.70 | +11.1% | 9.93% | ✅ 正常 |
| `00878` | 國泰永續高股息 | 23.39 | 22.54 | +12.0% | 7.80% | ✅ 正常 |
| `00919` | 群益台灣精選高息 | 22.97 | 22.73 | -5.2% | 11.80% | ✅ 正常 |
| `00929` | 復華台灣科技優息 | 20.66 | 19.58 | +7.4% | 5.34% | ✅ 正常 |
| `00940` | 元大台灣價值高息 | 10.02 | 9.71 | +1.3% | 5.01% | ✅ 正常 |
| `00946` | 群益科技高息成長 | 10.72 | 10.24 | +8.8% | 5.37% | ✅ 正常 |
| `009816` | 凱基台灣TOP50 | 11.85 | 10.89 | +14.1% | N/A | ✅ 正常 |
| `1210` | 大成 | 54.80 | 54.24 | +8.0% | 5.22% | ✅ 正常 |
| `2317` | 鴻海 (Hon Hai / Foxconn) | 207.50 | 200.07 | +1.6% | 2.80% | ✅ 正常 |
| `2330` | 台積電 (TSMC) | 2080.00 | 1884.25 | +63.1% | 1.17% | ✅ 正常 |
| `2357` | 華碩 | 584.00 | 571.20 | +2.2% | 5.86% | ✅ 正常 |
| `2382` | 廣達 (Quanta Computer) | 308.50 | 294.52 | +9.2% | 4.02% | ✅ 正常 |
| `2449` | 京元電子 | 291.00 | 286.02 | -2.5% | 1.33% | ✅ 正常 |
| `2454` | 聯發科 (MediaTek) | 1790.00 | 1607.00 | +15.4% | 3.11% | ✅ 正常 |
| `2493` | 揚博 | 152.50 | 115.47 | +84.2% | 2.88% | ✅ 正常 |
| `2546` | 根基 | 86.20 | 82.87 | +7.8% | 3.72% | ✅ 正常 |
| `2886` | 兆豐金 | 39.50 | 39.13 | +5.0% | 4.07% | ✅ 正常 |
| `3231` | 緯創 | 133.00 | 129.22 | +15.8% | 2.78% | ✅ 正常 |
| `6115` | 鎰勝 | 47.65 | 47.01 | +0.7% | 6.72% | ✅ 正常 |
| `6239` | 力成 | 210.00 | 202.72 | +29.7% | 3.22% | ✅ 正常 |
| `6488` | 環球晶 (GlobalWafers) | 516.00 | 454.02 | -6.9% | 1.54% | ✅ 正常 |
| `8069` | 元太 (E Ink Holdings) | 150.50 | 145.22 | -2.7% | 3.33% | ✅ 正常 |

## 💼 資金桶檢查 (依 capital/capital_config.md)

### 現價口徑（風險 / 曝險視角）
| 桶別 | 現價市值 | 佔比 | 目標 | 狀態 |
|------|---------:|-----:|-----:|------|
| Core（底倉水庫）| 1,917,301 | 74.7% | 50% | 📌 📌 偏高，長線防禦性強 |
| Tactical（戰術水管）| 651,006 | 25.3% | 30% | ✅ |
| Cash（銀彈消防栓）| （請手動填入）| — | 20% | — |
| **已投資合計** | **2,568,307** | 100% | | |

### 成本口徑（預算 / 投入視角）
| 桶別 | 成本基礎 | 佔比 | 現價市值 | 帳面損益 |
|------|---------:|-----:|---------:|---------:|
| Core | 1,706,822 | 71.2% | 1,917,301 | +210,479 (+12.3%) |
| Tactical | 690,682 | 28.8% | 651,006 | -39,676 (-5.7%) |
| **合計** | **2,397,504** | 100% | **2,568,307** | **+170,803** (+7.1%) |

> 💡 **雙口徑解讀**：現價口徑用於觸發「桶別佔比」警戒線（配置偏離）；成本口徑用於判斷「預算投入」是否超限（單一標的／單桶是否過度押注）。兩者可能差距很大：Tactical 帳面虧損會讓現價佔比「看起來」變小，但實際投入本金沒變。


## 🎯 單檔預算檢查 (依 capital/single_position_budget.md)
| 代碼 | 名稱 | Tier | 基準預算 | Override | 總上限 | 實際本金 | 狀態 |
|------|------|:----:|---------:|---------:|-------:|---------:|------|
| `2002` | 中鋼 | B | 200,000 | 0 | 200,000 | 342,565 | 🔴 超支 142,565 |
| `2330` | 台積電（波段） | C | 50,000 | 0 | 50,000 | 67,586 | 🔴 超支 17,586 |
| `2454` | 聯發科 | A | 200,000 | 0 | 200,000 | 43,434 | ✅ 22% |
| `6488` | 環球晶 | A | 200,000 | 0 | 200,000 | 110,862 | ✅ 55% |
| `2317` | 鴻海（波段） | C | 50,000 | 0 | 50,000 | 40,015 | ⚠️ 使用率 80% |
| `3231` | 緯創 | C | 50,000 | 0 | 50,000 | 28,955 | ✅ 58% |
| `2382` | 廣達 | C | 50,000 | 0 | 50,000 | 5,648 | ✅ 11% |
| `2357` | 華碩 | C | 50,000 | 0 | 50,000 | 8,570 | ✅ 17% |
| `5483` | 中美晶 | C | 50,000 | 0 | 50,000 | 27,972 | ✅ 56% |
| `2408` | 南亞科 | C | 50,000 | 0 | 50,000 | 9,103 | ✅ 18% |
| `2449` | 京元電 | C | 50,000 | 0 | 50,000 | 5,972 | ✅ 12% |
| `2379` | 瑞昱 | C | 50,000 | 0 | 50,000 | 0 | ✅ 已清倉 |
| `1503` | 士電 | Exit | 0 | 0 | 0 | 0 | ✅ 已清倉 |
| `2376` | 技嘉 | Exit | 0 | 0 | 0 | 0 | ✅ 已清倉 |

**預算匯總**：基準 1,050,000 ／ Override 0 ／ 實際投入 690,682

> 🔴 **單檔預算越權警告**：2 檔超出總預算上限，詳見 `capital/single_position_budget.md` § 🚫 超支既有部位

 
[2/3] 記錄淨值快照... 
解析 31 個持股檔案...

[2026-04-15] 結算完成（31/31 檔）
  總市值：   2,568,307 元
  總成本：   2,397,515 元
  總損益：    +170,791 元  (+7.12%)

  今日已有記錄（2026-04-15），不重複寫入。

日期                      總市值         損益      損益%
--------------------------------------------------
2026-04-01        2,811,871                  
2026-04-04        2,876,470                  
2026-04-07        2,942,301                  
2026-04-08        3,011,895                  
2026-04-09        3,045,423                  
2026-04-10        3,084,685                  
2026-04-13        3,063,337                  
2026-04-14        3,090,747                  
2026-04-15        3,102,519                  
2026-04-15        2,568,307   +170,791   +7.12% ← 今日

  vs 上次：-534,213 元  (-17.22%)
 
[3/4] 執行 Watchlist 掃描... 
== Watchlist 掃描 2026-04-15 ==

[2301] 2301_光寶科 候補追蹤
  無法取得市場資料，跳過。

[2303] 2303_聯電 候補追蹤
  無法取得市場資料，跳過。

[2324] 2324_仁寶 候補追蹤
  無法取得市場資料，跳過。

[2337] 2337_旺宏 候補追蹤
  無法取得市場資料，跳過。

[2338] 2338_光罩 交易紀錄
  無法取得市場資料，跳過。

[2412] 2412_中華電 候補追蹤
  無法取得市場資料，跳過。

[2454] 2454_聯發科 候補追蹤
  無法取得市場資料，跳過。

[2891] 2891_中信金 候補追蹤
  無法取得市場資料，跳過。

[3037] 3037_欣興 候補追蹤
  無法取得市場資料，跳過。

[3045] 3045_台灣大 候補追蹤
  無法取得市場資料，跳過。

[3081] 3081_聯亞 交易紀錄
  無法取得市場資料，跳過。

[3481] 3481_群創 交易紀錄
  無法取得市場資料，跳過。

[3711] 3711_日月光投控 候補追蹤
  無法取得市場資料，跳過。

[4991] 4991_環宇-KY 交易紀錄
  無法取得市場資料，跳過。

[6223] 6223_旺矽 交易紀錄
  無法取得市場資料，跳過。

[8046] 8046_南電 候補追蹤
  無法取得市場資料，跳過。

==================================================
本次掃描無量化觸發訊號，候補股持續觀察中。

注意：法人調升評等、外資加碼、供需報告等質化條件仍需人工確認。
 
[4/4] Wave Score 掃描（成長趨勢股）... 

============================================================
  Wave Score 掃描  [2026-04-15]  共 15 檔成長趨勢股
============================================================

  [1215 卜蜂]  Wave +0  持有不動

  [1503 士電]  Wave -1 (from +0)  持有不動

  [2317 鴻海]  Wave -1 (from +0)  持有不動

  [2330 台積電]  Wave +4  加碼

  [2382 廣達]  Wave +0 (from +2)  持有不動

  [2408 南亞科]  Wave +2 (from +1)  輕倉加碼/觀察

  [2449 京元電]  Wave +0  持有不動

  [2454 聯發科]  Wave +0  持有不動

  [2546 根基]  Wave -1  持有不動

  [3231 緯創]  Wave -1 (from +0)  持有不動

  [3455 由田]  Wave +0 (from +1)  持有不動

  [5483 中美晶]  Wave -1  持有不動

  [6115 鎰勝]  Wave +1  輕倉加碼/觀察

  [6239 力成]  Wave -1  持有不動

  [6488 環球晶]  Wave +1 (from +0)  輕倉加碼/觀察

  💾 Wave Score 已快取至 S:\股票筆記\journals\logs\2026-04-15_wave_scores.json

============================================================
  🔴 需即時處理：
    🔴 減持訊號  1215 卜蜂  現價 143.0  |  進入賣出區(+0.6%) 且 Wave +0，動能背離
    🔴 減持訊號  1503 士電  現價 194.0  |  進入賣出區(+3.4%) 且 Wave -1，動能背離
    🔴 減持訊號  2317 鴻海  現價 207.5  |  進入賣出區(+5.3%) 且 Wave -1，動能背離
    🔴 減持訊號  2382 廣達  現價 308.5  |  進入賣出區(+6.7%) 且 Wave +0，動能背離
    🔴 減持訊號  2449 京元電  現價 291.0  |  進入賣出區(+4.6%) 且 Wave +0，動能背離
    🔴 減持訊號  2454 聯發科  現價 1790.0  |  進入賣出區(+14.0%) 且 Wave +0，動能背離
    🔴 減持訊號  2546 根基  現價 86.2  |  進入賣出區(+5.2%) 且 Wave -1，動能背離
    🔴 減持訊號  3231 緯創  現價 133.0  |  進入賣出區(+4.5%) 且 Wave -1，動能背離
    🔴 減持訊號  3455 由田  現價 182.0  |  進入賣出區(+29.3%) 且 Wave +0，動能背離
    🔴 減持訊號  5483 中美晶  現價 122.0  |  進入賣出區(+7.4%) 且 Wave -1，動能背離
    🔴 減持訊號  6239 力成  現價 210.0  |  進入賣出區(+6.9%) 且 Wave -1，動能背離
  🟢 加碼機會：
    🟢 強力加碼  2330 台積電  現價 2080.0  |  Wave +4
    🟢 輕倉加碼  6488 環球晶  現價 516.0  |  Wave +1（上次 +0）
  🟡 觀察：
    🟡 跌破月線  2408 南亞科  現價 211.5  |  211.5 < MA20 224.4(-5.8%)
    🟡 賣出區（趨勢延伸）  6115 鎰勝  現價 47.7  |  超賣出下緣 +1.8%，Wave +1 仍強，等爆量收黑訊號

  ✅ 戰術指南.md Wave Score 區塊已更新

 
完成。 
