============================================================ 
執行時間: 2026-04-04 
============================================================ 
[1/3] 執行持倉健診... 
[history] 已更新 2026-04-04：股票市值 2,559,512（現金 304,959 元）
報告已產生：S:\股票筆記\持倉健診_2026-04-04.md
# 📊 持倉健診報告 (2026-04-04)

## ⚠️ 需要注意的標的
| 代碼 | 名稱 | 現價 | 20MA | 損益% | 殖利率 | 狀態 |
|------|------|------|------|-------|--------|------|
| `0050` | 元大台灣50 | 73.95 | 75.48 | +20.5% | 1.68% | ⚠️ 跌破月線 |
| `0056` | 元大高股息 | 37.82 | 38.36 | +4.4% | 9.06% | ⚠️ 跌破月線 |
| `00878` | 國泰永續高股息 | 22.03 | 22.28 | +5.5% | 7.09% | ⚠️ 跌破月線 |
| `00919` | 群益台灣精選高息 | 22.30 | 22.98 | -8.0% | 10.19% | ⚠️ 跌破月線 |
| `00929` | 復華台灣科技優息 | 18.73 | 19.39 | -2.7% | 4.07% | ⚠️ 跌破月線 |
| `00940` | 元大台灣價值高息 | 9.49 | 9.64 | -4.0% | 4.50% | ⚠️ 跌破月線 |
| `00946` | 群益科技高息成長 | 9.91 | 10.06 | +0.6% | 4.76% | ⚠️ 跌破月線 |
| `009816` | 凱基台灣TOP50 | 10.49 | 10.66 | +1.0% | N/A | ⚠️ 跌破月線 |
| `1215` | 卜蜂 | 139.00 | 148.85 | +37.5% | 5.04% | ⚠️ 跌破月線 |
| `1503` | 士電 (Shihlin Electric) | 179.00 | 197.47 | -40.1% | 2.51% | ⚠️ 跌破月線 / 觸及-10%停損 (-40.1%) |
| `2002` | 中鋼 (China Steel) | 19.50 | 19.30 | -25.4% | 1.69% | ⚠️ 觸及-10%停損 (-25.4%) |
| `2317` | 鴻海 (Hon Hai / Foxconn) | 193.00 | 205.00 | -5.5% | 3.01% | ⚠️ 跌破月線 |
| `2330` | 台積電 (TSMC) | 1810.00 | 1844.00 | +43.4% | 1.33% | ⚠️ 跌破月線 |
| `2357` | 華碩 | 555.00 | 567.10 | -2.9% | 6.13% | ⚠️ 跌破月線 |
| `2376` | 技嘉 | 228.00 | 232.93 | -31.3% | 4.39% | ⚠️ 跌破月線 / 觸及-10%停損 (-31.3%) |
| `2382` | 廣達 (Quanta Computer) | 284.50 | 285.90 | +0.7% | 4.57% | ⚠️ 跌破月線 |
| `2454` | 聯發科 (MediaTek) | 1465.00 | 1646.25 | -9.3% | 3.65% | ⚠️ 跌破月線 |
| `2493` | 揚博 | 103.50 | 108.00 | +25.0% | 3.86% | ⚠️ 跌破月線 |
| `2546` | 根基 | 80.00 | 82.97 | +0.1% | 4.00% | ⚠️ 跌破月線 |
| `3231` | 緯創 | 125.00 | 129.00 | +8.8% | 3.04% | ⚠️ 跌破月線 |
| `5483` | 中美晶 | 106.00 | 114.05 | -35.6% | 3.30% | ⚠️ 跌破月線 / 觸及-10%停損 (-35.6%) |
| `6239` | 力成 | 202.00 | 202.43 | +24.8% | 3.47% | ⚠️ 跌破月線 |
| `6488` | 環球晶 (GlobalWafers) | 409.50 | 444.52 | -29.7% | 1.88% | ⚠️ 跌破月線 / 觸及-10%停損 (-29.7%) |
| `8069` | 元太 (E Ink Holdings) | 142.00 | 148.97 | -17.7% | 3.51% | ⚠️ 跌破月線 / 觸及-10%停損 (-17.7%) |

## ✅ 正常持倉
| 代碼 | 名稱 | 現價 | 20MA | 損益% | 殖利率 | 狀態 |
|------|------|------|------|-------|--------|------|
| `1210` | 大成 | 54.70 | 53.39 | +0.6% | 5.17% | ✅ 正常 |
| `2379` | 瑞昱 (Realtek) | 488.00 | 479.15 | +2.5% | 5.23% | ✅ 正常 |
| `2886` | 兆豐金 | 39.25 | 38.98 | +4.4% | 4.08% | ✅ 正常 |
| `3455` | 由田 (Utechzone) | 139.00 | 125.25 | +8.9% | 5.04% | ✅ 正常 |
| `6115` | 鎰勝 | 46.90 | 46.80 | -0.9% | 6.82% | ✅ 正常 |

## 💼 資金桶檢查 (依 capital/capital_config.md)
| 桶別 | 市值 | 佔比 | 目標 | 狀態 |
|------|------|------|------|------|
| Core（底倉水庫）| 1,691,607 | 66.1% | 50% | 📌 📌 偏高，長線防禦性強 |
| Tactical（戰術水管）| 867,904 | 33.9% | 30% | ✅ |
| Cash（銀彈消防栓）| （請手動填入）| — | 20% | — |
| **已投資合計** | **2,559,512** | 100% | | |

 
[2/3] 記錄淨值快照... 
解析 29 個持股檔案...
  今天（2026-04-04）非台股交易日，略過 CSV 記錄。
 
[3/4] 執行 Watchlist 掃描... 
== Watchlist 掃描 2026-04-04 ==

[2301] 2301_光寶科 候補追蹤
  無法取得市場資料，跳過。

[2303] 2303_聯電 候補追蹤
  無法取得市場資料，跳過。

[2324] 2324_仁寶 候補追蹤
  無法取得市場資料，跳過。

[2337] 2337_旺宏 候補追蹤
  無法取得市場資料，跳過。

[2338] 2338_光罩 交易紀錄
  無法取得市場資料，跳過。

[2412] 2412_中華電 候補追蹤
  無法取得市場資料，跳過。

[2449] 2449_京元電 候補追蹤
  無法取得市場資料，跳過。

[2454] 2454_聯發科 候補追蹤
  無法取得市場資料，跳過。

[2891] 2891_中信金 候補追蹤
  無法取得市場資料，跳過。

[3037] 3037_欣興 候補追蹤
  無法取得市場資料，跳過。

[3045] 3045_台灣大 候補追蹤
  無法取得市場資料，跳過。

[3081] 3081_聯亞 交易紀錄
  無法取得市場資料，跳過。

[3481] 3481_群創 交易紀錄
  無法取得市場資料，跳過。

[3711] 3711_日月光投控 候補追蹤
  無法取得市場資料，跳過。

[4991] 4991_環宇-KY 交易紀錄
  無法取得市場資料，跳過。

[6223] 6223_旺矽 交易紀錄
  無法取得市場資料，跳過。

[8046] 8046_南電 候補追蹤
  無法取得市場資料，跳過。

==================================================
本次掃描無量化觸發訊號，候補股持續觀察中。

注意：法人調升評等、外資加碼、供需報告等質化條件仍需人工確認。
 
[4/4] Wave Score 掃描（成長趨勢股）... 

============================================================
  Wave Score 掃描  [2026-04-04]  共 13 檔成長趨勢股
============================================================

  [1215 卜蜂]  Wave -2  部分減持

  [1503 士電]  Wave +2 (from +3)  輕倉加碼/觀察

  [2317 鴻海]  Wave +1  輕倉加碼/觀察

  [2330 台積電]  Wave +2  輕倉加碼/觀察

  [2382 廣達]  Wave -1 (from +1)  持有不動

  [2454 聯發科]  Wave -3  部分減持

  [2546 根基]  Wave +0 (from +3)  持有不動

  [3231 緯創]  Wave -1 (from +1)  持有不動

  [3455 由田]  Wave +2 (from +1)  輕倉加碼/觀察

  [5483 中美晶]  Wave +1 (from +2)  輕倉加碼/觀察

  [6115 鎰勝]  Wave -1 (from +1)  持有不動

  [6239 力成]  Wave -1 (from +1)  持有不動

  [6488 環球晶]  Wave +1  輕倉加碼/觀察

  💾 Wave Score 已快取至 S:\股票筆記\journals\logs\2026-04-04_wave_scores.json

============================================================
  🔴 需即時處理：
    🔴 波段破壞  1215 卜蜂  現價 139.0  |  現價 139.0 低於歷史暫停線
    🔴 減持訊號  2382 廣達  現價 284.5  |  進入賣出區(+0.7%) 且 Wave -1，動能背離
    🔴 波段破壞  2454 聯發科  現價 1465.0  |  現價 1465.0 低於歷史暫停線
    🔴 月線深度失守  2454 聯發科  現價 1465.0  |  1465.0 < MA20 1646.2(-11.0%) Wave -3
    🔴 減持訊號  6115 鎰勝  現價 46.9  |  進入賣出區(+0.8%) 且 Wave -1，動能背離
    🔴 減持訊號  6239 力成  現價 202.0  |  進入賣出區(+2.6%) 且 Wave -1，動能背離
  🟢 加碼機會：
    🟢 買回區  1503 士電  現價 179.0  |  進入回測買點 182.5～188.3
    🟢 買回區  2317 鴻海  現價 193.0  |  進入回測買點 191.1～194.9
    🟢 買回區  2546 根基  現價 80.0  |  進入回測買點 79.9～80.9
    🟢 買回區  5483 中美晶  現價 106.0  |  進入回測買點 104.2～109.2
    🟢 買回區  6488 環球晶  現價 409.5  |  進入回測買點 397.9～412.9
  🟡 觀察：
    🟡 跌破月線  2330 台積電  現價 1810.0  |  1810.0 < MA20 1841.9(-1.7%)
    🟡 接近賣出區  2330 台積電  現價 1810.0  |  距賣出下緣 1818.3 僅 0.5%
    🟡 跌破月線  3231 緯創  現價 125.0  |  125.0 < MA20 129.0(-3.1%)
    🟡 賣出區（趨勢延伸）  3455 由田  現價 139.0  |  超賣出下緣 +14.2%，Wave +2 仍強，等爆量收黑訊號

  ✅ 戰術指南.md Wave Score 區塊已更新

 
完成。 
